Flow report for gener
Thu Mar 10 13:07:26 2016
Quartus II Version 8.1 Build 163 10/28/2008 SJ Web Edition


---------------------
; Table of Contents ;
---------------------
  1. Legal Notice
  2. Flow Summary
  3. Flow Settings
  4. Flow Non-Default Global Settings
  5. Flow Elapsed Time
  6. Flow OS Summary
  7. Flow Log



----------------
; Legal Notice ;
----------------
Copyright (C) 1991-2008 Altera Corporation
Your use of Altera Corporation's design tools, logic functions 
and other software and tools, and its AMPP partner logic 
functions, and any output files from any of the foregoing 
(including device programming or simulation files), and any 
associated documentation or information are expressly subject 
to the terms and conditions of the Altera Program License 
Subscription Agreement, Altera MegaCore Function License 
Agreement, or other applicable license agreement, including, 
without limitation, that your use is for the sole purpose of 
programming logic devices manufactured by Altera and sold by 
Altera or its authorized distributors.  Please refer to the 
applicable agreement for further details.



+------------------------------------------------------------------------------+
; Flow Summary                                                                 ;
+------------------------------------+-----------------------------------------+
; Flow Status                        ; Successful - Thu Mar 10 13:07:19 2016   ;
; Quartus II Version                 ; 8.1 Build 163 10/28/2008 SJ Web Edition ;
; Revision Name                      ; gener                                   ;
; Top-level Entity Name              ; gener                                   ;
; Family                             ; Cyclone III                             ;
; Device                             ; EP3C5E144C8                             ;
; Timing Models                      ; Final                                   ;
; Met timing requirements            ; N/A                                     ;
; Total logic elements               ; 55 / 5,136 ( 1 % )                      ;
;     Total combinational functions  ; 55 / 5,136 ( 1 % )                      ;
;     Dedicated logic registers      ; 52 / 5,136 ( 1 % )                      ;
; Total registers                    ; 52                                      ;
; Total pins                         ; 19 / 95 ( 20 % )                        ;
; Total virtual pins                 ; 0                                       ;
; Total memory bits                  ; 0 / 423,936 ( 0 % )                     ;
; Embedded Multiplier 9-bit elements ; 0 / 46 ( 0 % )                          ;
; Total PLLs                         ; 2 / 2 ( 100 % )                         ;
+------------------------------------+-----------------------------------------+


+-----------------------------------------+
; Flow Settings                           ;
+-------------------+---------------------+
; Option            ; Setting             ;
+-------------------+---------------------+
; Start date & time ; 03/10/2016 13:07:03 ;
; Main task         ; Compilation         ;
; Revision Name     ; gener               ;
+-------------------+---------------------+


+--------------------------------------------------------------------------------------------------------------------+
; Flow Non-Default Global Settings                                                                                   ;
+------------------------------------+--------------------------------+---------------+-------------+----------------+
; Assignment Name                    ; Value                          ; Default Value ; Entity Name ; Section Id     ;
+------------------------------------+--------------------------------+---------------+-------------+----------------+
; COMPILER_SIGNATURE_ID              ; 146397601007.145758642203628   ; --            ; --          ; --             ;
; IP_TOOL_NAME                       ; ALTPLL                         ; --            ; --          ; --             ;
; IP_TOOL_NAME                       ; ALTPLL                         ; --            ; --          ; --             ;
; IP_TOOL_NAME                       ; ALTCLKCTRL                     ; --            ; --          ; --             ;
; IP_TOOL_NAME                       ; LPM_COUNTER                    ; --            ; --          ; --             ;
; IP_TOOL_VERSION                    ; 8.1                            ; --            ; --          ; --             ;
; IP_TOOL_VERSION                    ; 8.1                            ; --            ; --          ; --             ;
; IP_TOOL_VERSION                    ; 8.1                            ; --            ; --          ; --             ;
; IP_TOOL_VERSION                    ; 8.1                            ; --            ; --          ; --             ;
; MAX_CORE_JUNCTION_TEMP             ; 85                             ; --            ; --          ; --             ;
; MIN_CORE_JUNCTION_TEMP             ; 0                              ; --            ; --          ; --             ;
; MISC_FILE                          ; pll1.tdf                       ; --            ; --          ; --             ;
; MISC_FILE                          ; pll1.bsf                       ; --            ; --          ; --             ;
; MISC_FILE                          ; pll1.cmp                       ; --            ; --          ; --             ;
; MISC_FILE                          ; pll1.ppf                       ; --            ; --          ; --             ;
; MISC_FILE                          ; pll2.tdf                       ; --            ; --          ; --             ;
; MISC_FILE                          ; pll2.bsf                       ; --            ; --          ; --             ;
; MISC_FILE                          ; pll2.cmp                       ; --            ; --          ; --             ;
; MISC_FILE                          ; pll2.ppf                       ; --            ; --          ; --             ;
; MISC_FILE                          ; clk.tdf                        ; --            ; --          ; --             ;
; MISC_FILE                          ; clk.bsf                        ; --            ; --          ; --             ;
; MISC_FILE                          ; clk.cmp                        ; --            ; --          ; --             ;
; MISC_FILE                          ; cnt.tdf                        ; --            ; --          ; --             ;
; MISC_FILE                          ; cnt.bsf                        ; --            ; --          ; --             ;
; MISC_FILE                          ; cnt.cmp                        ; --            ; --          ; --             ;
; MISC_FILE                          ; G:/Практика/адание 5/gener.dpf ; --            ; --          ; --             ;
; NOMINAL_CORE_SUPPLY_VOLTAGE        ; 1.2V                           ; --            ; --          ; --             ;
; PARTITION_COLOR                    ; 16764057                       ; --            ; --          ; Top            ;
; PARTITION_NETLIST_TYPE             ; SOURCE                         ; --            ; --          ; Top            ;
; USE_GENERATED_PHYSICAL_CONSTRAINTS ; Off                            ; --            ; --          ; eda_blast_fpga ;
+------------------------------------+--------------------------------+---------------+-------------+----------------+


+-------------------------------------------------------------------------------------------------------------------------------+
; Flow Elapsed Time                                                                                                             ;
+---------------------------+--------------+-------------------------+---------------------+------------------------------------+
; Module Name               ; Elapsed Time ; Average Processors Used ; Peak Virtual Memory ; Total CPU Time (on all processors) ;
+---------------------------+--------------+-------------------------+---------------------+------------------------------------+
; Analysis & Synthesis      ; 00:00:06     ; 1.0                     ; 192 MB              ; 00:00:04                           ;
; Fitter                    ; 00:00:06     ; 1.0                     ; 250 MB              ; 00:00:05                           ;
; Assembler                 ; 00:00:03     ; 1.0                     ; 187 MB              ; 00:00:02                           ;
; TimeQuest Timing Analyzer ; 00:00:06     ; 1.0                     ; 206 MB              ; 00:00:04                           ;
; Total                     ; 00:00:21     ; --                      ; --                  ; 00:00:15                           ;
+---------------------------+--------------+-------------------------+---------------------+------------------------------------+


+--------------------------------------------------------------------------------------------+
; Flow OS Summary                                                                            ;
+---------------------------+------------------+---------------+------------+----------------+
; Module Name               ; Machine Hostname ; OS Name       ; OS Version ; Processor type ;
+---------------------------+------------------+---------------+------------+----------------+
; Analysis & Synthesis      ; L130-B-ws15      ; Windows Vista ; 6.1        ; i686           ;
; Fitter                    ; L130-B-ws15      ; Windows Vista ; 6.1        ; i686           ;
; Assembler                 ; L130-B-ws15      ; Windows Vista ; 6.1        ; i686           ;
; TimeQuest Timing Analyzer ; L130-B-ws15      ; Windows Vista ; 6.1        ; i686           ;
+---------------------------+------------------+---------------+------------+----------------+


------------
; Flow Log ;
------------
quartus_map --read_settings_files=on --write_settings_files=off gener -c gener
quartus_fit --read_settings_files=off --write_settings_files=off gener -c gener
quartus_asm --read_settings_files=off --write_settings_files=off gener -c gener
quartus_sta gener -c gener



