Analysis & Synthesis report for OXPAHA
Thu Mar 19 15:52:06 2020
Quartus II Version 8.1 Build 163 10/28/2008 SJ Web Edition


---------------------
; Table of Contents ;
---------------------
  1. Legal Notice
  2. Analysis & Synthesis Summary
  3. Analysis & Synthesis Settings
  4. Analysis & Synthesis Source Files Read
  5. Analysis & Synthesis Resource Usage Summary
  6. Analysis & Synthesis Resource Utilization by Entity
  7. Analysis & Synthesis RAM Summary
  8. Registers Removed During Synthesis
  9. General Register Statistics
 10. Source assignments for rom:inst3|altsyncram:altsyncram_component|altsyncram_tv61:auto_generated
 11. Source assignments for cnt:inst2|lpm_counter:lpm_counter_component
 12. Parameter Settings for User Entity Instance: cmp:inst1|lpm_compare:lpm_compare_component
 13. Parameter Settings for User Entity Instance: reg:inst|lpm_ff:lpm_ff_component
 14. Parameter Settings for User Entity Instance: reg:inst5|lpm_ff:lpm_ff_component
 15. Parameter Settings for User Entity Instance: rom:inst3|altsyncram:altsyncram_component
 16. Parameter Settings for User Entity Instance: cnt:inst2|lpm_counter:lpm_counter_component
 17. Analysis & Synthesis Messages



----------------
; Legal Notice ;
----------------
Copyright (C) 1991-2008 Altera Corporation
Your use of Altera Corporation's design tools, logic functions 
and other software and tools, and its AMPP partner logic 
functions, and any output files from any of the foregoing 
(including device programming or simulation files), and any 
associated documentation or information are expressly subject 
to the terms and conditions of the Altera Program License 
Subscription Agreement, Altera MegaCore Function License 
Agreement, or other applicable license agreement, including, 
without limitation, that your use is for the sole purpose of 
programming logic devices manufactured by Altera and sold by 
Altera or its authorized distributors.  Please refer to the 
applicable agreement for further details.



+------------------------------------------------------------------------------+
; Analysis & Synthesis Summary                                                 ;
+------------------------------------+-----------------------------------------+
; Analysis & Synthesis Status        ; Successful - Thu Mar 19 15:52:06 2020   ;
; Quartus II Version                 ; 8.1 Build 163 10/28/2008 SJ Web Edition ;
; Revision Name                      ; OXPAHA                                  ;
; Top-level Entity Name              ; OXPAHA                                  ;
; Family                             ; Cyclone II                              ;
; Total logic elements               ; 12                                      ;
;     Total combinational functions  ; 7                                       ;
;     Dedicated logic registers      ; 12                                      ;
; Total registers                    ; 12                                      ;
; Total pins                         ; 10                                      ;
; Total virtual pins                 ; 0                                       ;
; Total memory bits                  ; 16                                      ;
; Embedded Multiplier 9-bit elements ; 0                                       ;
; Total PLLs                         ; 0                                       ;
+------------------------------------+-----------------------------------------+


+----------------------------------------------------------------------------------------------------------+
; Analysis & Synthesis Settings                                                                            ;
+----------------------------------------------------------------+--------------------+--------------------+
; Option                                                         ; Setting            ; Default Value      ;
+----------------------------------------------------------------+--------------------+--------------------+
; Device                                                         ; EP2C8F256C8        ;                    ;
; Top-level entity name                                          ; OXPAHA             ; OXPAHA             ;
; Family name                                                    ; Cyclone II         ; Stratix II         ;
; Use Generated Physical Constraints File                        ; Off                ;                    ;
; Use smart compilation                                          ; Off                ; Off                ;
; Restructure Multiplexers                                       ; Auto               ; Auto               ;
; Create Debugging Nodes for IP Cores                            ; Off                ; Off                ;
; Preserve fewer node names                                      ; On                 ; On                 ;
; Disable OpenCore Plus hardware evaluation                      ; Off                ; Off                ;
; Verilog Version                                                ; Verilog_2001       ; Verilog_2001       ;
; VHDL Version                                                   ; VHDL93             ; VHDL93             ;
; State Machine Processing                                       ; Auto               ; Auto               ;
; Safe State Machine                                             ; Off                ; Off                ;
; Extract Verilog State Machines                                 ; On                 ; On                 ;
; Extract VHDL State Machines                                    ; On                 ; On                 ;
; Ignore Verilog initial constructs                              ; Off                ; Off                ;
; Iteration limit for constant Verilog loops                     ; 5000               ; 5000               ;
; Iteration limit for non-constant Verilog loops                 ; 250                ; 250                ;
; Add Pass-Through Logic to Inferred RAMs                        ; On                 ; On                 ;
; Parallel Synthesis                                             ; Off                ; Off                ;
; DSP Block Balancing                                            ; Auto               ; Auto               ;
; NOT Gate Push-Back                                             ; On                 ; On                 ;
; Power-Up Don't Care                                            ; On                 ; On                 ;
; Remove Redundant Logic Cells                                   ; Off                ; Off                ;
; Remove Duplicate Registers                                     ; On                 ; On                 ;
; Ignore CARRY Buffers                                           ; Off                ; Off                ;
; Ignore CASCADE Buffers                                         ; Off                ; Off                ;
; Ignore GLOBAL Buffers                                          ; Off                ; Off                ;
; Ignore ROW GLOBAL Buffers                                      ; Off                ; Off                ;
; Ignore LCELL Buffers                                           ; Off                ; Off                ;
; Ignore SOFT Buffers                                            ; On                 ; On                 ;
; Limit AHDL Integers to 32 Bits                                 ; Off                ; Off                ;
; Optimization Technique                                         ; Balanced           ; Balanced           ;
; Carry Chain Length                                             ; 70                 ; 70                 ;
; Auto Carry Chains                                              ; On                 ; On                 ;
; Auto Open-Drain Pins                                           ; On                 ; On                 ;
; Perform WYSIWYG Primitive Resynthesis                          ; Off                ; Off                ;
; Perform gate-level register retiming                           ; Off                ; Off                ;
; Allow register retiming to trade off Tsu/Tco with Fmax         ; On                 ; On                 ;
; Auto ROM Replacement                                           ; On                 ; On                 ;
; Auto RAM Replacement                                           ; On                 ; On                 ;
; Auto Shift Register Replacement                                ; Auto               ; Auto               ;
; Auto Clock Enable Replacement                                  ; On                 ; On                 ;
; Strict RAM Replacement                                         ; Off                ; Off                ;
; Allow Synchronous Control Signals                              ; On                 ; On                 ;
; Force Use of Synchronous Clear Signals                         ; Off                ; Off                ;
; Auto RAM to Logic Cell Conversion                              ; Off                ; Off                ;
; Auto Resource Sharing                                          ; Off                ; Off                ;
; Allow Any RAM Size For Recognition                             ; Off                ; Off                ;
; Allow Any ROM Size For Recognition                             ; Off                ; Off                ;
; Allow Any Shift Register Size For Recognition                  ; Off                ; Off                ;
; Use LogicLock Constraints during Resource Balancing            ; On                 ; On                 ;
; Ignore translate_off and synthesis_off directives              ; Off                ; Off                ;
; Show Parameter Settings Tables in Synthesis Report             ; On                 ; On                 ;
; Ignore Maximum Fan-Out Assignments                             ; Off                ; Off                ;
; Synchronization Register Chain Length                          ; 2                  ; 2                  ;
; PowerPlay Power Optimization                                   ; Normal compilation ; Normal compilation ;
; HDL message level                                              ; Level2             ; Level2             ;
; Suppress Register Optimization Related Messages                ; Off                ; Off                ;
; Number of Removed Registers Reported in Synthesis Report       ; 100                ; 100                ;
; Number of Inverted Registers Reported in Synthesis Report      ; 100                ; 100                ;
; Clock MUX Protection                                           ; On                 ; On                 ;
; Auto Gated Clock Conversion                                    ; Off                ; Off                ;
; Block Design Naming                                            ; Auto               ; Auto               ;
; SDC constraint protection                                      ; Off                ; Off                ;
; Synthesis Effort                                               ; Auto               ; Auto               ;
; Allows Asynchronous Clear Usage For Shift Register Replacement ; On                 ; On                 ;
; Analysis & Synthesis Message Level                             ; Medium             ; Medium             ;
+----------------------------------------------------------------+--------------------+--------------------+


+--------------------------------------------------------------------------------------------------------------------------------------------------------------------+
; Analysis & Synthesis Source Files Read                                                                                                                             ;
+----------------------------------+-----------------+------------------------------------+--------------------------------------------------------------------------+
; File Name with User-Entered Path ; Used in Netlist ; File Type                          ; File Name with Absolute Path                                             ;
+----------------------------------+-----------------+------------------------------------+--------------------------------------------------------------------------+
; reg.vhd                          ; yes             ; User Wizard-Generated File         ; C:/Users/Hromovskih/Desktop/13027/Новая папка (3)/reg.vhd                ;
; cmp.vhd                          ; yes             ; User Wizard-Generated File         ; C:/Users/Hromovskih/Desktop/13027/Новая папка (3)/cmp.vhd                ;
; cnt.vhd                          ; yes             ; User Wizard-Generated File         ; C:/Users/Hromovskih/Desktop/13027/Новая папка (3)/cnt.vhd                ;
; rom.vhd                          ; yes             ; User Wizard-Generated File         ; C:/Users/Hromovskih/Desktop/13027/Новая папка (3)/rom.vhd                ;
; OXPAHA.bdf                       ; yes             ; User Block Diagram/Schematic File  ; C:/Users/Hromovskih/Desktop/13027/Новая папка (3)/OXPAHA.bdf             ;
; 7404.bdf                         ; yes             ; Megafunction                       ; c:/altera/81/quartus/libraries/others/maxplus2/7404.bdf                  ;
; lpm_compare.tdf                  ; yes             ; Megafunction                       ; c:/altera/81/quartus/libraries/megafunctions/lpm_compare.tdf             ;
; comptree.inc                     ; yes             ; Megafunction                       ; c:/altera/81/quartus/libraries/megafunctions/comptree.inc                ;
; altshift.inc                     ; yes             ; Megafunction                       ; c:/altera/81/quartus/libraries/megafunctions/altshift.inc                ;
; aglobal81.inc                    ; yes             ; Megafunction                       ; c:/altera/81/quartus/libraries/megafunctions/aglobal81.inc               ;
; db/cmpr_9hg.tdf                  ; yes             ; Auto-Generated Megafunction        ; C:/Users/Hromovskih/Desktop/13027/Новая папка (3)/db/cmpr_9hg.tdf        ;
; lpm_ff.tdf                       ; yes             ; Megafunction                       ; c:/altera/81/quartus/libraries/megafunctions/lpm_ff.tdf                  ;
; lpm_constant.inc                 ; yes             ; Megafunction                       ; c:/altera/81/quartus/libraries/megafunctions/lpm_constant.inc            ;
; altsyncram.tdf                   ; yes             ; Megafunction                       ; c:/altera/81/quartus/libraries/megafunctions/altsyncram.tdf              ;
; stratix_ram_block.inc            ; yes             ; Megafunction                       ; c:/altera/81/quartus/libraries/megafunctions/stratix_ram_block.inc       ;
; lpm_mux.inc                      ; yes             ; Megafunction                       ; c:/altera/81/quartus/libraries/megafunctions/lpm_mux.inc                 ;
; lpm_decode.inc                   ; yes             ; Megafunction                       ; c:/altera/81/quartus/libraries/megafunctions/lpm_decode.inc              ;
; a_rdenreg.inc                    ; yes             ; Megafunction                       ; c:/altera/81/quartus/libraries/megafunctions/a_rdenreg.inc               ;
; altrom.inc                       ; yes             ; Megafunction                       ; c:/altera/81/quartus/libraries/megafunctions/altrom.inc                  ;
; altram.inc                       ; yes             ; Megafunction                       ; c:/altera/81/quartus/libraries/megafunctions/altram.inc                  ;
; altdpram.inc                     ; yes             ; Megafunction                       ; c:/altera/81/quartus/libraries/megafunctions/altdpram.inc                ;
; altqpram.inc                     ; yes             ; Megafunction                       ; c:/altera/81/quartus/libraries/megafunctions/altqpram.inc                ;
; db/altsyncram_tv61.tdf           ; yes             ; Auto-Generated Megafunction        ; C:/Users/Hromovskih/Desktop/13027/Новая папка (3)/db/altsyncram_tv61.tdf ;
; lpm_counter.tdf                  ; yes             ; Megafunction                       ; c:/altera/81/quartus/libraries/megafunctions/lpm_counter.tdf             ;
; lpm_add_sub.inc                  ; yes             ; Megafunction                       ; c:/altera/81/quartus/libraries/megafunctions/lpm_add_sub.inc             ;
; cmpconst.inc                     ; yes             ; Megafunction                       ; c:/altera/81/quartus/libraries/megafunctions/cmpconst.inc                ;
; lpm_compare.inc                  ; yes             ; Megafunction                       ; c:/altera/81/quartus/libraries/megafunctions/lpm_compare.inc             ;
; lpm_counter.inc                  ; yes             ; Megafunction                       ; c:/altera/81/quartus/libraries/megafunctions/lpm_counter.inc             ;
; dffeea.inc                       ; yes             ; Megafunction                       ; c:/altera/81/quartus/libraries/megafunctions/dffeea.inc                  ;
; alt_synch_counter.inc            ; yes             ; Megafunction                       ; c:/altera/81/quartus/libraries/megafunctions/alt_synch_counter.inc       ;
; alt_synch_counter_f.inc          ; yes             ; Megafunction                       ; c:/altera/81/quartus/libraries/megafunctions/alt_synch_counter_f.inc     ;
; alt_counter_f10ke.inc            ; yes             ; Megafunction                       ; c:/altera/81/quartus/libraries/megafunctions/alt_counter_f10ke.inc       ;
; alt_counter_stratix.inc          ; yes             ; Megafunction                       ; c:/altera/81/quartus/libraries/megafunctions/alt_counter_stratix.inc     ;
; db/cntr_mkh.tdf                  ; yes             ; Auto-Generated Megafunction        ; C:/Users/Hromovskih/Desktop/13027/Новая папка (3)/db/cntr_mkh.tdf        ;
+----------------------------------+-----------------+------------------------------------+--------------------------------------------------------------------------+


+-----------------------------------------------------+
; Analysis & Synthesis Resource Usage Summary         ;
+---------------------------------------------+-------+
; Resource                                    ; Usage ;
+---------------------------------------------+-------+
; Estimated Total logic elements              ; 12    ;
;                                             ;       ;
; Total combinational functions               ; 7     ;
; Logic element usage by number of LUT inputs ;       ;
;     -- 4 input functions                    ; 2     ;
;     -- 3 input functions                    ; 0     ;
;     -- <=2 input functions                  ; 5     ;
;                                             ;       ;
; Logic elements by mode                      ;       ;
;     -- normal mode                          ; 6     ;
;     -- arithmetic mode                      ; 1     ;
;                                             ;       ;
; Total registers                             ; 12    ;
;     -- Dedicated logic registers            ; 12    ;
;     -- I/O registers                        ; 0     ;
;                                             ;       ;
; I/O pins                                    ; 10    ;
; Total memory bits                           ; 16    ;
; Maximum fan-out node                        ; clk   ;
; Maximum fan-out                             ; 13    ;
; Total fan-out                               ; 58    ;
; Average fan-out                             ; 1.76  ;
+---------------------------------------------+-------+


+---------------------------------------------------------------------------------------------------------------------------------------------------------------------------------------------------------------------------------------------------------+
; Analysis & Synthesis Resource Utilization by Entity                                                                                                                                                                                                     ;
+-------------------------------------------+-------------------+--------------+-------------+--------------+---------+-----------+------+--------------+----------------------------------------------------------------------------------+--------------+
; Compilation Hierarchy Node                ; LC Combinationals ; LC Registers ; Memory Bits ; DSP Elements ; DSP 9x9 ; DSP 18x18 ; Pins ; Virtual Pins ; Full Hierarchy Name                                                              ; Library Name ;
+-------------------------------------------+-------------------+--------------+-------------+--------------+---------+-----------+------+--------------+----------------------------------------------------------------------------------+--------------+
; |OXPAHA                                   ; 7 (2)             ; 12 (2)       ; 16          ; 0            ; 0       ; 0         ; 10   ; 0            ; |OXPAHA                                                                          ; work         ;
;    |cmp:inst1|                            ; 3 (0)             ; 0 (0)        ; 0           ; 0            ; 0       ; 0         ; 0    ; 0            ; |OXPAHA|cmp:inst1                                                                ; work         ;
;       |lpm_compare:lpm_compare_component| ; 3 (0)             ; 0 (0)        ; 0           ; 0            ; 0       ; 0         ; 0    ; 0            ; |OXPAHA|cmp:inst1|lpm_compare:lpm_compare_component                              ; work         ;
;          |cmpr_9hg:auto_generated|        ; 3 (3)             ; 0 (0)        ; 0           ; 0            ; 0       ; 0         ; 0    ; 0            ; |OXPAHA|cmp:inst1|lpm_compare:lpm_compare_component|cmpr_9hg:auto_generated      ; work         ;
;    |cnt:inst2|                            ; 2 (0)             ; 2 (0)        ; 0           ; 0            ; 0       ; 0         ; 0    ; 0            ; |OXPAHA|cnt:inst2                                                                ; work         ;
;       |lpm_counter:lpm_counter_component| ; 2 (0)             ; 2 (0)        ; 0           ; 0            ; 0       ; 0         ; 0    ; 0            ; |OXPAHA|cnt:inst2|lpm_counter:lpm_counter_component                              ; work         ;
;          |cntr_mkh:auto_generated|        ; 2 (2)             ; 2 (2)        ; 0           ; 0            ; 0       ; 0         ; 0    ; 0            ; |OXPAHA|cnt:inst2|lpm_counter:lpm_counter_component|cntr_mkh:auto_generated      ; work         ;
;    |reg:inst5|                            ; 0 (0)             ; 4 (0)        ; 0           ; 0            ; 0       ; 0         ; 0    ; 0            ; |OXPAHA|reg:inst5                                                                ; work         ;
;       |lpm_ff:lpm_ff_component|           ; 0 (0)             ; 4 (4)        ; 0           ; 0            ; 0       ; 0         ; 0    ; 0            ; |OXPAHA|reg:inst5|lpm_ff:lpm_ff_component                                        ; work         ;
;    |reg:inst|                             ; 0 (0)             ; 4 (0)        ; 0           ; 0            ; 0       ; 0         ; 0    ; 0            ; |OXPAHA|reg:inst                                                                 ; work         ;
;       |lpm_ff:lpm_ff_component|           ; 0 (0)             ; 4 (4)        ; 0           ; 0            ; 0       ; 0         ; 0    ; 0            ; |OXPAHA|reg:inst|lpm_ff:lpm_ff_component                                         ; work         ;
;    |rom:inst3|                            ; 0 (0)             ; 0 (0)        ; 16          ; 0            ; 0       ; 0         ; 0    ; 0            ; |OXPAHA|rom:inst3                                                                ; work         ;
;       |altsyncram:altsyncram_component|   ; 0 (0)             ; 0 (0)        ; 16          ; 0            ; 0       ; 0         ; 0    ; 0            ; |OXPAHA|rom:inst3|altsyncram:altsyncram_component                                ; work         ;
;          |altsyncram_tv61:auto_generated| ; 0 (0)             ; 0 (0)        ; 16          ; 0            ; 0       ; 0         ; 0    ; 0            ; |OXPAHA|rom:inst3|altsyncram:altsyncram_component|altsyncram_tv61:auto_generated ; work         ;
+-------------------------------------------+-------------------+--------------+-------------+--------------+---------+-----------+------+--------------+----------------------------------------------------------------------------------+--------------+
Note: For table entries with two numbers listed, the numbers in parentheses indicate the number of resources of the given type used by the specific entity alone. The numbers listed outside of parentheses indicate the total resources of the given type used by the specific entity and all of its sub-entities in the hierarchy.


+-------------------------------------------------------------------------------------------------------------------------------------------------------------------------------------------------------+
; Analysis & Synthesis RAM Summary                                                                                                                                                                      ;
+-------------------------------------------------------------------------------------+------+------+--------------+--------------+--------------+--------------+------+--------------------------------+
; Name                                                                                ; Type ; Mode ; Port A Depth ; Port A Width ; Port B Depth ; Port B Width ; Size ; MIF                            ;
+-------------------------------------------------------------------------------------+------+------+--------------+--------------+--------------+--------------+------+--------------------------------+
; rom:inst3|altsyncram:altsyncram_component|altsyncram_tv61:auto_generated|ALTSYNCRAM ; AUTO ; ROM  ; 4            ; 4            ; --           ; --           ; 16   ; ../../Новая папка (3)/Mif1.mif ;
+-------------------------------------------------------------------------------------+------+------+--------------+--------------+--------------+--------------+------+--------------------------------+


+------------------------------------------------------------------------------+
; Registers Removed During Synthesis                                           ;
+---------------------------------------+--------------------------------------+
; Register name                         ; Reason for Removal                   ;
+---------------------------------------+--------------------------------------+
; inst6                                 ; Stuck at GND due to stuck port clock ;
; Total Number of Removed Registers = 1 ;                                      ;
+---------------------------------------+--------------------------------------+


+------------------------------------------------------+
; General Register Statistics                          ;
+----------------------------------------------+-------+
; Statistic                                    ; Value ;
+----------------------------------------------+-------+
; Total registers                              ; 12    ;
; Number of registers using Synchronous Clear  ; 0     ;
; Number of registers using Synchronous Load   ; 0     ;
; Number of registers using Asynchronous Clear ; 4     ;
; Number of registers using Asynchronous Load  ; 0     ;
; Number of registers using Clock Enable       ; 0     ;
; Number of registers using Preset             ; 0     ;
+----------------------------------------------+-------+


+-------------------------------------------------------------------------------------------------+
; Source assignments for rom:inst3|altsyncram:altsyncram_component|altsyncram_tv61:auto_generated ;
+---------------------------------+--------------------+------+-----------------------------------+
; Assignment                      ; Value              ; From ; To                                ;
+---------------------------------+--------------------+------+-----------------------------------+
; OPTIMIZE_POWER_DURING_SYNTHESIS ; NORMAL_COMPILATION ; -    ; -                                 ;
+---------------------------------+--------------------+------+-----------------------------------+


+--------------------------------------------------------------------+
; Source assignments for cnt:inst2|lpm_counter:lpm_counter_component ;
+---------------------------+-------+------+-------------------------+
; Assignment                ; Value ; From ; To                      ;
+---------------------------+-------+------+-------------------------+
; SUPPRESS_DA_RULE_INTERNAL ; a101  ; -    ; -                       ;
; SUPPRESS_DA_RULE_INTERNAL ; s102  ; -    ; -                       ;
; SUPPRESS_DA_RULE_INTERNAL ; s103  ; -    ; -                       ;
+---------------------------+-------+------+-------------------------+


+------------------------------------------------------------------------------------------+
; Parameter Settings for User Entity Instance: cmp:inst1|lpm_compare:lpm_compare_component ;
+------------------------+------------+----------------------------------------------------+
; Parameter Name         ; Value      ; Type                                               ;
+------------------------+------------+----------------------------------------------------+
; lpm_width              ; 4          ; Signed Integer                                     ;
; LPM_REPRESENTATION     ; UNSIGNED   ; Untyped                                            ;
; LPM_PIPELINE           ; 0          ; Untyped                                            ;
; CHAIN_SIZE             ; 8          ; Untyped                                            ;
; ONE_INPUT_IS_CONSTANT  ; NO         ; Untyped                                            ;
; CARRY_CHAIN            ; MANUAL     ; Untyped                                            ;
; CASCADE_CHAIN          ; MANUAL     ; Untyped                                            ;
; CARRY_CHAIN_LENGTH     ; 48         ; CARRY_CHAIN_LENGTH                                 ;
; CASCADE_CHAIN_LENGTH   ; 2          ; CASCADE_CHAIN_LENGTH                               ;
; DEVICE_FAMILY          ; Cyclone II ; Untyped                                            ;
; CBXI_PARAMETER         ; cmpr_9hg   ; Untyped                                            ;
; AUTO_CARRY_CHAINS      ; ON         ; AUTO_CARRY                                         ;
; IGNORE_CARRY_BUFFERS   ; OFF        ; IGNORE_CARRY                                       ;
; AUTO_CASCADE_CHAINS    ; ON         ; AUTO_CASCADE                                       ;
; IGNORE_CASCADE_BUFFERS ; OFF        ; IGNORE_CASCADE                                     ;
+------------------------+------------+----------------------------------------------------+
Note: In order to hide this table in the UI and the text report file, please set the "Show Parameter Settings Tables in Synthesis Report" option in "Analysis and Synthesis Settings -> More Settings" to "Off".


+-------------------------------------------------------------------------------+
; Parameter Settings for User Entity Instance: reg:inst|lpm_ff:lpm_ff_component ;
+------------------------+------------+-----------------------------------------+
; Parameter Name         ; Value      ; Type                                    ;
+------------------------+------------+-----------------------------------------+
; LPM_WIDTH              ; 4          ; Signed Integer                          ;
; LPM_AVALUE             ; UNUSED     ; Untyped                                 ;
; LPM_SVALUE             ; UNUSED     ; Untyped                                 ;
; LPM_FFTYPE             ; DFF        ; Untyped                                 ;
; DEVICE_FAMILY          ; Cyclone II ; Untyped                                 ;
; CBXI_PARAMETER         ; NOTHING    ; Untyped                                 ;
; AUTO_CARRY_CHAINS      ; ON         ; AUTO_CARRY                              ;
; IGNORE_CARRY_BUFFERS   ; OFF        ; IGNORE_CARRY                            ;
; AUTO_CASCADE_CHAINS    ; ON         ; AUTO_CASCADE                            ;
; IGNORE_CASCADE_BUFFERS ; OFF        ; IGNORE_CASCADE                          ;
+------------------------+------------+-----------------------------------------+
Note: In order to hide this table in the UI and the text report file, please set the "Show Parameter Settings Tables in Synthesis Report" option in "Analysis and Synthesis Settings -> More Settings" to "Off".


+--------------------------------------------------------------------------------+
; Parameter Settings for User Entity Instance: reg:inst5|lpm_ff:lpm_ff_component ;
+------------------------+------------+------------------------------------------+
; Parameter Name         ; Value      ; Type                                     ;
+------------------------+------------+------------------------------------------+
; LPM_WIDTH              ; 4          ; Signed Integer                           ;
; LPM_AVALUE             ; UNUSED     ; Untyped                                  ;
; LPM_SVALUE             ; UNUSED     ; Untyped                                  ;
; LPM_FFTYPE             ; DFF        ; Untyped                                  ;
; DEVICE_FAMILY          ; Cyclone II ; Untyped                                  ;
; CBXI_PARAMETER         ; NOTHING    ; Untyped                                  ;
; AUTO_CARRY_CHAINS      ; ON         ; AUTO_CARRY                               ;
; IGNORE_CARRY_BUFFERS   ; OFF        ; IGNORE_CARRY                             ;
; AUTO_CASCADE_CHAINS    ; ON         ; AUTO_CASCADE                             ;
; IGNORE_CASCADE_BUFFERS ; OFF        ; IGNORE_CASCADE                           ;
+------------------------+------------+------------------------------------------+
Note: In order to hide this table in the UI and the text report file, please set the "Show Parameter Settings Tables in Synthesis Report" option in "Analysis and Synthesis Settings -> More Settings" to "Off".


+----------------------------------------------------------------------------------------+
; Parameter Settings for User Entity Instance: rom:inst3|altsyncram:altsyncram_component ;
+------------------------------------+--------------------------------+------------------+
; Parameter Name                     ; Value                          ; Type             ;
+------------------------------------+--------------------------------+------------------+
; BYTE_SIZE_BLOCK                    ; 8                              ; Untyped          ;
; AUTO_CARRY_CHAINS                  ; ON                             ; AUTO_CARRY       ;
; IGNORE_CARRY_BUFFERS               ; OFF                            ; IGNORE_CARRY     ;
; AUTO_CASCADE_CHAINS                ; ON                             ; AUTO_CASCADE     ;
; IGNORE_CASCADE_BUFFERS             ; OFF                            ; IGNORE_CASCADE   ;
; WIDTH_BYTEENA                      ; 1                              ; Untyped          ;
; OPERATION_MODE                     ; ROM                            ; Untyped          ;
; WIDTH_A                            ; 4                              ; Signed Integer   ;
; WIDTHAD_A                          ; 2                              ; Signed Integer   ;
; NUMWORDS_A                         ; 4                              ; Signed Integer   ;
; OUTDATA_REG_A                      ; CLOCK0                         ; Untyped          ;
; ADDRESS_ACLR_A                     ; NONE                           ; Untyped          ;
; OUTDATA_ACLR_A                     ; NONE                           ; Untyped          ;
; WRCONTROL_ACLR_A                   ; NONE                           ; Untyped          ;
; INDATA_ACLR_A                      ; NONE                           ; Untyped          ;
; BYTEENA_ACLR_A                     ; NONE                           ; Untyped          ;
; WIDTH_B                            ; 1                              ; Untyped          ;
; WIDTHAD_B                          ; 1                              ; Untyped          ;
; NUMWORDS_B                         ; 1                              ; Untyped          ;
; INDATA_REG_B                       ; CLOCK1                         ; Untyped          ;
; WRCONTROL_WRADDRESS_REG_B          ; CLOCK1                         ; Untyped          ;
; RDCONTROL_REG_B                    ; CLOCK1                         ; Untyped          ;
; ADDRESS_REG_B                      ; CLOCK1                         ; Untyped          ;
; OUTDATA_REG_B                      ; UNREGISTERED                   ; Untyped          ;
; BYTEENA_REG_B                      ; CLOCK1                         ; Untyped          ;
; INDATA_ACLR_B                      ; NONE                           ; Untyped          ;
; WRCONTROL_ACLR_B                   ; NONE                           ; Untyped          ;
; ADDRESS_ACLR_B                     ; NONE                           ; Untyped          ;
; OUTDATA_ACLR_B                     ; NONE                           ; Untyped          ;
; RDCONTROL_ACLR_B                   ; NONE                           ; Untyped          ;
; BYTEENA_ACLR_B                     ; NONE                           ; Untyped          ;
; WIDTH_BYTEENA_A                    ; 1                              ; Signed Integer   ;
; WIDTH_BYTEENA_B                    ; 1                              ; Untyped          ;
; RAM_BLOCK_TYPE                     ; AUTO                           ; Untyped          ;
; BYTE_SIZE                          ; 8                              ; Untyped          ;
; READ_DURING_WRITE_MODE_MIXED_PORTS ; DONT_CARE                      ; Untyped          ;
; READ_DURING_WRITE_MODE_PORT_A      ; NEW_DATA_NO_NBE_READ           ; Untyped          ;
; READ_DURING_WRITE_MODE_PORT_B      ; NEW_DATA_NO_NBE_READ           ; Untyped          ;
; INIT_FILE                          ; ../../Новая папка (3)/Mif1.mif ; Untyped          ;
; INIT_FILE_LAYOUT                   ; PORT_A                         ; Untyped          ;
; MAXIMUM_DEPTH                      ; 0                              ; Untyped          ;
; CLOCK_ENABLE_INPUT_A               ; BYPASS                         ; Untyped          ;
; CLOCK_ENABLE_INPUT_B               ; NORMAL                         ; Untyped          ;
; CLOCK_ENABLE_OUTPUT_A              ; BYPASS                         ; Untyped          ;
; CLOCK_ENABLE_OUTPUT_B              ; NORMAL                         ; Untyped          ;
; CLOCK_ENABLE_CORE_A                ; USE_INPUT_CLKEN                ; Untyped          ;
; CLOCK_ENABLE_CORE_B                ; USE_INPUT_CLKEN                ; Untyped          ;
; ENABLE_ECC                         ; FALSE                          ; Untyped          ;
; DEVICE_FAMILY                      ; Cyclone II                     ; Untyped          ;
; CBXI_PARAMETER                     ; altsyncram_tv61                ; Untyped          ;
+------------------------------------+--------------------------------+------------------+
Note: In order to hide this table in the UI and the text report file, please set the "Show Parameter Settings Tables in Synthesis Report" option in "Analysis and Synthesis Settings -> More Settings" to "Off".


+------------------------------------------------------------------------------------------+
; Parameter Settings for User Entity Instance: cnt:inst2|lpm_counter:lpm_counter_component ;
+------------------------+-------------+---------------------------------------------------+
; Parameter Name         ; Value       ; Type                                              ;
+------------------------+-------------+---------------------------------------------------+
; AUTO_CARRY_CHAINS      ; ON          ; AUTO_CARRY                                        ;
; IGNORE_CARRY_BUFFERS   ; OFF         ; IGNORE_CARRY                                      ;
; AUTO_CASCADE_CHAINS    ; ON          ; AUTO_CASCADE                                      ;
; IGNORE_CASCADE_BUFFERS ; OFF         ; IGNORE_CASCADE                                    ;
; LPM_WIDTH              ; 2           ; Signed Integer                                    ;
; LPM_DIRECTION          ; UP          ; Untyped                                           ;
; LPM_MODULUS            ; 0           ; Untyped                                           ;
; LPM_AVALUE             ; UNUSED      ; Untyped                                           ;
; LPM_SVALUE             ; UNUSED      ; Untyped                                           ;
; LPM_PORT_UPDOWN        ; PORT_UNUSED ; Untyped                                           ;
; DEVICE_FAMILY          ; Cyclone II  ; Untyped                                           ;
; CARRY_CHAIN            ; MANUAL      ; Untyped                                           ;
; CARRY_CHAIN_LENGTH     ; 48          ; CARRY_CHAIN_LENGTH                                ;
; NOT_GATE_PUSH_BACK     ; ON          ; NOT_GATE_PUSH_BACK                                ;
; CARRY_CNT_EN           ; SMART       ; Untyped                                           ;
; LABWIDE_SCLR           ; ON          ; Untyped                                           ;
; USE_NEW_VERSION        ; TRUE        ; Untyped                                           ;
; CBXI_PARAMETER         ; cntr_mkh    ; Untyped                                           ;
+------------------------+-------------+---------------------------------------------------+
Note: In order to hide this table in the UI and the text report file, please set the "Show Parameter Settings Tables in Synthesis Report" option in "Analysis and Synthesis Settings -> More Settings" to "Off".


+-------------------------------+
; Analysis & Synthesis Messages ;
+-------------------------------+
Info: *******************************************************************
Info: Running Quartus II Analysis & Synthesis
    Info: Version 8.1 Build 163 10/28/2008 SJ Web Edition
    Info: Processing started: Thu Mar 19 15:51:59 2020
Info: Command: quartus_map --read_settings_files=on --write_settings_files=off OXPAHA -c OXPAHA
Info: Found 2 design units, including 1 entities, in source file reg.vhd
    Info: Found design unit 1: reg-SYN
    Info: Found entity 1: reg
Info: Found 2 design units, including 1 entities, in source file cmp.vhd
    Info: Found design unit 1: cmp-SYN
    Info: Found entity 1: cmp
Info: Found 2 design units, including 1 entities, in source file cnt.vhd
    Info: Found design unit 1: cnt-SYN
    Info: Found entity 1: cnt
Info: Found 2 design units, including 1 entities, in source file rom.vhd
    Info: Found design unit 1: rom-SYN
    Info: Found entity 1: rom
Info: Found 1 design units, including 1 entities, in source file OXPAHA.bdf
    Info: Found entity 1: OXPAHA
Info: Found 2 design units, including 1 entities, in source file count.vhd
    Info: Found design unit 1: count-SYN
    Info: Found entity 1: count
Info: Elaborating entity "OXPAHA" for the top level hierarchy
Warning: Pin "sw8" not connected
Info: Elaborating entity "7404" for hierarchy "7404:inst17"
Info: Elaborated megafunction instantiation "7404:inst17"
Info: Elaborating entity "cmp" for hierarchy "cmp:inst1"
Info: Elaborating entity "lpm_compare" for hierarchy "cmp:inst1|lpm_compare:lpm_compare_component"
Info: Elaborated megafunction instantiation "cmp:inst1|lpm_compare:lpm_compare_component"
Info: Instantiated megafunction "cmp:inst1|lpm_compare:lpm_compare_component" with the following parameter:
    Info: Parameter "lpm_representation" = "UNSIGNED"
    Info: Parameter "lpm_type" = "LPM_COMPARE"
    Info: Parameter "lpm_width" = "4"
Info: Found 1 design units, including 1 entities, in source file db/cmpr_9hg.tdf
    Info: Found entity 1: cmpr_9hg
Info: Elaborating entity "cmpr_9hg" for hierarchy "cmp:inst1|lpm_compare:lpm_compare_component|cmpr_9hg:auto_generated"
Info: Elaborating entity "reg" for hierarchy "reg:inst"
Info: Elaborating entity "lpm_ff" for hierarchy "reg:inst|lpm_ff:lpm_ff_component"
Info: Elaborated megafunction instantiation "reg:inst|lpm_ff:lpm_ff_component"
Info: Instantiated megafunction "reg:inst|lpm_ff:lpm_ff_component" with the following parameter:
    Info: Parameter "lpm_fftype" = "DFF"
    Info: Parameter "lpm_type" = "LPM_FF"
    Info: Parameter "lpm_width" = "4"
Info: Elaborating entity "rom" for hierarchy "rom:inst3"
Info: Elaborating entity "altsyncram" for hierarchy "rom:inst3|altsyncram:altsyncram_component"
Info: Elaborated megafunction instantiation "rom:inst3|altsyncram:altsyncram_component"
Info: Instantiated megafunction "rom:inst3|altsyncram:altsyncram_component" with the following parameter:
    Info: Parameter "clock_enable_input_a" = "BYPASS"
    Info: Parameter "clock_enable_output_a" = "BYPASS"
    Info: Parameter "init_file" = "../../Нова папка (3)/Mif1.mif"
    Info: Parameter "intended_device_family" = "Cyclone II"
    Info: Parameter "lpm_hint" = "ENABLE_RUNTIME_MOD=NO"
    Info: Parameter "lpm_type" = "altsyncram"
    Info: Parameter "numwords_a" = "4"
    Info: Parameter "operation_mode" = "ROM"
    Info: Parameter "outdata_aclr_a" = "NONE"
    Info: Parameter "outdata_reg_a" = "CLOCK0"
    Info: Parameter "widthad_a" = "2"
    Info: Parameter "width_a" = "4"
    Info: Parameter "width_byteena_a" = "1"
Warning: Assertion warning: MGL_INTERNAL_WARNING: ( The parameter value is not one of the pre-specified values in the value list.) altsyncram|stratix_ram_block inst ram_block1a[0]|INIT_FILE The value assigned is ../../Нова папка (3)/Mif1.mif and the valid value list is UNUSED|../../Нова папка (3)/Mif1.mif
Warning: Assertion warning: MGL_INTERNAL_WARNING: ( The parameter value is not one of the pre-specified values in the value list.) altsyncram|stratix_ram_block inst ram_block1a[1]|INIT_FILE The value assigned is ../../Нова папка (3)/Mif1.mif and the valid value list is UNUSED|../../Нова папка (3)/Mif1.mif
Warning: Assertion warning: MGL_INTERNAL_WARNING: ( The parameter value is not one of the pre-specified values in the value list.) altsyncram|stratix_ram_block inst ram_block1a[2]|INIT_FILE The value assigned is ../../Нова папка (3)/Mif1.mif and the valid value list is UNUSED|../../Нова папка (3)/Mif1.mif
Warning: Assertion warning: MGL_INTERNAL_WARNING: ( The parameter value is not one of the pre-specified values in the value list.) altsyncram|stratix_ram_block inst ram_block1a[3]|INIT_FILE The value assigned is ../../Нова папка (3)/Mif1.mif and the valid value list is UNUSED|../../Нова папка (3)/Mif1.mif
Info: Found 1 design units, including 1 entities, in source file db/altsyncram_tv61.tdf
    Info: Found entity 1: altsyncram_tv61
Info: Elaborating entity "altsyncram_tv61" for hierarchy "rom:inst3|altsyncram:altsyncram_component|altsyncram_tv61:auto_generated"
Info: Elaborating entity "cnt" for hierarchy "cnt:inst2"
Info: Elaborating entity "lpm_counter" for hierarchy "cnt:inst2|lpm_counter:lpm_counter_component"
Info: Elaborated megafunction instantiation "cnt:inst2|lpm_counter:lpm_counter_component"
Info: Instantiated megafunction "cnt:inst2|lpm_counter:lpm_counter_component" with the following parameter:
    Info: Parameter "lpm_direction" = "UP"
    Info: Parameter "lpm_port_updown" = "PORT_UNUSED"
    Info: Parameter "lpm_type" = "LPM_COUNTER"
    Info: Parameter "lpm_width" = "2"
Info: Found 1 design units, including 1 entities, in source file db/cntr_mkh.tdf
    Info: Found entity 1: cntr_mkh
Info: Elaborating entity "cntr_mkh" for hierarchy "cnt:inst2|lpm_counter:lpm_counter_component|cntr_mkh:auto_generated"
Warning: Output pins are stuck at VCC or GND
    Warning (13410): Pin "not" is stuck at GND
Warning: Design contains 1 input pin(s) that do not drive logic
    Warning (15610): No output dependent on input pin "sw8"
Info: Implemented 29 device resources after synthesis - the final resource count might be different
    Info: Implemented 8 input pins
    Info: Implemented 2 output pins
    Info: Implemented 15 logic cells
    Info: Implemented 4 RAM segments
Info: Quartus II Analysis & Synthesis was successful. 0 errors, 9 warnings
    Info: Peak virtual memory: 228 megabytes
    Info: Processing ended: Thu Mar 19 15:52:06 2020
    Info: Elapsed time: 00:00:07
    Info: Total CPU time (on all processors): 00:00:02


