Flow report for OXPAHA
Thu May 05 14:47:59 2016
Quartus II Version 8.1 Build 163 10/28/2008 SJ Web Edition


---------------------
; Table of Contents ;
---------------------
  1. Legal Notice
  2. Flow Summary
  3. Flow Settings
  4. Flow Non-Default Global Settings
  5. Flow Elapsed Time
  6. Flow OS Summary
  7. Flow Log



----------------
; Legal Notice ;
----------------
Copyright (C) 1991-2008 Altera Corporation
Your use of Altera Corporation's design tools, logic functions 
and other software and tools, and its AMPP partner logic 
functions, and any output files from any of the foregoing 
(including device programming or simulation files), and any 
associated documentation or information are expressly subject 
to the terms and conditions of the Altera Program License 
Subscription Agreement, Altera MegaCore Function License 
Agreement, or other applicable license agreement, including, 
without limitation, that your use is for the sole purpose of 
programming logic devices manufactured by Altera and sold by 
Altera or its authorized distributors.  Please refer to the 
applicable agreement for further details.



+------------------------------------------------------------------------------+
; Flow Summary                                                                 ;
+------------------------------------+-----------------------------------------+
; Flow Status                        ; Successful - Thu May 05 14:47:58 2016   ;
; Quartus II Version                 ; 8.1 Build 163 10/28/2008 SJ Web Edition ;
; Revision Name                      ; OXPAHA                                  ;
; Top-level Entity Name              ; OXPAHA                                  ;
; Family                             ; Cyclone II                              ;
; Device                             ; EP2C8F256C8                             ;
; Timing Models                      ; Final                                   ;
; Met timing requirements            ; Yes                                     ;
; Total logic elements               ; 26 / 8,256 ( < 1 % )                    ;
;     Total combinational functions  ; 25 / 8,256 ( < 1 % )                    ;
;     Dedicated logic registers      ; 26 / 8,256 ( < 1 % )                    ;
; Total registers                    ; 26                                      ;
; Total pins                         ; 9 / 182 ( 5 % )                         ;
; Total virtual pins                 ; 0                                       ;
; Total memory bits                  ; 128 / 165,888 ( < 1 % )                 ;
; Embedded Multiplier 9-bit elements ; 0 / 36 ( 0 % )                          ;
; Total PLLs                         ; 0 / 2 ( 0 % )                           ;
+------------------------------------+-----------------------------------------+


+-----------------------------------------+
; Flow Settings                           ;
+-------------------+---------------------+
; Option            ; Setting             ;
+-------------------+---------------------+
; Start date & time ; 05/05/2016 14:47:24 ;
; Main task         ; Compilation         ;
; Revision Name     ; OXPAHA              ;
+-------------------+---------------------+


+-------------------------------------------------------------------------------------------------------------------+
; Flow Non-Default Global Settings                                                                                  ;
+------------------------------------+-------------------------------+---------------+-------------+----------------+
; Assignment Name                    ; Value                         ; Default Value ; Entity Name ; Section Id     ;
+------------------------------------+-------------------------------+---------------+-------------+----------------+
; COMPILER_SIGNATURE_ID              ; 146397601118.146243084401504  ; --            ; --          ; --             ;
; IP_TOOL_NAME                       ; LPM_FF                        ; --            ; --          ; --             ;
; IP_TOOL_NAME                       ; LPM_COMPARE                   ; --            ; --          ; --             ;
; IP_TOOL_NAME                       ; LPM_COUNTER                   ; --            ; --          ; --             ;
; IP_TOOL_NAME                       ; ROM: 1-PORT                   ; --            ; --          ; --             ;
; IP_TOOL_NAME                       ; LPM_COUNTER                   ; --            ; --          ; --             ;
; IP_TOOL_NAME                       ; LPM_COUNTER                   ; --            ; --          ; --             ;
; IP_TOOL_VERSION                    ; 8.1                           ; --            ; --          ; --             ;
; IP_TOOL_VERSION                    ; 8.1                           ; --            ; --          ; --             ;
; IP_TOOL_VERSION                    ; 8.1                           ; --            ; --          ; --             ;
; IP_TOOL_VERSION                    ; 8.1                           ; --            ; --          ; --             ;
; IP_TOOL_VERSION                    ; 8.1                           ; --            ; --          ; --             ;
; IP_TOOL_VERSION                    ; 8.1                           ; --            ; --          ; --             ;
; MAX_CORE_JUNCTION_TEMP             ; 85                            ; --            ; --          ; --             ;
; MIN_CORE_JUNCTION_TEMP             ; 0                             ; --            ; --          ; --             ;
; MISC_FILE                          ; reg.bsf                       ; --            ; --          ; --             ;
; MISC_FILE                          ; reg.cmp                       ; --            ; --          ; --             ;
; MISC_FILE                          ; cmp.bsf                       ; --            ; --          ; --             ;
; MISC_FILE                          ; cmp.cmp                       ; --            ; --          ; --             ;
; MISC_FILE                          ; cnt.bsf                       ; --            ; --          ; --             ;
; MISC_FILE                          ; cnt.cmp                       ; --            ; --          ; --             ;
; MISC_FILE                          ; rom.bsf                       ; --            ; --          ; --             ;
; MISC_FILE                          ; rom.cmp                       ; --            ; --          ; --             ;
; MISC_FILE                          ; G:/Новая папка (3)/OXPAHA.dpf ; --            ; --          ; --             ;
; MISC_FILE                          ; count.bsf                     ; --            ; --          ; --             ;
; MISC_FILE                          ; count.cmp                     ; --            ; --          ; --             ;
; MISC_FILE                          ; qwer.bsf                      ; --            ; --          ; --             ;
; MISC_FILE                          ; qwer.cmp                      ; --            ; --          ; --             ;
; PARTITION_COLOR                    ; 16764057                      ; --            ; --          ; Top            ;
; PARTITION_NETLIST_TYPE             ; SOURCE                        ; --            ; --          ; Top            ;
; USE_GENERATED_PHYSICAL_CONSTRAINTS ; Off                           ; --            ; --          ; eda_blast_fpga ;
+------------------------------------+-------------------------------+---------------+-------------+----------------+


+-----------------------------------------------------------------------------------------------------------------------------+
; Flow Elapsed Time                                                                                                           ;
+-------------------------+--------------+-------------------------+---------------------+------------------------------------+
; Module Name             ; Elapsed Time ; Average Processors Used ; Peak Virtual Memory ; Total CPU Time (on all processors) ;
+-------------------------+--------------+-------------------------+---------------------+------------------------------------+
; Analysis & Synthesis    ; 00:00:10     ; 1.0                     ; 212 MB              ; 00:00:05                           ;
; Fitter                  ; 00:00:08     ; 1.0                     ; 199 MB              ; 00:00:03                           ;
; Assembler               ; 00:00:04     ; 1.0                     ; 182 MB              ; 00:00:02                           ;
; Classic Timing Analyzer ; 00:00:02     ; 1.0                     ; 139 MB              ; 00:00:01                           ;
; Total                   ; 00:00:24     ; --                      ; --                  ; 00:00:11                           ;
+-------------------------+--------------+-------------------------+---------------------+------------------------------------+


+------------------------------------------------------------------------------------------+
; Flow OS Summary                                                                          ;
+-------------------------+------------------+---------------+------------+----------------+
; Module Name             ; Machine Hostname ; OS Name       ; OS Version ; Processor type ;
+-------------------------+------------------+---------------+------------+----------------+
; Analysis & Synthesis    ; L130-A-ws07      ; Windows Vista ; 6.1        ; i686           ;
; Fitter                  ; L130-A-ws07      ; Windows Vista ; 6.1        ; i686           ;
; Assembler               ; L130-A-ws07      ; Windows Vista ; 6.1        ; i686           ;
; Classic Timing Analyzer ; L130-A-ws07      ; Windows Vista ; 6.1        ; i686           ;
+-------------------------+------------------+---------------+------------+----------------+


------------
; Flow Log ;
------------
quartus_map --read_settings_files=on --write_settings_files=off OXPAHA -c OXPAHA
quartus_fit --read_settings_files=off --write_settings_files=off OXPAHA -c OXPAHA
quartus_asm --read_settings_files=off --write_settings_files=off OXPAHA -c OXPAHA
quartus_tan --read_settings_files=off --write_settings_files=off OXPAHA -c OXPAHA --timing_analysis_only



