Classic Timing Analyzer report for CPU
Sat Mar 28 16:18:38 2020
Quartus II Version 8.1 Build 163 10/28/2008 SJ Web Edition


---------------------
; Table of Contents ;
---------------------
  1. Legal Notice
  2. Timing Analyzer Summary
  3. Timing Analyzer Settings
  4. Clock Settings Summary
  5. Clock Setup: 'clk'
  6. tsu
  7. tco
  8. tpd
  9. th
 10. Timing Analyzer Messages



----------------
; Legal Notice ;
----------------
Copyright (C) 1991-2008 Altera Corporation
Your use of Altera Corporation's design tools, logic functions 
and other software and tools, and its AMPP partner logic 
functions, and any output files from any of the foregoing 
(including device programming or simulation files), and any 
associated documentation or information are expressly subject 
to the terms and conditions of the Altera Program License 
Subscription Agreement, Altera MegaCore Function License 
Agreement, or other applicable license agreement, including, 
without limitation, that your use is for the sole purpose of 
programming logic devices manufactured by Altera and sold by 
Altera or its authorized distributors.  Please refer to the 
applicable agreement for further details.



+--------------------------------------------------------------------------------------------------------------------------------------------------------------------------------------------------------+
; Timing Analyzer Summary                                                                                                                                                                                ;
+------------------------------+-------+---------------+----------------------------------+-----------------------------------+-----------------------------------+------------+----------+--------------+
; Type                         ; Slack ; Required Time ; Actual Time                      ; From                              ; To                                ; From Clock ; To Clock ; Failed Paths ;
+------------------------------+-------+---------------+----------------------------------+-----------------------------------+-----------------------------------+------------+----------+--------------+
; Worst-case tsu               ; N/A   ; None          ; 1.931 ns                         ; clk_ena                           ; Program_Counter:inst2|PC_value[3] ; --         ; clk      ; 0            ;
; Worst-case tco               ; N/A   ; None          ; 11.986 ns                        ; CPU_Controller:inst|CPU_state[1]  ; instr_rom[4]                      ; clk        ; --       ; 0            ;
; Worst-case tpd               ; N/A   ; None          ; 10.389 ns                        ; master_res                        ; instr_rom[4]                      ; --         ; --       ; 0            ;
; Worst-case th                ; N/A   ; None          ; 0.106 ns                         ; master_res                        ; CPU_Controller:inst|CPU_state[1]  ; --         ; clk      ; 0            ;
; Clock Setup: 'clk'           ; N/A   ; None          ; 219.01 MHz ( period = 4.566 ns ) ; Program_Counter:inst2|PC_value[0] ; Program_Counter:inst2|PC_value[6] ; clk        ; clk      ; 0            ;
; Total number of failed paths ;       ;               ;                                  ;                                   ;                                   ;            ;          ; 0            ;
+------------------------------+-------+---------------+----------------------------------+-----------------------------------+-----------------------------------+------------+----------+--------------+


+--------------------------------------------------------------------------------------------------------------------+
; Timing Analyzer Settings                                                                                           ;
+---------------------------------------------------------------------+--------------------+------+----+-------------+
; Option                                                              ; Setting            ; From ; To ; Entity Name ;
+---------------------------------------------------------------------+--------------------+------+----+-------------+
; Device Name                                                         ; EP2C8F256C8        ;      ;    ;             ;
; Timing Models                                                       ; Final              ;      ;    ;             ;
; Default hold multicycle                                             ; Same as Multicycle ;      ;    ;             ;
; Cut paths between unrelated clock domains                           ; On                 ;      ;    ;             ;
; Cut off read during write signal paths                              ; On                 ;      ;    ;             ;
; Cut off feedback from I/O pins                                      ; On                 ;      ;    ;             ;
; Report Combined Fast/Slow Timing                                    ; Off                ;      ;    ;             ;
; Ignore Clock Settings                                               ; Off                ;      ;    ;             ;
; Analyze latches as synchronous elements                             ; On                 ;      ;    ;             ;
; Enable Recovery/Removal analysis                                    ; Off                ;      ;    ;             ;
; Enable Clock Latency                                                ; Off                ;      ;    ;             ;
; Use TimeQuest Timing Analyzer                                       ; Off                ;      ;    ;             ;
; Minimum Core Junction Temperature                                   ; 0                  ;      ;    ;             ;
; Maximum Core Junction Temperature                                   ; 85                 ;      ;    ;             ;
; Number of source nodes to report per destination node               ; 10                 ;      ;    ;             ;
; Number of destination nodes to report                               ; 10                 ;      ;    ;             ;
; Number of paths to report                                           ; 200                ;      ;    ;             ;
; Report Minimum Timing Checks                                        ; Off                ;      ;    ;             ;
; Use Fast Timing Models                                              ; Off                ;      ;    ;             ;
; Report IO Paths Separately                                          ; Off                ;      ;    ;             ;
; Perform Multicorner Analysis                                        ; On                 ;      ;    ;             ;
; Reports the worst-case path for each clock domain and analysis      ; Off                ;      ;    ;             ;
; Removes common clock path pessimism (CCPP) during slack computation ; Off                ;      ;    ;             ;
; Output I/O Timing Endpoint                                          ; Near End           ;      ;    ;             ;
+---------------------------------------------------------------------+--------------------+------+----+-------------+


+------------------------------------------------------------------------------------------------------------------------------------------------------------------------------------+
; Clock Settings Summary                                                                                                                                                             ;
+-----------------+--------------------+----------+------------------+---------------+--------------+----------+-----------------------+---------------------+--------+--------------+
; Clock Node Name ; Clock Setting Name ; Type     ; Fmax Requirement ; Early Latency ; Late Latency ; Based on ; Multiply Base Fmax by ; Divide Base Fmax by ; Offset ; Phase offset ;
+-----------------+--------------------+----------+------------------+---------------+--------------+----------+-----------------------+---------------------+--------+--------------+
; clk             ;                    ; User Pin ; None             ; 0.000 ns      ; 0.000 ns     ; --       ; N/A                   ; N/A                 ; N/A    ;              ;
+-----------------+--------------------+----------+------------------+---------------+--------------+----------+-----------------------+---------------------+--------+--------------+


+--------------------------------------------------------------------------------------------------------------------------------------------------------------------------------------------------------------------------------------------+
; Clock Setup: 'clk'                                                                                                                                                                                                                         ;
+-------+------------------------------------------------+-----------------------------------+-----------------------------------+------------+----------+-----------------------------+---------------------------+-------------------------+
; Slack ; Actual fmax (period)                           ; From                              ; To                                ; From Clock ; To Clock ; Required Setup Relationship ; Required Longest P2P Time ; Actual Longest P2P Time ;
+-------+------------------------------------------------+-----------------------------------+-----------------------------------+------------+----------+-----------------------------+---------------------------+-------------------------+
; N/A   ; 219.01 MHz ( period = 4.566 ns )               ; Program_Counter:inst2|PC_value[0] ; Program_Counter:inst2|PC_value[5] ; clk        ; clk      ; None                        ; None                      ; 4.303 ns                ;
; N/A   ; 219.01 MHz ( period = 4.566 ns )               ; Program_Counter:inst2|PC_value[0] ; Program_Counter:inst2|PC_value[6] ; clk        ; clk      ; None                        ; None                      ; 4.303 ns                ;
; N/A   ; 224.72 MHz ( period = 4.450 ns )               ; Program_Counter:inst2|PC_value[1] ; Program_Counter:inst2|PC_value[5] ; clk        ; clk      ; None                        ; None                      ; 4.187 ns                ;
; N/A   ; 224.72 MHz ( period = 4.450 ns )               ; Program_Counter:inst2|PC_value[1] ; Program_Counter:inst2|PC_value[6] ; clk        ; clk      ; None                        ; None                      ; 4.187 ns                ;
; N/A   ; 225.12 MHz ( period = 4.442 ns )               ; Program_Counter:inst2|PC_value[0] ; Program_Counter:inst2|PC_value[2] ; clk        ; clk      ; None                        ; None                      ; 4.178 ns                ;
; N/A   ; 225.38 MHz ( period = 4.437 ns )               ; Program_Counter:inst2|PC_value[0] ; Program_Counter:inst2|PC_value[7] ; clk        ; clk      ; None                        ; None                      ; 4.174 ns                ;
; N/A   ; 225.68 MHz ( period = 4.431 ns )               ; Program_Counter:inst2|PC_value[0] ; Program_Counter:inst2|PC_value[3] ; clk        ; clk      ; None                        ; None                      ; 4.167 ns                ;
; N/A   ; 225.78 MHz ( period = 4.429 ns )               ; Program_Counter:inst2|PC_value[0] ; Program_Counter:inst2|PC_value[0] ; clk        ; clk      ; None                        ; None                      ; 4.165 ns                ;
; N/A   ; 225.94 MHz ( period = 4.426 ns )               ; Program_Counter:inst2|PC_value[0] ; Program_Counter:inst2|PC_value[4] ; clk        ; clk      ; None                        ; None                      ; 4.162 ns                ;
; N/A   ; 226.96 MHz ( period = 4.406 ns )               ; Program_Counter:inst2|PC_value[5] ; Program_Counter:inst2|PC_value[5] ; clk        ; clk      ; None                        ; None                      ; 4.142 ns                ;
; N/A   ; 226.96 MHz ( period = 4.406 ns )               ; Program_Counter:inst2|PC_value[5] ; Program_Counter:inst2|PC_value[6] ; clk        ; clk      ; None                        ; None                      ; 4.142 ns                ;
; N/A   ; 228.36 MHz ( period = 4.379 ns )               ; Program_Counter:inst2|PC_value[2] ; Program_Counter:inst2|PC_value[5] ; clk        ; clk      ; None                        ; None                      ; 4.116 ns                ;
; N/A   ; 228.36 MHz ( period = 4.379 ns )               ; Program_Counter:inst2|PC_value[2] ; Program_Counter:inst2|PC_value[6] ; clk        ; clk      ; None                        ; None                      ; 4.116 ns                ;
; N/A   ; 229.73 MHz ( period = 4.353 ns )               ; Program_Counter:inst2|PC_value[0] ; Program_Counter:inst2|PC_value[1] ; clk        ; clk      ; None                        ; None                      ; 4.089 ns                ;
; N/A   ; 231.16 MHz ( period = 4.326 ns )               ; Program_Counter:inst2|PC_value[1] ; Program_Counter:inst2|PC_value[2] ; clk        ; clk      ; None                        ; None                      ; 4.062 ns                ;
; N/A   ; 231.43 MHz ( period = 4.321 ns )               ; Program_Counter:inst2|PC_value[1] ; Program_Counter:inst2|PC_value[7] ; clk        ; clk      ; None                        ; None                      ; 4.058 ns                ;
; N/A   ; 231.75 MHz ( period = 4.315 ns )               ; Program_Counter:inst2|PC_value[1] ; Program_Counter:inst2|PC_value[3] ; clk        ; clk      ; None                        ; None                      ; 4.051 ns                ;
; N/A   ; 231.86 MHz ( period = 4.313 ns )               ; Program_Counter:inst2|PC_value[1] ; Program_Counter:inst2|PC_value[0] ; clk        ; clk      ; None                        ; None                      ; 4.049 ns                ;
; N/A   ; 232.02 MHz ( period = 4.310 ns )               ; Program_Counter:inst2|PC_value[1] ; Program_Counter:inst2|PC_value[4] ; clk        ; clk      ; None                        ; None                      ; 4.046 ns                ;
; N/A   ; 232.23 MHz ( period = 4.306 ns )               ; Program_Counter:inst2|PC_value[5] ; Program_Counter:inst2|PC_value[2] ; clk        ; clk      ; None                        ; None                      ; 4.041 ns                ;
; N/A   ; 232.83 MHz ( period = 4.295 ns )               ; Program_Counter:inst2|PC_value[5] ; Program_Counter:inst2|PC_value[3] ; clk        ; clk      ; None                        ; None                      ; 4.030 ns                ;
; N/A   ; 232.94 MHz ( period = 4.293 ns )               ; Program_Counter:inst2|PC_value[5] ; Program_Counter:inst2|PC_value[0] ; clk        ; clk      ; None                        ; None                      ; 4.028 ns                ;
; N/A   ; 233.05 MHz ( period = 4.291 ns )               ; Program_Counter:inst2|PC_value[3] ; Program_Counter:inst2|PC_value[5] ; clk        ; clk      ; None                        ; None                      ; 4.028 ns                ;
; N/A   ; 233.05 MHz ( period = 4.291 ns )               ; Program_Counter:inst2|PC_value[3] ; Program_Counter:inst2|PC_value[6] ; clk        ; clk      ; None                        ; None                      ; 4.028 ns                ;
; N/A   ; 233.10 MHz ( period = 4.290 ns )               ; Program_Counter:inst2|PC_value[5] ; Program_Counter:inst2|PC_value[4] ; clk        ; clk      ; None                        ; None                      ; 4.025 ns                ;
; N/A   ; 233.32 MHz ( period = 4.286 ns )               ; Program_Counter:inst2|PC_value[5] ; Program_Counter:inst2|PC_value[7] ; clk        ; clk      ; None                        ; None                      ; 4.022 ns                ;
; N/A   ; 235.02 MHz ( period = 4.255 ns )               ; Program_Counter:inst2|PC_value[2] ; Program_Counter:inst2|PC_value[2] ; clk        ; clk      ; None                        ; None                      ; 3.991 ns                ;
; N/A   ; 235.24 MHz ( period = 4.251 ns )               ; Program_Counter:inst2|PC_value[4] ; Program_Counter:inst2|PC_value[5] ; clk        ; clk      ; None                        ; None                      ; 3.988 ns                ;
; N/A   ; 235.24 MHz ( period = 4.251 ns )               ; Program_Counter:inst2|PC_value[4] ; Program_Counter:inst2|PC_value[6] ; clk        ; clk      ; None                        ; None                      ; 3.988 ns                ;
; N/A   ; 235.29 MHz ( period = 4.250 ns )               ; Program_Counter:inst2|PC_value[2] ; Program_Counter:inst2|PC_value[7] ; clk        ; clk      ; None                        ; None                      ; 3.987 ns                ;
; N/A   ; 235.63 MHz ( period = 4.244 ns )               ; Program_Counter:inst2|PC_value[2] ; Program_Counter:inst2|PC_value[3] ; clk        ; clk      ; None                        ; None                      ; 3.980 ns                ;
; N/A   ; 235.74 MHz ( period = 4.242 ns )               ; Program_Counter:inst2|PC_value[2] ; Program_Counter:inst2|PC_value[0] ; clk        ; clk      ; None                        ; None                      ; 3.978 ns                ;
; N/A   ; 235.90 MHz ( period = 4.239 ns )               ; Program_Counter:inst2|PC_value[2] ; Program_Counter:inst2|PC_value[4] ; clk        ; clk      ; None                        ; None                      ; 3.975 ns                ;
; N/A   ; 236.02 MHz ( period = 4.237 ns )               ; Program_Counter:inst2|PC_value[1] ; Program_Counter:inst2|PC_value[1] ; clk        ; clk      ; None                        ; None                      ; 3.973 ns                ;
; N/A   ; 237.14 MHz ( period = 4.217 ns )               ; Program_Counter:inst2|PC_value[5] ; Program_Counter:inst2|PC_value[1] ; clk        ; clk      ; None                        ; None                      ; 3.952 ns                ;
; N/A   ; 239.98 MHz ( period = 4.167 ns )               ; Program_Counter:inst2|PC_value[3] ; Program_Counter:inst2|PC_value[2] ; clk        ; clk      ; None                        ; None                      ; 3.903 ns                ;
; N/A   ; 240.04 MHz ( period = 4.166 ns )               ; Program_Counter:inst2|PC_value[2] ; Program_Counter:inst2|PC_value[1] ; clk        ; clk      ; None                        ; None                      ; 3.902 ns                ;
; N/A   ; 240.62 MHz ( period = 4.156 ns )               ; Program_Counter:inst2|PC_value[3] ; Program_Counter:inst2|PC_value[3] ; clk        ; clk      ; None                        ; None                      ; 3.892 ns                ;
; N/A   ; 240.73 MHz ( period = 4.154 ns )               ; Program_Counter:inst2|PC_value[3] ; Program_Counter:inst2|PC_value[0] ; clk        ; clk      ; None                        ; None                      ; 3.890 ns                ;
; N/A   ; 240.91 MHz ( period = 4.151 ns )               ; Program_Counter:inst2|PC_value[3] ; Program_Counter:inst2|PC_value[4] ; clk        ; clk      ; None                        ; None                      ; 3.887 ns                ;
; N/A   ; 241.14 MHz ( period = 4.147 ns )               ; Program_Counter:inst2|PC_value[3] ; Program_Counter:inst2|PC_value[7] ; clk        ; clk      ; None                        ; None                      ; 3.884 ns                ;
; N/A   ; 242.31 MHz ( period = 4.127 ns )               ; Program_Counter:inst2|PC_value[4] ; Program_Counter:inst2|PC_value[2] ; clk        ; clk      ; None                        ; None                      ; 3.863 ns                ;
; N/A   ; 242.95 MHz ( period = 4.116 ns )               ; Program_Counter:inst2|PC_value[4] ; Program_Counter:inst2|PC_value[3] ; clk        ; clk      ; None                        ; None                      ; 3.852 ns                ;
; N/A   ; 243.07 MHz ( period = 4.114 ns )               ; Program_Counter:inst2|PC_value[4] ; Program_Counter:inst2|PC_value[0] ; clk        ; clk      ; None                        ; None                      ; 3.850 ns                ;
; N/A   ; 243.25 MHz ( period = 4.111 ns )               ; Program_Counter:inst2|PC_value[4] ; Program_Counter:inst2|PC_value[4] ; clk        ; clk      ; None                        ; None                      ; 3.847 ns                ;
; N/A   ; 243.49 MHz ( period = 4.107 ns )               ; Program_Counter:inst2|PC_value[4] ; Program_Counter:inst2|PC_value[7] ; clk        ; clk      ; None                        ; None                      ; 3.844 ns                ;
; N/A   ; 245.22 MHz ( period = 4.078 ns )               ; Program_Counter:inst2|PC_value[3] ; Program_Counter:inst2|PC_value[1] ; clk        ; clk      ; None                        ; None                      ; 3.814 ns                ;
; N/A   ; 247.65 MHz ( period = 4.038 ns )               ; Program_Counter:inst2|PC_value[4] ; Program_Counter:inst2|PC_value[1] ; clk        ; clk      ; None                        ; None                      ; 3.774 ns                ;
; N/A   ; 248.45 MHz ( period = 4.025 ns )               ; Program_Counter:inst2|PC_value[6] ; Program_Counter:inst2|PC_value[2] ; clk        ; clk      ; None                        ; None                      ; 3.760 ns                ;
; N/A   ; 248.63 MHz ( period = 4.022 ns )               ; Program_Counter:inst2|PC_value[7] ; Program_Counter:inst2|PC_value[2] ; clk        ; clk      ; None                        ; None                      ; 3.757 ns                ;
; N/A   ; 249.13 MHz ( period = 4.014 ns )               ; Program_Counter:inst2|PC_value[6] ; Program_Counter:inst2|PC_value[3] ; clk        ; clk      ; None                        ; None                      ; 3.749 ns                ;
; N/A   ; 249.25 MHz ( period = 4.012 ns )               ; Program_Counter:inst2|PC_value[6] ; Program_Counter:inst2|PC_value[0] ; clk        ; clk      ; None                        ; None                      ; 3.747 ns                ;
; N/A   ; 249.31 MHz ( period = 4.011 ns )               ; Program_Counter:inst2|PC_value[7] ; Program_Counter:inst2|PC_value[3] ; clk        ; clk      ; None                        ; None                      ; 3.746 ns                ;
; N/A   ; 249.44 MHz ( period = 4.009 ns )               ; Program_Counter:inst2|PC_value[7] ; Program_Counter:inst2|PC_value[0] ; clk        ; clk      ; None                        ; None                      ; 3.744 ns                ;
; N/A   ; 249.44 MHz ( period = 4.009 ns )               ; Program_Counter:inst2|PC_value[6] ; Program_Counter:inst2|PC_value[4] ; clk        ; clk      ; None                        ; None                      ; 3.744 ns                ;
; N/A   ; 249.63 MHz ( period = 4.006 ns )               ; Program_Counter:inst2|PC_value[7] ; Program_Counter:inst2|PC_value[4] ; clk        ; clk      ; None                        ; None                      ; 3.741 ns                ;
; N/A   ; 249.69 MHz ( period = 4.005 ns )               ; Program_Counter:inst2|PC_value[6] ; Program_Counter:inst2|PC_value[7] ; clk        ; clk      ; None                        ; None                      ; 3.741 ns                ;
; N/A   ; 249.94 MHz ( period = 4.001 ns )               ; Program_Counter:inst2|PC_value[7] ; Program_Counter:inst2|PC_value[7] ; clk        ; clk      ; None                        ; None                      ; 3.737 ns                ;
; N/A   ; 254.07 MHz ( period = 3.936 ns )               ; Program_Counter:inst2|PC_value[6] ; Program_Counter:inst2|PC_value[1] ; clk        ; clk      ; None                        ; None                      ; 3.671 ns                ;
; N/A   ; 254.26 MHz ( period = 3.933 ns )               ; Program_Counter:inst2|PC_value[7] ; Program_Counter:inst2|PC_value[1] ; clk        ; clk      ; None                        ; None                      ; 3.668 ns                ;
; N/A   ; 261.30 MHz ( period = 3.827 ns )               ; Program_Counter:inst2|PC_value[6] ; Program_Counter:inst2|PC_value[5] ; clk        ; clk      ; None                        ; None                      ; 3.563 ns                ;
; N/A   ; 261.51 MHz ( period = 3.824 ns )               ; Program_Counter:inst2|PC_value[7] ; Program_Counter:inst2|PC_value[5] ; clk        ; clk      ; None                        ; None                      ; 3.560 ns                ;
; N/A   ; 261.85 MHz ( period = 3.819 ns )               ; Program_Counter:inst2|PC_value[6] ; Program_Counter:inst2|PC_value[6] ; clk        ; clk      ; None                        ; None                      ; 3.555 ns                ;
; N/A   ; 262.05 MHz ( period = 3.816 ns )               ; Program_Counter:inst2|PC_value[7] ; Program_Counter:inst2|PC_value[6] ; clk        ; clk      ; None                        ; None                      ; 3.552 ns                ;
; N/A   ; 277.16 MHz ( period = 3.608 ns )               ; CPU_Controller:inst|CPU_state[1]  ; Program_Counter:inst2|PC_value[1] ; clk        ; clk      ; None                        ; None                      ; 3.343 ns                ;
; N/A   ; 277.24 MHz ( period = 3.607 ns )               ; CPU_Controller:inst|CPU_state[1]  ; Program_Counter:inst2|PC_value[3] ; clk        ; clk      ; None                        ; None                      ; 3.342 ns                ;
; N/A   ; 277.55 MHz ( period = 3.603 ns )               ; CPU_Controller:inst|CPU_state[1]  ; Program_Counter:inst2|PC_value[0] ; clk        ; clk      ; None                        ; None                      ; 3.338 ns                ;
; N/A   ; 277.62 MHz ( period = 3.602 ns )               ; CPU_Controller:inst|CPU_state[1]  ; Program_Counter:inst2|PC_value[4] ; clk        ; clk      ; None                        ; None                      ; 3.337 ns                ;
; N/A   ; 277.62 MHz ( period = 3.602 ns )               ; CPU_Controller:inst|CPU_state[1]  ; Program_Counter:inst2|PC_value[2] ; clk        ; clk      ; None                        ; None                      ; 3.337 ns                ;
; N/A   ; 307.41 MHz ( period = 3.253 ns )               ; CPU_Controller:inst|CPU_state[1]  ; Program_Counter:inst2|PC_value[6] ; clk        ; clk      ; None                        ; None                      ; 2.989 ns                ;
; N/A   ; 307.50 MHz ( period = 3.252 ns )               ; CPU_Controller:inst|CPU_state[1]  ; Program_Counter:inst2|PC_value[5] ; clk        ; clk      ; None                        ; None                      ; 2.988 ns                ;
; N/A   ; 308.17 MHz ( period = 3.245 ns )               ; CPU_Controller:inst|CPU_state[2]  ; Program_Counter:inst2|PC_value[1] ; clk        ; clk      ; None                        ; None                      ; 2.980 ns                ;
; N/A   ; 308.26 MHz ( period = 3.244 ns )               ; CPU_Controller:inst|CPU_state[2]  ; Program_Counter:inst2|PC_value[3] ; clk        ; clk      ; None                        ; None                      ; 2.979 ns                ;
; N/A   ; 308.64 MHz ( period = 3.240 ns )               ; CPU_Controller:inst|CPU_state[2]  ; Program_Counter:inst2|PC_value[0] ; clk        ; clk      ; None                        ; None                      ; 2.975 ns                ;
; N/A   ; 308.74 MHz ( period = 3.239 ns )               ; CPU_Controller:inst|CPU_state[2]  ; Program_Counter:inst2|PC_value[4] ; clk        ; clk      ; None                        ; None                      ; 2.974 ns                ;
; N/A   ; 308.74 MHz ( period = 3.239 ns )               ; CPU_Controller:inst|CPU_state[2]  ; Program_Counter:inst2|PC_value[2] ; clk        ; clk      ; None                        ; None                      ; 2.974 ns                ;
; N/A   ; 334.56 MHz ( period = 2.989 ns )               ; CPU_Controller:inst|CPU_state[0]  ; Program_Counter:inst2|PC_value[1] ; clk        ; clk      ; None                        ; None                      ; 2.724 ns                ;
; N/A   ; 334.67 MHz ( period = 2.988 ns )               ; CPU_Controller:inst|CPU_state[0]  ; Program_Counter:inst2|PC_value[3] ; clk        ; clk      ; None                        ; None                      ; 2.723 ns                ;
; N/A   ; 335.12 MHz ( period = 2.984 ns )               ; CPU_Controller:inst|CPU_state[0]  ; Program_Counter:inst2|PC_value[0] ; clk        ; clk      ; None                        ; None                      ; 2.719 ns                ;
; N/A   ; 335.23 MHz ( period = 2.983 ns )               ; CPU_Controller:inst|CPU_state[0]  ; Program_Counter:inst2|PC_value[4] ; clk        ; clk      ; None                        ; None                      ; 2.718 ns                ;
; N/A   ; 335.23 MHz ( period = 2.983 ns )               ; CPU_Controller:inst|CPU_state[0]  ; Program_Counter:inst2|PC_value[2] ; clk        ; clk      ; None                        ; None                      ; 2.718 ns                ;
; N/A   ; Restricted to 340.02 MHz ( period = 2.941 ns ) ; CPU_Controller:inst|CPU_state[1]  ; Program_Counter:inst2|PC_value[7] ; clk        ; clk      ; None                        ; None                      ; 2.637 ns                ;
; N/A   ; Restricted to 340.02 MHz ( period = 2.941 ns ) ; CPU_Controller:inst|CPU_state[2]  ; Program_Counter:inst2|PC_value[6] ; clk        ; clk      ; None                        ; None                      ; 2.626 ns                ;
; N/A   ; Restricted to 340.02 MHz ( period = 2.941 ns ) ; CPU_Controller:inst|CPU_state[2]  ; Program_Counter:inst2|PC_value[5] ; clk        ; clk      ; None                        ; None                      ; 2.625 ns                ;
; N/A   ; Restricted to 340.02 MHz ( period = 2.941 ns ) ; CPU_Controller:inst|CPU_state[0]  ; Program_Counter:inst2|PC_value[6] ; clk        ; clk      ; None                        ; None                      ; 2.370 ns                ;
; N/A   ; Restricted to 340.02 MHz ( period = 2.941 ns ) ; CPU_Controller:inst|CPU_state[0]  ; Program_Counter:inst2|PC_value[5] ; clk        ; clk      ; None                        ; None                      ; 2.369 ns                ;
; N/A   ; Restricted to 340.02 MHz ( period = 2.941 ns ) ; CPU_Controller:inst|CPU_state[2]  ; Program_Counter:inst2|PC_value[7] ; clk        ; clk      ; None                        ; None                      ; 2.274 ns                ;
; N/A   ; Restricted to 340.02 MHz ( period = 2.941 ns ) ; CPU_Controller:inst|CPU_state[0]  ; Program_Counter:inst2|PC_value[7] ; clk        ; clk      ; None                        ; None                      ; 2.018 ns                ;
; N/A   ; Restricted to 340.02 MHz ( period = 2.941 ns ) ; CPU_Controller:inst|CPU_state[1]  ; CPU_Controller:inst|CPU_state[2]  ; clk        ; clk      ; None                        ; None                      ; 1.593 ns                ;
; N/A   ; Restricted to 340.02 MHz ( period = 2.941 ns ) ; CPU_Controller:inst|CPU_state[1]  ; CPU_Controller:inst|CPU_state[0]  ; clk        ; clk      ; None                        ; None                      ; 1.593 ns                ;
; N/A   ; Restricted to 340.02 MHz ( period = 2.941 ns ) ; CPU_Controller:inst|CPU_state[2]  ; CPU_Controller:inst|CPU_state[1]  ; clk        ; clk      ; None                        ; None                      ; 1.528 ns                ;
; N/A   ; Restricted to 340.02 MHz ( period = 2.941 ns ) ; CPU_Controller:inst|CPU_state[2]  ; CPU_Controller:inst|CPU_state[0]  ; clk        ; clk      ; None                        ; None                      ; 1.228 ns                ;
; N/A   ; Restricted to 340.02 MHz ( period = 2.941 ns ) ; CPU_Controller:inst|CPU_state[0]  ; CPU_Controller:inst|CPU_state[2]  ; clk        ; clk      ; None                        ; None                      ; 1.226 ns                ;
; N/A   ; Restricted to 340.02 MHz ( period = 2.941 ns ) ; CPU_Controller:inst|CPU_state[0]  ; CPU_Controller:inst|CPU_state[1]  ; clk        ; clk      ; None                        ; None                      ; 1.225 ns                ;
; N/A   ; Restricted to 340.02 MHz ( period = 2.941 ns ) ; CPU_Controller:inst|CPU_state[2]  ; CPU_Controller:inst|CPU_state[2]  ; clk        ; clk      ; None                        ; None                      ; 0.501 ns                ;
; N/A   ; Restricted to 340.02 MHz ( period = 2.941 ns ) ; CPU_Controller:inst|CPU_state[1]  ; CPU_Controller:inst|CPU_state[1]  ; clk        ; clk      ; None                        ; None                      ; 0.501 ns                ;
; N/A   ; Restricted to 340.02 MHz ( period = 2.941 ns ) ; CPU_Controller:inst|CPU_state[0]  ; CPU_Controller:inst|CPU_state[0]  ; clk        ; clk      ; None                        ; None                      ; 0.501 ns                ;
+-------+------------------------------------------------+-----------------------------------+-----------------------------------+------------+----------+-----------------------------+---------------------------+-------------------------+


+-----------------------------------------------------------------------------------------------+
; tsu                                                                                           ;
+-------+--------------+------------+------------+-----------------------------------+----------+
; Slack ; Required tsu ; Actual tsu ; From       ; To                                ; To Clock ;
+-------+--------------+------------+------------+-----------------------------------+----------+
; N/A   ; None         ; 1.931 ns   ; clk_ena    ; Program_Counter:inst2|PC_value[0] ; clk      ;
; N/A   ; None         ; 1.931 ns   ; clk_ena    ; Program_Counter:inst2|PC_value[4] ; clk      ;
; N/A   ; None         ; 1.931 ns   ; clk_ena    ; Program_Counter:inst2|PC_value[1] ; clk      ;
; N/A   ; None         ; 1.931 ns   ; clk_ena    ; Program_Counter:inst2|PC_value[2] ; clk      ;
; N/A   ; None         ; 1.931 ns   ; clk_ena    ; Program_Counter:inst2|PC_value[3] ; clk      ;
; N/A   ; None         ; 1.895 ns   ; master_res ; Program_Counter:inst2|PC_value[1] ; clk      ;
; N/A   ; None         ; 1.894 ns   ; master_res ; Program_Counter:inst2|PC_value[3] ; clk      ;
; N/A   ; None         ; 1.890 ns   ; master_res ; Program_Counter:inst2|PC_value[0] ; clk      ;
; N/A   ; None         ; 1.889 ns   ; master_res ; Program_Counter:inst2|PC_value[4] ; clk      ;
; N/A   ; None         ; 1.889 ns   ; master_res ; Program_Counter:inst2|PC_value[2] ; clk      ;
; N/A   ; None         ; 1.637 ns   ; clk_ena    ; Program_Counter:inst2|PC_value[5] ; clk      ;
; N/A   ; None         ; 1.637 ns   ; clk_ena    ; Program_Counter:inst2|PC_value[6] ; clk      ;
; N/A   ; None         ; 1.637 ns   ; clk_ena    ; Program_Counter:inst2|PC_value[7] ; clk      ;
; N/A   ; None         ; 1.540 ns   ; master_res ; Program_Counter:inst2|PC_value[6] ; clk      ;
; N/A   ; None         ; 1.539 ns   ; master_res ; Program_Counter:inst2|PC_value[5] ; clk      ;
; N/A   ; None         ; 1.235 ns   ; master_res ; Program_Counter:inst2|PC_value[7] ; clk      ;
; N/A   ; None         ; 0.588 ns   ; clk_ena    ; CPU_Controller:inst|CPU_state[2]  ; clk      ;
; N/A   ; None         ; 0.588 ns   ; clk_ena    ; CPU_Controller:inst|CPU_state[1]  ; clk      ;
; N/A   ; None         ; 0.588 ns   ; clk_ena    ; CPU_Controller:inst|CPU_state[0]  ; clk      ;
; N/A   ; None         ; 0.163 ns   ; master_res ; CPU_Controller:inst|CPU_state[0]  ; clk      ;
; N/A   ; None         ; 0.161 ns   ; master_res ; CPU_Controller:inst|CPU_state[2]  ; clk      ;
; N/A   ; None         ; 0.160 ns   ; master_res ; CPU_Controller:inst|CPU_state[1]  ; clk      ;
+-------+--------------+------------+------------+-----------------------------------+----------+


+----------------------------------------------------------------------------------------------------+
; tco                                                                                                ;
+-------+--------------+------------+-----------------------------------+---------------+------------+
; Slack ; Required tco ; Actual tco ; From                              ; To            ; From Clock ;
+-------+--------------+------------+-----------------------------------+---------------+------------+
; N/A   ; None         ; 11.986 ns  ; CPU_Controller:inst|CPU_state[1]  ; instr_rom[4]  ; clk        ;
; N/A   ; None         ; 11.646 ns  ; CPU_Controller:inst|CPU_state[2]  ; instr_rom[4]  ; clk        ;
; N/A   ; None         ; 11.552 ns  ; CPU_Controller:inst|CPU_state[1]  ; instr_rom[0]  ; clk        ;
; N/A   ; None         ; 11.550 ns  ; CPU_Controller:inst|CPU_state[1]  ; instr_rom[5]  ; clk        ;
; N/A   ; None         ; 11.549 ns  ; CPU_Controller:inst|CPU_state[1]  ; instr_rom[2]  ; clk        ;
; N/A   ; None         ; 11.537 ns  ; CPU_Controller:inst|CPU_state[1]  ; instr_rom[1]  ; clk        ;
; N/A   ; None         ; 11.515 ns  ; CPU_Controller:inst|CPU_state[1]  ; instr_rom[7]  ; clk        ;
; N/A   ; None         ; 11.483 ns  ; CPU_Controller:inst|CPU_state[0]  ; instr_rom[4]  ; clk        ;
; N/A   ; None         ; 11.454 ns  ; Program_Counter:inst2|PC_value[1] ; instr_rom[3]  ; clk        ;
; N/A   ; None         ; 11.449 ns  ; Program_Counter:inst2|PC_value[3] ; instr_rom[3]  ; clk        ;
; N/A   ; None         ; 11.376 ns  ; Program_Counter:inst2|PC_value[0] ; instr_rom[3]  ; clk        ;
; N/A   ; None         ; 11.351 ns  ; Program_Counter:inst2|PC_value[2] ; instr_rom[3]  ; clk        ;
; N/A   ; None         ; 11.344 ns  ; CPU_Controller:inst|CPU_state[1]  ; instr_rom[9]  ; clk        ;
; N/A   ; None         ; 11.339 ns  ; Program_Counter:inst2|PC_value[1] ; instr_rom[1]  ; clk        ;
; N/A   ; None         ; 11.329 ns  ; Program_Counter:inst2|PC_value[3] ; instr_rom[1]  ; clk        ;
; N/A   ; None         ; 11.265 ns  ; Program_Counter:inst2|PC_value[0] ; instr_rom[1]  ; clk        ;
; N/A   ; None         ; 11.229 ns  ; Program_Counter:inst2|PC_value[2] ; instr_rom[1]  ; clk        ;
; N/A   ; None         ; 11.212 ns  ; CPU_Controller:inst|CPU_state[2]  ; instr_rom[0]  ; clk        ;
; N/A   ; None         ; 11.210 ns  ; CPU_Controller:inst|CPU_state[2]  ; instr_rom[5]  ; clk        ;
; N/A   ; None         ; 11.209 ns  ; CPU_Controller:inst|CPU_state[2]  ; instr_rom[2]  ; clk        ;
; N/A   ; None         ; 11.197 ns  ; CPU_Controller:inst|CPU_state[2]  ; instr_rom[1]  ; clk        ;
; N/A   ; None         ; 11.183 ns  ; CPU_Controller:inst|CPU_state[1]  ; instr_rom[10] ; clk        ;
; N/A   ; None         ; 11.175 ns  ; CPU_Controller:inst|CPU_state[2]  ; instr_rom[7]  ; clk        ;
; N/A   ; None         ; 11.128 ns  ; CPU_Controller:inst|CPU_state[1]  ; instr_rom[3]  ; clk        ;
; N/A   ; None         ; 11.049 ns  ; CPU_Controller:inst|CPU_state[0]  ; instr_rom[0]  ; clk        ;
; N/A   ; None         ; 11.047 ns  ; CPU_Controller:inst|CPU_state[0]  ; instr_rom[5]  ; clk        ;
; N/A   ; None         ; 11.046 ns  ; CPU_Controller:inst|CPU_state[0]  ; instr_rom[2]  ; clk        ;
; N/A   ; None         ; 11.034 ns  ; CPU_Controller:inst|CPU_state[0]  ; instr_rom[1]  ; clk        ;
; N/A   ; None         ; 11.033 ns  ; Program_Counter:inst2|PC_value[3] ; instr_rom[0]  ; clk        ;
; N/A   ; None         ; 11.012 ns  ; CPU_Controller:inst|CPU_state[0]  ; instr_rom[7]  ; clk        ;
; N/A   ; None         ; 11.004 ns  ; CPU_Controller:inst|CPU_state[2]  ; instr_rom[9]  ; clk        ;
; N/A   ; None         ; 10.995 ns  ; Program_Counter:inst2|PC_value[1] ; instr_rom[0]  ; clk        ;
; N/A   ; None         ; 10.977 ns  ; Program_Counter:inst2|PC_value[7] ; instr_rom[4]  ; clk        ;
; N/A   ; None         ; 10.971 ns  ; Program_Counter:inst2|PC_value[0] ; instr_rom[0]  ; clk        ;
; N/A   ; None         ; 10.966 ns  ; Program_Counter:inst2|PC_value[6] ; instr_rom[4]  ; clk        ;
; N/A   ; None         ; 10.940 ns  ; CPU_Controller:inst|CPU_state[1]  ; instr_rom[6]  ; clk        ;
; N/A   ; None         ; 10.934 ns  ; Program_Counter:inst2|PC_value[2] ; instr_rom[0]  ; clk        ;
; N/A   ; None         ; 10.895 ns  ; CPU_Controller:inst|CPU_state[1]  ; instr_rom[8]  ; clk        ;
; N/A   ; None         ; 10.891 ns  ; Program_Counter:inst2|PC_value[0] ; instr_rom[4]  ; clk        ;
; N/A   ; None         ; 10.845 ns  ; Program_Counter:inst2|PC_value[2] ; instr_rom[4]  ; clk        ;
; N/A   ; None         ; 10.843 ns  ; CPU_Controller:inst|CPU_state[2]  ; instr_rom[10] ; clk        ;
; N/A   ; None         ; 10.841 ns  ; CPU_Controller:inst|CPU_state[0]  ; instr_rom[9]  ; clk        ;
; N/A   ; None         ; 10.826 ns  ; Program_Counter:inst2|PC_value[5] ; instr_rom[4]  ; clk        ;
; N/A   ; None         ; 10.788 ns  ; CPU_Controller:inst|CPU_state[2]  ; instr_rom[3]  ; clk        ;
; N/A   ; None         ; 10.757 ns  ; Program_Counter:inst2|PC_value[0] ; instr_rom[5]  ; clk        ;
; N/A   ; None         ; 10.755 ns  ; Program_Counter:inst2|PC_value[0] ; instr_rom[9]  ; clk        ;
; N/A   ; None         ; 10.704 ns  ; Program_Counter:inst2|PC_value[2] ; instr_rom[9]  ; clk        ;
; N/A   ; None         ; 10.680 ns  ; CPU_Controller:inst|CPU_state[0]  ; instr_rom[10] ; clk        ;
; N/A   ; None         ; 10.652 ns  ; Program_Counter:inst2|PC_value[2] ; instr_rom[5]  ; clk        ;
; N/A   ; None         ; 10.626 ns  ; Program_Counter:inst2|PC_value[4] ; instr_rom[1]  ; clk        ;
; N/A   ; None         ; 10.625 ns  ; CPU_Controller:inst|CPU_state[0]  ; instr_rom[3]  ; clk        ;
; N/A   ; None         ; 10.614 ns  ; Program_Counter:inst2|PC_value[4] ; instr_rom[4]  ; clk        ;
; N/A   ; None         ; 10.600 ns  ; CPU_Controller:inst|CPU_state[2]  ; instr_rom[6]  ; clk        ;
; N/A   ; None         ; 10.555 ns  ; Program_Counter:inst2|PC_value[2] ; instr_rom[7]  ; clk        ;
; N/A   ; None         ; 10.555 ns  ; CPU_Controller:inst|CPU_state[2]  ; instr_rom[8]  ; clk        ;
; N/A   ; None         ; 10.543 ns  ; Program_Counter:inst2|PC_value[7] ; instr_rom[0]  ; clk        ;
; N/A   ; None         ; 10.541 ns  ; Program_Counter:inst2|PC_value[7] ; instr_rom[5]  ; clk        ;
; N/A   ; None         ; 10.540 ns  ; Program_Counter:inst2|PC_value[7] ; instr_rom[2]  ; clk        ;
; N/A   ; None         ; 10.532 ns  ; Program_Counter:inst2|PC_value[6] ; instr_rom[0]  ; clk        ;
; N/A   ; None         ; 10.530 ns  ; Program_Counter:inst2|PC_value[6] ; instr_rom[5]  ; clk        ;
; N/A   ; None         ; 10.529 ns  ; Program_Counter:inst2|PC_value[6] ; instr_rom[2]  ; clk        ;
; N/A   ; None         ; 10.528 ns  ; Program_Counter:inst2|PC_value[7] ; instr_rom[1]  ; clk        ;
; N/A   ; None         ; 10.517 ns  ; Program_Counter:inst2|PC_value[6] ; instr_rom[1]  ; clk        ;
; N/A   ; None         ; 10.506 ns  ; Program_Counter:inst2|PC_value[7] ; instr_rom[7]  ; clk        ;
; N/A   ; None         ; 10.495 ns  ; Program_Counter:inst2|PC_value[6] ; instr_rom[7]  ; clk        ;
; N/A   ; None         ; 10.474 ns  ; Program_Counter:inst2|PC_value[1] ; instr_rom[2]  ; clk        ;
; N/A   ; None         ; 10.470 ns  ; Program_Counter:inst2|PC_value[4] ; instr_rom[5]  ; clk        ;
; N/A   ; None         ; 10.463 ns  ; Program_Counter:inst2|PC_value[3] ; instr_rom[2]  ; clk        ;
; N/A   ; None         ; 10.441 ns  ; Program_Counter:inst2|PC_value[1] ; instr_rom[9]  ; clk        ;
; N/A   ; None         ; 10.437 ns  ; CPU_Controller:inst|CPU_state[0]  ; instr_rom[6]  ; clk        ;
; N/A   ; None         ; 10.414 ns  ; Program_Counter:inst2|PC_value[3] ; instr_rom[4]  ; clk        ;
; N/A   ; None         ; 10.400 ns  ; Program_Counter:inst2|PC_value[0] ; instr_rom[2]  ; clk        ;
; N/A   ; None         ; 10.392 ns  ; Program_Counter:inst2|PC_value[5] ; instr_rom[0]  ; clk        ;
; N/A   ; None         ; 10.392 ns  ; CPU_Controller:inst|CPU_state[0]  ; instr_rom[8]  ; clk        ;
; N/A   ; None         ; 10.390 ns  ; Program_Counter:inst2|PC_value[5] ; instr_rom[5]  ; clk        ;
; N/A   ; None         ; 10.389 ns  ; Program_Counter:inst2|PC_value[5] ; instr_rom[2]  ; clk        ;
; N/A   ; None         ; 10.377 ns  ; Program_Counter:inst2|PC_value[5] ; instr_rom[1]  ; clk        ;
; N/A   ; None         ; 10.362 ns  ; Program_Counter:inst2|PC_value[2] ; instr_rom[2]  ; clk        ;
; N/A   ; None         ; 10.355 ns  ; Program_Counter:inst2|PC_value[5] ; instr_rom[7]  ; clk        ;
; N/A   ; None         ; 10.335 ns  ; Program_Counter:inst2|PC_value[7] ; instr_rom[9]  ; clk        ;
; N/A   ; None         ; 10.324 ns  ; Program_Counter:inst2|PC_value[6] ; instr_rom[9]  ; clk        ;
; N/A   ; None         ; 10.294 ns  ; Program_Counter:inst2|PC_value[0] ; instr_rom[8]  ; clk        ;
; N/A   ; None         ; 10.293 ns  ; CPU_Controller:inst|CPU_state[1]  ; func_regA[1]  ; clk        ;
; N/A   ; None         ; 10.283 ns  ; CPU_Controller:inst|CPU_state[1]  ; func_regB[1]  ; clk        ;
; N/A   ; None         ; 10.274 ns  ; Program_Counter:inst2|PC_value[3] ; instr_rom[5]  ; clk        ;
; N/A   ; None         ; 10.272 ns  ; Program_Counter:inst2|PC_value[3] ; instr_rom[9]  ; clk        ;
; N/A   ; None         ; 10.243 ns  ; Program_Counter:inst2|PC_value[2] ; instr_rom[8]  ; clk        ;
; N/A   ; None         ; 10.184 ns  ; Program_Counter:inst2|PC_value[5] ; instr_rom[9]  ; clk        ;
; N/A   ; None         ; 10.174 ns  ; Program_Counter:inst2|PC_value[7] ; instr_rom[10] ; clk        ;
; N/A   ; None         ; 10.163 ns  ; Program_Counter:inst2|PC_value[6] ; instr_rom[10] ; clk        ;
; N/A   ; None         ; 10.119 ns  ; Program_Counter:inst2|PC_value[7] ; instr_rom[3]  ; clk        ;
; N/A   ; None         ; 10.116 ns  ; Program_Counter:inst2|PC_value[0] ; instr_rom[7]  ; clk        ;
; N/A   ; None         ; 10.108 ns  ; Program_Counter:inst2|PC_value[6] ; instr_rom[3]  ; clk        ;
; N/A   ; None         ; 10.093 ns  ; Program_Counter:inst2|PC_value[0] ; instr_rom[10] ; clk        ;
; N/A   ; None         ; 10.052 ns  ; Program_Counter:inst2|PC_value[3] ; instr_rom[7]  ; clk        ;
; N/A   ; None         ; 10.035 ns  ; Program_Counter:inst2|PC_value[2] ; instr_rom[10] ; clk        ;
; N/A   ; None         ; 10.032 ns  ; CPU_Controller:inst|CPU_state[2]  ; func_regA[1]  ; clk        ;
; N/A   ; None         ; 10.023 ns  ; Program_Counter:inst2|PC_value[5] ; instr_rom[10] ; clk        ;
; N/A   ; None         ; 10.022 ns  ; CPU_Controller:inst|CPU_state[2]  ; func_regB[1]  ; clk        ;
; N/A   ; None         ; 10.017 ns  ; Program_Counter:inst2|PC_value[4] ; instr_rom[8]  ; clk        ;
; N/A   ; None         ; 9.968 ns   ; Program_Counter:inst2|PC_value[5] ; instr_rom[3]  ; clk        ;
; N/A   ; None         ; 9.965 ns   ; Program_Counter:inst2|PC_value[1] ; instr_rom[7]  ; clk        ;
; N/A   ; None         ; 9.949 ns   ; Program_Counter:inst2|PC_value[0] ; instr_rom[6]  ; clk        ;
; N/A   ; None         ; 9.931 ns   ; Program_Counter:inst2|PC_value[7] ; instr_rom[6]  ; clk        ;
; N/A   ; None         ; 9.920 ns   ; Program_Counter:inst2|PC_value[6] ; instr_rom[6]  ; clk        ;
; N/A   ; None         ; 9.910 ns   ; Program_Counter:inst2|PC_value[4] ; instr_rom[7]  ; clk        ;
; N/A   ; None         ; 9.899 ns   ; Program_Counter:inst2|PC_value[1] ; instr_rom[6]  ; clk        ;
; N/A   ; None         ; 9.886 ns   ; Program_Counter:inst2|PC_value[7] ; instr_rom[8]  ; clk        ;
; N/A   ; None         ; 9.875 ns   ; Program_Counter:inst2|PC_value[6] ; instr_rom[8]  ; clk        ;
; N/A   ; None         ; 9.821 ns   ; Program_Counter:inst2|PC_value[1] ; instr_rom[8]  ; clk        ;
; N/A   ; None         ; 9.803 ns   ; Program_Counter:inst2|PC_value[4] ; instr_rom[10] ; clk        ;
; N/A   ; None         ; 9.786 ns   ; CPU_Controller:inst|CPU_state[0]  ; func_regA[1]  ; clk        ;
; N/A   ; None         ; 9.780 ns   ; Program_Counter:inst2|PC_value[5] ; instr_rom[6]  ; clk        ;
; N/A   ; None         ; 9.776 ns   ; CPU_Controller:inst|CPU_state[0]  ; func_regB[1]  ; clk        ;
; N/A   ; None         ; 9.737 ns   ; Program_Counter:inst2|PC_value[4] ; instr_rom[9]  ; clk        ;
; N/A   ; None         ; 9.735 ns   ; Program_Counter:inst2|PC_value[5] ; instr_rom[8]  ; clk        ;
; N/A   ; None         ; 9.732 ns   ; Program_Counter:inst2|PC_value[4] ; instr_rom[2]  ; clk        ;
; N/A   ; None         ; 9.674 ns   ; Program_Counter:inst2|PC_value[1] ; instr_rom[4]  ; clk        ;
; N/A   ; None         ; 9.671 ns   ; Program_Counter:inst2|PC_value[4] ; instr_rom[6]  ; clk        ;
; N/A   ; None         ; 9.649 ns   ; CPU_Controller:inst|CPU_state[2]  ; func_instr[1] ; clk        ;
; N/A   ; None         ; 9.639 ns   ; CPU_Controller:inst|CPU_state[2]  ; func_pc[0]    ; clk        ;
; N/A   ; None         ; 9.611 ns   ; Program_Counter:inst2|PC_value[1] ; instr_rom[10] ; clk        ;
; N/A   ; None         ; 9.467 ns   ; Program_Counter:inst2|PC_value[3] ; instr_rom[6]  ; clk        ;
; N/A   ; None         ; 9.444 ns   ; Program_Counter:inst2|PC_value[4] ; instr_rom[0]  ; clk        ;
; N/A   ; None         ; 9.383 ns   ; CPU_Controller:inst|CPU_state[1]  ; func_instr[1] ; clk        ;
; N/A   ; None         ; 9.373 ns   ; CPU_Controller:inst|CPU_state[1]  ; func_pc[0]    ; clk        ;
; N/A   ; None         ; 9.347 ns   ; Program_Counter:inst2|PC_value[3] ; instr_rom[10] ; clk        ;
; N/A   ; None         ; 9.300 ns   ; Program_Counter:inst2|PC_value[2] ; instr_rom[6]  ; clk        ;
; N/A   ; None         ; 9.291 ns   ; CPU_Controller:inst|CPU_state[1]  ; func_pc[1]    ; clk        ;
; N/A   ; None         ; 9.275 ns   ; Program_Counter:inst2|PC_value[3] ; instr_rom[8]  ; clk        ;
; N/A   ; None         ; 9.235 ns   ; Program_Counter:inst2|PC_value[1] ; instr_rom[5]  ; clk        ;
; N/A   ; None         ; 9.107 ns   ; CPU_Controller:inst|CPU_state[1]  ; func_regB[2]  ; clk        ;
; N/A   ; None         ; 9.091 ns   ; Program_Counter:inst2|PC_value[2] ; addr_pc[2]    ; clk        ;
; N/A   ; None         ; 9.090 ns   ; CPU_Controller:inst|CPU_state[1]  ; func_regA[2]  ; clk        ;
; N/A   ; None         ; 9.044 ns   ; CPU_Controller:inst|CPU_state[2]  ; func_instr[0] ; clk        ;
; N/A   ; None         ; 8.979 ns   ; CPU_Controller:inst|CPU_state[1]  ; im_read       ; clk        ;
; N/A   ; None         ; 8.928 ns   ; CPU_Controller:inst|CPU_state[2]  ; func_pc[1]    ; clk        ;
; N/A   ; None         ; 8.773 ns   ; Program_Counter:inst2|PC_value[4] ; instr_rom[3]  ; clk        ;
; N/A   ; None         ; 8.738 ns   ; CPU_Controller:inst|CPU_state[2]  ; func_regB[2]  ; clk        ;
; N/A   ; None         ; 8.737 ns   ; CPU_Controller:inst|CPU_state[0]  ; func_instr[0] ; clk        ;
; N/A   ; None         ; 8.721 ns   ; CPU_Controller:inst|CPU_state[2]  ; func_regA[2]  ; clk        ;
; N/A   ; None         ; 8.672 ns   ; CPU_Controller:inst|CPU_state[0]  ; func_pc[1]    ; clk        ;
; N/A   ; None         ; 8.658 ns   ; Program_Counter:inst2|PC_value[0] ; addr_pc[0]    ; clk        ;
; N/A   ; None         ; 8.644 ns   ; Program_Counter:inst2|PC_value[3] ; addr_pc[3]    ; clk        ;
; N/A   ; None         ; 8.639 ns   ; Program_Counter:inst2|PC_value[4] ; addr_pc[4]    ; clk        ;
; N/A   ; None         ; 8.639 ns   ; CPU_Controller:inst|CPU_state[2]  ; im_read       ; clk        ;
; N/A   ; None         ; 8.635 ns   ; Program_Counter:inst2|PC_value[1] ; addr_pc[1]    ; clk        ;
; N/A   ; None         ; 8.578 ns   ; Program_Counter:inst2|PC_value[7] ; addr_pc[7]    ; clk        ;
; N/A   ; None         ; 8.491 ns   ; CPU_Controller:inst|CPU_state[0]  ; func_regB[2]  ; clk        ;
; N/A   ; None         ; 8.476 ns   ; CPU_Controller:inst|CPU_state[0]  ; im_read       ; clk        ;
; N/A   ; None         ; 8.474 ns   ; CPU_Controller:inst|CPU_state[0]  ; func_regA[2]  ; clk        ;
; N/A   ; None         ; 7.694 ns   ; Program_Counter:inst2|PC_value[6] ; addr_pc[6]    ; clk        ;
; N/A   ; None         ; 7.661 ns   ; Program_Counter:inst2|PC_value[5] ; addr_pc[5]    ; clk        ;
+-------+--------------+------------+-----------------------------------+---------------+------------+


+--------------------------------------------------------------------------+
; tpd                                                                      ;
+-------+-------------------+-----------------+------------+---------------+
; Slack ; Required P2P Time ; Actual P2P Time ; From       ; To            ;
+-------+-------------------+-----------------+------------+---------------+
; N/A   ; None              ; 10.389 ns       ; master_res ; instr_rom[4]  ;
; N/A   ; None              ; 9.955 ns        ; master_res ; instr_rom[0]  ;
; N/A   ; None              ; 9.953 ns        ; master_res ; instr_rom[5]  ;
; N/A   ; None              ; 9.952 ns        ; master_res ; instr_rom[2]  ;
; N/A   ; None              ; 9.940 ns        ; master_res ; instr_rom[1]  ;
; N/A   ; None              ; 9.918 ns        ; master_res ; instr_rom[7]  ;
; N/A   ; None              ; 9.747 ns        ; master_res ; instr_rom[9]  ;
; N/A   ; None              ; 9.586 ns        ; master_res ; instr_rom[10] ;
; N/A   ; None              ; 9.531 ns        ; master_res ; instr_rom[3]  ;
; N/A   ; None              ; 9.343 ns        ; master_res ; instr_rom[6]  ;
; N/A   ; None              ; 9.298 ns        ; master_res ; instr_rom[8]  ;
; N/A   ; None              ; 8.703 ns        ; master_res ; func_regA[1]  ;
; N/A   ; None              ; 8.693 ns        ; master_res ; func_regB[1]  ;
; N/A   ; None              ; 8.309 ns        ; master_res ; func_instr[1] ;
; N/A   ; None              ; 8.299 ns        ; master_res ; func_pc[0]    ;
; N/A   ; None              ; 7.653 ns        ; master_res ; func_instr[0] ;
; N/A   ; None              ; 7.578 ns        ; master_res ; func_pc[1]    ;
; N/A   ; None              ; 7.413 ns        ; master_res ; func_regB[2]  ;
; N/A   ; None              ; 7.396 ns        ; master_res ; func_regA[2]  ;
; N/A   ; None              ; 7.382 ns        ; master_res ; im_read       ;
+-------+-------------------+-----------------+------------+---------------+


+-----------------------------------------------------------------------------------------------------+
; th                                                                                                  ;
+---------------+-------------+-----------+------------+-----------------------------------+----------+
; Minimum Slack ; Required th ; Actual th ; From       ; To                                ; To Clock ;
+---------------+-------------+-----------+------------+-----------------------------------+----------+
; N/A           ; None        ; 0.106 ns  ; master_res ; CPU_Controller:inst|CPU_state[1]  ; clk      ;
; N/A           ; None        ; 0.105 ns  ; master_res ; CPU_Controller:inst|CPU_state[2]  ; clk      ;
; N/A           ; None        ; 0.103 ns  ; master_res ; CPU_Controller:inst|CPU_state[0]  ; clk      ;
; N/A           ; None        ; -0.322 ns ; clk_ena    ; CPU_Controller:inst|CPU_state[2]  ; clk      ;
; N/A           ; None        ; -0.322 ns ; clk_ena    ; CPU_Controller:inst|CPU_state[1]  ; clk      ;
; N/A           ; None        ; -0.322 ns ; clk_ena    ; CPU_Controller:inst|CPU_state[0]  ; clk      ;
; N/A           ; None        ; -0.922 ns ; master_res ; Program_Counter:inst2|PC_value[7] ; clk      ;
; N/A           ; None        ; -0.969 ns ; master_res ; Program_Counter:inst2|PC_value[5] ; clk      ;
; N/A           ; None        ; -0.969 ns ; master_res ; Program_Counter:inst2|PC_value[6] ; clk      ;
; N/A           ; None        ; -1.263 ns ; master_res ; Program_Counter:inst2|PC_value[0] ; clk      ;
; N/A           ; None        ; -1.263 ns ; master_res ; Program_Counter:inst2|PC_value[4] ; clk      ;
; N/A           ; None        ; -1.263 ns ; master_res ; Program_Counter:inst2|PC_value[1] ; clk      ;
; N/A           ; None        ; -1.263 ns ; master_res ; Program_Counter:inst2|PC_value[2] ; clk      ;
; N/A           ; None        ; -1.263 ns ; master_res ; Program_Counter:inst2|PC_value[3] ; clk      ;
; N/A           ; None        ; -1.371 ns ; clk_ena    ; Program_Counter:inst2|PC_value[5] ; clk      ;
; N/A           ; None        ; -1.371 ns ; clk_ena    ; Program_Counter:inst2|PC_value[6] ; clk      ;
; N/A           ; None        ; -1.371 ns ; clk_ena    ; Program_Counter:inst2|PC_value[7] ; clk      ;
; N/A           ; None        ; -1.665 ns ; clk_ena    ; Program_Counter:inst2|PC_value[0] ; clk      ;
; N/A           ; None        ; -1.665 ns ; clk_ena    ; Program_Counter:inst2|PC_value[4] ; clk      ;
; N/A           ; None        ; -1.665 ns ; clk_ena    ; Program_Counter:inst2|PC_value[1] ; clk      ;
; N/A           ; None        ; -1.665 ns ; clk_ena    ; Program_Counter:inst2|PC_value[2] ; clk      ;
; N/A           ; None        ; -1.665 ns ; clk_ena    ; Program_Counter:inst2|PC_value[3] ; clk      ;
+---------------+-------------+-----------+------------+-----------------------------------+----------+


+--------------------------+
; Timing Analyzer Messages ;
+--------------------------+
Info: *******************************************************************
Info: Running Quartus II Classic Timing Analyzer
    Info: Version 8.1 Build 163 10/28/2008 SJ Web Edition
    Info: Processing started: Sat Mar 28 16:18:38 2020
Info: Command: quartus_tan --read_settings_files=off --write_settings_files=off CPU -c CPU --timing_analysis_only
Warning: Found pins functioning as undefined clocks and/or memory enables
    Info: Assuming node "clk" is an undefined clock
Info: Clock "clk" has Internal fmax of 219.01 MHz between source register "Program_Counter:inst2|PC_value[0]" and destination register "Program_Counter:inst2|PC_value[5]" (period= 4.566 ns)
    Info: + Longest register to register delay is 4.303 ns
        Info: 1: + IC(0.000 ns) + CELL(0.000 ns) = 0.000 ns; Loc. = LCFF_X22_Y14_N27; Fanout = 20; REG Node = 'Program_Counter:inst2|PC_value[0]'
        Info: 2: + IC(0.466 ns) + CELL(0.596 ns) = 1.062 ns; Loc. = LCCOMB_X22_Y14_N4; Fanout = 2; COMB Node = 'Program_Counter:inst2|Add0~109'
        Info: 3: + IC(0.000 ns) + CELL(0.086 ns) = 1.148 ns; Loc. = LCCOMB_X22_Y14_N6; Fanout = 2; COMB Node = 'Program_Counter:inst2|Add0~111'
        Info: 4: + IC(0.000 ns) + CELL(0.086 ns) = 1.234 ns; Loc. = LCCOMB_X22_Y14_N8; Fanout = 2; COMB Node = 'Program_Counter:inst2|Add0~113'
        Info: 5: + IC(0.000 ns) + CELL(0.086 ns) = 1.320 ns; Loc. = LCCOMB_X22_Y14_N10; Fanout = 2; COMB Node = 'Program_Counter:inst2|Add0~115'
        Info: 6: + IC(0.000 ns) + CELL(0.086 ns) = 1.406 ns; Loc. = LCCOMB_X22_Y14_N12; Fanout = 2; COMB Node = 'Program_Counter:inst2|Add0~117'
        Info: 7: + IC(0.000 ns) + CELL(0.506 ns) = 1.912 ns; Loc. = LCCOMB_X22_Y14_N14; Fanout = 2; COMB Node = 'Program_Counter:inst2|Add0~118'
        Info: 8: + IC(0.374 ns) + CELL(0.589 ns) = 2.875 ns; Loc. = LCCOMB_X22_Y14_N28; Fanout = 8; COMB Node = 'Program_Counter:inst2|Equal0~58'
        Info: 9: + IC(0.696 ns) + CELL(0.624 ns) = 4.195 ns; Loc. = LCCOMB_X23_Y14_N24; Fanout = 1; COMB Node = 'Program_Counter:inst2|Mux2~24'
        Info: 10: + IC(0.000 ns) + CELL(0.108 ns) = 4.303 ns; Loc. = LCFF_X23_Y14_N25; Fanout = 4; REG Node = 'Program_Counter:inst2|PC_value[5]'
        Info: Total cell delay = 2.767 ns ( 64.30 % )
        Info: Total interconnect delay = 1.536 ns ( 35.70 % )
    Info: - Smallest clock skew is 0.001 ns
        Info: + Shortest clock path from clock "clk" to destination register is 2.794 ns
            Info: 1: + IC(0.000 ns) + CELL(1.080 ns) = 1.080 ns; Loc. = PIN_H2; Fanout = 1; CLK Node = 'clk'
            Info: 2: + IC(0.139 ns) + CELL(0.000 ns) = 1.219 ns; Loc. = CLKCTRL_G2; Fanout = 11; COMB Node = 'clk~clkctrl'
            Info: 3: + IC(0.909 ns) + CELL(0.666 ns) = 2.794 ns; Loc. = LCFF_X23_Y14_N25; Fanout = 4; REG Node = 'Program_Counter:inst2|PC_value[5]'
            Info: Total cell delay = 1.746 ns ( 62.49 % )
            Info: Total interconnect delay = 1.048 ns ( 37.51 % )
        Info: - Longest clock path from clock "clk" to source register is 2.793 ns
            Info: 1: + IC(0.000 ns) + CELL(1.080 ns) = 1.080 ns; Loc. = PIN_H2; Fanout = 1; CLK Node = 'clk'
            Info: 2: + IC(0.139 ns) + CELL(0.000 ns) = 1.219 ns; Loc. = CLKCTRL_G2; Fanout = 11; COMB Node = 'clk~clkctrl'
            Info: 3: + IC(0.908 ns) + CELL(0.666 ns) = 2.793 ns; Loc. = LCFF_X22_Y14_N27; Fanout = 20; REG Node = 'Program_Counter:inst2|PC_value[0]'
            Info: Total cell delay = 1.746 ns ( 62.51 % )
            Info: Total interconnect delay = 1.047 ns ( 37.49 % )
    Info: + Micro clock to output delay of source is 0.304 ns
    Info: + Micro setup delay of destination is -0.040 ns
Info: tsu for register "Program_Counter:inst2|PC_value[0]" (data pin = "clk_ena", clock pin = "clk") is 1.931 ns
    Info: + Longest pin to register delay is 4.764 ns
        Info: 1: + IC(0.000 ns) + CELL(1.080 ns) = 1.080 ns; Loc. = PIN_J15; Fanout = 4; PIN Node = 'clk_ena'
        Info: 2: + IC(1.560 ns) + CELL(0.647 ns) = 3.287 ns; Loc. = LCCOMB_X23_Y14_N26; Fanout = 8; COMB Node = 'Program_Counter:inst2|PC_value[7]~96'
        Info: 3: + IC(0.622 ns) + CELL(0.855 ns) = 4.764 ns; Loc. = LCFF_X22_Y14_N27; Fanout = 20; REG Node = 'Program_Counter:inst2|PC_value[0]'
        Info: Total cell delay = 2.582 ns ( 54.20 % )
        Info: Total interconnect delay = 2.182 ns ( 45.80 % )
    Info: + Micro setup delay of destination is -0.040 ns
    Info: - Shortest clock path from clock "clk" to destination register is 2.793 ns
        Info: 1: + IC(0.000 ns) + CELL(1.080 ns) = 1.080 ns; Loc. = PIN_H2; Fanout = 1; CLK Node = 'clk'
        Info: 2: + IC(0.139 ns) + CELL(0.000 ns) = 1.219 ns; Loc. = CLKCTRL_G2; Fanout = 11; COMB Node = 'clk~clkctrl'
        Info: 3: + IC(0.908 ns) + CELL(0.666 ns) = 2.793 ns; Loc. = LCFF_X22_Y14_N27; Fanout = 20; REG Node = 'Program_Counter:inst2|PC_value[0]'
        Info: Total cell delay = 1.746 ns ( 62.51 % )
        Info: Total interconnect delay = 1.047 ns ( 37.49 % )
Info: tco from clock "clk" to destination pin "instr_rom[4]" through register "CPU_Controller:inst|CPU_state[1]" is 11.986 ns
    Info: + Longest clock path from clock "clk" to source register is 2.794 ns
        Info: 1: + IC(0.000 ns) + CELL(1.080 ns) = 1.080 ns; Loc. = PIN_H2; Fanout = 1; CLK Node = 'clk'
        Info: 2: + IC(0.139 ns) + CELL(0.000 ns) = 1.219 ns; Loc. = CLKCTRL_G2; Fanout = 11; COMB Node = 'clk~clkctrl'
        Info: 3: + IC(0.909 ns) + CELL(0.666 ns) = 2.794 ns; Loc. = LCFF_X23_Y14_N5; Fanout = 9; REG Node = 'CPU_Controller:inst|CPU_state[1]'
        Info: Total cell delay = 1.746 ns ( 62.49 % )
        Info: Total interconnect delay = 1.048 ns ( 37.51 % )
    Info: + Micro clock to output delay of source is 0.304 ns
    Info: + Longest register to pin delay is 8.888 ns
        Info: 1: + IC(0.000 ns) + CELL(0.000 ns) = 0.000 ns; Loc. = LCFF_X23_Y14_N5; Fanout = 9; REG Node = 'CPU_Controller:inst|CPU_state[1]'
        Info: 2: + IC(0.839 ns) + CELL(0.535 ns) = 1.374 ns; Loc. = LCCOMB_X23_Y14_N22; Fanout = 2; COMB Node = 'CPU_Controller:inst|Mux83~270'
        Info: 3: + IC(0.405 ns) + CELL(0.206 ns) = 1.985 ns; Loc. = LCCOMB_X23_Y14_N6; Fanout = 11; COMB Node = 'Instruction_ROM:inst3|instr_out[7]~672'
        Info: 4: + IC(1.798 ns) + CELL(0.624 ns) = 4.407 ns; Loc. = LCCOMB_X33_Y14_N10; Fanout = 1; COMB Node = 'Instruction_ROM:inst3|instr_out[4]~682'
        Info: 5: + IC(1.265 ns) + CELL(3.216 ns) = 8.888 ns; Loc. = PIN_A14; Fanout = 0; PIN Node = 'instr_rom[4]'
        Info: Total cell delay = 4.581 ns ( 51.54 % )
        Info: Total interconnect delay = 4.307 ns ( 48.46 % )
Info: Longest tpd from source pin "master_res" to destination pin "instr_rom[4]" is 10.389 ns
    Info: 1: + IC(0.000 ns) + CELL(1.080 ns) = 1.080 ns; Loc. = PIN_J16; Fanout = 10; PIN Node = 'master_res'
    Info: 2: + IC(1.593 ns) + CELL(0.202 ns) = 2.875 ns; Loc. = LCCOMB_X23_Y14_N22; Fanout = 2; COMB Node = 'CPU_Controller:inst|Mux83~270'
    Info: 3: + IC(0.405 ns) + CELL(0.206 ns) = 3.486 ns; Loc. = LCCOMB_X23_Y14_N6; Fanout = 11; COMB Node = 'Instruction_ROM:inst3|instr_out[7]~672'
    Info: 4: + IC(1.798 ns) + CELL(0.624 ns) = 5.908 ns; Loc. = LCCOMB_X33_Y14_N10; Fanout = 1; COMB Node = 'Instruction_ROM:inst3|instr_out[4]~682'
    Info: 5: + IC(1.265 ns) + CELL(3.216 ns) = 10.389 ns; Loc. = PIN_A14; Fanout = 0; PIN Node = 'instr_rom[4]'
    Info: Total cell delay = 5.328 ns ( 51.29 % )
    Info: Total interconnect delay = 5.061 ns ( 48.71 % )
Info: th for register "CPU_Controller:inst|CPU_state[1]" (data pin = "master_res", clock pin = "clk") is 0.106 ns
    Info: + Longest clock path from clock "clk" to destination register is 2.794 ns
        Info: 1: + IC(0.000 ns) + CELL(1.080 ns) = 1.080 ns; Loc. = PIN_H2; Fanout = 1; CLK Node = 'clk'
        Info: 2: + IC(0.139 ns) + CELL(0.000 ns) = 1.219 ns; Loc. = CLKCTRL_G2; Fanout = 11; COMB Node = 'clk~clkctrl'
        Info: 3: + IC(0.909 ns) + CELL(0.666 ns) = 2.794 ns; Loc. = LCFF_X23_Y14_N5; Fanout = 9; REG Node = 'CPU_Controller:inst|CPU_state[1]'
        Info: Total cell delay = 1.746 ns ( 62.49 % )
        Info: Total interconnect delay = 1.048 ns ( 37.51 % )
    Info: + Micro hold delay of destination is 0.306 ns
    Info: - Shortest pin to register delay is 2.994 ns
        Info: 1: + IC(0.000 ns) + CELL(1.080 ns) = 1.080 ns; Loc. = PIN_J16; Fanout = 10; PIN Node = 'master_res'
        Info: 2: + IC(1.604 ns) + CELL(0.202 ns) = 2.886 ns; Loc. = LCCOMB_X23_Y14_N4; Fanout = 1; COMB Node = 'CPU_Controller:inst|Mux81~313'
        Info: 3: + IC(0.000 ns) + CELL(0.108 ns) = 2.994 ns; Loc. = LCFF_X23_Y14_N5; Fanout = 9; REG Node = 'CPU_Controller:inst|CPU_state[1]'
        Info: Total cell delay = 1.390 ns ( 46.43 % )
        Info: Total interconnect delay = 1.604 ns ( 53.57 % )
Info: Quartus II Classic Timing Analyzer was successful. 0 errors, 1 warning
    Info: Peak virtual memory: 180 megabytes
    Info: Processing ended: Sat Mar 28 16:18:38 2020
    Info: Elapsed time: 00:00:00
    Info: Total CPU time (on all processors): 00:00:00


