Flow report for CPU
Sat Mar 28 16:18:38 2020
Quartus II Version 8.1 Build 163 10/28/2008 SJ Web Edition


---------------------
; Table of Contents ;
---------------------
  1. Legal Notice
  2. Flow Summary
  3. Flow Settings
  4. Flow Non-Default Global Settings
  5. Flow Elapsed Time
  6. Flow OS Summary
  7. Flow Log



----------------
; Legal Notice ;
----------------
Copyright (C) 1991-2008 Altera Corporation
Your use of Altera Corporation's design tools, logic functions 
and other software and tools, and its AMPP partner logic 
functions, and any output files from any of the foregoing 
(including device programming or simulation files), and any 
associated documentation or information are expressly subject 
to the terms and conditions of the Altera Program License 
Subscription Agreement, Altera MegaCore Function License 
Agreement, or other applicable license agreement, including, 
without limitation, that your use is for the sole purpose of 
programming logic devices manufactured by Altera and sold by 
Altera or its authorized distributors.  Please refer to the 
applicable agreement for further details.



+------------------------------------------------------------------------------+
; Flow Summary                                                                 ;
+------------------------------------+-----------------------------------------+
; Flow Status                        ; Successful - Sat Mar 28 16:18:38 2020   ;
; Quartus II Version                 ; 8.1 Build 163 10/28/2008 SJ Web Edition ;
; Revision Name                      ; CPU                                     ;
; Top-level Entity Name              ; CPU                                     ;
; Family                             ; Cyclone II                              ;
; Device                             ; EP2C8F256C8                             ;
; Timing Models                      ; Final                                   ;
; Met timing requirements            ; Yes                                     ;
; Total logic elements               ; 66 / 8,256 ( < 1 % )                    ;
;     Total combinational functions  ; 66 / 8,256 ( < 1 % )                    ;
;     Dedicated logic registers      ; 11 / 8,256 ( < 1 % )                    ;
; Total registers                    ; 11                                      ;
; Total pins                         ; 141 / 182 ( 77 % )                      ;
; Total virtual pins                 ; 0                                       ;
; Total memory bits                  ; 0 / 165,888 ( 0 % )                     ;
; Embedded Multiplier 9-bit elements ; 0 / 36 ( 0 % )                          ;
; Total PLLs                         ; 0 / 2 ( 0 % )                           ;
+------------------------------------+-----------------------------------------+


+-----------------------------------------+
; Flow Settings                           ;
+-------------------+---------------------+
; Option            ; Setting             ;
+-------------------+---------------------+
; Start date & time ; 03/28/2020 16:18:24 ;
; Main task         ; Compilation         ;
; Revision Name     ; CPU                 ;
+-------------------+---------------------+


+-------------------------------------------------------------------------------------------------------------------+
; Flow Non-Default Global Settings                                                                                  ;
+------------------------------------+-------------------------------+---------------+-------------+----------------+
; Assignment Name                    ; Value                         ; Default Value ; Entity Name ; Section Id     ;
+------------------------------------+-------------------------------+---------------+-------------+----------------+
; COMPILER_SIGNATURE_ID              ; 1095708637680.158538350402432 ; --            ; --          ; --             ;
; IP_TOOL_NAME                       ; LPM_FF                        ; --            ; --          ; --             ;
; IP_TOOL_NAME                       ; LPM_FF                        ; --            ; --          ; --             ;
; IP_TOOL_VERSION                    ; 8.1                           ; --            ; --          ; --             ;
; IP_TOOL_VERSION                    ; 8.1                           ; --            ; --          ; --             ;
; MAX_CORE_JUNCTION_TEMP             ; 85                            ; --            ; --          ; --             ;
; MIN_CORE_JUNCTION_TEMP             ; 0                             ; --            ; --          ; --             ;
; MISC_FILE                          ; dff8.tdf                      ; --            ; --          ; --             ;
; MISC_FILE                          ; dff8.bsf                      ; --            ; --          ; --             ;
; MISC_FILE                          ; dff8.inc                      ; --            ; --          ; --             ;
; MISC_FILE                          ; dff16.tdf                     ; --            ; --          ; --             ;
; MISC_FILE                          ; dff16.bsf                     ; --            ; --          ; --             ;
; MISC_FILE                          ; dff16.inc                     ; --            ; --          ; --             ;
; PARTITION_COLOR                    ; 16764057                      ; --            ; --          ; Top            ;
; PARTITION_NETLIST_TYPE             ; SOURCE                        ; --            ; --          ; Top            ;
; USE_GENERATED_PHYSICAL_CONSTRAINTS ; Off                           ; --            ; --          ; eda_blast_fpga ;
+------------------------------------+-------------------------------+---------------+-------------+----------------+


+-----------------------------------------------------------------------------------------------------------------------------+
; Flow Elapsed Time                                                                                                           ;
+-------------------------+--------------+-------------------------+---------------------+------------------------------------+
; Module Name             ; Elapsed Time ; Average Processors Used ; Peak Virtual Memory ; Total CPU Time (on all processors) ;
+-------------------------+--------------+-------------------------+---------------------+------------------------------------+
; Analysis & Synthesis    ; 00:00:04     ; 1.0                     ; 241 MB              ; 00:00:04                           ;
; Fitter                  ; 00:00:03     ; 1.0                     ; 228 MB              ; 00:00:02                           ;
; Assembler               ; 00:00:01     ; 1.0                     ; 208 MB              ; 00:00:01                           ;
; Classic Timing Analyzer ; 00:00:00     ; 1.0                     ; 164 MB              ; 00:00:00                           ;
; Total                   ; 00:00:08     ; --                      ; --                  ; 00:00:07                           ;
+-------------------------+--------------+-------------------------+---------------------+------------------------------------+


+------------------------------------------------------------------------------------------+
; Flow OS Summary                                                                          ;
+-------------------------+------------------+---------------+------------+----------------+
; Module Name             ; Machine Hostname ; OS Name       ; OS Version ; Processor type ;
+-------------------------+------------------+---------------+------------+----------------+
; Analysis & Synthesis    ; admin-ой         ; Windows Vista ; 6.1        ; x86_64         ;
; Fitter                  ; admin-ой         ; Windows Vista ; 6.1        ; x86_64         ;
; Assembler               ; admin-ой         ; Windows Vista ; 6.1        ; x86_64         ;
; Classic Timing Analyzer ; admin-ой         ; Windows Vista ; 6.1        ; x86_64         ;
+-------------------------+------------------+---------------+------------+----------------+


------------
; Flow Log ;
------------
quartus_map --read_settings_files=on --write_settings_files=off CPU -c CPU
quartus_fit --read_settings_files=off --write_settings_files=off CPU -c CPU
quartus_asm --read_settings_files=off --write_settings_files=off CPU -c CPU
quartus_tan --read_settings_files=off --write_settings_files=off CPU -c CPU --timing_analysis_only



