Analysis & Synthesis report for CPU
Sat Mar 28 16:18:29 2020
Quartus II Version 8.1 Build 163 10/28/2008 SJ Web Edition


---------------------
; Table of Contents ;
---------------------
  1. Legal Notice
  2. Analysis & Synthesis Summary
  3. Analysis & Synthesis Settings
  4. Analysis & Synthesis Source Files Read
  5. Analysis & Synthesis Resource Usage Summary
  6. Analysis & Synthesis Resource Utilization by Entity
  7. Registers Removed During Synthesis
  8. Removed Registers Triggering Further Register Optimizations
  9. General Register Statistics
 10. Multiplexer Restructuring Statistics (Restructuring Performed)
 11. Parameter Settings for User Entity Instance: dff16:inst12|lpm_ff:lpm_ff_component
 12. Parameter Settings for User Entity Instance: dff8:inst9|lpm_ff:lpm_ff_component
 13. Parameter Settings for User Entity Instance: dff8:inst11|lpm_ff:lpm_ff_component
 14. Parameter Settings for User Entity Instance: dff8:inst10|lpm_ff:lpm_ff_component
 15. Parameter Settings for User Entity Instance: dff8:inst8|lpm_ff:lpm_ff_component
 16. Analysis & Synthesis Messages



----------------
; Legal Notice ;
----------------
Copyright (C) 1991-2008 Altera Corporation
Your use of Altera Corporation's design tools, logic functions 
and other software and tools, and its AMPP partner logic 
functions, and any output files from any of the foregoing 
(including device programming or simulation files), and any 
associated documentation or information are expressly subject 
to the terms and conditions of the Altera Program License 
Subscription Agreement, Altera MegaCore Function License 
Agreement, or other applicable license agreement, including, 
without limitation, that your use is for the sole purpose of 
programming logic devices manufactured by Altera and sold by 
Altera or its authorized distributors.  Please refer to the 
applicable agreement for further details.



+------------------------------------------------------------------------------+
; Analysis & Synthesis Summary                                                 ;
+------------------------------------+-----------------------------------------+
; Analysis & Synthesis Status        ; Successful - Sat Mar 28 16:18:29 2020   ;
; Quartus II Version                 ; 8.1 Build 163 10/28/2008 SJ Web Edition ;
; Revision Name                      ; CPU                                     ;
; Top-level Entity Name              ; CPU                                     ;
; Family                             ; Cyclone II                              ;
; Total logic elements               ; 66                                      ;
;     Total combinational functions  ; 66                                      ;
;     Dedicated logic registers      ; 11                                      ;
; Total registers                    ; 11                                      ;
; Total pins                         ; 141                                     ;
; Total virtual pins                 ; 0                                       ;
; Total memory bits                  ; 0                                       ;
; Embedded Multiplier 9-bit elements ; 0                                       ;
; Total PLLs                         ; 0                                       ;
+------------------------------------+-----------------------------------------+


+----------------------------------------------------------------------------------------------------------+
; Analysis & Synthesis Settings                                                                            ;
+----------------------------------------------------------------+--------------------+--------------------+
; Option                                                         ; Setting            ; Default Value      ;
+----------------------------------------------------------------+--------------------+--------------------+
; Device                                                         ; EP2C8F256C8        ;                    ;
; Top-level entity name                                          ; CPU                ; CPU                ;
; Family name                                                    ; Cyclone II         ; Stratix II         ;
; Use Generated Physical Constraints File                        ; Off                ;                    ;
; Use smart compilation                                          ; Off                ; Off                ;
; Restructure Multiplexers                                       ; Auto               ; Auto               ;
; Create Debugging Nodes for IP Cores                            ; Off                ; Off                ;
; Preserve fewer node names                                      ; On                 ; On                 ;
; Disable OpenCore Plus hardware evaluation                      ; Off                ; Off                ;
; Verilog Version                                                ; Verilog_2001       ; Verilog_2001       ;
; VHDL Version                                                   ; VHDL93             ; VHDL93             ;
; State Machine Processing                                       ; Auto               ; Auto               ;
; Safe State Machine                                             ; Off                ; Off                ;
; Extract Verilog State Machines                                 ; On                 ; On                 ;
; Extract VHDL State Machines                                    ; On                 ; On                 ;
; Ignore Verilog initial constructs                              ; Off                ; Off                ;
; Iteration limit for constant Verilog loops                     ; 5000               ; 5000               ;
; Iteration limit for non-constant Verilog loops                 ; 250                ; 250                ;
; Add Pass-Through Logic to Inferred RAMs                        ; On                 ; On                 ;
; Parallel Synthesis                                             ; Off                ; Off                ;
; DSP Block Balancing                                            ; Auto               ; Auto               ;
; NOT Gate Push-Back                                             ; On                 ; On                 ;
; Power-Up Don't Care                                            ; On                 ; On                 ;
; Remove Redundant Logic Cells                                   ; Off                ; Off                ;
; Remove Duplicate Registers                                     ; On                 ; On                 ;
; Ignore CARRY Buffers                                           ; Off                ; Off                ;
; Ignore CASCADE Buffers                                         ; Off                ; Off                ;
; Ignore GLOBAL Buffers                                          ; Off                ; Off                ;
; Ignore ROW GLOBAL Buffers                                      ; Off                ; Off                ;
; Ignore LCELL Buffers                                           ; Off                ; Off                ;
; Ignore SOFT Buffers                                            ; On                 ; On                 ;
; Limit AHDL Integers to 32 Bits                                 ; Off                ; Off                ;
; Optimization Technique                                         ; Balanced           ; Balanced           ;
; Carry Chain Length                                             ; 70                 ; 70                 ;
; Auto Carry Chains                                              ; On                 ; On                 ;
; Auto Open-Drain Pins                                           ; On                 ; On                 ;
; Perform WYSIWYG Primitive Resynthesis                          ; Off                ; Off                ;
; Perform gate-level register retiming                           ; Off                ; Off                ;
; Allow register retiming to trade off Tsu/Tco with Fmax         ; On                 ; On                 ;
; Auto ROM Replacement                                           ; On                 ; On                 ;
; Auto RAM Replacement                                           ; On                 ; On                 ;
; Auto Shift Register Replacement                                ; Auto               ; Auto               ;
; Auto Clock Enable Replacement                                  ; On                 ; On                 ;
; Strict RAM Replacement                                         ; Off                ; Off                ;
; Allow Synchronous Control Signals                              ; On                 ; On                 ;
; Force Use of Synchronous Clear Signals                         ; Off                ; Off                ;
; Auto RAM to Logic Cell Conversion                              ; Off                ; Off                ;
; Auto Resource Sharing                                          ; Off                ; Off                ;
; Allow Any RAM Size For Recognition                             ; Off                ; Off                ;
; Allow Any ROM Size For Recognition                             ; Off                ; Off                ;
; Allow Any Shift Register Size For Recognition                  ; Off                ; Off                ;
; Use LogicLock Constraints during Resource Balancing            ; On                 ; On                 ;
; Ignore translate_off and synthesis_off directives              ; Off                ; Off                ;
; Show Parameter Settings Tables in Synthesis Report             ; On                 ; On                 ;
; Ignore Maximum Fan-Out Assignments                             ; Off                ; Off                ;
; Synchronization Register Chain Length                          ; 2                  ; 2                  ;
; PowerPlay Power Optimization                                   ; Normal compilation ; Normal compilation ;
; HDL message level                                              ; Level2             ; Level2             ;
; Suppress Register Optimization Related Messages                ; Off                ; Off                ;
; Number of Removed Registers Reported in Synthesis Report       ; 100                ; 100                ;
; Number of Inverted Registers Reported in Synthesis Report      ; 100                ; 100                ;
; Clock MUX Protection                                           ; On                 ; On                 ;
; Auto Gated Clock Conversion                                    ; Off                ; Off                ;
; Block Design Naming                                            ; Auto               ; Auto               ;
; SDC constraint protection                                      ; Off                ; Off                ;
; Synthesis Effort                                               ; Auto               ; Auto               ;
; Allows Asynchronous Clear Usage For Shift Register Replacement ; On                 ; On                 ;
; Analysis & Synthesis Message Level                             ; Medium             ; Medium             ;
+----------------------------------------------------------------+--------------------+--------------------+


+------------------------------------------------------------------------------------------------------------------------------------------------------+
; Analysis & Synthesis Source Files Read                                                                                                               ;
+----------------------------------+-----------------+------------------------------------+------------------------------------------------------------+
; File Name with User-Entered Path ; Used in Netlist ; File Type                          ; File Name with Absolute Path                               ;
+----------------------------------+-----------------+------------------------------------+------------------------------------------------------------+
; CPU_Controller.vhd               ; yes             ; User VHDL File                     ; D:/altera/quartus/CPU/CPU/CPU_Controller.vhd               ;
; PC_Incrementer.vhd               ; yes             ; User VHDL File                     ; D:/altera/quartus/CPU/CPU/PC_Incrementer.vhd               ;
; CPU.bdf                          ; yes             ; User Block Diagram/Schematic File  ; D:/altera/quartus/CPU/CPU/CPU.bdf                          ;
; Program_Counter.vhd              ; yes             ; User VHDL File                     ; D:/altera/quartus/CPU/CPU/Program_Counter.vhd              ;
; Instruction_ROM.vhd              ; yes             ; User VHDL File                     ; D:/altera/quartus/CPU/CPU/Instruction_ROM.vhd              ;
; Instruction_Register.vhd         ; yes             ; User VHDL File                     ; D:/altera/quartus/CPU/CPU/Instruction_Register.vhd         ;
; RegisterA.vhd                    ; yes             ; User VHDL File                     ; D:/altera/quartus/CPU/CPU/RegisterA.vhd                    ;
; ALU.vhd                          ; yes             ; User VHDL File                     ; D:/altera/quartus/CPU/CPU/ALU.vhd                          ;
; RegisterB.vhd                    ; yes             ; User VHDL File                     ; D:/altera/quartus/CPU/CPU/RegisterB.vhd                    ;
; dff16.tdf                        ; yes             ; Auto-Found Wizard-Generated File   ; D:/altera/quartus/CPU/CPU/dff16.tdf                        ;
; lpm_ff.inc                       ; yes             ; Auto-Found AHDL File               ; d:/altera/quartus/libraries/megafunctions/lpm_ff.inc       ;
; lpm_ff.tdf                       ; yes             ; Megafunction                       ; d:/altera/quartus/libraries/megafunctions/lpm_ff.tdf       ;
; lpm_constant.inc                 ; yes             ; Megafunction                       ; d:/altera/quartus/libraries/megafunctions/lpm_constant.inc ;
; aglobal81.inc                    ; yes             ; Megafunction                       ; d:/altera/quartus/libraries/megafunctions/aglobal81.inc    ;
; dff8.tdf                         ; yes             ; Auto-Found Wizard-Generated File   ; D:/altera/quartus/CPU/CPU/dff8.tdf                         ;
+----------------------------------+-----------------+------------------------------------+------------------------------------------------------------+


+---------------------------------------------------------------------------------+
; Analysis & Synthesis Resource Usage Summary                                     ;
+---------------------------------------------+-----------------------------------+
; Resource                                    ; Usage                             ;
+---------------------------------------------+-----------------------------------+
; Estimated Total logic elements              ; 66                                ;
;                                             ;                                   ;
; Total combinational functions               ; 66                                ;
; Logic element usage by number of LUT inputs ;                                   ;
;     -- 4 input functions                    ; 43                                ;
;     -- 3 input functions                    ; 5                                 ;
;     -- <=2 input functions                  ; 18                                ;
;                                             ;                                   ;
; Logic elements by mode                      ;                                   ;
;     -- normal mode                          ; 58                                ;
;     -- arithmetic mode                      ; 8                                 ;
;                                             ;                                   ;
; Total registers                             ; 11                                ;
;     -- Dedicated logic registers            ; 11                                ;
;     -- I/O registers                        ; 0                                 ;
;                                             ;                                   ;
; I/O pins                                    ; 141                               ;
; Maximum fan-out node                        ; Program_Counter:inst2|PC_value[0] ;
; Maximum fan-out                             ; 19                                ;
; Total fan-out                               ; 293                               ;
; Average fan-out                             ; 1.34                              ;
+---------------------------------------------+-----------------------------------+


+------------------------------------------------------------------------------------------------------------------------------------------------------------------------------------+
; Analysis & Synthesis Resource Utilization by Entity                                                                                                                                ;
+----------------------------+-------------------+--------------+-------------+--------------+---------+-----------+------+--------------+----------------------------+--------------+
; Compilation Hierarchy Node ; LC Combinationals ; LC Registers ; Memory Bits ; DSP Elements ; DSP 9x9 ; DSP 18x18 ; Pins ; Virtual Pins ; Full Hierarchy Name        ; Library Name ;
+----------------------------+-------------------+--------------+-------------+--------------+---------+-----------+------+--------------+----------------------------+--------------+
; |CPU                       ; 66 (0)            ; 11 (0)       ; 0           ; 0            ; 0       ; 0         ; 141  ; 0            ; |CPU                       ; work         ;
;    |CPU_Controller:inst|   ; 9 (9)             ; 3 (3)        ; 0           ; 0            ; 0       ; 0         ; 0    ; 0            ; |CPU|CPU_Controller:inst   ; work         ;
;    |Instruction_ROM:inst3| ; 29 (29)           ; 0 (0)        ; 0           ; 0            ; 0       ; 0         ; 0    ; 0            ; |CPU|Instruction_ROM:inst3 ; work         ;
;    |Program_Counter:inst2| ; 28 (28)           ; 8 (8)        ; 0           ; 0            ; 0       ; 0         ; 0    ; 0            ; |CPU|Program_Counter:inst2 ; work         ;
+----------------------------+-------------------+--------------+-------------+--------------+---------+-----------+------+--------------+----------------------------+--------------+
Note: For table entries with two numbers listed, the numbers in parentheses indicate the number of resources of the given type used by the specific entity alone. The numbers listed outside of parentheses indicate the total resources of the given type used by the specific entity and all of its sub-entities in the hierarchy.


+----------------------------------------------------------------------------------------------------+
; Registers Removed During Synthesis                                                                 ;
+--------------------------------------------------+-------------------------------------------------+
; Register name                                    ; Reason for Removal                              ;
+--------------------------------------------------+-------------------------------------------------+
; dff16:inst12|lpm_ff:lpm_ff_component|dffs[0..15] ; Stuck at GND due to stuck port data_in          ;
; Instruction_ROM:inst3|data[28][0]                ; Merged with Instruction_ROM:inst3|data[255][15] ;
; Instruction_ROM:inst3|data[142][0]               ; Merged with Instruction_ROM:inst3|data[255][15] ;
; Instruction_ROM:inst3|data[27][14]               ; Merged with Instruction_ROM:inst3|data[255][15] ;
; Instruction_ROM:inst3|data[199][0]               ; Merged with Instruction_ROM:inst3|data[255][15] ;
; Instruction_ROM:inst3|data[27][12]               ; Merged with Instruction_ROM:inst3|data[255][15] ;
; Instruction_ROM:inst3|data[141][14]              ; Merged with Instruction_ROM:inst3|data[255][15] ;
; Instruction_ROM:inst3|data[27][10]               ; Merged with Instruction_ROM:inst3|data[255][15] ;
; Instruction_ROM:inst3|data[227][8]               ; Merged with Instruction_ROM:inst3|data[255][15] ;
; Instruction_ROM:inst3|data[27][8]                ; Merged with Instruction_ROM:inst3|data[255][15] ;
; Instruction_ROM:inst3|data[141][12]              ; Merged with Instruction_ROM:inst3|data[255][15] ;
; Instruction_ROM:inst3|data[27][6]                ; Merged with Instruction_ROM:inst3|data[255][15] ;
; Instruction_ROM:inst3|data[198][14]              ; Merged with Instruction_ROM:inst3|data[255][15] ;
; Instruction_ROM:inst3|data[27][4]                ; Merged with Instruction_ROM:inst3|data[255][15] ;
; Instruction_ROM:inst3|data[141][10]              ; Merged with Instruction_ROM:inst3|data[255][15] ;
; Instruction_ROM:inst3|data[27][2]                ; Merged with Instruction_ROM:inst3|data[255][15] ;
; Instruction_ROM:inst3|data[241][12]              ; Merged with Instruction_ROM:inst3|data[255][15] ;
; Instruction_ROM:inst3|data[27][0]                ; Merged with Instruction_ROM:inst3|data[255][15] ;
; Instruction_ROM:inst3|data[141][8]               ; Merged with Instruction_ROM:inst3|data[255][15] ;
; Instruction_ROM:inst3|data[26][14]               ; Merged with Instruction_ROM:inst3|data[255][15] ;
; Instruction_ROM:inst3|data[198][12]              ; Merged with Instruction_ROM:inst3|data[255][15] ;
; Instruction_ROM:inst3|data[26][12]               ; Merged with Instruction_ROM:inst3|data[255][15] ;
; Instruction_ROM:inst3|data[141][6]               ; Merged with Instruction_ROM:inst3|data[255][15] ;
; Instruction_ROM:inst3|data[26][10]               ; Merged with Instruction_ROM:inst3|data[255][15] ;
; Instruction_ROM:inst3|data[227][6]               ; Merged with Instruction_ROM:inst3|data[255][15] ;
; Instruction_ROM:inst3|data[26][8]                ; Merged with Instruction_ROM:inst3|data[255][15] ;
; Instruction_ROM:inst3|data[141][4]               ; Merged with Instruction_ROM:inst3|data[255][15] ;
; Instruction_ROM:inst3|data[26][6]                ; Merged with Instruction_ROM:inst3|data[255][15] ;
; Instruction_ROM:inst3|data[198][10]              ; Merged with Instruction_ROM:inst3|data[255][15] ;
; Instruction_ROM:inst3|data[26][4]                ; Merged with Instruction_ROM:inst3|data[255][15] ;
; Instruction_ROM:inst3|data[141][2]               ; Merged with Instruction_ROM:inst3|data[255][15] ;
; Instruction_ROM:inst3|data[26][2]                ; Merged with Instruction_ROM:inst3|data[255][15] ;
; Instruction_ROM:inst3|data[248][14]              ; Merged with Instruction_ROM:inst3|data[255][15] ;
; Instruction_ROM:inst3|data[26][0]                ; Merged with Instruction_ROM:inst3|data[255][15] ;
; Instruction_ROM:inst3|data[141][0]               ; Merged with Instruction_ROM:inst3|data[255][15] ;
; Instruction_ROM:inst3|data[25][14]               ; Merged with Instruction_ROM:inst3|data[255][15] ;
; Instruction_ROM:inst3|data[198][8]               ; Merged with Instruction_ROM:inst3|data[255][15] ;
; Instruction_ROM:inst3|data[25][12]               ; Merged with Instruction_ROM:inst3|data[255][15] ;
; Instruction_ROM:inst3|data[140][14]              ; Merged with Instruction_ROM:inst3|data[255][15] ;
; Instruction_ROM:inst3|data[25][10]               ; Merged with Instruction_ROM:inst3|data[255][15] ;
; Instruction_ROM:inst3|data[227][4]               ; Merged with Instruction_ROM:inst3|data[255][15] ;
; Instruction_ROM:inst3|data[25][8]                ; Merged with Instruction_ROM:inst3|data[255][15] ;
; Instruction_ROM:inst3|data[140][12]              ; Merged with Instruction_ROM:inst3|data[255][15] ;
; Instruction_ROM:inst3|data[25][6]                ; Merged with Instruction_ROM:inst3|data[255][15] ;
; Instruction_ROM:inst3|data[198][6]               ; Merged with Instruction_ROM:inst3|data[255][15] ;
; Instruction_ROM:inst3|data[25][4]                ; Merged with Instruction_ROM:inst3|data[255][15] ;
; Instruction_ROM:inst3|data[140][10]              ; Merged with Instruction_ROM:inst3|data[255][15] ;
; Instruction_ROM:inst3|data[25][2]                ; Merged with Instruction_ROM:inst3|data[255][15] ;
; Instruction_ROM:inst3|data[241][10]              ; Merged with Instruction_ROM:inst3|data[255][15] ;
; Instruction_ROM:inst3|data[25][0]                ; Merged with Instruction_ROM:inst3|data[255][15] ;
; Instruction_ROM:inst3|data[140][8]               ; Merged with Instruction_ROM:inst3|data[255][15] ;
; Instruction_ROM:inst3|data[24][14]               ; Merged with Instruction_ROM:inst3|data[255][15] ;
; Instruction_ROM:inst3|data[198][4]               ; Merged with Instruction_ROM:inst3|data[255][15] ;
; Instruction_ROM:inst3|data[24][12]               ; Merged with Instruction_ROM:inst3|data[255][15] ;
; Instruction_ROM:inst3|data[140][6]               ; Merged with Instruction_ROM:inst3|data[255][15] ;
; Instruction_ROM:inst3|data[24][10]               ; Merged with Instruction_ROM:inst3|data[255][15] ;
; Instruction_ROM:inst3|data[227][2]               ; Merged with Instruction_ROM:inst3|data[255][15] ;
; Instruction_ROM:inst3|data[24][8]                ; Merged with Instruction_ROM:inst3|data[255][15] ;
; Instruction_ROM:inst3|data[140][4]               ; Merged with Instruction_ROM:inst3|data[255][15] ;
; Instruction_ROM:inst3|data[24][6]                ; Merged with Instruction_ROM:inst3|data[255][15] ;
; Instruction_ROM:inst3|data[198][2]               ; Merged with Instruction_ROM:inst3|data[255][15] ;
; Instruction_ROM:inst3|data[24][4]                ; Merged with Instruction_ROM:inst3|data[255][15] ;
; Instruction_ROM:inst3|data[140][2]               ; Merged with Instruction_ROM:inst3|data[255][15] ;
; Instruction_ROM:inst3|data[24][2]                ; Merged with Instruction_ROM:inst3|data[255][15] ;
; Instruction_ROM:inst3|data[254][4]               ; Merged with Instruction_ROM:inst3|data[255][15] ;
; Instruction_ROM:inst3|data[24][0]                ; Merged with Instruction_ROM:inst3|data[255][15] ;
; Instruction_ROM:inst3|data[140][0]               ; Merged with Instruction_ROM:inst3|data[255][15] ;
; Instruction_ROM:inst3|data[23][14]               ; Merged with Instruction_ROM:inst3|data[255][15] ;
; Instruction_ROM:inst3|data[198][0]               ; Merged with Instruction_ROM:inst3|data[255][15] ;
; Instruction_ROM:inst3|data[23][12]               ; Merged with Instruction_ROM:inst3|data[255][15] ;
; Instruction_ROM:inst3|data[139][14]              ; Merged with Instruction_ROM:inst3|data[255][15] ;
; Instruction_ROM:inst3|data[23][10]               ; Merged with Instruction_ROM:inst3|data[255][15] ;
; Instruction_ROM:inst3|data[227][0]               ; Merged with Instruction_ROM:inst3|data[255][15] ;
; Instruction_ROM:inst3|data[23][8]                ; Merged with Instruction_ROM:inst3|data[255][15] ;
; Instruction_ROM:inst3|data[139][12]              ; Merged with Instruction_ROM:inst3|data[255][15] ;
; Instruction_ROM:inst3|data[23][6]                ; Merged with Instruction_ROM:inst3|data[255][15] ;
; Instruction_ROM:inst3|data[197][14]              ; Merged with Instruction_ROM:inst3|data[255][15] ;
; Instruction_ROM:inst3|data[23][4]                ; Merged with Instruction_ROM:inst3|data[255][15] ;
; Instruction_ROM:inst3|data[139][10]              ; Merged with Instruction_ROM:inst3|data[255][15] ;
; Instruction_ROM:inst3|data[23][2]                ; Merged with Instruction_ROM:inst3|data[255][15] ;
; Instruction_ROM:inst3|data[241][8]               ; Merged with Instruction_ROM:inst3|data[255][15] ;
; Instruction_ROM:inst3|data[139][8]               ; Merged with Instruction_ROM:inst3|data[255][15] ;
; Instruction_ROM:inst3|data[255][13]              ; Merged with Instruction_ROM:inst3|data[255][15] ;
; Instruction_ROM:inst3|data[255][9]               ; Merged with Instruction_ROM:inst3|data[255][15] ;
; Instruction_ROM:inst3|data[255][1]               ; Merged with Instruction_ROM:inst3|data[255][15] ;
; Instruction_ROM:inst3|data[254][1]               ; Merged with Instruction_ROM:inst3|data[255][15] ;
; Instruction_ROM:inst3|data[252][1]               ; Merged with Instruction_ROM:inst3|data[255][15] ;
; Instruction_ROM:inst3|data[248][1]               ; Merged with Instruction_ROM:inst3|data[255][15] ;
; Instruction_ROM:inst3|data[240][1]               ; Merged with Instruction_ROM:inst3|data[255][15] ;
; Instruction_ROM:inst3|data[224][1]               ; Merged with Instruction_ROM:inst3|data[255][15] ;
; Instruction_ROM:inst3|data[192][1]               ; Merged with Instruction_ROM:inst3|data[255][15] ;
; Instruction_ROM:inst3|data[128][1]               ; Merged with Instruction_ROM:inst3|data[255][15] ;
; Instruction_ROM:inst3|data[65][14]               ; Merged with Instruction_ROM:inst3|data[255][14] ;
; Instruction_ROM:inst3|data[208][8]               ; Merged with Instruction_ROM:inst3|data[255][14] ;
; Instruction_ROM:inst3|data[65][12]               ; Merged with Instruction_ROM:inst3|data[255][14] ;
; Instruction_ROM:inst3|data[160][14]              ; Merged with Instruction_ROM:inst3|data[255][14] ;
; Instruction_ROM:inst3|data[65][10]               ; Merged with Instruction_ROM:inst3|data[255][14] ;
; Instruction_ROM:inst3|data[232][4]               ; Merged with Instruction_ROM:inst3|data[255][14] ;
; Instruction_ROM:inst3|data[65][8]                ; Merged with Instruction_ROM:inst3|data[255][14] ;
; Instruction_ROM:inst3|data[160][12]              ; Merged with Instruction_ROM:inst3|data[255][14] ;
; Total Number of Removed Registers = 3817         ;                                                 ;
+--------------------------------------------------+-------------------------------------------------+
* Table truncated at 100 items. To change the number of removed registers reported, set the "Number of Removed Registers Reported" option under Assignments->Settings->Analysis and Synthesis Settings->More Settings


+-------------------------------------------------------------------------------------------------------------------------------------------------------+
; Removed Registers Triggering Further Register Optimizations                                                                                           ;
+-----------------------------------------------+---------------------------+---------------------------------------------------------------------------+
; Register name                                 ; Reason for Removal        ; Registers Removed due to This Register                                    ;
+-----------------------------------------------+---------------------------+---------------------------------------------------------------------------+
; dff16:inst12|lpm_ff:lpm_ff_component|dffs[15] ; Stuck at GND              ; CPU_Controller:inst|minor_opcode[3], CPU_Controller:inst|minor_opcode[2], ;
;                                               ; due to stuck port data_in ; CPU_Controller:inst|minor_opcode[1], CPU_Controller:inst|minor_opcode[0]  ;
; dff16:inst12|lpm_ff:lpm_ff_component|dffs[7]  ; Stuck at GND              ; CPU_Controller:inst|address_data[7]                                       ;
;                                               ; due to stuck port data_in ;                                                                           ;
; dff16:inst12|lpm_ff:lpm_ff_component|dffs[6]  ; Stuck at GND              ; CPU_Controller:inst|address_data[6]                                       ;
;                                               ; due to stuck port data_in ;                                                                           ;
; dff16:inst12|lpm_ff:lpm_ff_component|dffs[5]  ; Stuck at GND              ; CPU_Controller:inst|address_data[5]                                       ;
;                                               ; due to stuck port data_in ;                                                                           ;
; dff16:inst12|lpm_ff:lpm_ff_component|dffs[4]  ; Stuck at GND              ; CPU_Controller:inst|address_data[4]                                       ;
;                                               ; due to stuck port data_in ;                                                                           ;
; dff16:inst12|lpm_ff:lpm_ff_component|dffs[3]  ; Stuck at GND              ; CPU_Controller:inst|address_data[3]                                       ;
;                                               ; due to stuck port data_in ;                                                                           ;
; dff16:inst12|lpm_ff:lpm_ff_component|dffs[2]  ; Stuck at GND              ; CPU_Controller:inst|address_data[2]                                       ;
;                                               ; due to stuck port data_in ;                                                                           ;
; dff16:inst12|lpm_ff:lpm_ff_component|dffs[1]  ; Stuck at GND              ; CPU_Controller:inst|address_data[1]                                       ;
;                                               ; due to stuck port data_in ;                                                                           ;
; dff16:inst12|lpm_ff:lpm_ff_component|dffs[0]  ; Stuck at GND              ; CPU_Controller:inst|address_data[0]                                       ;
;                                               ; due to stuck port data_in ;                                                                           ;
+-----------------------------------------------+---------------------------+---------------------------------------------------------------------------+


+------------------------------------------------------+
; General Register Statistics                          ;
+----------------------------------------------+-------+
; Statistic                                    ; Value ;
+----------------------------------------------+-------+
; Total registers                              ; 11    ;
; Number of registers using Synchronous Clear  ; 0     ;
; Number of registers using Synchronous Load   ; 0     ;
; Number of registers using Asynchronous Clear ; 11    ;
; Number of registers using Asynchronous Load  ; 0     ;
; Number of registers using Clock Enable       ; 11    ;
; Number of registers using Preset             ; 0     ;
+----------------------------------------------+-------+


+------------------------------------------------------------------------------------------------------------------------------------------------------+
; Multiplexer Restructuring Statistics (Restructuring Performed)                                                                                       ;
+--------------------+-----------+---------------+----------------------+------------------------+------------+----------------------------------------+
; Multiplexer Inputs ; Bus Width ; Baseline Area ; Area if Restructured ; Saving if Restructured ; Registered ; Example Multiplexer Output             ;
+--------------------+-----------+---------------+----------------------+------------------------+------------+----------------------------------------+
; 4:1                ; 16 bits   ; 32 LEs        ; 16 LEs               ; 16 LEs                 ; Yes        ; |CPU|RegisterB:inst7|Reg_value[5]      ;
; 5:1                ; 8 bits    ; 24 LEs        ; 16 LEs               ; 8 LEs                  ; Yes        ; |CPU|Program_Counter:inst2|PC_value[2] ;
+--------------------+-----------+---------------+----------------------+------------------------+------------+----------------------------------------+


+-----------------------------------------------------------------------------------+
; Parameter Settings for User Entity Instance: dff16:inst12|lpm_ff:lpm_ff_component ;
+------------------------+------------+---------------------------------------------+
; Parameter Name         ; Value      ; Type                                        ;
+------------------------+------------+---------------------------------------------+
; LPM_WIDTH              ; 16         ; Untyped                                     ;
; LPM_AVALUE             ; UNUSED     ; Untyped                                     ;
; LPM_SVALUE             ; UNUSED     ; Untyped                                     ;
; LPM_FFTYPE             ; DFF        ; Untyped                                     ;
; DEVICE_FAMILY          ; Cyclone II ; Untyped                                     ;
; CBXI_PARAMETER         ; NOTHING    ; Untyped                                     ;
; AUTO_CARRY_CHAINS      ; ON         ; AUTO_CARRY                                  ;
; IGNORE_CARRY_BUFFERS   ; OFF        ; IGNORE_CARRY                                ;
; AUTO_CASCADE_CHAINS    ; ON         ; AUTO_CASCADE                                ;
; IGNORE_CASCADE_BUFFERS ; OFF        ; IGNORE_CASCADE                              ;
+------------------------+------------+---------------------------------------------+
Note: In order to hide this table in the UI and the text report file, please set the "Show Parameter Settings Tables in Synthesis Report" option in "Analysis and Synthesis Settings -> More Settings" to "Off".


+---------------------------------------------------------------------------------+
; Parameter Settings for User Entity Instance: dff8:inst9|lpm_ff:lpm_ff_component ;
+------------------------+------------+-------------------------------------------+
; Parameter Name         ; Value      ; Type                                      ;
+------------------------+------------+-------------------------------------------+
; LPM_WIDTH              ; 8          ; Untyped                                   ;
; LPM_AVALUE             ; UNUSED     ; Untyped                                   ;
; LPM_SVALUE             ; UNUSED     ; Untyped                                   ;
; LPM_FFTYPE             ; DFF        ; Untyped                                   ;
; DEVICE_FAMILY          ; Cyclone II ; Untyped                                   ;
; CBXI_PARAMETER         ; NOTHING    ; Untyped                                   ;
; AUTO_CARRY_CHAINS      ; ON         ; AUTO_CARRY                                ;
; IGNORE_CARRY_BUFFERS   ; OFF        ; IGNORE_CARRY                              ;
; AUTO_CASCADE_CHAINS    ; ON         ; AUTO_CASCADE                              ;
; IGNORE_CASCADE_BUFFERS ; OFF        ; IGNORE_CASCADE                            ;
+------------------------+------------+-------------------------------------------+
Note: In order to hide this table in the UI and the text report file, please set the "Show Parameter Settings Tables in Synthesis Report" option in "Analysis and Synthesis Settings -> More Settings" to "Off".


+----------------------------------------------------------------------------------+
; Parameter Settings for User Entity Instance: dff8:inst11|lpm_ff:lpm_ff_component ;
+------------------------+------------+--------------------------------------------+
; Parameter Name         ; Value      ; Type                                       ;
+------------------------+------------+--------------------------------------------+
; LPM_WIDTH              ; 8          ; Untyped                                    ;
; LPM_AVALUE             ; UNUSED     ; Untyped                                    ;
; LPM_SVALUE             ; UNUSED     ; Untyped                                    ;
; LPM_FFTYPE             ; DFF        ; Untyped                                    ;
; DEVICE_FAMILY          ; Cyclone II ; Untyped                                    ;
; CBXI_PARAMETER         ; NOTHING    ; Untyped                                    ;
; AUTO_CARRY_CHAINS      ; ON         ; AUTO_CARRY                                 ;
; IGNORE_CARRY_BUFFERS   ; OFF        ; IGNORE_CARRY                               ;
; AUTO_CASCADE_CHAINS    ; ON         ; AUTO_CASCADE                               ;
; IGNORE_CASCADE_BUFFERS ; OFF        ; IGNORE_CASCADE                             ;
+------------------------+------------+--------------------------------------------+
Note: In order to hide this table in the UI and the text report file, please set the "Show Parameter Settings Tables in Synthesis Report" option in "Analysis and Synthesis Settings -> More Settings" to "Off".


+----------------------------------------------------------------------------------+
; Parameter Settings for User Entity Instance: dff8:inst10|lpm_ff:lpm_ff_component ;
+------------------------+------------+--------------------------------------------+
; Parameter Name         ; Value      ; Type                                       ;
+------------------------+------------+--------------------------------------------+
; LPM_WIDTH              ; 8          ; Untyped                                    ;
; LPM_AVALUE             ; UNUSED     ; Untyped                                    ;
; LPM_SVALUE             ; UNUSED     ; Untyped                                    ;
; LPM_FFTYPE             ; DFF        ; Untyped                                    ;
; DEVICE_FAMILY          ; Cyclone II ; Untyped                                    ;
; CBXI_PARAMETER         ; NOTHING    ; Untyped                                    ;
; AUTO_CARRY_CHAINS      ; ON         ; AUTO_CARRY                                 ;
; IGNORE_CARRY_BUFFERS   ; OFF        ; IGNORE_CARRY                               ;
; AUTO_CASCADE_CHAINS    ; ON         ; AUTO_CASCADE                               ;
; IGNORE_CASCADE_BUFFERS ; OFF        ; IGNORE_CASCADE                             ;
+------------------------+------------+--------------------------------------------+
Note: In order to hide this table in the UI and the text report file, please set the "Show Parameter Settings Tables in Synthesis Report" option in "Analysis and Synthesis Settings -> More Settings" to "Off".


+---------------------------------------------------------------------------------+
; Parameter Settings for User Entity Instance: dff8:inst8|lpm_ff:lpm_ff_component ;
+------------------------+------------+-------------------------------------------+
; Parameter Name         ; Value      ; Type                                      ;
+------------------------+------------+-------------------------------------------+
; LPM_WIDTH              ; 8          ; Untyped                                   ;
; LPM_AVALUE             ; UNUSED     ; Untyped                                   ;
; LPM_SVALUE             ; UNUSED     ; Untyped                                   ;
; LPM_FFTYPE             ; DFF        ; Untyped                                   ;
; DEVICE_FAMILY          ; Cyclone II ; Untyped                                   ;
; CBXI_PARAMETER         ; NOTHING    ; Untyped                                   ;
; AUTO_CARRY_CHAINS      ; ON         ; AUTO_CARRY                                ;
; IGNORE_CARRY_BUFFERS   ; OFF        ; IGNORE_CARRY                              ;
; AUTO_CASCADE_CHAINS    ; ON         ; AUTO_CASCADE                              ;
; IGNORE_CASCADE_BUFFERS ; OFF        ; IGNORE_CASCADE                            ;
+------------------------+------------+-------------------------------------------+
Note: In order to hide this table in the UI and the text report file, please set the "Show Parameter Settings Tables in Synthesis Report" option in "Analysis and Synthesis Settings -> More Settings" to "Off".


+-------------------------------+
; Analysis & Synthesis Messages ;
+-------------------------------+
Info: *******************************************************************
Info: Running Quartus II Analysis & Synthesis
    Info: Version 8.1 Build 163 10/28/2008 SJ Web Edition
    Info: Processing started: Sat Mar 28 16:18:24 2020
Info: Command: quartus_map --read_settings_files=on --write_settings_files=off CPU -c CPU
Warning: Ignored assignments for entity "CPU" -- entity does not exist in design
    Warning: Assignment of entity set_global_assignment -name LL_ROOT_REGION ON -section_id "Root Region" is ignored
    Warning: Assignment of entity set_global_assignment -name LL_MEMBER_STATE LOCKED -section_id "Root Region" is ignored
    Warning: Assignment of entity set_instance_assignment -name PARTITION_HIERARCHY root_partition -to | -section_id Top is ignored
    Warning: Assignment of entity set_global_assignment -name PARTITION_NETLIST_TYPE SOURCE -section_id Top is ignored
    Warning: Assignment of entity set_global_assignment -name PARTITION_COLOR 16764057 -section_id Top is ignored
    Warning: Assignment of entity set_global_assignment -name PARTITION_IMPORT_ASSIGNMENTS ON -section_id Top is ignored
    Warning: Assignment of entity set_global_assignment -name PARTITION_IMPORT_EXISTING_ASSIGNMENTS REPLACE_CONFLICTING -section_id Top is ignored
    Warning: Assignment of entity set_global_assignment -name PARTITION_IMPORT_EXISTING_LOGICLOCK_REGIONS REPLACE_CONFLICTING -section_id Top is ignored
    Warning: Assignment of entity set_global_assignment -name PARTITION_IMPORT_PIN_ASSIGNMENTS ON -section_id Top is ignored
    Warning: Assignment of entity set_global_assignment -name PARTITION_IMPORT_PROMOTE_ASSIGNMENTS ON -section_id Top is ignored
    Warning: Assignment of entity set_global_assignment -name PARTITION_TYPE STANDARD_PARTITION -section_id Top is ignored
Info: Found 2 design units, including 1 entities, in source file CPU_Controller.vhd
    Info: Found design unit 1: CPU_Controller-fsm_SFHDL
    Info: Found entity 1: CPU_Controller
Info: Found 2 design units, including 1 entities, in source file PC_Incrementer.vhd
    Info: Found design unit 1: PC_Incrementer-fsm_SFHDL
    Info: Found entity 1: PC_Incrementer
Info: Found 1 design units, including 1 entities, in source file CPU.bdf
    Info: Found entity 1: CPU
Info: Found 2 design units, including 1 entities, in source file Program_Counter.vhd
    Info: Found design unit 1: Program_Counter-fsm_SFHDL
    Info: Found entity 1: Program_Counter
Info: Found 2 design units, including 1 entities, in source file Instruction_ROM.vhd
    Info: Found design unit 1: Instruction_ROM-fsm_SFHDL
    Info: Found entity 1: Instruction_ROM
Info: Found 2 design units, including 1 entities, in source file Instruction_Register.vhd
    Info: Found design unit 1: Instruction_Register-fsm_SFHDL
    Info: Found entity 1: Instruction_Register
Info: Found 2 design units, including 1 entities, in source file RegisterA.vhd
    Info: Found design unit 1: RegisterA-fsm_SFHDL
    Info: Found entity 1: RegisterA
Info: Found 2 design units, including 1 entities, in source file ALU.vhd
    Info: Found design unit 1: ALU-fsm_SFHDL
    Info: Found entity 1: ALU
Info: Found 2 design units, including 1 entities, in source file RegisterB.vhd
    Info: Found design unit 1: RegisterB-fsm_SFHDL
    Info: Found entity 1: RegisterB
Info: Elaborating entity "CPU" for the top level hierarchy
Warning: Pin "instr[15..0]" is missing source
Warning: Pin "addr_inc[7..0]" is missing source
Info: Elaborating entity "CPU_Controller" for hierarchy "CPU_Controller:inst"
Warning: Using design file dff16.tdf, which is not specified as a design file for the current project, but contains definitions for 1 design units and 1 entities in project
    Info: Found entity 1: dff16
Info: Elaborating entity "dff16" for hierarchy "dff16:inst12"
Info: Elaborating entity "lpm_ff" for hierarchy "dff16:inst12|lpm_ff:lpm_ff_component"
Info: Elaborated megafunction instantiation "dff16:inst12|lpm_ff:lpm_ff_component"
Info: Instantiated megafunction "dff16:inst12|lpm_ff:lpm_ff_component" with the following parameter:
    Info: Parameter "LPM_TYPE" = "LPM_FF"
    Info: Parameter "LPM_WIDTH" = "16"
    Info: Parameter "LPM_FFTYPE" = "DFF"
Warning: Using design file dff8.tdf, which is not specified as a design file for the current project, but contains definitions for 1 design units and 1 entities in project
    Info: Found entity 1: dff8
Info: Elaborating entity "dff8" for hierarchy "dff8:inst9"
Info: Elaborating entity "lpm_ff" for hierarchy "dff8:inst9|lpm_ff:lpm_ff_component"
Info: Elaborated megafunction instantiation "dff8:inst9|lpm_ff:lpm_ff_component"
Info: Instantiated megafunction "dff8:inst9|lpm_ff:lpm_ff_component" with the following parameter:
    Info: Parameter "LPM_TYPE" = "LPM_FF"
    Info: Parameter "LPM_WIDTH" = "8"
    Info: Parameter "LPM_FFTYPE" = "DFF"
Info: Elaborating entity "RegisterA" for hierarchy "RegisterA:inst5"
Info: Elaborating entity "ALU" for hierarchy "ALU:inst6"
Info: Elaborating entity "RegisterB" for hierarchy "RegisterB:inst7"
Info: Elaborating entity "Program_Counter" for hierarchy "Program_Counter:inst2"
Info: Elaborating entity "PC_Incrementer" for hierarchy "PC_Incrementer:inst1"
Info: Elaborating entity "Instruction_ROM" for hierarchy "Instruction_ROM:inst3"
Info: Elaborating entity "Instruction_Register" for hierarchy "Instruction_Register:inst4"
Warning: Output pins are stuck at VCC or GND
    Warning (13410): Pin "instr_dff_16[15]" is stuck at GND
    Warning (13410): Pin "instr_dff_16[14]" is stuck at GND
    Warning (13410): Pin "instr_dff_16[13]" is stuck at GND
    Warning (13410): Pin "instr_dff_16[12]" is stuck at GND
    Warning (13410): Pin "instr_dff_16[11]" is stuck at GND
    Warning (13410): Pin "instr_dff_16[10]" is stuck at GND
    Warning (13410): Pin "instr_dff_16[9]" is stuck at GND
    Warning (13410): Pin "instr_dff_16[8]" is stuck at GND
    Warning (13410): Pin "instr_dff_16[7]" is stuck at GND
    Warning (13410): Pin "instr_dff_16[6]" is stuck at GND
    Warning (13410): Pin "instr_dff_16[5]" is stuck at GND
    Warning (13410): Pin "instr_dff_16[4]" is stuck at GND
    Warning (13410): Pin "instr_dff_16[3]" is stuck at GND
    Warning (13410): Pin "instr_dff_16[2]" is stuck at GND
    Warning (13410): Pin "instr_dff_16[1]" is stuck at GND
    Warning (13410): Pin "instr_dff_16[0]" is stuck at GND
    Warning (13410): Pin "instr[15]" is stuck at GND
    Warning (13410): Pin "instr[14]" is stuck at GND
    Warning (13410): Pin "instr[13]" is stuck at GND
    Warning (13410): Pin "instr[12]" is stuck at GND
    Warning (13410): Pin "instr[11]" is stuck at GND
    Warning (13410): Pin "instr[10]" is stuck at GND
    Warning (13410): Pin "instr[9]" is stuck at GND
    Warning (13410): Pin "instr[8]" is stuck at GND
    Warning (13410): Pin "instr[7]" is stuck at GND
    Warning (13410): Pin "instr[6]" is stuck at GND
    Warning (13410): Pin "instr[5]" is stuck at GND
    Warning (13410): Pin "instr[4]" is stuck at GND
    Warning (13410): Pin "instr[3]" is stuck at GND
    Warning (13410): Pin "instr[2]" is stuck at GND
    Warning (13410): Pin "instr[1]" is stuck at GND
    Warning (13410): Pin "instr[0]" is stuck at GND
    Warning (13410): Pin "reg_A_out[7]" is stuck at GND
    Warning (13410): Pin "reg_A_out[6]" is stuck at GND
    Warning (13410): Pin "reg_A_out[5]" is stuck at GND
    Warning (13410): Pin "reg_A_out[4]" is stuck at GND
    Warning (13410): Pin "reg_A_out[3]" is stuck at GND
    Warning (13410): Pin "reg_A_out[2]" is stuck at GND
    Warning (13410): Pin "reg_A_out[1]" is stuck at GND
    Warning (13410): Pin "reg_A_out[0]" is stuck at GND
    Warning (13410): Pin "func_regA[0]" is stuck at GND
    Warning (13410): Pin "reg_A1[7]" is stuck at GND
    Warning (13410): Pin "reg_A1[6]" is stuck at GND
    Warning (13410): Pin "reg_A1[5]" is stuck at GND
    Warning (13410): Pin "reg_A1[4]" is stuck at GND
    Warning (13410): Pin "reg_A1[3]" is stuck at GND
    Warning (13410): Pin "reg_A1[2]" is stuck at GND
    Warning (13410): Pin "reg_A1[1]" is stuck at GND
    Warning (13410): Pin "reg_A1[0]" is stuck at GND
    Warning (13410): Pin "reg_A2[7]" is stuck at GND
    Warning (13410): Pin "reg_A2[6]" is stuck at GND
    Warning (13410): Pin "reg_A2[5]" is stuck at GND
    Warning (13410): Pin "reg_A2[4]" is stuck at GND
    Warning (13410): Pin "reg_A2[3]" is stuck at GND
    Warning (13410): Pin "reg_A2[2]" is stuck at GND
    Warning (13410): Pin "reg_A2[1]" is stuck at GND
    Warning (13410): Pin "reg_A2[0]" is stuck at GND
    Warning (13410): Pin "func_alu[3]" is stuck at VCC
    Warning (13410): Pin "func_alu[2]" is stuck at GND
    Warning (13410): Pin "func_alu[1]" is stuck at GND
    Warning (13410): Pin "func_alu[0]" is stuck at VCC
    Warning (13410): Pin "reg_B_out[7]" is stuck at GND
    Warning (13410): Pin "reg_B_out[6]" is stuck at GND
    Warning (13410): Pin "reg_B_out[5]" is stuck at GND
    Warning (13410): Pin "reg_B_out[4]" is stuck at GND
    Warning (13410): Pin "reg_B_out[3]" is stuck at GND
    Warning (13410): Pin "reg_B_out[2]" is stuck at GND
    Warning (13410): Pin "reg_B_out[1]" is stuck at GND
    Warning (13410): Pin "reg_B_out[0]" is stuck at GND
    Warning (13410): Pin "func_regB[0]" is stuck at GND
    Warning (13410): Pin "reg_B1[7]" is stuck at GND
    Warning (13410): Pin "reg_B1[6]" is stuck at GND
    Warning (13410): Pin "reg_B1[5]" is stuck at GND
    Warning (13410): Pin "reg_B1[4]" is stuck at GND
    Warning (13410): Pin "reg_B1[3]" is stuck at GND
    Warning (13410): Pin "reg_B1[2]" is stuck at GND
    Warning (13410): Pin "reg_B1[1]" is stuck at GND
    Warning (13410): Pin "reg_B1[0]" is stuck at GND
    Warning (13410): Pin "reg_B2[7]" is stuck at GND
    Warning (13410): Pin "reg_B2[6]" is stuck at GND
    Warning (13410): Pin "reg_B2[5]" is stuck at GND
    Warning (13410): Pin "reg_B2[4]" is stuck at GND
    Warning (13410): Pin "reg_B2[3]" is stuck at GND
    Warning (13410): Pin "reg_B2[2]" is stuck at GND
    Warning (13410): Pin "reg_B2[1]" is stuck at GND
    Warning (13410): Pin "reg_B2[0]" is stuck at GND
    Warning (13410): Pin "addr_inc[7]" is stuck at GND
    Warning (13410): Pin "addr_inc[6]" is stuck at GND
    Warning (13410): Pin "addr_inc[5]" is stuck at GND
    Warning (13410): Pin "addr_inc[4]" is stuck at GND
    Warning (13410): Pin "addr_inc[3]" is stuck at GND
    Warning (13410): Pin "addr_inc[2]" is stuck at GND
    Warning (13410): Pin "addr_inc[1]" is stuck at GND
    Warning (13410): Pin "addr_inc[0]" is stuck at GND
    Warning (13410): Pin "addr_pc_incr[7]" is stuck at GND
    Warning (13410): Pin "addr_pc_incr[6]" is stuck at GND
    Warning (13410): Pin "addr_pc_incr[5]" is stuck at GND
    Warning (13410): Pin "addr_pc_incr[4]" is stuck at GND
    Warning (13410): Pin "addr_pc_incr[3]" is stuck at GND
    Warning (13410): Pin "addr_pc_incr[2]" is stuck at GND
    Warning (13410): Pin "addr_pc_incr[1]" is stuck at GND
    Warning (13410): Pin "addr_pc_incr[0]" is stuck at GND
    Warning (13410): Pin "func_pc_incr[1]" is stuck at GND
    Warning (13410): Pin "func_pc_incr[0]" is stuck at GND
    Warning (13410): Pin "instr_rom[15]" is stuck at GND
    Warning (13410): Pin "instr_rom[14]" is stuck at GND
    Warning (13410): Pin "instr_rom[13]" is stuck at GND
    Warning (13410): Pin "instr_rom[12]" is stuck at GND
    Warning (13410): Pin "instr_rom[11]" is stuck at GND
Info: 24 registers lost all their fanouts during netlist optimizations. The first 24 are displayed below.
    Info: Register "dff8:inst8|lpm_ff:lpm_ff_component|dffs[7]" lost all its fanouts during netlist optimizations.
    Info: Register "dff8:inst8|lpm_ff:lpm_ff_component|dffs[6]" lost all its fanouts during netlist optimizations.
    Info: Register "dff8:inst8|lpm_ff:lpm_ff_component|dffs[5]" lost all its fanouts during netlist optimizations.
    Info: Register "dff8:inst8|lpm_ff:lpm_ff_component|dffs[4]" lost all its fanouts during netlist optimizations.
    Info: Register "dff8:inst8|lpm_ff:lpm_ff_component|dffs[3]" lost all its fanouts during netlist optimizations.
    Info: Register "dff8:inst8|lpm_ff:lpm_ff_component|dffs[2]" lost all its fanouts during netlist optimizations.
    Info: Register "dff8:inst8|lpm_ff:lpm_ff_component|dffs[1]" lost all its fanouts during netlist optimizations.
    Info: Register "dff8:inst8|lpm_ff:lpm_ff_component|dffs[0]" lost all its fanouts during netlist optimizations.
    Info: Register "dff8:inst11|lpm_ff:lpm_ff_component|dffs[7]" lost all its fanouts during netlist optimizations.
    Info: Register "dff8:inst11|lpm_ff:lpm_ff_component|dffs[6]" lost all its fanouts during netlist optimizations.
    Info: Register "dff8:inst11|lpm_ff:lpm_ff_component|dffs[5]" lost all its fanouts during netlist optimizations.
    Info: Register "dff8:inst11|lpm_ff:lpm_ff_component|dffs[4]" lost all its fanouts during netlist optimizations.
    Info: Register "dff8:inst11|lpm_ff:lpm_ff_component|dffs[3]" lost all its fanouts during netlist optimizations.
    Info: Register "dff8:inst11|lpm_ff:lpm_ff_component|dffs[2]" lost all its fanouts during netlist optimizations.
    Info: Register "dff8:inst11|lpm_ff:lpm_ff_component|dffs[1]" lost all its fanouts during netlist optimizations.
    Info: Register "dff8:inst11|lpm_ff:lpm_ff_component|dffs[0]" lost all its fanouts during netlist optimizations.
    Info: Register "dff8:inst10|lpm_ff:lpm_ff_component|dffs[7]" lost all its fanouts during netlist optimizations.
    Info: Register "dff8:inst10|lpm_ff:lpm_ff_component|dffs[6]" lost all its fanouts during netlist optimizations.
    Info: Register "dff8:inst10|lpm_ff:lpm_ff_component|dffs[5]" lost all its fanouts during netlist optimizations.
    Info: Register "dff8:inst10|lpm_ff:lpm_ff_component|dffs[4]" lost all its fanouts during netlist optimizations.
    Info: Register "dff8:inst10|lpm_ff:lpm_ff_component|dffs[3]" lost all its fanouts during netlist optimizations.
    Info: Register "dff8:inst10|lpm_ff:lpm_ff_component|dffs[2]" lost all its fanouts during netlist optimizations.
    Info: Register "dff8:inst10|lpm_ff:lpm_ff_component|dffs[1]" lost all its fanouts during netlist optimizations.
    Info: Register "dff8:inst10|lpm_ff:lpm_ff_component|dffs[0]" lost all its fanouts during netlist optimizations.
Info: Implemented 207 device resources after synthesis - the final resource count might be different
    Info: Implemented 4 input pins
    Info: Implemented 137 output pins
    Info: Implemented 66 logic cells
Info: Quartus II Analysis & Synthesis was successful. 0 errors, 126 warnings
    Info: Peak virtual memory: 241 megabytes
    Info: Processing ended: Sat Mar 28 16:18:29 2020
    Info: Elapsed time: 00:00:05
    Info: Total CPU time (on all processors): 00:00:05


