Flow report for SSWafn
Wed Mar 18 17:31:33 2020
Quartus II Version 8.1 Build 163 10/28/2008 SJ Web Edition


---------------------
; Table of Contents ;
---------------------
  1. Legal Notice
  2. Flow Summary
  3. Flow Settings
  4. Flow Non-Default Global Settings
  5. Flow Elapsed Time
  6. Flow OS Summary
  7. Flow Log



----------------
; Legal Notice ;
----------------
Copyright (C) 1991-2008 Altera Corporation
Your use of Altera Corporation's design tools, logic functions 
and other software and tools, and its AMPP partner logic 
functions, and any output files from any of the foregoing 
(including device programming or simulation files), and any 
associated documentation or information are expressly subject 
to the terms and conditions of the Altera Program License 
Subscription Agreement, Altera MegaCore Function License 
Agreement, or other applicable license agreement, including, 
without limitation, that your use is for the sole purpose of 
programming logic devices manufactured by Altera and sold by 
Altera or its authorized distributors.  Please refer to the 
applicable agreement for further details.



+------------------------------------------------------------------------------+
; Flow Summary                                                                 ;
+------------------------------------+-----------------------------------------+
; Flow Status                        ; Successful - Wed Mar 18 17:31:33 2020   ;
; Quartus II Version                 ; 8.1 Build 163 10/28/2008 SJ Web Edition ;
; Revision Name                      ; SSWafn                                  ;
; Top-level Entity Name              ; La_uftwafla                             ;
; Family                             ; Cyclone II                              ;
; Device                             ; EP2C8F256C8                             ;
; Timing Models                      ; Final                                   ;
; Met timing requirements            ; Yes                                     ;
; Total logic elements               ; 10 / 8,256 ( < 1 % )                    ;
;     Total combinational functions  ; 10 / 8,256 ( < 1 % )                    ;
;     Dedicated logic registers      ; 6 / 8,256 ( < 1 % )                     ;
; Total registers                    ; 6                                       ;
; Total pins                         ; 10 / 182 ( 5 % )                        ;
; Total virtual pins                 ; 0                                       ;
; Total memory bits                  ; 104 / 165,888 ( < 1 % )                 ;
; Embedded Multiplier 9-bit elements ; 0 / 36 ( 0 % )                          ;
; Total PLLs                         ; 0 / 2 ( 0 % )                           ;
+------------------------------------+-----------------------------------------+


+-----------------------------------------+
; Flow Settings                           ;
+-------------------+---------------------+
; Option            ; Setting             ;
+-------------------+---------------------+
; Start date & time ; 03/18/2020 17:31:21 ;
; Main task         ; Compilation         ;
; Revision Name     ; SSWafn              ;
+-------------------+---------------------+


+--------------------------------------------------------------------------------------------------------------------------+
; Flow Non-Default Global Settings                                                                                         ;
+------------------------------------+--------------------------------------+---------------+-------------+----------------+
; Assignment Name                    ; Value                                ; Default Value ; Entity Name ; Section Id     ;
+------------------------------------+--------------------------------------+---------------+-------------+----------------+
; COMPILER_SIGNATURE_ID              ; 146397601068.158452388101032         ; --            ; --          ; --             ;
; IP_TOOL_NAME                       ; ROM: 1-PORT                          ; --            ; --          ; --             ;
; IP_TOOL_NAME                       ; ROM: 1-PORT                          ; --            ; --          ; --             ;
; IP_TOOL_NAME                       ; LPM_COUNTER                          ; --            ; --          ; --             ;
; IP_TOOL_NAME                       ; LPM_COUNTER                          ; --            ; --          ; --             ;
; IP_TOOL_VERSION                    ; 8.1                                  ; --            ; --          ; --             ;
; IP_TOOL_VERSION                    ; 8.1                                  ; --            ; --          ; --             ;
; IP_TOOL_VERSION                    ; 8.1                                  ; --            ; --          ; --             ;
; IP_TOOL_VERSION                    ; 8.1                                  ; --            ; --          ; --             ;
; MAX_CORE_JUNCTION_TEMP             ; 85                                   ; --            ; --          ; --             ;
; MIN_CORE_JUNCTION_TEMP             ; 0                                    ; --            ; --          ; --             ;
; MISC_FILE                          ; rom_p1.bsf                           ; --            ; --          ; --             ;
; MISC_FILE                          ; rom_p1.cmp                           ; --            ; --          ; --             ;
; MISC_FILE                          ; rom_2.bsf                            ; --            ; --          ; --             ;
; MISC_FILE                          ; rom_2.cmp                            ; --            ; --          ; --             ;
; MISC_FILE                          ; cunt.bsf                             ; --            ; --          ; --             ;
; MISC_FILE                          ; cunt.cmp                             ; --            ; --          ; --             ;
; MISC_FILE                          ; del.bsf                              ; --            ; --          ; --             ;
; MISC_FILE                          ; del.cmp                              ; --            ; --          ; --             ;
; MISC_FILE                          ; G:/Практика/УП 02/Znachok/SSWafn.dpf ; --            ; --          ; --             ;
; PARTITION_COLOR                    ; 16764057                             ; --            ; La_uftwafla ; Top            ;
; PARTITION_NETLIST_TYPE             ; SOURCE                               ; --            ; La_uftwafla ; Top            ;
; TOP_LEVEL_ENTITY                   ; La_uftwafla                          ; SSWafn        ; --          ; --             ;
; USE_GENERATED_PHYSICAL_CONSTRAINTS ; Off                                  ; --            ; --          ; eda_blast_fpga ;
+------------------------------------+--------------------------------------+---------------+-------------+----------------+


+-----------------------------------------------------------------------------------------------------------------------------+
; Flow Elapsed Time                                                                                                           ;
+-------------------------+--------------+-------------------------+---------------------+------------------------------------+
; Module Name             ; Elapsed Time ; Average Processors Used ; Peak Virtual Memory ; Total CPU Time (on all processors) ;
+-------------------------+--------------+-------------------------+---------------------+------------------------------------+
; Analysis & Synthesis    ; 00:00:04     ; 1.0                     ; 228 MB              ; 00:00:02                           ;
; Fitter                  ; 00:00:02     ; 1.0                     ; 214 MB              ; 00:00:02                           ;
; Assembler               ; 00:00:01     ; 1.0                     ; 198 MB              ; 00:00:01                           ;
; Classic Timing Analyzer ; 00:00:00     ; 1.0                     ; 155 MB              ; 00:00:00                           ;
; Total                   ; 00:00:07     ; --                      ; --                  ; 00:00:05                           ;
+-------------------------+--------------+-------------------------+---------------------+------------------------------------+


+------------------------------------------------------------------------------------------+
; Flow OS Summary                                                                          ;
+-------------------------+------------------+---------------+------------+----------------+
; Module Name             ; Machine Hostname ; OS Name       ; OS Version ; Processor type ;
+-------------------------+------------------+---------------+------------+----------------+
; Analysis & Synthesis    ; L130B-WS03       ; Windows Vista ; 6.1        ; x86_64         ;
; Fitter                  ; L130B-WS03       ; Windows Vista ; 6.1        ; x86_64         ;
; Assembler               ; L130B-WS03       ; Windows Vista ; 6.1        ; x86_64         ;
; Classic Timing Analyzer ; L130B-WS03       ; Windows Vista ; 6.1        ; x86_64         ;
+-------------------------+------------------+---------------+------------+----------------+


------------
; Flow Log ;
------------
quartus_map --read_settings_files=on --write_settings_files=off SSWafn -c SSWafn
quartus_fit --read_settings_files=off --write_settings_files=off SSWafn -c SSWafn
quartus_asm --read_settings_files=off --write_settings_files=off SSWafn -c SSWafn
quartus_tan --read_settings_files=off --write_settings_files=off SSWafn -c SSWafn --timing_analysis_only



