Analysis & Synthesis report for time
Fri Mar 20 15:37:15 2020
Quartus II Version 8.1 Build 163 10/28/2008 SJ Web Edition


---------------------
; Table of Contents ;
---------------------
  1. Legal Notice
  2. Analysis & Synthesis Summary
  3. Analysis & Synthesis Settings
  4. Analysis & Synthesis Messages



----------------
; Legal Notice ;
----------------
Copyright (C) 1991-2008 Altera Corporation
Your use of Altera Corporation's design tools, logic functions 
and other software and tools, and its AMPP partner logic 
functions, and any output files from any of the foregoing 
(including device programming or simulation files), and any 
associated documentation or information are expressly subject 
to the terms and conditions of the Altera Program License 
Subscription Agreement, Altera MegaCore Function License 
Agreement, or other applicable license agreement, including, 
without limitation, that your use is for the sole purpose of 
programming logic devices manufactured by Altera and sold by 
Altera or its authorized distributors.  Please refer to the 
applicable agreement for further details.



+------------------------------------------------------------------------------+
; Analysis & Synthesis Summary                                                 ;
+------------------------------------+-----------------------------------------+
; Analysis & Synthesis Status        ; Failed - Fri Mar 20 15:37:15 2020       ;
; Quartus II Version                 ; 8.1 Build 163 10/28/2008 SJ Web Edition ;
; Revision Name                      ; time                                    ;
; Top-level Entity Name              ; time                                    ;
; Family                             ; Cyclone II                              ;
; Total logic elements               ; N/A until Partition Merge               ;
;     Total combinational functions  ; N/A until Partition Merge               ;
;     Dedicated logic registers      ; N/A until Partition Merge               ;
; Total registers                    ; N/A until Partition Merge               ;
; Total pins                         ; N/A until Partition Merge               ;
; Total virtual pins                 ; N/A until Partition Merge               ;
; Total memory bits                  ; N/A until Partition Merge               ;
; Embedded Multiplier 9-bit elements ; N/A until Partition Merge               ;
; Total PLLs                         ; N/A until Partition Merge               ;
+------------------------------------+-----------------------------------------+


+----------------------------------------------------------------------------------------------------------+
; Analysis & Synthesis Settings                                                                            ;
+----------------------------------------------------------------+--------------------+--------------------+
; Option                                                         ; Setting            ; Default Value      ;
+----------------------------------------------------------------+--------------------+--------------------+
; Device                                                         ; EP2C8F256C8        ;                    ;
; Top-level entity name                                          ; time               ; time               ;
; Family name                                                    ; Cyclone II         ; Stratix II         ;
; Use Generated Physical Constraints File                        ; Off                ;                    ;
; Use smart compilation                                          ; Off                ; Off                ;
; Restructure Multiplexers                                       ; Auto               ; Auto               ;
; Create Debugging Nodes for IP Cores                            ; Off                ; Off                ;
; Preserve fewer node names                                      ; On                 ; On                 ;
; Disable OpenCore Plus hardware evaluation                      ; Off                ; Off                ;
; Verilog Version                                                ; Verilog_2001       ; Verilog_2001       ;
; VHDL Version                                                   ; VHDL93             ; VHDL93             ;
; State Machine Processing                                       ; Auto               ; Auto               ;
; Safe State Machine                                             ; Off                ; Off                ;
; Extract Verilog State Machines                                 ; On                 ; On                 ;
; Extract VHDL State Machines                                    ; On                 ; On                 ;
; Ignore Verilog initial constructs                              ; Off                ; Off                ;
; Iteration limit for constant Verilog loops                     ; 5000               ; 5000               ;
; Iteration limit for non-constant Verilog loops                 ; 250                ; 250                ;
; Add Pass-Through Logic to Inferred RAMs                        ; On                 ; On                 ;
; Parallel Synthesis                                             ; Off                ; Off                ;
; DSP Block Balancing                                            ; Auto               ; Auto               ;
; NOT Gate Push-Back                                             ; On                 ; On                 ;
; Power-Up Don't Care                                            ; On                 ; On                 ;
; Remove Redundant Logic Cells                                   ; Off                ; Off                ;
; Remove Duplicate Registers                                     ; On                 ; On                 ;
; Ignore CARRY Buffers                                           ; Off                ; Off                ;
; Ignore CASCADE Buffers                                         ; Off                ; Off                ;
; Ignore GLOBAL Buffers                                          ; Off                ; Off                ;
; Ignore ROW GLOBAL Buffers                                      ; Off                ; Off                ;
; Ignore LCELL Buffers                                           ; Off                ; Off                ;
; Ignore SOFT Buffers                                            ; On                 ; On                 ;
; Limit AHDL Integers to 32 Bits                                 ; Off                ; Off                ;
; Optimization Technique                                         ; Balanced           ; Balanced           ;
; Carry Chain Length                                             ; 70                 ; 70                 ;
; Auto Carry Chains                                              ; On                 ; On                 ;
; Auto Open-Drain Pins                                           ; On                 ; On                 ;
; Perform WYSIWYG Primitive Resynthesis                          ; Off                ; Off                ;
; Perform gate-level register retiming                           ; Off                ; Off                ;
; Allow register retiming to trade off Tsu/Tco with Fmax         ; On                 ; On                 ;
; Auto ROM Replacement                                           ; On                 ; On                 ;
; Auto RAM Replacement                                           ; On                 ; On                 ;
; Auto Shift Register Replacement                                ; Auto               ; Auto               ;
; Auto Clock Enable Replacement                                  ; On                 ; On                 ;
; Strict RAM Replacement                                         ; Off                ; Off                ;
; Allow Synchronous Control Signals                              ; On                 ; On                 ;
; Force Use of Synchronous Clear Signals                         ; Off                ; Off                ;
; Auto RAM to Logic Cell Conversion                              ; Off                ; Off                ;
; Auto Resource Sharing                                          ; Off                ; Off                ;
; Allow Any RAM Size For Recognition                             ; Off                ; Off                ;
; Allow Any ROM Size For Recognition                             ; Off                ; Off                ;
; Allow Any Shift Register Size For Recognition                  ; Off                ; Off                ;
; Use LogicLock Constraints during Resource Balancing            ; On                 ; On                 ;
; Ignore translate_off and synthesis_off directives              ; Off                ; Off                ;
; Show Parameter Settings Tables in Synthesis Report             ; On                 ; On                 ;
; Ignore Maximum Fan-Out Assignments                             ; Off                ; Off                ;
; Synchronization Register Chain Length                          ; 2                  ; 2                  ;
; PowerPlay Power Optimization                                   ; Normal compilation ; Normal compilation ;
; HDL message level                                              ; Level2             ; Level2             ;
; Suppress Register Optimization Related Messages                ; Off                ; Off                ;
; Number of Removed Registers Reported in Synthesis Report       ; 100                ; 100                ;
; Number of Inverted Registers Reported in Synthesis Report      ; 100                ; 100                ;
; Clock MUX Protection                                           ; On                 ; On                 ;
; Auto Gated Clock Conversion                                    ; Off                ; Off                ;
; Block Design Naming                                            ; Auto               ; Auto               ;
; SDC constraint protection                                      ; Off                ; Off                ;
; Synthesis Effort                                               ; Auto               ; Auto               ;
; Allows Asynchronous Clear Usage For Shift Register Replacement ; On                 ; On                 ;
; Analysis & Synthesis Message Level                             ; Medium             ; Medium             ;
+----------------------------------------------------------------+--------------------+--------------------+


+-------------------------------+
; Analysis & Synthesis Messages ;
+-------------------------------+
Info: *******************************************************************
Info: Running Quartus II Analysis & Synthesis
    Info: Version 8.1 Build 163 10/28/2008 SJ Web Edition
    Info: Processing started: Fri Mar 20 15:37:14 2020
Info: Command: quartus_map --read_settings_files=on --write_settings_files=off time -c time
Info: Found 2 design units, including 1 entities, in source file Div_27Mhz_to_1Hz.vhd
    Info: Found design unit 1: Div_27Mhz_to_1Hz-div_behavior
    Info: Found entity 1: Div_27Mhz_to_1Hz
Info: Found 2 design units, including 1 entities, in source file cnt_0_to_59.vhd
    Info: Found design unit 1: cnt_0_to_59-cnt_behavior
    Info: Found entity 1: cnt_0_to_59
Info: Found 2 design units, including 1 entities, in source file cnt_0_to_23.vhd
    Info: Found design unit 1: cnt_0_to_23-cnt_behavior
    Info: Found entity 1: cnt_0_to_23
Info: Found 2 design units, including 1 entities, in source file bin2bcd_5bit.vhd
    Info: Found design unit 1: bin2bcd_5bit-converter_behavior
    Info: Found entity 1: bin2bcd_5bit
Info: Found 2 design units, including 1 entities, in source file bin2bcd_6bit.vhd
    Info: Found design unit 1: bin2bcd_6bit-converter_behavior
    Info: Found entity 1: bin2bcd_6bit
Info: Found 2 design units, including 1 entities, in source file BCD_to_7seg.vhd
    Info: Found design unit 1: BCD_to_7seg-conv_behavior
    Info: Found entity 1: BCD_to_7seg
Info: Found 1 design units, including 1 entities, in source file time.bdf
    Info: Found entity 1: time
Info: Elaborating entity "time" for the top level hierarchy
Error: Illegal name "SEG_mm" -- pin name already exists
Error: Illegal name "SEG_cc" -- pin name already exists
Error: Can't elaborate top-level user hierarchy
Error: Quartus II Analysis & Synthesis was unsuccessful. 3 errors, 0 warnings
    Error: Peak virtual memory: 224 megabytes
    Error: Processing ended: Fri Mar 20 15:37:15 2020
    Error: Elapsed time: 00:00:01
    Error: Total CPU time (on all processors): 00:00:01


