Analysis & Synthesis report for uchebproc
Mon Jun 07 19:29:39 2021
Quartus II Version 8.1 Build 163 10/28/2008 SJ Web Edition


---------------------
; Table of Contents ;
---------------------
  1. Legal Notice
  2. Analysis & Synthesis Summary
  3. Analysis & Synthesis Settings
  4. Analysis & Synthesis Source Files Read
  5. Analysis & Synthesis Resource Usage Summary
  6. Analysis & Synthesis Resource Utilization by Entity
  7. General Register Statistics
  8. Multiplexer Restructuring Statistics (Restructuring Performed)
  9. Analysis & Synthesis Messages



----------------
; Legal Notice ;
----------------
Copyright (C) 1991-2008 Altera Corporation
Your use of Altera Corporation's design tools, logic functions 
and other software and tools, and its AMPP partner logic 
functions, and any output files from any of the foregoing 
(including device programming or simulation files), and any 
associated documentation or information are expressly subject 
to the terms and conditions of the Altera Program License 
Subscription Agreement, Altera MegaCore Function License 
Agreement, or other applicable license agreement, including, 
without limitation, that your use is for the sole purpose of 
programming logic devices manufactured by Altera and sold by 
Altera or its authorized distributors.  Please refer to the 
applicable agreement for further details.



+------------------------------------------------------------------------------+
; Analysis & Synthesis Summary                                                 ;
+------------------------------------+-----------------------------------------+
; Analysis & Synthesis Status        ; Successful - Mon Jun 07 19:29:38 2021   ;
; Quartus II Version                 ; 8.1 Build 163 10/28/2008 SJ Web Edition ;
; Revision Name                      ; uchebproc                               ;
; Top-level Entity Name              ; proc                                    ;
; Family                             ; Cyclone II                              ;
; Total logic elements               ; 148                                     ;
;     Total combinational functions  ; 148                                     ;
;     Dedicated logic registers      ; 33                                      ;
; Total registers                    ; 33                                      ;
; Total pins                         ; 50                                      ;
; Total virtual pins                 ; 0                                       ;
; Total memory bits                  ; 0                                       ;
; Embedded Multiplier 9-bit elements ; 0                                       ;
; Total PLLs                         ; 0                                       ;
+------------------------------------+-----------------------------------------+


+----------------------------------------------------------------------------------------------------------+
; Analysis & Synthesis Settings                                                                            ;
+----------------------------------------------------------------+--------------------+--------------------+
; Option                                                         ; Setting            ; Default Value      ;
+----------------------------------------------------------------+--------------------+--------------------+
; Device                                                         ; EP2C8F256C8        ;                    ;
; Top-level entity name                                          ; proc               ; uchebproc          ;
; Family name                                                    ; Cyclone II         ; Stratix II         ;
; Use Generated Physical Constraints File                        ; Off                ;                    ;
; Use smart compilation                                          ; Off                ; Off                ;
; Restructure Multiplexers                                       ; Auto               ; Auto               ;
; Create Debugging Nodes for IP Cores                            ; Off                ; Off                ;
; Preserve fewer node names                                      ; On                 ; On                 ;
; Disable OpenCore Plus hardware evaluation                      ; Off                ; Off                ;
; Verilog Version                                                ; Verilog_2001       ; Verilog_2001       ;
; VHDL Version                                                   ; VHDL93             ; VHDL93             ;
; State Machine Processing                                       ; Auto               ; Auto               ;
; Safe State Machine                                             ; Off                ; Off                ;
; Extract Verilog State Machines                                 ; On                 ; On                 ;
; Extract VHDL State Machines                                    ; On                 ; On                 ;
; Ignore Verilog initial constructs                              ; Off                ; Off                ;
; Iteration limit for constant Verilog loops                     ; 5000               ; 5000               ;
; Iteration limit for non-constant Verilog loops                 ; 250                ; 250                ;
; Add Pass-Through Logic to Inferred RAMs                        ; On                 ; On                 ;
; Parallel Synthesis                                             ; Off                ; Off                ;
; DSP Block Balancing                                            ; Auto               ; Auto               ;
; NOT Gate Push-Back                                             ; On                 ; On                 ;
; Power-Up Don't Care                                            ; On                 ; On                 ;
; Remove Redundant Logic Cells                                   ; Off                ; Off                ;
; Remove Duplicate Registers                                     ; On                 ; On                 ;
; Ignore CARRY Buffers                                           ; Off                ; Off                ;
; Ignore CASCADE Buffers                                         ; Off                ; Off                ;
; Ignore GLOBAL Buffers                                          ; Off                ; Off                ;
; Ignore ROW GLOBAL Buffers                                      ; Off                ; Off                ;
; Ignore LCELL Buffers                                           ; Off                ; Off                ;
; Ignore SOFT Buffers                                            ; On                 ; On                 ;
; Limit AHDL Integers to 32 Bits                                 ; Off                ; Off                ;
; Optimization Technique                                         ; Balanced           ; Balanced           ;
; Carry Chain Length                                             ; 70                 ; 70                 ;
; Auto Carry Chains                                              ; On                 ; On                 ;
; Auto Open-Drain Pins                                           ; On                 ; On                 ;
; Perform WYSIWYG Primitive Resynthesis                          ; Off                ; Off                ;
; Perform gate-level register retiming                           ; Off                ; Off                ;
; Allow register retiming to trade off Tsu/Tco with Fmax         ; On                 ; On                 ;
; Auto ROM Replacement                                           ; On                 ; On                 ;
; Auto RAM Replacement                                           ; On                 ; On                 ;
; Auto Shift Register Replacement                                ; Auto               ; Auto               ;
; Auto Clock Enable Replacement                                  ; On                 ; On                 ;
; Strict RAM Replacement                                         ; Off                ; Off                ;
; Allow Synchronous Control Signals                              ; On                 ; On                 ;
; Force Use of Synchronous Clear Signals                         ; Off                ; Off                ;
; Auto RAM to Logic Cell Conversion                              ; Off                ; Off                ;
; Auto Resource Sharing                                          ; Off                ; Off                ;
; Allow Any RAM Size For Recognition                             ; Off                ; Off                ;
; Allow Any ROM Size For Recognition                             ; Off                ; Off                ;
; Allow Any Shift Register Size For Recognition                  ; Off                ; Off                ;
; Use LogicLock Constraints during Resource Balancing            ; On                 ; On                 ;
; Ignore translate_off and synthesis_off directives              ; Off                ; Off                ;
; Show Parameter Settings Tables in Synthesis Report             ; On                 ; On                 ;
; Ignore Maximum Fan-Out Assignments                             ; Off                ; Off                ;
; Synchronization Register Chain Length                          ; 2                  ; 2                  ;
; PowerPlay Power Optimization                                   ; Normal compilation ; Normal compilation ;
; HDL message level                                              ; Level2             ; Level2             ;
; Suppress Register Optimization Related Messages                ; Off                ; Off                ;
; Number of Removed Registers Reported in Synthesis Report       ; 100                ; 100                ;
; Number of Inverted Registers Reported in Synthesis Report      ; 100                ; 100                ;
; Clock MUX Protection                                           ; On                 ; On                 ;
; Auto Gated Clock Conversion                                    ; Off                ; Off                ;
; Block Design Naming                                            ; Auto               ; Auto               ;
; SDC constraint protection                                      ; Off                ; Off                ;
; Synthesis Effort                                               ; Auto               ; Auto               ;
; Allows Asynchronous Clear Usage For Shift Register Replacement ; On                 ; On                 ;
; Analysis & Synthesis Message Level                             ; Medium             ; Medium             ;
+----------------------------------------------------------------+--------------------+--------------------+


+------------------------------------------------------------------------------------------------------------------------------------------+
; Analysis & Synthesis Source Files Read                                                                                                   ;
+----------------------------------+-----------------+-----------------+-------------------------------------------------------------------+
; File Name with User-Entered Path ; Used in Netlist ; File Type       ; File Name with Absolute Path                                      ;
+----------------------------------+-----------------+-----------------+-------------------------------------------------------------------+
; proc.vhd                         ; yes             ; User VHDL File  ; C:/Users/resch/Desktop/Учебка/Учёба моя/курсач/uchebproc/proc.vhd ;
+----------------------------------+-----------------+-----------------+-------------------------------------------------------------------+


+-----------------------------------------------------+
; Analysis & Synthesis Resource Usage Summary         ;
+---------------------------------------------+-------+
; Resource                                    ; Usage ;
+---------------------------------------------+-------+
; Estimated Total logic elements              ; 148   ;
;                                             ;       ;
; Total combinational functions               ; 148   ;
; Logic element usage by number of LUT inputs ;       ;
;     -- 4 input functions                    ; 81    ;
;     -- 3 input functions                    ; 54    ;
;     -- <=2 input functions                  ; 13    ;
;                                             ;       ;
; Logic elements by mode                      ;       ;
;     -- normal mode                          ; 133   ;
;     -- arithmetic mode                      ; 15    ;
;                                             ;       ;
; Total registers                             ; 33    ;
;     -- Dedicated logic registers            ; 33    ;
;     -- I/O registers                        ; 0     ;
;                                             ;       ;
; I/O pins                                    ; 50    ;
; Maximum fan-out node                        ; clk   ;
; Maximum fan-out                             ; 33    ;
; Total fan-out                               ; 665   ;
; Average fan-out                             ; 2.88  ;
+---------------------------------------------+-------+


+-----------------------------------------------------------------------------------------------------------------------------------------------------------------------------+
; Analysis & Synthesis Resource Utilization by Entity                                                                                                                         ;
+----------------------------+-------------------+--------------+-------------+--------------+---------+-----------+------+--------------+---------------------+--------------+
; Compilation Hierarchy Node ; LC Combinationals ; LC Registers ; Memory Bits ; DSP Elements ; DSP 9x9 ; DSP 18x18 ; Pins ; Virtual Pins ; Full Hierarchy Name ; Library Name ;
+----------------------------+-------------------+--------------+-------------+--------------+---------+-----------+------+--------------+---------------------+--------------+
; |proc                      ; 148 (148)         ; 33 (33)      ; 0           ; 0            ; 0       ; 0         ; 50   ; 0            ; |proc               ; work         ;
+----------------------------+-------------------+--------------+-------------+--------------+---------+-----------+------+--------------+---------------------+--------------+
Note: For table entries with two numbers listed, the numbers in parentheses indicate the number of resources of the given type used by the specific entity alone. The numbers listed outside of parentheses indicate the total resources of the given type used by the specific entity and all of its sub-entities in the hierarchy.


+------------------------------------------------------+
; General Register Statistics                          ;
+----------------------------------------------+-------+
; Statistic                                    ; Value ;
+----------------------------------------------+-------+
; Total registers                              ; 33    ;
; Number of registers using Synchronous Clear  ; 0     ;
; Number of registers using Synchronous Load   ; 16    ;
; Number of registers using Asynchronous Clear ; 24    ;
; Number of registers using Asynchronous Load  ; 0     ;
; Number of registers using Clock Enable       ; 0     ;
; Number of registers using Preset             ; 0     ;
+----------------------------------------------+-------+


+------------------------------------------------------------------------------------------------------------------------------------------+
; Multiplexer Restructuring Statistics (Restructuring Performed)                                                                           ;
+--------------------+-----------+---------------+----------------------+------------------------+------------+----------------------------+
; Multiplexer Inputs ; Bus Width ; Baseline Area ; Area if Restructured ; Saving if Restructured ; Registered ; Example Multiplexer Output ;
+--------------------+-----------+---------------+----------------------+------------------------+------------+----------------------------+
; 4:1                ; 8 bits    ; 16 LEs        ; 8 LEs                ; 8 LEs                  ; Yes        ; |proc|r[7]~reg0            ;
; 4:1                ; 8 bits    ; 16 LEs        ; 16 LEs               ; 0 LEs                  ; Yes        ; |proc|b[7]~reg0            ;
; 10:1               ; 8 bits    ; 48 LEs        ; 40 LEs               ; 8 LEs                  ; Yes        ; |proc|a[0]~reg0            ;
; 18:1               ; 8 bits    ; 96 LEs        ; 16 LEs               ; 80 LEs                 ; Yes        ; |proc|ip[7]~reg0           ;
; 16:1               ; 8 bits    ; 80 LEs        ; 16 LEs               ; 64 LEs                 ; No         ; |proc|Add0                 ;
+--------------------+-----------+---------------+----------------------+------------------------+------------+----------------------------+


+-------------------------------+
; Analysis & Synthesis Messages ;
+-------------------------------+
Info: *******************************************************************
Info: Running Quartus II Analysis & Synthesis
    Info: Version 8.1 Build 163 10/28/2008 SJ Web Edition
    Info: Processing started: Mon Jun 07 19:29:34 2021
Info: Command: quartus_map --read_settings_files=on --write_settings_files=off uchebproc -c uchebproc
Info: Found 2 design units, including 1 entities, in source file proc.vhd
    Info: Found design unit 1: proc-a
    Info: Found entity 1: proc
Info: Found 2 design units, including 1 entities, in source file rom.vhd
    Info: Found design unit 1: rom-SYN
    Info: Found entity 1: rom
Info: Found 1 design units, including 1 entities, in source file uchebproc.bdf
    Info: Found entity 1: uchebproc
Info: Elaborating entity "proc" for the top level hierarchy
Warning (10492): VHDL Process Statement warning at proc.vhd(17): signal "res" is read inside the Process Statement but isn't in the Process Statement's sensitivity list
Warning: The following nodes have both tri-state and non-tri-state drivers
    Warning: Inserted always-enabled tri-state buffer between "ip[0]" and its non-tri-state driver.
    Warning: Inserted always-enabled tri-state buffer between "ip[1]" and its non-tri-state driver.
    Warning: Inserted always-enabled tri-state buffer between "ip[2]" and its non-tri-state driver.
    Warning: Inserted always-enabled tri-state buffer between "ip[3]" and its non-tri-state driver.
    Warning: Inserted always-enabled tri-state buffer between "ip[4]" and its non-tri-state driver.
    Warning: Inserted always-enabled tri-state buffer between "ip[5]" and its non-tri-state driver.
    Warning: Inserted always-enabled tri-state buffer between "ip[6]" and its non-tri-state driver.
    Warning: Inserted always-enabled tri-state buffer between "ip[7]" and its non-tri-state driver.
    Warning: Inserted always-enabled tri-state buffer between "a[0]" and its non-tri-state driver.
    Warning: Inserted always-enabled tri-state buffer between "a[1]" and its non-tri-state driver.
    Warning: Inserted always-enabled tri-state buffer between "a[2]" and its non-tri-state driver.
    Warning: Inserted always-enabled tri-state buffer between "a[3]" and its non-tri-state driver.
    Warning: Inserted always-enabled tri-state buffer between "a[4]" and its non-tri-state driver.
    Warning: Inserted always-enabled tri-state buffer between "a[5]" and its non-tri-state driver.
    Warning: Inserted always-enabled tri-state buffer between "a[6]" and its non-tri-state driver.
    Warning: Inserted always-enabled tri-state buffer between "a[7]" and its non-tri-state driver.
    Warning: Inserted always-enabled tri-state buffer between "b[0]" and its non-tri-state driver.
    Warning: Inserted always-enabled tri-state buffer between "b[1]" and its non-tri-state driver.
    Warning: Inserted always-enabled tri-state buffer between "b[2]" and its non-tri-state driver.
    Warning: Inserted always-enabled tri-state buffer between "b[3]" and its non-tri-state driver.
    Warning: Inserted always-enabled tri-state buffer between "b[4]" and its non-tri-state driver.
    Warning: Inserted always-enabled tri-state buffer between "b[5]" and its non-tri-state driver.
    Warning: Inserted always-enabled tri-state buffer between "b[6]" and its non-tri-state driver.
    Warning: Inserted always-enabled tri-state buffer between "b[7]" and its non-tri-state driver.
    Warning: Inserted always-enabled tri-state buffer between "r[0]" and its non-tri-state driver.
    Warning: Inserted always-enabled tri-state buffer between "r[1]" and its non-tri-state driver.
    Warning: Inserted always-enabled tri-state buffer between "r[2]" and its non-tri-state driver.
    Warning: Inserted always-enabled tri-state buffer between "r[3]" and its non-tri-state driver.
    Warning: Inserted always-enabled tri-state buffer between "r[4]" and its non-tri-state driver.
    Warning: Inserted always-enabled tri-state buffer between "r[5]" and its non-tri-state driver.
    Warning: Inserted always-enabled tri-state buffer between "r[6]" and its non-tri-state driver.
    Warning: Inserted always-enabled tri-state buffer between "r[7]" and its non-tri-state driver.
Warning: The following bidir pins have no drivers
    Warning: Bidir "cmd[0]" has no driver
    Warning: Bidir "cmd[1]" has no driver
    Warning: Bidir "cmd[2]" has no driver
    Warning: Bidir "cmd[3]" has no driver
    Warning: Bidir "cmd[4]" has no driver
    Warning: Bidir "cmd[5]" has no driver
    Warning: Bidir "cmd[6]" has no driver
    Warning: Bidir "cmd[7]" has no driver
    Warning: Bidir "cmd[8]" has no driver
    Warning: Bidir "cmd[9]" has no driver
    Warning: Bidir "cmd[10]" has no driver
    Warning: Bidir "cmd[11]" has no driver
    Warning: Bidir "cmd[12]" has no driver
    Warning: Bidir "cmd[13]" has no driver
    Warning: Bidir "cmd[14]" has no driver
    Warning: Bidir "cmd[15]" has no driver
Info: One or more bidirs are fed by always enabled tri-state buffers
    Info: Fan-out of permanently enabled tri-state buffer feeding bidir "ip[0]" is moved to its source
    Info: Fan-out of permanently enabled tri-state buffer feeding bidir "ip[1]" is moved to its source
    Info: Fan-out of permanently enabled tri-state buffer feeding bidir "ip[2]" is moved to its source
    Info: Fan-out of permanently enabled tri-state buffer feeding bidir "ip[3]" is moved to its source
    Info: Fan-out of permanently enabled tri-state buffer feeding bidir "ip[4]" is moved to its source
    Info: Fan-out of permanently enabled tri-state buffer feeding bidir "ip[5]" is moved to its source
    Info: Fan-out of permanently enabled tri-state buffer feeding bidir "ip[6]" is moved to its source
    Info: Fan-out of permanently enabled tri-state buffer feeding bidir "ip[7]" is moved to its source
    Info: Fan-out of permanently enabled tri-state buffer feeding bidir "a[0]" is moved to its source
    Info: Fan-out of permanently enabled tri-state buffer feeding bidir "a[1]" is moved to its source
    Info: Fan-out of permanently enabled tri-state buffer feeding bidir "a[2]" is moved to its source
    Info: Fan-out of permanently enabled tri-state buffer feeding bidir "a[3]" is moved to its source
    Info: Fan-out of permanently enabled tri-state buffer feeding bidir "a[4]" is moved to its source
    Info: Fan-out of permanently enabled tri-state buffer feeding bidir "a[5]" is moved to its source
    Info: Fan-out of permanently enabled tri-state buffer feeding bidir "a[6]" is moved to its source
    Info: Fan-out of permanently enabled tri-state buffer feeding bidir "a[7]" is moved to its source
    Info: Fan-out of permanently enabled tri-state buffer feeding bidir "b[0]" is moved to its source
    Info: Fan-out of permanently enabled tri-state buffer feeding bidir "b[1]" is moved to its source
    Info: Fan-out of permanently enabled tri-state buffer feeding bidir "b[2]" is moved to its source
    Info: Fan-out of permanently enabled tri-state buffer feeding bidir "b[3]" is moved to its source
    Info: Fan-out of permanently enabled tri-state buffer feeding bidir "b[4]" is moved to its source
    Info: Fan-out of permanently enabled tri-state buffer feeding bidir "b[5]" is moved to its source
    Info: Fan-out of permanently enabled tri-state buffer feeding bidir "b[6]" is moved to its source
    Info: Fan-out of permanently enabled tri-state buffer feeding bidir "b[7]" is moved to its source
    Info: Fan-out of permanently enabled tri-state buffer feeding bidir "r[0]" is moved to its source
    Info: Fan-out of permanently enabled tri-state buffer feeding bidir "r[1]" is moved to its source
    Info: Fan-out of permanently enabled tri-state buffer feeding bidir "r[2]" is moved to its source
    Info: Fan-out of permanently enabled tri-state buffer feeding bidir "r[3]" is moved to its source
    Info: Fan-out of permanently enabled tri-state buffer feeding bidir "r[4]" is moved to its source
    Info: Fan-out of permanently enabled tri-state buffer feeding bidir "r[5]" is moved to its source
    Info: Fan-out of permanently enabled tri-state buffer feeding bidir "r[6]" is moved to its source
    Info: Fan-out of permanently enabled tri-state buffer feeding bidir "r[7]" is moved to its source
Warning: TRI or OPNDRN buffers permanently enabled
    Warning: Node "ip[0]~427"
    Warning: Node "ip[1]~428"
    Warning: Node "ip[2]~429"
    Warning: Node "ip[3]~430"
    Warning: Node "ip[4]~431"
    Warning: Node "ip[5]~432"
    Warning: Node "ip[6]~433"
    Warning: Node "ip[7]~434"
    Warning: Node "a[0]~266"
    Warning: Node "a[1]~267"
    Warning: Node "a[2]~268"
    Warning: Node "a[3]~269"
    Warning: Node "a[4]~270"
    Warning: Node "a[5]~271"
    Warning: Node "a[6]~272"
    Warning: Node "a[7]~273"
    Warning: Node "b[0]~381"
    Warning: Node "b[1]~382"
    Warning: Node "b[2]~383"
    Warning: Node "b[3]~384"
    Warning: Node "b[4]~385"
    Warning: Node "b[5]~386"
    Warning: Node "b[6]~387"
    Warning: Node "b[7]~388"
    Warning: Node "r[0]~104"
    Warning: Node "r[1]~105"
    Warning: Node "r[2]~106"
    Warning: Node "r[3]~107"
    Warning: Node "r[4]~108"
    Warning: Node "r[5]~109"
    Warning: Node "r[6]~110"
    Warning: Node "r[7]~111"
Info: Implemented 198 device resources after synthesis - the final resource count might be different
    Info: Implemented 2 input pins
    Info: Implemented 0 output pins
    Info: Implemented 48 bidirectional pins
    Info: Implemented 148 logic cells
Info: Quartus II Analysis & Synthesis was successful. 0 errors, 84 warnings
    Info: Peak virtual memory: 247 megabytes
    Info: Processing ended: Mon Jun 07 19:29:39 2021
    Info: Elapsed time: 00:00:05
    Info: Total CPU time (on all processors): 00:00:04


