Analysis & Synthesis report for Alu
Thu Nov 12 17:20:31 2015
Quartus II Version 8.1 Build 163 10/28/2008 SJ Web Edition


---------------------
; Table of Contents ;
---------------------
  1. Legal Notice
  2. Analysis & Synthesis Summary
  3. Analysis & Synthesis Settings
  4. Analysis & Synthesis Source Files Read
  5. Analysis & Synthesis Resource Usage Summary
  6. Analysis & Synthesis Resource Utilization by Entity
  7. Logic Cells Representing Combinational Loops
  8. General Register Statistics
  9. Parameter Settings for User Entity Instance: reg1:inst11|lpm_ff:lpm_ff_component
 10. Parameter Settings for User Entity Instance: reg1:inst9|lpm_ff:lpm_ff_component
 11. Parameter Settings for User Entity Instance: reg1:inst10|lpm_ff:lpm_ff_component
 12. Analysis & Synthesis Messages



----------------
; Legal Notice ;
----------------
Copyright (C) 1991-2008 Altera Corporation
Your use of Altera Corporation's design tools, logic functions 
and other software and tools, and its AMPP partner logic 
functions, and any output files from any of the foregoing 
(including device programming or simulation files), and any 
associated documentation or information are expressly subject 
to the terms and conditions of the Altera Program License 
Subscription Agreement, Altera MegaCore Function License 
Agreement, or other applicable license agreement, including, 
without limitation, that your use is for the sole purpose of 
programming logic devices manufactured by Altera and sold by 
Altera or its authorized distributors.  Please refer to the 
applicable agreement for further details.



+------------------------------------------------------------------------------+
; Analysis & Synthesis Summary                                                 ;
+------------------------------------+-----------------------------------------+
; Analysis & Synthesis Status        ; Successful - Thu Nov 12 17:20:31 2015   ;
; Quartus II Version                 ; 8.1 Build 163 10/28/2008 SJ Web Edition ;
; Revision Name                      ; Alu                                     ;
; Top-level Entity Name              ; arifmet                                 ;
; Family                             ; Cyclone II                              ;
; Total logic elements               ; 13                                      ;
;     Total combinational functions  ; 13                                      ;
;     Dedicated logic registers      ; 13                                      ;
; Total registers                    ; 13                                      ;
; Total pins                         ; 17                                      ;
; Total virtual pins                 ; 0                                       ;
; Total memory bits                  ; 0                                       ;
; Embedded Multiplier 9-bit elements ; 0                                       ;
; Total PLLs                         ; 0                                       ;
+------------------------------------+-----------------------------------------+


+----------------------------------------------------------------------------------------------------------+
; Analysis & Synthesis Settings                                                                            ;
+----------------------------------------------------------------+--------------------+--------------------+
; Option                                                         ; Setting            ; Default Value      ;
+----------------------------------------------------------------+--------------------+--------------------+
; Device                                                         ; EP2C8F256C8        ;                    ;
; Top-level entity name                                          ; arifmet            ; Alu                ;
; Family name                                                    ; Cyclone II         ; Stratix II         ;
; Use Generated Physical Constraints File                        ; Off                ;                    ;
; Use smart compilation                                          ; Off                ; Off                ;
; Restructure Multiplexers                                       ; Auto               ; Auto               ;
; Create Debugging Nodes for IP Cores                            ; Off                ; Off                ;
; Preserve fewer node names                                      ; On                 ; On                 ;
; Disable OpenCore Plus hardware evaluation                      ; Off                ; Off                ;
; Verilog Version                                                ; Verilog_2001       ; Verilog_2001       ;
; VHDL Version                                                   ; VHDL93             ; VHDL93             ;
; State Machine Processing                                       ; Auto               ; Auto               ;
; Safe State Machine                                             ; Off                ; Off                ;
; Extract Verilog State Machines                                 ; On                 ; On                 ;
; Extract VHDL State Machines                                    ; On                 ; On                 ;
; Ignore Verilog initial constructs                              ; Off                ; Off                ;
; Iteration limit for constant Verilog loops                     ; 5000               ; 5000               ;
; Iteration limit for non-constant Verilog loops                 ; 250                ; 250                ;
; Add Pass-Through Logic to Inferred RAMs                        ; On                 ; On                 ;
; Parallel Synthesis                                             ; Off                ; Off                ;
; DSP Block Balancing                                            ; Auto               ; Auto               ;
; NOT Gate Push-Back                                             ; On                 ; On                 ;
; Power-Up Don't Care                                            ; On                 ; On                 ;
; Remove Redundant Logic Cells                                   ; Off                ; Off                ;
; Remove Duplicate Registers                                     ; On                 ; On                 ;
; Ignore CARRY Buffers                                           ; Off                ; Off                ;
; Ignore CASCADE Buffers                                         ; Off                ; Off                ;
; Ignore GLOBAL Buffers                                          ; Off                ; Off                ;
; Ignore ROW GLOBAL Buffers                                      ; Off                ; Off                ;
; Ignore LCELL Buffers                                           ; Off                ; Off                ;
; Ignore SOFT Buffers                                            ; On                 ; On                 ;
; Limit AHDL Integers to 32 Bits                                 ; Off                ; Off                ;
; Optimization Technique                                         ; Balanced           ; Balanced           ;
; Carry Chain Length                                             ; 70                 ; 70                 ;
; Auto Carry Chains                                              ; On                 ; On                 ;
; Auto Open-Drain Pins                                           ; On                 ; On                 ;
; Perform WYSIWYG Primitive Resynthesis                          ; Off                ; Off                ;
; Perform gate-level register retiming                           ; Off                ; Off                ;
; Allow register retiming to trade off Tsu/Tco with Fmax         ; On                 ; On                 ;
; Auto ROM Replacement                                           ; On                 ; On                 ;
; Auto RAM Replacement                                           ; On                 ; On                 ;
; Auto Shift Register Replacement                                ; Auto               ; Auto               ;
; Auto Clock Enable Replacement                                  ; On                 ; On                 ;
; Strict RAM Replacement                                         ; Off                ; Off                ;
; Allow Synchronous Control Signals                              ; On                 ; On                 ;
; Force Use of Synchronous Clear Signals                         ; Off                ; Off                ;
; Auto RAM to Logic Cell Conversion                              ; Off                ; Off                ;
; Auto Resource Sharing                                          ; Off                ; Off                ;
; Allow Any RAM Size For Recognition                             ; Off                ; Off                ;
; Allow Any ROM Size For Recognition                             ; Off                ; Off                ;
; Allow Any Shift Register Size For Recognition                  ; Off                ; Off                ;
; Use LogicLock Constraints during Resource Balancing            ; On                 ; On                 ;
; Ignore translate_off and synthesis_off directives              ; Off                ; Off                ;
; Show Parameter Settings Tables in Synthesis Report             ; On                 ; On                 ;
; Ignore Maximum Fan-Out Assignments                             ; Off                ; Off                ;
; Synchronization Register Chain Length                          ; 2                  ; 2                  ;
; PowerPlay Power Optimization                                   ; Normal compilation ; Normal compilation ;
; HDL message level                                              ; Level2             ; Level2             ;
; Suppress Register Optimization Related Messages                ; Off                ; Off                ;
; Number of Removed Registers Reported in Synthesis Report       ; 100                ; 100                ;
; Number of Inverted Registers Reported in Synthesis Report      ; 100                ; 100                ;
; Clock MUX Protection                                           ; On                 ; On                 ;
; Auto Gated Clock Conversion                                    ; Off                ; Off                ;
; Block Design Naming                                            ; Auto               ; Auto               ;
; SDC constraint protection                                      ; Off                ; Off                ;
; Synthesis Effort                                               ; Auto               ; Auto               ;
; Allows Asynchronous Clear Usage For Shift Register Replacement ; On                 ; On                 ;
; Analysis & Synthesis Message Level                             ; Medium             ; Medium             ;
+----------------------------------------------------------------+--------------------+--------------------+


+---------------------------------------------------------------------------------------------------------------------------------------------------------+
; Analysis & Synthesis Source Files Read                                                                                                                  ;
+----------------------------------+-----------------+------------------------------------+---------------------------------------------------------------+
; File Name with User-Entered Path ; Used in Netlist ; File Type                          ; File Name with Absolute Path                                  ;
+----------------------------------+-----------------+------------------------------------+---------------------------------------------------------------+
; arifmet.bdf                      ; yes             ; User Block Diagram/Schematic File  ; G:/1/q2/q2/alu/arifmet.bdf                                    ;
; Alu.bdf                          ; yes             ; User Block Diagram/Schematic File  ; G:/1/q2/q2/alu/Alu.bdf                                        ;
; arif.bdf                         ; yes             ; User Block Diagram/Schematic File  ; G:/1/q2/q2/alu/arif.bdf                                       ;
; reg1.vhd                         ; yes             ; User Wizard-Generated File         ; G:/1/q2/q2/alu/reg1.vhd                                       ;
; lpm_ff.tdf                       ; yes             ; Megafunction                       ; c:/altera/81/quartus/libraries/megafunctions/lpm_ff.tdf       ;
; lpm_constant.inc                 ; yes             ; Megafunction                       ; c:/altera/81/quartus/libraries/megafunctions/lpm_constant.inc ;
; aglobal81.inc                    ; yes             ; Megafunction                       ; c:/altera/81/quartus/libraries/megafunctions/aglobal81.inc    ;
+----------------------------------+-----------------+------------------------------------+---------------------------------------------------------------+


+-----------------------------------------------------+
; Analysis & Synthesis Resource Usage Summary         ;
+---------------------------------------------+-------+
; Resource                                    ; Usage ;
+---------------------------------------------+-------+
; Estimated Total logic elements              ; 13    ;
;                                             ;       ;
; Total combinational functions               ; 13    ;
; Logic element usage by number of LUT inputs ;       ;
;     -- 4 input functions                    ; 8     ;
;     -- 3 input functions                    ; 0     ;
;     -- <=2 input functions                  ; 5     ;
;                                             ;       ;
; Logic elements by mode                      ;       ;
;     -- normal mode                          ; 13    ;
;     -- arithmetic mode                      ; 0     ;
;                                             ;       ;
; Total registers                             ; 13    ;
;     -- Dedicated logic registers            ; 13    ;
;     -- I/O registers                        ; 0     ;
;                                             ;       ;
; I/O pins                                    ; 17    ;
; Maximum fan-out node                        ; inst6 ;
; Maximum fan-out                             ; 8     ;
; Total fan-out                               ; 71    ;
; Average fan-out                             ; 1.65  ;
+---------------------------------------------+-------+


+-----------------------------------------------------------------------------------------------------------------------------------------------------------------------------------------------------------+
; Analysis & Synthesis Resource Utilization by Entity                                                                                                                                                       ;
+---------------------------------+-------------------+--------------+-------------+--------------+---------+-----------+------+--------------+----------------------------------------------+--------------+
; Compilation Hierarchy Node      ; LC Combinationals ; LC Registers ; Memory Bits ; DSP Elements ; DSP 9x9 ; DSP 18x18 ; Pins ; Virtual Pins ; Full Hierarchy Name                          ; Library Name ;
+---------------------------------+-------------------+--------------+-------------+--------------+---------+-----------+------+--------------+----------------------------------------------+--------------+
; |arifmet                        ; 13 (5)            ; 13 (1)       ; 0           ; 0            ; 0       ; 0         ; 17   ; 0            ; |arifmet                                     ; work         ;
;    |arif:inst|                  ; 8 (0)             ; 0 (0)        ; 0           ; 0            ; 0       ; 0         ; 0    ; 0            ; |arifmet|arif:inst                           ; work         ;
;       |Alu:inst1|               ; 2 (2)             ; 0 (0)        ; 0           ; 0            ; 0       ; 0         ; 0    ; 0            ; |arifmet|arif:inst|Alu:inst1                 ; work         ;
;       |Alu:inst2|               ; 2 (2)             ; 0 (0)        ; 0           ; 0            ; 0       ; 0         ; 0    ; 0            ; |arifmet|arif:inst|Alu:inst2                 ; work         ;
;       |Alu:inst3|               ; 2 (2)             ; 0 (0)        ; 0           ; 0            ; 0       ; 0         ; 0    ; 0            ; |arifmet|arif:inst|Alu:inst3                 ; work         ;
;       |Alu:inst|                ; 2 (2)             ; 0 (0)        ; 0           ; 0            ; 0       ; 0         ; 0    ; 0            ; |arifmet|arif:inst|Alu:inst                  ; work         ;
;    |reg1:inst10|                ; 0 (0)             ; 4 (0)        ; 0           ; 0            ; 0       ; 0         ; 0    ; 0            ; |arifmet|reg1:inst10                         ; work         ;
;       |lpm_ff:lpm_ff_component| ; 0 (0)             ; 4 (4)        ; 0           ; 0            ; 0       ; 0         ; 0    ; 0            ; |arifmet|reg1:inst10|lpm_ff:lpm_ff_component ; work         ;
;    |reg1:inst11|                ; 0 (0)             ; 4 (0)        ; 0           ; 0            ; 0       ; 0         ; 0    ; 0            ; |arifmet|reg1:inst11                         ; work         ;
;       |lpm_ff:lpm_ff_component| ; 0 (0)             ; 4 (4)        ; 0           ; 0            ; 0       ; 0         ; 0    ; 0            ; |arifmet|reg1:inst11|lpm_ff:lpm_ff_component ; work         ;
;    |reg1:inst9|                 ; 0 (0)             ; 4 (0)        ; 0           ; 0            ; 0       ; 0         ; 0    ; 0            ; |arifmet|reg1:inst9                          ; work         ;
;       |lpm_ff:lpm_ff_component| ; 0 (0)             ; 4 (4)        ; 0           ; 0            ; 0       ; 0         ; 0    ; 0            ; |arifmet|reg1:inst9|lpm_ff:lpm_ff_component  ; work         ;
+---------------------------------+-------------------+--------------+-------------+--------------+---------+-----------+------+--------------+----------------------------------------------+--------------+
Note: For table entries with two numbers listed, the numbers in parentheses indicate the number of resources of the given type used by the specific entity alone. The numbers listed outside of parentheses indicate the total resources of the given type used by the specific entity and all of its sub-entities in the hierarchy.


+------------------------------------------------------------+
; Logic Cells Representing Combinational Loops               ;
+--------------------------------------------------------+---+
; Logic Cell Name                                        ;   ;
+--------------------------------------------------------+---+
; arif:inst|Alu:inst2|inst8~0                            ;   ;
; Number of logic cells representing combinational loops ; 1 ;
+--------------------------------------------------------+---+
Note: All cells listed above may not be present at the end of synthesis due to various synthesis optimizations.


+------------------------------------------------------+
; General Register Statistics                          ;
+----------------------------------------------+-------+
; Statistic                                    ; Value ;
+----------------------------------------------+-------+
; Total registers                              ; 13    ;
; Number of registers using Synchronous Clear  ; 0     ;
; Number of registers using Synchronous Load   ; 0     ;
; Number of registers using Asynchronous Clear ; 0     ;
; Number of registers using Asynchronous Load  ; 0     ;
; Number of registers using Clock Enable       ; 0     ;
; Number of registers using Preset             ; 0     ;
+----------------------------------------------+-------+


+----------------------------------------------------------------------------------+
; Parameter Settings for User Entity Instance: reg1:inst11|lpm_ff:lpm_ff_component ;
+------------------------+------------+--------------------------------------------+
; Parameter Name         ; Value      ; Type                                       ;
+------------------------+------------+--------------------------------------------+
; LPM_WIDTH              ; 4          ; Signed Integer                             ;
; LPM_AVALUE             ; UNUSED     ; Untyped                                    ;
; LPM_SVALUE             ; UNUSED     ; Untyped                                    ;
; LPM_FFTYPE             ; DFF        ; Untyped                                    ;
; DEVICE_FAMILY          ; Cyclone II ; Untyped                                    ;
; CBXI_PARAMETER         ; NOTHING    ; Untyped                                    ;
; AUTO_CARRY_CHAINS      ; ON         ; AUTO_CARRY                                 ;
; IGNORE_CARRY_BUFFERS   ; OFF        ; IGNORE_CARRY                               ;
; AUTO_CASCADE_CHAINS    ; ON         ; AUTO_CASCADE                               ;
; IGNORE_CASCADE_BUFFERS ; OFF        ; IGNORE_CASCADE                             ;
+------------------------+------------+--------------------------------------------+
Note: In order to hide this table in the UI and the text report file, please set the "Show Parameter Settings Tables in Synthesis Report" option in "Analysis and Synthesis Settings -> More Settings" to "Off".


+---------------------------------------------------------------------------------+
; Parameter Settings for User Entity Instance: reg1:inst9|lpm_ff:lpm_ff_component ;
+------------------------+------------+-------------------------------------------+
; Parameter Name         ; Value      ; Type                                      ;
+------------------------+------------+-------------------------------------------+
; LPM_WIDTH              ; 4          ; Signed Integer                            ;
; LPM_AVALUE             ; UNUSED     ; Untyped                                   ;
; LPM_SVALUE             ; UNUSED     ; Untyped                                   ;
; LPM_FFTYPE             ; DFF        ; Untyped                                   ;
; DEVICE_FAMILY          ; Cyclone II ; Untyped                                   ;
; CBXI_PARAMETER         ; NOTHING    ; Untyped                                   ;
; AUTO_CARRY_CHAINS      ; ON         ; AUTO_CARRY                                ;
; IGNORE_CARRY_BUFFERS   ; OFF        ; IGNORE_CARRY                              ;
; AUTO_CASCADE_CHAINS    ; ON         ; AUTO_CASCADE                              ;
; IGNORE_CASCADE_BUFFERS ; OFF        ; IGNORE_CASCADE                            ;
+------------------------+------------+-------------------------------------------+
Note: In order to hide this table in the UI and the text report file, please set the "Show Parameter Settings Tables in Synthesis Report" option in "Analysis and Synthesis Settings -> More Settings" to "Off".


+----------------------------------------------------------------------------------+
; Parameter Settings for User Entity Instance: reg1:inst10|lpm_ff:lpm_ff_component ;
+------------------------+------------+--------------------------------------------+
; Parameter Name         ; Value      ; Type                                       ;
+------------------------+------------+--------------------------------------------+
; LPM_WIDTH              ; 4          ; Signed Integer                             ;
; LPM_AVALUE             ; UNUSED     ; Untyped                                    ;
; LPM_SVALUE             ; UNUSED     ; Untyped                                    ;
; LPM_FFTYPE             ; DFF        ; Untyped                                    ;
; DEVICE_FAMILY          ; Cyclone II ; Untyped                                    ;
; CBXI_PARAMETER         ; NOTHING    ; Untyped                                    ;
; AUTO_CARRY_CHAINS      ; ON         ; AUTO_CARRY                                 ;
; IGNORE_CARRY_BUFFERS   ; OFF        ; IGNORE_CARRY                               ;
; AUTO_CASCADE_CHAINS    ; ON         ; AUTO_CASCADE                               ;
; IGNORE_CASCADE_BUFFERS ; OFF        ; IGNORE_CASCADE                             ;
+------------------------+------------+--------------------------------------------+
Note: In order to hide this table in the UI and the text report file, please set the "Show Parameter Settings Tables in Synthesis Report" option in "Analysis and Synthesis Settings -> More Settings" to "Off".


+-------------------------------+
; Analysis & Synthesis Messages ;
+-------------------------------+
Info: *******************************************************************
Info: Running Quartus II Analysis & Synthesis
    Info: Version 8.1 Build 163 10/28/2008 SJ Web Edition
    Info: Processing started: Thu Nov 12 17:20:28 2015
Info: Command: quartus_map --read_settings_files=on --write_settings_files=off Alu -c Alu
Info: Found 1 design units, including 1 entities, in source file arifmet.bdf
    Info: Found entity 1: arifmet
Info: Found 1 design units, including 1 entities, in source file Alu.bdf
    Info: Found entity 1: Alu
Info: Found 1 design units, including 1 entities, in source file arif.bdf
    Info: Found entity 1: arif
Info: Found 2 design units, including 1 entities, in source file reg.vhd
    Info: Found design unit 1: reg-SYN
    Info: Found entity 1: reg
Info: Found 2 design units, including 1 entities, in source file reg2.vhd
    Info: Found design unit 1: reg2-SYN
    Info: Found entity 1: reg2
Info: Found 2 design units, including 1 entities, in source file reg1.vhd
    Info: Found design unit 1: reg1-SYN
    Info: Found entity 1: reg1
Info: Elaborating entity "arifmet" for the top level hierarchy
Info: Elaborating entity "reg1" for hierarchy "reg1:inst11"
Info: Elaborating entity "lpm_ff" for hierarchy "reg1:inst11|lpm_ff:lpm_ff_component"
Info: Elaborated megafunction instantiation "reg1:inst11|lpm_ff:lpm_ff_component"
Info: Instantiated megafunction "reg1:inst11|lpm_ff:lpm_ff_component" with the following parameter:
    Info: Parameter "lpm_fftype" = "DFF"
    Info: Parameter "lpm_type" = "LPM_FF"
    Info: Parameter "lpm_width" = "4"
Info: Elaborating entity "arif" for hierarchy "arif:inst"
Info: Elaborating entity "Alu" for hierarchy "arif:inst|Alu:inst3"
Info: Implemented 38 device resources after synthesis - the final resource count might be different
    Info: Implemented 13 input pins
    Info: Implemented 4 output pins
    Info: Implemented 21 logic cells
Info: Quartus II Analysis & Synthesis was successful. 0 errors, 0 warnings
    Info: Peak virtual memory: 224 megabytes
    Info: Processing ended: Thu Nov 12 17:20:31 2015
    Info: Elapsed time: 00:00:03
    Info: Total CPU time (on all processors): 00:00:02


