Analysis & Synthesis report for memory
Tue Dec 01 18:08:25 2015
Quartus II Version 8.1 Build 163 10/28/2008 SJ Web Edition


---------------------
; Table of Contents ;
---------------------
  1. Legal Notice
  2. Analysis & Synthesis Summary
  3. Analysis & Synthesis Settings
  4. Analysis & Synthesis Source Files Read
  5. Analysis & Synthesis Resource Usage Summary
  6. Analysis & Synthesis Resource Utilization by Entity
  7. Analysis & Synthesis RAM Summary
  8. General Register Statistics
  9. Source assignments for ram:inst1|altsyncram:altsyncram_component|altsyncram_lpa1:auto_generated
 10. Source assignments for cnt32:inst5|lpm_counter:lpm_counter_component
 11. Source assignments for cnt24:inst4|lpm_counter:lpm_counter_component
 12. Source assignments for rom:inst|altsyncram:altsyncram_component|altsyncram_9o61:auto_generated
 13. Parameter Settings for User Entity Instance: ram:inst1|altsyncram:altsyncram_component
 14. Parameter Settings for User Entity Instance: cnt32:inst5|lpm_counter:lpm_counter_component
 15. Parameter Settings for User Entity Instance: cnt24:inst4|lpm_counter:lpm_counter_component
 16. Parameter Settings for User Entity Instance: rom:inst|altsyncram:altsyncram_component
 17. Analysis & Synthesis Messages



----------------
; Legal Notice ;
----------------
Copyright (C) 1991-2008 Altera Corporation
Your use of Altera Corporation's design tools, logic functions 
and other software and tools, and its AMPP partner logic 
functions, and any output files from any of the foregoing 
(including device programming or simulation files), and any 
associated documentation or information are expressly subject 
to the terms and conditions of the Altera Program License 
Subscription Agreement, Altera MegaCore Function License 
Agreement, or other applicable license agreement, including, 
without limitation, that your use is for the sole purpose of 
programming logic devices manufactured by Altera and sold by 
Altera or its authorized distributors.  Please refer to the 
applicable agreement for further details.



+------------------------------------------------------------------------------+
; Analysis & Synthesis Summary                                                 ;
+------------------------------------+-----------------------------------------+
; Analysis & Synthesis Status        ; Successful - Tue Dec 01 18:08:25 2015   ;
; Quartus II Version                 ; 8.1 Build 163 10/28/2008 SJ Web Edition ;
; Revision Name                      ; memory                                  ;
; Top-level Entity Name              ; 2memory                                 ;
; Family                             ; Cyclone II                              ;
; Total logic elements               ; 33                                      ;
;     Total combinational functions  ; 33                                      ;
;     Dedicated logic registers      ; 29                                      ;
; Total registers                    ; 29                                      ;
; Total pins                         ; 9                                       ;
; Total virtual pins                 ; 0                                       ;
; Total memory bits                  ; 512                                     ;
; Embedded Multiplier 9-bit elements ; 0                                       ;
; Total PLLs                         ; 0                                       ;
+------------------------------------+-----------------------------------------+


+----------------------------------------------------------------------------------------------------------+
; Analysis & Synthesis Settings                                                                            ;
+----------------------------------------------------------------+--------------------+--------------------+
; Option                                                         ; Setting            ; Default Value      ;
+----------------------------------------------------------------+--------------------+--------------------+
; Device                                                         ; EP2C8F256C8        ;                    ;
; Top-level entity name                                          ; 2memory            ; memory             ;
; Family name                                                    ; Cyclone II         ; Stratix II         ;
; Use Generated Physical Constraints File                        ; Off                ;                    ;
; Use smart compilation                                          ; Off                ; Off                ;
; Restructure Multiplexers                                       ; Auto               ; Auto               ;
; Create Debugging Nodes for IP Cores                            ; Off                ; Off                ;
; Preserve fewer node names                                      ; On                 ; On                 ;
; Disable OpenCore Plus hardware evaluation                      ; Off                ; Off                ;
; Verilog Version                                                ; Verilog_2001       ; Verilog_2001       ;
; VHDL Version                                                   ; VHDL93             ; VHDL93             ;
; State Machine Processing                                       ; Auto               ; Auto               ;
; Safe State Machine                                             ; Off                ; Off                ;
; Extract Verilog State Machines                                 ; On                 ; On                 ;
; Extract VHDL State Machines                                    ; On                 ; On                 ;
; Ignore Verilog initial constructs                              ; Off                ; Off                ;
; Iteration limit for constant Verilog loops                     ; 5000               ; 5000               ;
; Iteration limit for non-constant Verilog loops                 ; 250                ; 250                ;
; Add Pass-Through Logic to Inferred RAMs                        ; On                 ; On                 ;
; Parallel Synthesis                                             ; Off                ; Off                ;
; DSP Block Balancing                                            ; Auto               ; Auto               ;
; NOT Gate Push-Back                                             ; On                 ; On                 ;
; Power-Up Don't Care                                            ; On                 ; On                 ;
; Remove Redundant Logic Cells                                   ; Off                ; Off                ;
; Remove Duplicate Registers                                     ; On                 ; On                 ;
; Ignore CARRY Buffers                                           ; Off                ; Off                ;
; Ignore CASCADE Buffers                                         ; Off                ; Off                ;
; Ignore GLOBAL Buffers                                          ; Off                ; Off                ;
; Ignore ROW GLOBAL Buffers                                      ; Off                ; Off                ;
; Ignore LCELL Buffers                                           ; Off                ; Off                ;
; Ignore SOFT Buffers                                            ; On                 ; On                 ;
; Limit AHDL Integers to 32 Bits                                 ; Off                ; Off                ;
; Optimization Technique                                         ; Balanced           ; Balanced           ;
; Carry Chain Length                                             ; 70                 ; 70                 ;
; Auto Carry Chains                                              ; On                 ; On                 ;
; Auto Open-Drain Pins                                           ; On                 ; On                 ;
; Perform WYSIWYG Primitive Resynthesis                          ; Off                ; Off                ;
; Perform gate-level register retiming                           ; Off                ; Off                ;
; Allow register retiming to trade off Tsu/Tco with Fmax         ; On                 ; On                 ;
; Auto ROM Replacement                                           ; On                 ; On                 ;
; Auto RAM Replacement                                           ; On                 ; On                 ;
; Auto Shift Register Replacement                                ; Auto               ; Auto               ;
; Auto Clock Enable Replacement                                  ; On                 ; On                 ;
; Strict RAM Replacement                                         ; Off                ; Off                ;
; Allow Synchronous Control Signals                              ; On                 ; On                 ;
; Force Use of Synchronous Clear Signals                         ; Off                ; Off                ;
; Auto RAM to Logic Cell Conversion                              ; Off                ; Off                ;
; Auto Resource Sharing                                          ; Off                ; Off                ;
; Allow Any RAM Size For Recognition                             ; Off                ; Off                ;
; Allow Any ROM Size For Recognition                             ; Off                ; Off                ;
; Allow Any Shift Register Size For Recognition                  ; Off                ; Off                ;
; Use LogicLock Constraints during Resource Balancing            ; On                 ; On                 ;
; Ignore translate_off and synthesis_off directives              ; Off                ; Off                ;
; Show Parameter Settings Tables in Synthesis Report             ; On                 ; On                 ;
; Ignore Maximum Fan-Out Assignments                             ; Off                ; Off                ;
; Synchronization Register Chain Length                          ; 2                  ; 2                  ;
; PowerPlay Power Optimization                                   ; Normal compilation ; Normal compilation ;
; HDL message level                                              ; Level2             ; Level2             ;
; Suppress Register Optimization Related Messages                ; Off                ; Off                ;
; Number of Removed Registers Reported in Synthesis Report       ; 100                ; 100                ;
; Number of Inverted Registers Reported in Synthesis Report      ; 100                ; 100                ;
; Clock MUX Protection                                           ; On                 ; On                 ;
; Auto Gated Clock Conversion                                    ; Off                ; Off                ;
; Block Design Naming                                            ; Auto               ; Auto               ;
; SDC constraint protection                                      ; Off                ; Off                ;
; Synthesis Effort                                               ; Auto               ; Auto               ;
; Allows Asynchronous Clear Usage For Shift Register Replacement ; On                 ; On                 ;
; Analysis & Synthesis Message Level                             ; Medium             ; Medium             ;
+----------------------------------------------------------------+--------------------+--------------------+


+----------------------------------------------------------------------------------------------------------------------------------------------------------------+
; Analysis & Synthesis Source Files Read                                                                                                                         ;
+----------------------------------+-----------------+------------------------------------+----------------------------------------------------------------------+
; File Name with User-Entered Path ; Used in Netlist ; File Type                          ; File Name with Absolute Path                                         ;
+----------------------------------+-----------------+------------------------------------+----------------------------------------------------------------------+
; ram.vhd                          ; yes             ; User Wizard-Generated File         ; G:/1/q2/q2/memory/ram.vhd                                            ;
; rom.vhd                          ; yes             ; User Wizard-Generated File         ; G:/1/q2/q2/memory/rom.vhd                                            ;
; cnt24.vhd                        ; yes             ; User Wizard-Generated File         ; G:/1/q2/q2/memory/cnt24.vhd                                          ;
; cnt32.vhd                        ; yes             ; User Wizard-Generated File         ; G:/1/q2/q2/memory/cnt32.vhd                                          ;
; 2memory.bdf                      ; yes             ; User Block Diagram/Schematic File  ; G:/1/q2/q2/memory/2memory.bdf                                        ;
; altsyncram.tdf                   ; yes             ; Megafunction                       ; c:/altera/81/quartus/libraries/megafunctions/altsyncram.tdf          ;
; stratix_ram_block.inc            ; yes             ; Megafunction                       ; c:/altera/81/quartus/libraries/megafunctions/stratix_ram_block.inc   ;
; lpm_mux.inc                      ; yes             ; Megafunction                       ; c:/altera/81/quartus/libraries/megafunctions/lpm_mux.inc             ;
; lpm_decode.inc                   ; yes             ; Megafunction                       ; c:/altera/81/quartus/libraries/megafunctions/lpm_decode.inc          ;
; aglobal81.inc                    ; yes             ; Megafunction                       ; c:/altera/81/quartus/libraries/megafunctions/aglobal81.inc           ;
; a_rdenreg.inc                    ; yes             ; Megafunction                       ; c:/altera/81/quartus/libraries/megafunctions/a_rdenreg.inc           ;
; altrom.inc                       ; yes             ; Megafunction                       ; c:/altera/81/quartus/libraries/megafunctions/altrom.inc              ;
; altram.inc                       ; yes             ; Megafunction                       ; c:/altera/81/quartus/libraries/megafunctions/altram.inc              ;
; altdpram.inc                     ; yes             ; Megafunction                       ; c:/altera/81/quartus/libraries/megafunctions/altdpram.inc            ;
; altqpram.inc                     ; yes             ; Megafunction                       ; c:/altera/81/quartus/libraries/megafunctions/altqpram.inc            ;
; db/altsyncram_lpa1.tdf           ; yes             ; Auto-Generated Megafunction        ; G:/1/q2/q2/memory/db/altsyncram_lpa1.tdf                             ;
; lpm_counter.tdf                  ; yes             ; Megafunction                       ; c:/altera/81/quartus/libraries/megafunctions/lpm_counter.tdf         ;
; lpm_constant.inc                 ; yes             ; Megafunction                       ; c:/altera/81/quartus/libraries/megafunctions/lpm_constant.inc        ;
; lpm_add_sub.inc                  ; yes             ; Megafunction                       ; c:/altera/81/quartus/libraries/megafunctions/lpm_add_sub.inc         ;
; cmpconst.inc                     ; yes             ; Megafunction                       ; c:/altera/81/quartus/libraries/megafunctions/cmpconst.inc            ;
; lpm_compare.inc                  ; yes             ; Megafunction                       ; c:/altera/81/quartus/libraries/megafunctions/lpm_compare.inc         ;
; lpm_counter.inc                  ; yes             ; Megafunction                       ; c:/altera/81/quartus/libraries/megafunctions/lpm_counter.inc         ;
; dffeea.inc                       ; yes             ; Megafunction                       ; c:/altera/81/quartus/libraries/megafunctions/dffeea.inc              ;
; alt_synch_counter.inc            ; yes             ; Megafunction                       ; c:/altera/81/quartus/libraries/megafunctions/alt_synch_counter.inc   ;
; alt_synch_counter_f.inc          ; yes             ; Megafunction                       ; c:/altera/81/quartus/libraries/megafunctions/alt_synch_counter_f.inc ;
; alt_counter_f10ke.inc            ; yes             ; Megafunction                       ; c:/altera/81/quartus/libraries/megafunctions/alt_counter_f10ke.inc   ;
; alt_counter_stratix.inc          ; yes             ; Megafunction                       ; c:/altera/81/quartus/libraries/megafunctions/alt_counter_stratix.inc ;
; db/cntr_b0j.tdf                  ; yes             ; Auto-Generated Megafunction        ; G:/1/q2/q2/memory/db/cntr_b0j.tdf                                    ;
; db/cmpr_9cc.tdf                  ; yes             ; Auto-Generated Megafunction        ; G:/1/q2/q2/memory/db/cmpr_9cc.tdf                                    ;
; db/cntr_amh.tdf                  ; yes             ; Auto-Generated Megafunction        ; G:/1/q2/q2/memory/db/cntr_amh.tdf                                    ;
; db/altsyncram_9o61.tdf           ; yes             ; Auto-Generated Megafunction        ; G:/1/q2/q2/memory/db/altsyncram_9o61.tdf                             ;
+----------------------------------+-----------------+------------------------------------+----------------------------------------------------------------------+


+-----------------------------------------------------+
; Analysis & Synthesis Resource Usage Summary         ;
+---------------------------------------------+-------+
; Resource                                    ; Usage ;
+---------------------------------------------+-------+
; Estimated Total logic elements              ; 33    ;
;                                             ;       ;
; Total combinational functions               ; 33    ;
; Logic element usage by number of LUT inputs ;       ;
;     -- 4 input functions                    ; 1     ;
;     -- 3 input functions                    ; 1     ;
;     -- <=2 input functions                  ; 31    ;
;                                             ;       ;
; Logic elements by mode                      ;       ;
;     -- normal mode                          ; 5     ;
;     -- arithmetic mode                      ; 28    ;
;                                             ;       ;
; Total registers                             ; 29    ;
;     -- Dedicated logic registers            ; 29    ;
;     -- I/O registers                        ; 0     ;
;                                             ;       ;
; I/O pins                                    ; 9     ;
; Total memory bits                           ; 512   ;
; Maximum fan-out node                        ; clk   ;
; Maximum fan-out                             ; 40    ;
; Total fan-out                               ; 244   ;
; Average fan-out                             ; 2.80  ;
+---------------------------------------------+-------+


+----------------------------------------------------------------------------------------------------------------------------------------------------------------------------------------------------------------------------------------------------------------------+
; Analysis & Synthesis Resource Utilization by Entity                                                                                                                                                                                                                  ;
+-------------------------------------------+-------------------+--------------+-------------+--------------+---------+-----------+------+--------------+-----------------------------------------------------------------------------------------------+--------------+
; Compilation Hierarchy Node                ; LC Combinationals ; LC Registers ; Memory Bits ; DSP Elements ; DSP 9x9 ; DSP 18x18 ; Pins ; Virtual Pins ; Full Hierarchy Name                                                                           ; Library Name ;
+-------------------------------------------+-------------------+--------------+-------------+--------------+---------+-----------+------+--------------+-----------------------------------------------------------------------------------------------+--------------+
; |2memory                                  ; 33 (1)            ; 29 (0)       ; 512         ; 0            ; 0       ; 0         ; 9    ; 0            ; |2memory                                                                                      ; work         ;
;    |cnt24:inst4|                          ; 24 (0)            ; 24 (0)       ; 0           ; 0            ; 0       ; 0         ; 0    ; 0            ; |2memory|cnt24:inst4                                                                          ; work         ;
;       |lpm_counter:lpm_counter_component| ; 24 (0)            ; 24 (0)       ; 0           ; 0            ; 0       ; 0         ; 0    ; 0            ; |2memory|cnt24:inst4|lpm_counter:lpm_counter_component                                        ; work         ;
;          |cntr_amh:auto_generated|        ; 24 (24)           ; 24 (24)      ; 0           ; 0            ; 0       ; 0         ; 0    ; 0            ; |2memory|cnt24:inst4|lpm_counter:lpm_counter_component|cntr_amh:auto_generated                ; work         ;
;    |cnt32:inst5|                          ; 8 (0)             ; 5 (0)        ; 0           ; 0            ; 0       ; 0         ; 0    ; 0            ; |2memory|cnt32:inst5                                                                          ; work         ;
;       |lpm_counter:lpm_counter_component| ; 8 (0)             ; 5 (0)        ; 0           ; 0            ; 0       ; 0         ; 0    ; 0            ; |2memory|cnt32:inst5|lpm_counter:lpm_counter_component                                        ; work         ;
;          |cntr_b0j:auto_generated|        ; 8 (7)             ; 5 (5)        ; 0           ; 0            ; 0       ; 0         ; 0    ; 0            ; |2memory|cnt32:inst5|lpm_counter:lpm_counter_component|cntr_b0j:auto_generated                ; work         ;
;             |cmpr_9cc:cmpr2|              ; 1 (1)             ; 0 (0)        ; 0           ; 0            ; 0       ; 0         ; 0    ; 0            ; |2memory|cnt32:inst5|lpm_counter:lpm_counter_component|cntr_b0j:auto_generated|cmpr_9cc:cmpr2 ; work         ;
;    |ram:inst1|                            ; 0 (0)             ; 0 (0)        ; 256         ; 0            ; 0       ; 0         ; 0    ; 0            ; |2memory|ram:inst1                                                                            ; work         ;
;       |altsyncram:altsyncram_component|   ; 0 (0)             ; 0 (0)        ; 256         ; 0            ; 0       ; 0         ; 0    ; 0            ; |2memory|ram:inst1|altsyncram:altsyncram_component                                            ; work         ;
;          |altsyncram_lpa1:auto_generated| ; 0 (0)             ; 0 (0)        ; 256         ; 0            ; 0       ; 0         ; 0    ; 0            ; |2memory|ram:inst1|altsyncram:altsyncram_component|altsyncram_lpa1:auto_generated             ; work         ;
;    |rom:inst|                             ; 0 (0)             ; 0 (0)        ; 256         ; 0            ; 0       ; 0         ; 0    ; 0            ; |2memory|rom:inst                                                                             ; work         ;
;       |altsyncram:altsyncram_component|   ; 0 (0)             ; 0 (0)        ; 256         ; 0            ; 0       ; 0         ; 0    ; 0            ; |2memory|rom:inst|altsyncram:altsyncram_component                                             ; work         ;
;          |altsyncram_9o61:auto_generated| ; 0 (0)             ; 0 (0)        ; 256         ; 0            ; 0       ; 0         ; 0    ; 0            ; |2memory|rom:inst|altsyncram:altsyncram_component|altsyncram_9o61:auto_generated              ; work         ;
+-------------------------------------------+-------------------+--------------+-------------+--------------+---------+-----------+------+--------------+-----------------------------------------------------------------------------------------------+--------------+
Note: For table entries with two numbers listed, the numbers in parentheses indicate the number of resources of the given type used by the specific entity alone. The numbers listed outside of parentheses indicate the total resources of the given type used by the specific entity and all of its sub-entities in the hierarchy.


+---------------------------------------------------------------------------------------------------------------------------------------------------------------------------------------+
; Analysis & Synthesis RAM Summary                                                                                                                                                      ;
+-------------------------------------------------------------------------------------+------+-------------+--------------+--------------+--------------+--------------+------+---------+
; Name                                                                                ; Type ; Mode        ; Port A Depth ; Port A Width ; Port B Depth ; Port B Width ; Size ; MIF     ;
+-------------------------------------------------------------------------------------+------+-------------+--------------+--------------+--------------+--------------+------+---------+
; ram:inst1|altsyncram:altsyncram_component|altsyncram_lpa1:auto_generated|ALTSYNCRAM ; AUTO ; Single Port ; 32           ; 8            ; --           ; --           ; 256  ; None    ;
; rom:inst|altsyncram:altsyncram_component|altsyncram_9o61:auto_generated|ALTSYNCRAM  ; AUTO ; ROM         ; 32           ; 8            ; --           ; --           ; 256  ; rom.mif ;
+-------------------------------------------------------------------------------------+------+-------------+--------------+--------------+--------------+--------------+------+---------+


+------------------------------------------------------+
; General Register Statistics                          ;
+----------------------------------------------+-------+
; Statistic                                    ; Value ;
+----------------------------------------------+-------+
; Total registers                              ; 29    ;
; Number of registers using Synchronous Clear  ; 0     ;
; Number of registers using Synchronous Load   ; 5     ;
; Number of registers using Asynchronous Clear ; 0     ;
; Number of registers using Asynchronous Load  ; 0     ;
; Number of registers using Clock Enable       ; 0     ;
; Number of registers using Preset             ; 0     ;
+----------------------------------------------+-------+


+-------------------------------------------------------------------------------------------------+
; Source assignments for ram:inst1|altsyncram:altsyncram_component|altsyncram_lpa1:auto_generated ;
+---------------------------------+--------------------+------+-----------------------------------+
; Assignment                      ; Value              ; From ; To                                ;
+---------------------------------+--------------------+------+-----------------------------------+
; OPTIMIZE_POWER_DURING_SYNTHESIS ; NORMAL_COMPILATION ; -    ; -                                 ;
+---------------------------------+--------------------+------+-----------------------------------+


+----------------------------------------------------------------------+
; Source assignments for cnt32:inst5|lpm_counter:lpm_counter_component ;
+---------------------------+-------+------+---------------------------+
; Assignment                ; Value ; From ; To                        ;
+---------------------------+-------+------+---------------------------+
; SUPPRESS_DA_RULE_INTERNAL ; a101  ; -    ; -                         ;
; SUPPRESS_DA_RULE_INTERNAL ; s102  ; -    ; -                         ;
; SUPPRESS_DA_RULE_INTERNAL ; s103  ; -    ; -                         ;
+---------------------------+-------+------+---------------------------+


+----------------------------------------------------------------------+
; Source assignments for cnt24:inst4|lpm_counter:lpm_counter_component ;
+---------------------------+-------+------+---------------------------+
; Assignment                ; Value ; From ; To                        ;
+---------------------------+-------+------+---------------------------+
; SUPPRESS_DA_RULE_INTERNAL ; a101  ; -    ; -                         ;
; SUPPRESS_DA_RULE_INTERNAL ; s102  ; -    ; -                         ;
; SUPPRESS_DA_RULE_INTERNAL ; s103  ; -    ; -                         ;
+---------------------------+-------+------+---------------------------+


+------------------------------------------------------------------------------------------------+
; Source assignments for rom:inst|altsyncram:altsyncram_component|altsyncram_9o61:auto_generated ;
+---------------------------------+--------------------+------+----------------------------------+
; Assignment                      ; Value              ; From ; To                               ;
+---------------------------------+--------------------+------+----------------------------------+
; OPTIMIZE_POWER_DURING_SYNTHESIS ; NORMAL_COMPILATION ; -    ; -                                ;
+---------------------------------+--------------------+------+----------------------------------+


+----------------------------------------------------------------------------------------+
; Parameter Settings for User Entity Instance: ram:inst1|altsyncram:altsyncram_component ;
+------------------------------------+----------------------+----------------------------+
; Parameter Name                     ; Value                ; Type                       ;
+------------------------------------+----------------------+----------------------------+
; BYTE_SIZE_BLOCK                    ; 8                    ; Untyped                    ;
; AUTO_CARRY_CHAINS                  ; ON                   ; AUTO_CARRY                 ;
; IGNORE_CARRY_BUFFERS               ; OFF                  ; IGNORE_CARRY               ;
; AUTO_CASCADE_CHAINS                ; ON                   ; AUTO_CASCADE               ;
; IGNORE_CASCADE_BUFFERS             ; OFF                  ; IGNORE_CASCADE             ;
; WIDTH_BYTEENA                      ; 1                    ; Untyped                    ;
; OPERATION_MODE                     ; SINGLE_PORT          ; Untyped                    ;
; WIDTH_A                            ; 8                    ; Signed Integer             ;
; WIDTHAD_A                          ; 5                    ; Signed Integer             ;
; NUMWORDS_A                         ; 32                   ; Signed Integer             ;
; OUTDATA_REG_A                      ; UNREGISTERED         ; Untyped                    ;
; ADDRESS_ACLR_A                     ; NONE                 ; Untyped                    ;
; OUTDATA_ACLR_A                     ; NONE                 ; Untyped                    ;
; WRCONTROL_ACLR_A                   ; NONE                 ; Untyped                    ;
; INDATA_ACLR_A                      ; NONE                 ; Untyped                    ;
; BYTEENA_ACLR_A                     ; NONE                 ; Untyped                    ;
; WIDTH_B                            ; 1                    ; Untyped                    ;
; WIDTHAD_B                          ; 1                    ; Untyped                    ;
; NUMWORDS_B                         ; 1                    ; Untyped                    ;
; INDATA_REG_B                       ; CLOCK1               ; Untyped                    ;
; WRCONTROL_WRADDRESS_REG_B          ; CLOCK1               ; Untyped                    ;
; RDCONTROL_REG_B                    ; CLOCK1               ; Untyped                    ;
; ADDRESS_REG_B                      ; CLOCK1               ; Untyped                    ;
; OUTDATA_REG_B                      ; UNREGISTERED         ; Untyped                    ;
; BYTEENA_REG_B                      ; CLOCK1               ; Untyped                    ;
; INDATA_ACLR_B                      ; NONE                 ; Untyped                    ;
; WRCONTROL_ACLR_B                   ; NONE                 ; Untyped                    ;
; ADDRESS_ACLR_B                     ; NONE                 ; Untyped                    ;
; OUTDATA_ACLR_B                     ; NONE                 ; Untyped                    ;
; RDCONTROL_ACLR_B                   ; NONE                 ; Untyped                    ;
; BYTEENA_ACLR_B                     ; NONE                 ; Untyped                    ;
; WIDTH_BYTEENA_A                    ; 1                    ; Signed Integer             ;
; WIDTH_BYTEENA_B                    ; 1                    ; Untyped                    ;
; RAM_BLOCK_TYPE                     ; AUTO                 ; Untyped                    ;
; BYTE_SIZE                          ; 8                    ; Untyped                    ;
; READ_DURING_WRITE_MODE_MIXED_PORTS ; DONT_CARE            ; Untyped                    ;
; READ_DURING_WRITE_MODE_PORT_A      ; NEW_DATA_NO_NBE_READ ; Untyped                    ;
; READ_DURING_WRITE_MODE_PORT_B      ; NEW_DATA_NO_NBE_READ ; Untyped                    ;
; INIT_FILE                          ; UNUSED               ; Untyped                    ;
; INIT_FILE_LAYOUT                   ; PORT_A               ; Untyped                    ;
; MAXIMUM_DEPTH                      ; 0                    ; Untyped                    ;
; CLOCK_ENABLE_INPUT_A               ; BYPASS               ; Untyped                    ;
; CLOCK_ENABLE_INPUT_B               ; NORMAL               ; Untyped                    ;
; CLOCK_ENABLE_OUTPUT_A              ; BYPASS               ; Untyped                    ;
; CLOCK_ENABLE_OUTPUT_B              ; NORMAL               ; Untyped                    ;
; CLOCK_ENABLE_CORE_A                ; USE_INPUT_CLKEN      ; Untyped                    ;
; CLOCK_ENABLE_CORE_B                ; USE_INPUT_CLKEN      ; Untyped                    ;
; ENABLE_ECC                         ; FALSE                ; Untyped                    ;
; DEVICE_FAMILY                      ; Cyclone II           ; Untyped                    ;
; CBXI_PARAMETER                     ; altsyncram_lpa1      ; Untyped                    ;
+------------------------------------+----------------------+----------------------------+
Note: In order to hide this table in the UI and the text report file, please set the "Show Parameter Settings Tables in Synthesis Report" option in "Analysis and Synthesis Settings -> More Settings" to "Off".


+--------------------------------------------------------------------------------------------+
; Parameter Settings for User Entity Instance: cnt32:inst5|lpm_counter:lpm_counter_component ;
+------------------------+-------------+-----------------------------------------------------+
; Parameter Name         ; Value       ; Type                                                ;
+------------------------+-------------+-----------------------------------------------------+
; AUTO_CARRY_CHAINS      ; ON          ; AUTO_CARRY                                          ;
; IGNORE_CARRY_BUFFERS   ; OFF         ; IGNORE_CARRY                                        ;
; AUTO_CASCADE_CHAINS    ; ON          ; AUTO_CASCADE                                        ;
; IGNORE_CASCADE_BUFFERS ; OFF         ; IGNORE_CASCADE                                      ;
; LPM_WIDTH              ; 5           ; Signed Integer                                      ;
; LPM_DIRECTION          ; UP          ; Untyped                                             ;
; LPM_MODULUS            ; 31          ; Signed Integer                                      ;
; LPM_AVALUE             ; UNUSED      ; Untyped                                             ;
; LPM_SVALUE             ; UNUSED      ; Untyped                                             ;
; LPM_PORT_UPDOWN        ; PORT_UNUSED ; Untyped                                             ;
; DEVICE_FAMILY          ; Cyclone II  ; Untyped                                             ;
; CARRY_CHAIN            ; MANUAL      ; Untyped                                             ;
; CARRY_CHAIN_LENGTH     ; 48          ; CARRY_CHAIN_LENGTH                                  ;
; NOT_GATE_PUSH_BACK     ; ON          ; NOT_GATE_PUSH_BACK                                  ;
; CARRY_CNT_EN           ; SMART       ; Untyped                                             ;
; LABWIDE_SCLR           ; ON          ; Untyped                                             ;
; USE_NEW_VERSION        ; TRUE        ; Untyped                                             ;
; CBXI_PARAMETER         ; cntr_b0j    ; Untyped                                             ;
+------------------------+-------------+-----------------------------------------------------+
Note: In order to hide this table in the UI and the text report file, please set the "Show Parameter Settings Tables in Synthesis Report" option in "Analysis and Synthesis Settings -> More Settings" to "Off".


+--------------------------------------------------------------------------------------------+
; Parameter Settings for User Entity Instance: cnt24:inst4|lpm_counter:lpm_counter_component ;
+------------------------+-------------+-----------------------------------------------------+
; Parameter Name         ; Value       ; Type                                                ;
+------------------------+-------------+-----------------------------------------------------+
; AUTO_CARRY_CHAINS      ; ON          ; AUTO_CARRY                                          ;
; IGNORE_CARRY_BUFFERS   ; OFF         ; IGNORE_CARRY                                        ;
; AUTO_CASCADE_CHAINS    ; ON          ; AUTO_CASCADE                                        ;
; IGNORE_CASCADE_BUFFERS ; OFF         ; IGNORE_CASCADE                                      ;
; LPM_WIDTH              ; 24          ; Signed Integer                                      ;
; LPM_DIRECTION          ; UP          ; Untyped                                             ;
; LPM_MODULUS            ; 0           ; Untyped                                             ;
; LPM_AVALUE             ; UNUSED      ; Untyped                                             ;
; LPM_SVALUE             ; UNUSED      ; Untyped                                             ;
; LPM_PORT_UPDOWN        ; PORT_UNUSED ; Untyped                                             ;
; DEVICE_FAMILY          ; Cyclone II  ; Untyped                                             ;
; CARRY_CHAIN            ; MANUAL      ; Untyped                                             ;
; CARRY_CHAIN_LENGTH     ; 48          ; CARRY_CHAIN_LENGTH                                  ;
; NOT_GATE_PUSH_BACK     ; ON          ; NOT_GATE_PUSH_BACK                                  ;
; CARRY_CNT_EN           ; SMART       ; Untyped                                             ;
; LABWIDE_SCLR           ; ON          ; Untyped                                             ;
; USE_NEW_VERSION        ; TRUE        ; Untyped                                             ;
; CBXI_PARAMETER         ; cntr_amh    ; Untyped                                             ;
+------------------------+-------------+-----------------------------------------------------+
Note: In order to hide this table in the UI and the text report file, please set the "Show Parameter Settings Tables in Synthesis Report" option in "Analysis and Synthesis Settings -> More Settings" to "Off".


+---------------------------------------------------------------------------------------+
; Parameter Settings for User Entity Instance: rom:inst|altsyncram:altsyncram_component ;
+------------------------------------+----------------------+---------------------------+
; Parameter Name                     ; Value                ; Type                      ;
+------------------------------------+----------------------+---------------------------+
; BYTE_SIZE_BLOCK                    ; 8                    ; Untyped                   ;
; AUTO_CARRY_CHAINS                  ; ON                   ; AUTO_CARRY                ;
; IGNORE_CARRY_BUFFERS               ; OFF                  ; IGNORE_CARRY              ;
; AUTO_CASCADE_CHAINS                ; ON                   ; AUTO_CASCADE              ;
; IGNORE_CASCADE_BUFFERS             ; OFF                  ; IGNORE_CASCADE            ;
; WIDTH_BYTEENA                      ; 1                    ; Untyped                   ;
; OPERATION_MODE                     ; ROM                  ; Untyped                   ;
; WIDTH_A                            ; 8                    ; Signed Integer            ;
; WIDTHAD_A                          ; 5                    ; Signed Integer            ;
; NUMWORDS_A                         ; 32                   ; Signed Integer            ;
; OUTDATA_REG_A                      ; CLOCK0               ; Untyped                   ;
; ADDRESS_ACLR_A                     ; NONE                 ; Untyped                   ;
; OUTDATA_ACLR_A                     ; NONE                 ; Untyped                   ;
; WRCONTROL_ACLR_A                   ; NONE                 ; Untyped                   ;
; INDATA_ACLR_A                      ; NONE                 ; Untyped                   ;
; BYTEENA_ACLR_A                     ; NONE                 ; Untyped                   ;
; WIDTH_B                            ; 1                    ; Untyped                   ;
; WIDTHAD_B                          ; 1                    ; Untyped                   ;
; NUMWORDS_B                         ; 1                    ; Untyped                   ;
; INDATA_REG_B                       ; CLOCK1               ; Untyped                   ;
; WRCONTROL_WRADDRESS_REG_B          ; CLOCK1               ; Untyped                   ;
; RDCONTROL_REG_B                    ; CLOCK1               ; Untyped                   ;
; ADDRESS_REG_B                      ; CLOCK1               ; Untyped                   ;
; OUTDATA_REG_B                      ; UNREGISTERED         ; Untyped                   ;
; BYTEENA_REG_B                      ; CLOCK1               ; Untyped                   ;
; INDATA_ACLR_B                      ; NONE                 ; Untyped                   ;
; WRCONTROL_ACLR_B                   ; NONE                 ; Untyped                   ;
; ADDRESS_ACLR_B                     ; NONE                 ; Untyped                   ;
; OUTDATA_ACLR_B                     ; NONE                 ; Untyped                   ;
; RDCONTROL_ACLR_B                   ; NONE                 ; Untyped                   ;
; BYTEENA_ACLR_B                     ; NONE                 ; Untyped                   ;
; WIDTH_BYTEENA_A                    ; 1                    ; Signed Integer            ;
; WIDTH_BYTEENA_B                    ; 1                    ; Untyped                   ;
; RAM_BLOCK_TYPE                     ; AUTO                 ; Untyped                   ;
; BYTE_SIZE                          ; 8                    ; Untyped                   ;
; READ_DURING_WRITE_MODE_MIXED_PORTS ; DONT_CARE            ; Untyped                   ;
; READ_DURING_WRITE_MODE_PORT_A      ; NEW_DATA_NO_NBE_READ ; Untyped                   ;
; READ_DURING_WRITE_MODE_PORT_B      ; NEW_DATA_NO_NBE_READ ; Untyped                   ;
; INIT_FILE                          ; rom.mif              ; Untyped                   ;
; INIT_FILE_LAYOUT                   ; PORT_A               ; Untyped                   ;
; MAXIMUM_DEPTH                      ; 0                    ; Untyped                   ;
; CLOCK_ENABLE_INPUT_A               ; BYPASS               ; Untyped                   ;
; CLOCK_ENABLE_INPUT_B               ; NORMAL               ; Untyped                   ;
; CLOCK_ENABLE_OUTPUT_A              ; BYPASS               ; Untyped                   ;
; CLOCK_ENABLE_OUTPUT_B              ; NORMAL               ; Untyped                   ;
; CLOCK_ENABLE_CORE_A                ; USE_INPUT_CLKEN      ; Untyped                   ;
; CLOCK_ENABLE_CORE_B                ; USE_INPUT_CLKEN      ; Untyped                   ;
; ENABLE_ECC                         ; FALSE                ; Untyped                   ;
; DEVICE_FAMILY                      ; Cyclone II           ; Untyped                   ;
; CBXI_PARAMETER                     ; altsyncram_9o61      ; Untyped                   ;
+------------------------------------+----------------------+---------------------------+
Note: In order to hide this table in the UI and the text report file, please set the "Show Parameter Settings Tables in Synthesis Report" option in "Analysis and Synthesis Settings -> More Settings" to "Off".


+-------------------------------+
; Analysis & Synthesis Messages ;
+-------------------------------+
Info: *******************************************************************
Info: Running Quartus II Analysis & Synthesis
    Info: Version 8.1 Build 163 10/28/2008 SJ Web Edition
    Info: Processing started: Tue Dec 01 18:08:21 2015
Info: Command: quartus_map --read_settings_files=on --write_settings_files=off memory -c memory
Warning: Can't analyze file -- file G:/1/q2/q2/memory/ramlp.vhd is missing
Warning: Can't analyze file -- file G:/1/q2/q2/memory/ram1.vhd is missing
Info: Found 2 design units, including 1 entities, in source file ramlpm.vhd
    Info: Found design unit 1: ramlpm-SYN
    Info: Found entity 1: ramlpm
Info: Found 2 design units, including 1 entities, in source file ram.vhd
    Info: Found design unit 1: ram-SYN
    Info: Found entity 1: ram
Info: Found 2 design units, including 1 entities, in source file rom.vhd
    Info: Found design unit 1: rom-SYN
    Info: Found entity 1: rom
Info: Found 1 design units, including 1 entities, in source file memory.bdf
    Info: Found entity 1: memory
Info: Found 2 design units, including 1 entities, in source file cnt24.vhd
    Info: Found design unit 1: cnt24-SYN
    Info: Found entity 1: cnt24
Info: Found 2 design units, including 1 entities, in source file cnt32.vhd
    Info: Found design unit 1: cnt32-SYN
    Info: Found entity 1: cnt32
Info: Found 1 design units, including 1 entities, in source file 2memory.bdf
    Info: Found entity 1: 2memory
Info: Elaborating entity "2memory" for the top level hierarchy
Info: Elaborating entity "ram" for hierarchy "ram:inst1"
Info: Elaborating entity "altsyncram" for hierarchy "ram:inst1|altsyncram:altsyncram_component"
Info: Elaborated megafunction instantiation "ram:inst1|altsyncram:altsyncram_component"
Info: Instantiated megafunction "ram:inst1|altsyncram:altsyncram_component" with the following parameter:
    Info: Parameter "clock_enable_input_a" = "BYPASS"
    Info: Parameter "clock_enable_output_a" = "BYPASS"
    Info: Parameter "intended_device_family" = "Cyclone II"
    Info: Parameter "lpm_hint" = "ENABLE_RUNTIME_MOD=NO"
    Info: Parameter "lpm_type" = "altsyncram"
    Info: Parameter "numwords_a" = "32"
    Info: Parameter "operation_mode" = "SINGLE_PORT"
    Info: Parameter "outdata_aclr_a" = "NONE"
    Info: Parameter "outdata_reg_a" = "UNREGISTERED"
    Info: Parameter "power_up_uninitialized" = "FALSE"
    Info: Parameter "widthad_a" = "5"
    Info: Parameter "width_a" = "8"
    Info: Parameter "width_byteena_a" = "1"
Info: Found 1 design units, including 1 entities, in source file db/altsyncram_lpa1.tdf
    Info: Found entity 1: altsyncram_lpa1
Info: Elaborating entity "altsyncram_lpa1" for hierarchy "ram:inst1|altsyncram:altsyncram_component|altsyncram_lpa1:auto_generated"
Info: Elaborating entity "cnt32" for hierarchy "cnt32:inst5"
Info: Elaborating entity "lpm_counter" for hierarchy "cnt32:inst5|lpm_counter:lpm_counter_component"
Info: Elaborated megafunction instantiation "cnt32:inst5|lpm_counter:lpm_counter_component"
Info: Instantiated megafunction "cnt32:inst5|lpm_counter:lpm_counter_component" with the following parameter:
    Info: Parameter "lpm_direction" = "UP"
    Info: Parameter "lpm_modulus" = "31"
    Info: Parameter "lpm_port_updown" = "PORT_UNUSED"
    Info: Parameter "lpm_type" = "LPM_COUNTER"
    Info: Parameter "lpm_width" = "5"
Info: Found 1 design units, including 1 entities, in source file db/cntr_b0j.tdf
    Info: Found entity 1: cntr_b0j
Info: Elaborating entity "cntr_b0j" for hierarchy "cnt32:inst5|lpm_counter:lpm_counter_component|cntr_b0j:auto_generated"
Info: Found 1 design units, including 1 entities, in source file db/cmpr_9cc.tdf
    Info: Found entity 1: cmpr_9cc
Info: Elaborating entity "cmpr_9cc" for hierarchy "cnt32:inst5|lpm_counter:lpm_counter_component|cntr_b0j:auto_generated|cmpr_9cc:cmpr2"
Info: Elaborating entity "cnt24" for hierarchy "cnt24:inst4"
Info: Elaborating entity "lpm_counter" for hierarchy "cnt24:inst4|lpm_counter:lpm_counter_component"
Info: Elaborated megafunction instantiation "cnt24:inst4|lpm_counter:lpm_counter_component"
Info: Instantiated megafunction "cnt24:inst4|lpm_counter:lpm_counter_component" with the following parameter:
    Info: Parameter "lpm_direction" = "UP"
    Info: Parameter "lpm_port_updown" = "PORT_UNUSED"
    Info: Parameter "lpm_type" = "LPM_COUNTER"
    Info: Parameter "lpm_width" = "24"
Info: Found 1 design units, including 1 entities, in source file db/cntr_amh.tdf
    Info: Found entity 1: cntr_amh
Info: Elaborating entity "cntr_amh" for hierarchy "cnt24:inst4|lpm_counter:lpm_counter_component|cntr_amh:auto_generated"
Info: Elaborating entity "rom" for hierarchy "rom:inst"
Info: Elaborating entity "altsyncram" for hierarchy "rom:inst|altsyncram:altsyncram_component"
Info: Elaborated megafunction instantiation "rom:inst|altsyncram:altsyncram_component"
Info: Instantiated megafunction "rom:inst|altsyncram:altsyncram_component" with the following parameter:
    Info: Parameter "clock_enable_input_a" = "BYPASS"
    Info: Parameter "clock_enable_output_a" = "BYPASS"
    Info: Parameter "init_file" = "rom.mif"
    Info: Parameter "intended_device_family" = "Cyclone II"
    Info: Parameter "lpm_hint" = "ENABLE_RUNTIME_MOD=NO"
    Info: Parameter "lpm_type" = "altsyncram"
    Info: Parameter "numwords_a" = "32"
    Info: Parameter "operation_mode" = "ROM"
    Info: Parameter "outdata_aclr_a" = "NONE"
    Info: Parameter "outdata_reg_a" = "CLOCK0"
    Info: Parameter "widthad_a" = "5"
    Info: Parameter "width_a" = "8"
    Info: Parameter "width_byteena_a" = "1"
Info: Found 1 design units, including 1 entities, in source file db/altsyncram_9o61.tdf
    Info: Found entity 1: altsyncram_9o61
Info: Elaborating entity "altsyncram_9o61" for hierarchy "rom:inst|altsyncram:altsyncram_component|altsyncram_9o61:auto_generated"
Info: Implemented 58 device resources after synthesis - the final resource count might be different
    Info: Implemented 1 input pins
    Info: Implemented 8 output pins
    Info: Implemented 33 logic cells
    Info: Implemented 16 RAM segments
Info: Quartus II Analysis & Synthesis was successful. 0 errors, 2 warnings
    Info: Peak virtual memory: 228 megabytes
    Info: Processing ended: Tue Dec 01 18:08:26 2015
    Info: Elapsed time: 00:00:05
    Info: Total CPU time (on all processors): 00:00:03


