Classic Timing Analyzer report for comparator
Tue Jun 01 14:13:32 2021
Quartus II Version 8.1 Build 163 10/28/2008 SJ Web Edition


---------------------
; Table of Contents ;
---------------------
  1. Legal Notice
  2. Timing Analyzer Summary
  3. Timing Analyzer Settings
  4. tpd
  5. Timing Analyzer Messages



----------------
; Legal Notice ;
----------------
Copyright (C) 1991-2008 Altera Corporation
Your use of Altera Corporation's design tools, logic functions 
and other software and tools, and its AMPP partner logic 
functions, and any output files from any of the foregoing 
(including device programming or simulation files), and any 
associated documentation or information are expressly subject 
to the terms and conditions of the Altera Program License 
Subscription Agreement, Altera MegaCore Function License 
Agreement, or other applicable license agreement, including, 
without limitation, that your use is for the sole purpose of 
programming logic devices manufactured by Altera and sold by 
Altera or its authorized distributors.  Please refer to the 
applicable agreement for further details.



+-------------------------------------------------------------------------------------------------------------------------+
; Timing Analyzer Summary                                                                                                 ;
+------------------------------+-------+---------------+-------------+-------+-----+------------+----------+--------------+
; Type                         ; Slack ; Required Time ; Actual Time ; From  ; To  ; From Clock ; To Clock ; Failed Paths ;
+------------------------------+-------+---------------+-------------+-------+-----+------------+----------+--------------+
; Worst-case tpd               ; N/A   ; None          ; 21.427 ns   ; y[31] ; xmy ; --         ; --       ; 0            ;
; Total number of failed paths ;       ;               ;             ;       ;     ;            ;          ; 0            ;
+------------------------------+-------+---------------+-------------+-------+-----+------------+----------+--------------+


+--------------------------------------------------------------------------------------------------------------------+
; Timing Analyzer Settings                                                                                           ;
+---------------------------------------------------------------------+--------------------+------+----+-------------+
; Option                                                              ; Setting            ; From ; To ; Entity Name ;
+---------------------------------------------------------------------+--------------------+------+----+-------------+
; Device Name                                                         ; EP2S15F484C3       ;      ;    ;             ;
; Timing Models                                                       ; Final              ;      ;    ;             ;
; Default hold multicycle                                             ; Same as Multicycle ;      ;    ;             ;
; Cut paths between unrelated clock domains                           ; On                 ;      ;    ;             ;
; Cut off read during write signal paths                              ; On                 ;      ;    ;             ;
; Cut off feedback from I/O pins                                      ; On                 ;      ;    ;             ;
; Report Combined Fast/Slow Timing                                    ; Off                ;      ;    ;             ;
; Ignore Clock Settings                                               ; Off                ;      ;    ;             ;
; Analyze latches as synchronous elements                             ; On                 ;      ;    ;             ;
; Enable Recovery/Removal analysis                                    ; Off                ;      ;    ;             ;
; Enable Clock Latency                                                ; Off                ;      ;    ;             ;
; Use TimeQuest Timing Analyzer                                       ; Off                ;      ;    ;             ;
; Number of source nodes to report per destination node               ; 10                 ;      ;    ;             ;
; Number of destination nodes to report                               ; 10                 ;      ;    ;             ;
; Number of paths to report                                           ; 200                ;      ;    ;             ;
; Report Minimum Timing Checks                                        ; Off                ;      ;    ;             ;
; Use Fast Timing Models                                              ; Off                ;      ;    ;             ;
; Report IO Paths Separately                                          ; Off                ;      ;    ;             ;
; Perform Multicorner Analysis                                        ; On                 ;      ;    ;             ;
; Reports the worst-case path for each clock domain and analysis      ; Off                ;      ;    ;             ;
; Removes common clock path pessimism (CCPP) during slack computation ; Off                ;      ;    ;             ;
; Output I/O Timing Endpoint                                          ; Near End           ;      ;    ;             ;
+---------------------------------------------------------------------+--------------------+------+----+-------------+


+-------------------------------------------------------------------------------------------------------------------------------+
; tpd                                                                                                                           ;
+-----------------------------------------+-----------------------------------------------------+-----------------+-------+-----+
; Slack                                   ; Required P2P Time                                   ; Actual P2P Time ; From  ; To  ;
+-----------------------------------------+-----------------------------------------------------+-----------------+-------+-----+
; N/A                                     ; None                                                ; 21.427 ns       ; y[31] ; xmy ;
; N/A                                     ; None                                                ; 20.904 ns       ; y[23] ; xmy ;
; N/A                                     ; None                                                ; 20.871 ns       ; x[23] ; xmy ;
; N/A                                     ; None                                                ; 20.779 ns       ; x[1]  ; xmy ;
; N/A                                     ; None                                                ; 20.774 ns       ; x[30] ; xmy ;
; N/A                                     ; None                                                ; 20.761 ns       ; x[19] ; xmy ;
; N/A                                     ; None                                                ; 20.579 ns       ; x[0]  ; xmy ;
; N/A                                     ; None                                                ; 20.543 ns       ; y[22] ; xmy ;
; N/A                                     ; None                                                ; 20.478 ns       ; x[18] ; xmy ;
; N/A                                     ; None                                                ; 20.449 ns       ; x[22] ; xmy ;
; N/A                                     ; None                                                ; 20.410 ns       ; y[17] ; xmy ;
; N/A                                     ; None                                                ; 20.385 ns       ; x[1]  ; xly ;
; N/A                                     ; None                                                ; 20.308 ns       ; y[31] ; xly ;
; N/A                                     ; None                                                ; 20.224 ns       ; y[27] ; xmy ;
; N/A                                     ; None                                                ; 20.185 ns       ; x[0]  ; xly ;
; N/A                                     ; None                                                ; 20.180 ns       ; x[20] ; xmy ;
; N/A                                     ; None                                                ; 20.169 ns       ; y[19] ; xmy ;
; N/A                                     ; None                                                ; 20.114 ns       ; y[20] ; xmy ;
; N/A                                     ; None                                                ; 20.099 ns       ; x[19] ; xly ;
; N/A                                     ; None                                                ; 20.016 ns       ; x[31] ; xmy ;
; N/A                                     ; None                                                ; 20.009 ns       ; y[23] ; xly ;
; N/A                                     ; None                                                ; 20.009 ns       ; y[21] ; xmy ;
; N/A                                     ; None                                                ; 19.976 ns       ; x[23] ; xly ;
; N/A                                     ; None                                                ; 19.939 ns       ; x[26] ; xmy ;
; N/A                                     ; None                                                ; 19.884 ns       ; y[18] ; xmy ;
; N/A                                     ; None                                                ; 19.829 ns       ; x[21] ; xmy ;
; N/A                                     ; None                                                ; 19.817 ns       ; x[16] ; xmy ;
; N/A                                     ; None                                                ; 19.816 ns       ; x[18] ; xly ;
; N/A                                     ; None                                                ; 19.815 ns       ; y[0]  ; xmy ;
; N/A                                     ; None                                                ; 19.760 ns       ; y[26] ; xmy ;
; N/A                                     ; None                                                ; 19.692 ns       ; y[28] ; xmy ;
; N/A                                     ; None                                                ; 19.676 ns       ; x[30] ; xly ;
; N/A                                     ; None                                                ; 19.664 ns       ; x[17] ; xmy ;
; N/A                                     ; None                                                ; 19.648 ns       ; y[22] ; xly ;
; N/A                                     ; None                                                ; 19.592 ns       ; x[27] ; xmy ;
; N/A                                     ; None                                                ; 19.554 ns       ; x[22] ; xly ;
; N/A                                     ; None                                                ; 19.542 ns       ; y[30] ; xmy ;
; N/A                                     ; None                                                ; 19.538 ns       ; y[16] ; xmy ;
; N/A                                     ; None                                                ; 19.518 ns       ; x[20] ; xly ;
; N/A                                     ; None                                                ; 19.515 ns       ; y[17] ; xly ;
; N/A                                     ; None                                                ; 19.507 ns       ; y[19] ; xly ;
; N/A                                     ; None                                                ; 19.475 ns       ; y[29] ; xmy ;
; N/A                                     ; None                                                ; 19.452 ns       ; y[20] ; xly ;
; N/A                                     ; None                                                ; 19.421 ns       ; y[0]  ; xly ;
; N/A                                     ; None                                                ; 19.329 ns       ; y[27] ; xly ;
; N/A                                     ; None                                                ; 19.321 ns       ; x[29] ; xmy ;
; N/A                                     ; None                                                ; 19.300 ns       ; x[28] ; xmy ;
; N/A                                     ; None                                                ; 19.259 ns       ; y[1]  ; xmy ;
; N/A                                     ; None                                                ; 19.222 ns       ; y[18] ; xly ;
; N/A                                     ; None                                                ; 19.114 ns       ; y[21] ; xly ;
; N/A                                     ; None                                                ; 19.103 ns       ; y[25] ; xmy ;
; N/A                                     ; None                                                ; 19.100 ns       ; y[24] ; xmy ;
; N/A                                     ; None                                                ; 19.044 ns       ; x[26] ; xly ;
; N/A                                     ; None                                                ; 18.952 ns       ; x[25] ; xmy ;
; N/A                                     ; None                                                ; 18.934 ns       ; x[21] ; xly ;
; N/A                                     ; None                                                ; 18.922 ns       ; x[16] ; xly ;
; N/A                                     ; None                                                ; 18.910 ns       ; x[31] ; xly ;
; N/A                                     ; None                                                ; 18.865 ns       ; y[1]  ; xly ;
; N/A                                     ; None                                                ; 18.865 ns       ; y[26] ; xly ;
; N/A                                     ; None                                                ; 18.816 ns       ; y[28] ; xly ;
; N/A                                     ; None                                                ; 18.813 ns       ; x[29] ; xly ;
; N/A                                     ; None                                                ; 18.769 ns       ; x[17] ; xly ;
; N/A                                     ; None                                                ; 18.731 ns       ; y[24] ; xly ;
; N/A                                     ; None                                                ; 18.697 ns       ; x[27] ; xly ;
; N/A                                     ; None                                                ; 18.643 ns       ; y[16] ; xly ;
; N/A                                     ; None                                                ; 18.577 ns       ; x[24] ; xmy ;
; N/A                                     ; None                                                ; 18.569 ns       ; y[25] ; xly ;
; N/A                                     ; None                                                ; 18.471 ns       ; y[29] ; xly ;
; N/A                                     ; None                                                ; 18.435 ns       ; y[30] ; xly ;
; N/A                                     ; None                                                ; 18.416 ns       ; x[25] ; xly ;
; N/A                                     ; None                                                ; 18.346 ns       ; x[28] ; xly ;
; N/A                                     ; None                                                ; 17.916 ns       ; x[24] ; xly ;
; N/A                                     ; None                                                ; 17.793 ns       ; y[6]  ; xmy ;
; N/A                                     ; None                                                ; 17.622 ns       ; x[2]  ; xmy ;
; N/A                                     ; None                                                ; 17.457 ns       ; y[7]  ; xmy ;
; N/A                                     ; None                                                ; 17.270 ns       ; y[2]  ; xmy ;
; N/A                                     ; None                                                ; 17.239 ns       ; y[62] ; xmy ;
; N/A                                     ; None                                                ; 17.128 ns       ; x[7]  ; xmy ;
; N/A                                     ; None                                                ; 17.101 ns       ; y[9]  ; xmy ;
; N/A                                     ; None                                                ; 16.984 ns       ; y[6]  ; xly ;
; N/A                                     ; None                                                ; 16.983 ns       ; x[6]  ; xmy ;
; N/A                                     ; None                                                ; 16.972 ns       ; x[5]  ; xmy ;
; N/A                                     ; None                                                ; 16.899 ns       ; x[62] ; xmy ;
; N/A                                     ; None                                                ; 16.813 ns       ; x[2]  ; xly ;
; N/A                                     ; None                                                ; 16.684 ns       ; y[8]  ; xmy ;
; N/A                                     ; None                                                ; 16.648 ns       ; y[7]  ; xly ;
; N/A                                     ; None                                                ; 16.606 ns       ; y[13] ; xmy ;
; N/A                                     ; None                                                ; 16.581 ns       ; y[62] ; xly ;
; N/A                                     ; None                                                ; 16.580 ns       ; y[10] ; xmy ;
; N/A                                     ; None                                                ; 16.557 ns       ; x[3]  ; xmy ;
; N/A                                     ; None                                                ; 16.555 ns       ; x[9]  ; xmy ;
; N/A                                     ; None                                                ; 16.532 ns       ; x[13] ; xmy ;
; N/A                                     ; None                                                ; 16.486 ns       ; x[63] ; xmy ;
; N/A                                     ; None                                                ; 16.461 ns       ; y[2]  ; xly ;
; N/A                                     ; None                                                ; 16.361 ns       ; x[10] ; xmy ;
; N/A                                     ; None                                                ; 16.319 ns       ; x[7]  ; xly ;
; N/A                                     ; None                                                ; 16.312 ns       ; x[5]  ; xly ;
; N/A                                     ; None                                                ; 16.269 ns       ; x[14] ; xmy ;
; N/A                                     ; None                                                ; 16.249 ns       ; x[8]  ; xmy ;
; N/A                                     ; None                                                ; 16.241 ns       ; x[62] ; xly ;
; N/A                                     ; None                                                ; 16.238 ns       ; y[9]  ; xly ;
; N/A                                     ; None                                                ; 16.218 ns       ; y[15] ; xmy ;
; N/A                                     ; None                                                ; 16.191 ns       ; y[14] ; xmy ;
; N/A                                     ; None                                                ; 16.191 ns       ; y[5]  ; xmy ;
; N/A                                     ; None                                                ; 16.174 ns       ; x[6]  ; xly ;
; N/A                                     ; None                                                ; 16.003 ns       ; y[3]  ; xmy ;
; N/A                                     ; None                                                ; 15.943 ns       ; y[63] ; xmy ;
; N/A                                     ; None                                                ; 15.927 ns       ; y[12] ; xmy ;
; N/A                                     ; None                                                ; 15.922 ns       ; y[10] ; xly ;
; N/A                                     ; None                                                ; 15.913 ns       ; x[15] ; xmy ;
; N/A                                     ; None                                                ; 15.892 ns       ; y[4]  ; xmy ;
; N/A                                     ; None                                                ; 15.828 ns       ; x[63] ; xly ;
; N/A                                     ; None                                                ; 15.821 ns       ; y[8]  ; xly ;
; N/A                                     ; None                                                ; 15.748 ns       ; x[3]  ; xly ;
; N/A                                     ; None                                                ; 15.743 ns       ; y[13] ; xly ;
; N/A                                     ; None                                                ; 15.741 ns       ; x[4]  ; xmy ;
; N/A                                     ; None                                                ; 15.703 ns       ; x[10] ; xly ;
; N/A                                     ; None                                                ; 15.692 ns       ; x[9]  ; xly ;
; N/A                                     ; None                                                ; 15.669 ns       ; x[13] ; xly ;
; N/A                                     ; None                                                ; 15.613 ns       ; x[14] ; xly ;
; N/A                                     ; None                                                ; 15.563 ns       ; y[15] ; xly ;
; N/A                                     ; None                                                ; 15.536 ns       ; y[5]  ; xly ;
; N/A                                     ; None                                                ; 15.536 ns       ; x[12] ; xmy ;
; N/A                                     ; None                                                ; 15.534 ns       ; y[14] ; xly ;
; N/A                                     ; None                                                ; 15.386 ns       ; x[8]  ; xly ;
; N/A                                     ; None                                                ; 15.285 ns       ; y[63] ; xly ;
; N/A                                     ; None                                                ; 15.258 ns       ; x[15] ; xly ;
; N/A                                     ; None                                                ; 15.244 ns       ; y[4]  ; xly ;
; N/A                                     ; None                                                ; 15.156 ns       ; y[3]  ; xly ;
; N/A                                     ; None                                                ; 15.093 ns       ; x[4]  ; xly ;
; N/A                                     ; None                                                ; 15.064 ns       ; y[12] ; xly ;
; N/A                                     ; None                                                ; 15.046 ns       ; x[57] ; xmy ;
; N/A                                     ; None                                                ; 14.959 ns       ; x[61] ; xmy ;
; N/A                                     ; None                                                ; 14.944 ns       ; y[61] ; xmy ;
; N/A                                     ; None                                                ; 14.857 ns       ; x[56] ; xmy ;
; N/A                                     ; None                                                ; 14.819 ns       ; y[31] ; xey ;
; N/A                                     ; None                                                ; 14.814 ns       ; x[11] ; xmy ;
; N/A                                     ; None                                                ; 14.774 ns       ; y[56] ; xmy ;
; N/A                                     ; None                                                ; 14.723 ns       ; x[43] ; xey ;
; N/A                                     ; None                                                ; 14.673 ns       ; x[12] ; xly ;
; N/A                                     ; None                                                ; 14.668 ns       ; y[62] ; xey ;
; N/A                                     ; None                                                ; 14.367 ns       ; x[42] ; xey ;
; N/A                                     ; None                                                ; 14.331 ns       ; y[11] ; xmy ;
; N/A                                     ; None                                                ; 14.330 ns       ; y[57] ; xmy ;
; N/A                                     ; None                                                ; 14.328 ns       ; x[62] ; xey ;
; N/A                                     ; None                                                ; 14.268 ns       ; x[57] ; xly ;
; N/A                                     ; None                                                ; 14.261 ns       ; x[60] ; xmy ;
; N/A                                     ; None                                                ; 14.187 ns       ; x[30] ; xey ;
; N/A                                     ; None                                                ; 14.160 ns       ; y[43] ; xey ;
; N/A                                     ; None                                                ; 14.034 ns       ; y[28] ; xey ;
; N/A                                     ; None                                                ; 14.032 ns       ; x[11] ; xly ;
; N/A                                     ; None                                                ; 14.027 ns       ; x[56] ; xly ;
; N/A                                     ; None                                                ; 14.026 ns       ; y[61] ; xly ;
; N/A                                     ; None                                                ; 14.021 ns       ; x[48] ; xmy ;
; N/A                                     ; None                                                ; 14.009 ns       ; y[10] ; xey ;
; N/A                                     ; None                                                ; 13.972 ns       ; y[60] ; xmy ;
; N/A                                     ; None                                                ; 13.971 ns       ; y[42] ; xey ;
; N/A                                     ; None                                                ; 13.915 ns       ; x[63] ; xey ;
; N/A                                     ; None                                                ; 13.915 ns       ; y[56] ; xly ;
; N/A                                     ; None                                                ; 13.887 ns       ; x[61] ; xly ;
; N/A                                     ; None                                                ; 13.817 ns       ; y[29] ; xey ;
; N/A                                     ; None                                                ; 13.790 ns       ; x[10] ; xey ;
; N/A                                     ; None                                                ; 13.778 ns       ; y[48] ; xmy ;
; N/A                                     ; None                                                ; 13.766 ns       ; y[11] ; xly ;
; N/A                                     ; None                                                ; 13.724 ns       ; x[49] ; xmy ;
; N/A                                     ; None                                                ; 13.661 ns       ; x[29] ; xey ;
; N/A                                     ; None                                                ; 13.646 ns       ; x[28] ; xey ;
; N/A                                     ; None                                                ; 13.549 ns       ; y[32] ; xey ;
; N/A                                     ; None                                                ; 13.483 ns       ; x[60] ; xly ;
; N/A                                     ; None                                                ; 13.428 ns       ; y[58] ; xmy ;
; N/A                                     ; None                                                ; 13.396 ns       ; y[57] ; xly ;
; N/A                                     ; None                                                ; 13.390 ns       ; x[31] ; xey ;
; N/A                                     ; None                                                ; 13.384 ns       ; y[59] ; xmy ;
; N/A                                     ; None                                                ; 13.372 ns       ; y[63] ; xey ;
; N/A                                     ; None                                                ; 13.352 ns       ; x[58] ; xmy ;
; N/A                                     ; None                                                ; 13.351 ns       ; y[49] ; xmy ;
; N/A                                     ; None                                                ; 13.254 ns       ; x[48] ; xly ;
; N/A                                     ; None                                                ; 13.236 ns       ; y[32] ; xmy ;
; N/A                                     ; None                                                ; 13.219 ns       ; x[48] ; xey ;
; N/A                                     ; None                                                ; 13.191 ns       ; y[60] ; xly ;
; N/A                                     ; None                                                ; 13.163 ns       ; x[5]  ; xey ;
; N/A                                     ; None                                                ; 13.011 ns       ; y[48] ; xly ;
; N/A                                     ; None                                                ; 12.976 ns       ; y[48] ; xey ;
; N/A                                     ; None                                                ; 12.969 ns       ; x[59] ; xmy ;
; N/A                                     ; None                                                ; 12.957 ns       ; x[49] ; xly ;
; N/A                                     ; None                                                ; 12.946 ns       ; y[30] ; xey ;
; N/A                                     ; None                                                ; 12.922 ns       ; x[49] ; xey ;
; N/A                                     ; None                                                ; 12.901 ns       ; y[23] ; xey ;
; N/A                                     ; None                                                ; 12.869 ns       ; y[33] ; xey ;
; N/A                                     ; None                                                ; 12.869 ns       ; x[55] ; xmy ;
; N/A                                     ; None                                                ; 12.868 ns       ; x[23] ; xey ;
; N/A                                     ; None                                                ; 12.831 ns       ; y[32] ; xly ;
; N/A                                     ; None                                                ; 12.807 ns       ; y[53] ; xey ;
; N/A                                     ; None                                                ; 12.776 ns       ; x[1]  ; xey ;
; N/A                                     ; None                                                ; 12.772 ns       ; x[33] ; xey ;
; N/A                                     ; None                                                ; 12.731 ns       ; y[50] ; xmy ;
; N/A                                     ; None                                                ; 12.661 ns       ; x[53] ; xey ;
; N/A                                     ; None                                                ; 12.661 ns       ; y[58] ; xly ;
; N/A                                     ; None                                                ; 12.656 ns       ; x[54] ; xmy ;
; N/A                                     ; None                                                ; 12.633 ns       ; x[32] ; xey ;
; Timing analysis restricted to 200 rows. ; To change the limit use Settings (Assignments menu) ;                 ;       ;     ;
+-----------------------------------------+-----------------------------------------------------+-----------------+-------+-----+


+--------------------------+
; Timing Analyzer Messages ;
+--------------------------+
Info: *******************************************************************
Info: Running Quartus II Classic Timing Analyzer
    Info: Version 8.1 Build 163 10/28/2008 SJ Web Edition
    Info: Processing started: Tue Jun 01 14:13:32 2021
Info: Command: quartus_tan --read_settings_files=off --write_settings_files=off comparator -c comparator --timing_analysis_only
Info: Longest tpd from source pin "y[31]" to destination pin "xmy" is 21.427 ns
    Info: 1: + IC(0.000 ns) + CELL(0.864 ns) = 0.864 ns; Loc. = PIN_N22; Fanout = 3; PIN Node = 'y[31]'
    Info: 2: + IC(5.542 ns) + CELL(0.225 ns) = 6.631 ns; Loc. = LCCOMB_X29_Y20_N6; Fanout = 1; COMB Node = 'tronecomp:inst1|hsestcomp1:inst|voscomp1:inst|cetcomp1:inst|comparator1:inst|inst13~609'
    Info: 3: + IC(0.240 ns) + CELL(0.228 ns) = 7.099 ns; Loc. = LCCOMB_X29_Y20_N24; Fanout = 1; COMB Node = 'tronecomp:inst1|hsestcomp1:inst|voscomp1:inst|cetcomp1:inst|comparator1:inst|inst13~610'
    Info: 4: + IC(1.095 ns) + CELL(0.378 ns) = 8.572 ns; Loc. = LCCOMB_X35_Y23_N4; Fanout = 1; COMB Node = 'tronecomp:inst1|hsestcomp1:inst|voscomp1:inst|cetcomp1:inst|comparator1:inst|inst13~612'
    Info: 5: + IC(1.789 ns) + CELL(0.053 ns) = 10.414 ns; Loc. = LCCOMB_X14_Y20_N18; Fanout = 1; COMB Node = 'tronecomp:inst1|hsestcomp1:inst|voscomp1:inst|cetcomp1:inst1|comparator1:inst|inst13~27'
    Info: 6: + IC(0.364 ns) + CELL(0.053 ns) = 10.831 ns; Loc. = LCCOMB_X14_Y20_N20; Fanout = 1; COMB Node = 'tronecomp:inst1|hsestcomp1:inst|voscomp1:inst1|cetcomp1:inst|comparator1:inst|inst13~27'
    Info: 7: + IC(0.199 ns) + CELL(0.053 ns) = 11.083 ns; Loc. = LCCOMB_X14_Y20_N8; Fanout = 1; COMB Node = 'tronecomp:inst1|hsestcomp1:inst|voscomp1:inst1|cetcomp1:inst1|comparator1:inst|inst13~27'
    Info: 8: + IC(0.783 ns) + CELL(0.154 ns) = 12.020 ns; Loc. = LCCOMB_X17_Y24_N14; Fanout = 1; COMB Node = 'tronecomp1:inst|hsestcomp1:inst|voscomp1:inst|cetcomp1:inst|comparator1:inst|inst13~27'
    Info: 9: + IC(0.460 ns) + CELL(0.053 ns) = 12.533 ns; Loc. = LCCOMB_X14_Y24_N22; Fanout = 1; COMB Node = 'tronecomp1:inst|hsestcomp1:inst|voscomp1:inst|cetcomp1:inst1|comparator1:inst|inst13~27'
    Info: 10: + IC(0.937 ns) + CELL(0.228 ns) = 13.698 ns; Loc. = LCCOMB_X26_Y24_N22; Fanout = 1; COMB Node = 'tronecomp1:inst|hsestcomp1:inst|voscomp1:inst1|cetcomp1:inst|comparator1:inst|inst13~27'
    Info: 11: + IC(0.525 ns) + CELL(0.357 ns) = 14.580 ns; Loc. = LCCOMB_X22_Y24_N14; Fanout = 1; COMB Node = 'tronecomp1:inst|hsestcomp1:inst|voscomp1:inst1|cetcomp1:inst1|comparator1:inst|inst13~27'
    Info: 12: + IC(0.196 ns) + CELL(0.053 ns) = 14.829 ns; Loc. = LCCOMB_X22_Y24_N2; Fanout = 1; COMB Node = 'tronecomp1:inst|hsestcomp1:inst1|voscomp1:inst|cetcomp1:inst|comparator1:inst|inst13~27'
    Info: 13: + IC(0.204 ns) + CELL(0.225 ns) = 15.258 ns; Loc. = LCCOMB_X22_Y24_N4; Fanout = 1; COMB Node = 'tronecomp1:inst|hsestcomp1:inst1|voscomp1:inst|cetcomp1:inst1|comparator1:inst|inst13~27'
    Info: 14: + IC(0.700 ns) + CELL(0.053 ns) = 16.011 ns; Loc. = LCCOMB_X14_Y24_N10; Fanout = 1; COMB Node = 'tronecomp1:inst|hsestcomp1:inst1|voscomp1:inst1|cetcomp1:inst|comparator1:inst|inst13~27'
    Info: 15: + IC(0.501 ns) + CELL(0.228 ns) = 16.740 ns; Loc. = LCCOMB_X17_Y24_N6; Fanout = 1; COMB Node = 'tronecomp1:inst|hsestcomp1:inst1|voscomp1:inst1|cetcomp1:inst1|comparator1:inst|inst13~27'
    Info: 16: + IC(1.259 ns) + CELL(0.228 ns) = 18.227 ns; Loc. = LCCOMB_X29_Y20_N10; Fanout = 1; COMB Node = 'tronecomp1:inst|hsestcomp1:inst1|voscomp1:inst1|cetcomp1:inst1|comparator1:inst2|inst13~48'
    Info: 17: + IC(1.258 ns) + CELL(1.942 ns) = 21.427 ns; Loc. = PIN_G7; Fanout = 0; PIN Node = 'xmy'
    Info: Total cell delay = 5.375 ns ( 25.09 % )
    Info: Total interconnect delay = 16.052 ns ( 74.91 % )
Info: Quartus II Classic Timing Analyzer was successful. 0 errors, 0 warnings
    Info: Peak virtual memory: 173 megabytes
    Info: Processing ended: Tue Jun 01 14:13:33 2021
    Info: Elapsed time: 00:00:01
    Info: Total CPU time (on all processors): 00:00:00


