Analysis & Synthesis report for comparator
Tue Jun 01 14:13:21 2021
Quartus II Version 8.1 Build 163 10/28/2008 SJ Web Edition


---------------------
; Table of Contents ;
---------------------
  1. Legal Notice
  2. Analysis & Synthesis Summary
  3. Analysis & Synthesis Settings
  4. Analysis & Synthesis Source Files Read
  5. Analysis & Synthesis Resource Usage Summary
  6. Analysis & Synthesis Resource Utilization by Entity
  7. General Register Statistics
  8. Analysis & Synthesis Messages



----------------
; Legal Notice ;
----------------
Copyright (C) 1991-2008 Altera Corporation
Your use of Altera Corporation's design tools, logic functions 
and other software and tools, and its AMPP partner logic 
functions, and any output files from any of the foregoing 
(including device programming or simulation files), and any 
associated documentation or information are expressly subject 
to the terms and conditions of the Altera Program License 
Subscription Agreement, Altera MegaCore Function License 
Agreement, or other applicable license agreement, including, 
without limitation, that your use is for the sole purpose of 
programming logic devices manufactured by Altera and sold by 
Altera or its authorized distributors.  Please refer to the 
applicable agreement for further details.



+-------------------------------------------------------------------------+
; Analysis & Synthesis Summary                                            ;
+-------------------------------+-----------------------------------------+
; Analysis & Synthesis Status   ; Successful - Tue Jun 01 14:13:21 2021   ;
; Quartus II Version            ; 8.1 Build 163 10/28/2008 SJ Web Edition ;
; Revision Name                 ; comparator                              ;
; Top-level Entity Name         ; hestcetcomp                             ;
; Family                        ; Stratix II                              ;
; Logic utilization             ; N/A                                     ;
;     Combinational ALUTs       ; 104                                     ;
;     Dedicated logic registers ; 0                                       ;
; Total registers               ; 0                                       ;
; Total pins                    ; 131                                     ;
; Total virtual pins            ; 0                                       ;
; Total block memory bits       ; 0                                       ;
; DSP block 9-bit elements      ; 0                                       ;
; Total PLLs                    ; 0                                       ;
; Total DLLs                    ; 0                                       ;
+-------------------------------+-----------------------------------------+


+----------------------------------------------------------------------------------------------------------+
; Analysis & Synthesis Settings                                                                            ;
+----------------------------------------------------------------+--------------------+--------------------+
; Option                                                         ; Setting            ; Default Value      ;
+----------------------------------------------------------------+--------------------+--------------------+
; Top-level entity name                                          ; hestcetcomp        ; comparator         ;
; Family name                                                    ; Stratix II         ; Stratix II         ;
; Use Generated Physical Constraints File                        ; Off                ;                    ;
; Use smart compilation                                          ; Off                ; Off                ;
; Restructure Multiplexers                                       ; Auto               ; Auto               ;
; Create Debugging Nodes for IP Cores                            ; Off                ; Off                ;
; Preserve fewer node names                                      ; On                 ; On                 ;
; Disable OpenCore Plus hardware evaluation                      ; Off                ; Off                ;
; Verilog Version                                                ; Verilog_2001       ; Verilog_2001       ;
; VHDL Version                                                   ; VHDL93             ; VHDL93             ;
; State Machine Processing                                       ; Auto               ; Auto               ;
; Safe State Machine                                             ; Off                ; Off                ;
; Extract Verilog State Machines                                 ; On                 ; On                 ;
; Extract VHDL State Machines                                    ; On                 ; On                 ;
; Ignore Verilog initial constructs                              ; Off                ; Off                ;
; Iteration limit for constant Verilog loops                     ; 5000               ; 5000               ;
; Iteration limit for non-constant Verilog loops                 ; 250                ; 250                ;
; Add Pass-Through Logic to Inferred RAMs                        ; On                 ; On                 ;
; Parallel Synthesis                                             ; Off                ; Off                ;
; DSP Block Balancing                                            ; Auto               ; Auto               ;
; NOT Gate Push-Back                                             ; On                 ; On                 ;
; Power-Up Don't Care                                            ; On                 ; On                 ;
; Remove Redundant Logic Cells                                   ; Off                ; Off                ;
; Remove Duplicate Registers                                     ; On                 ; On                 ;
; Ignore CARRY Buffers                                           ; Off                ; Off                ;
; Ignore CASCADE Buffers                                         ; Off                ; Off                ;
; Ignore GLOBAL Buffers                                          ; Off                ; Off                ;
; Ignore ROW GLOBAL Buffers                                      ; Off                ; Off                ;
; Ignore LCELL Buffers                                           ; Off                ; Off                ;
; Ignore SOFT Buffers                                            ; On                 ; On                 ;
; Limit AHDL Integers to 32 Bits                                 ; Off                ; Off                ;
; Optimization Technique                                         ; Balanced           ; Balanced           ;
; Carry Chain Length                                             ; 70                 ; 70                 ;
; Auto Carry Chains                                              ; On                 ; On                 ;
; Auto Open-Drain Pins                                           ; On                 ; On                 ;
; Perform WYSIWYG Primitive Resynthesis                          ; Off                ; Off                ;
; Perform gate-level register retiming                           ; Off                ; Off                ;
; Allow register retiming to trade off Tsu/Tco with Fmax         ; On                 ; On                 ;
; Auto ROM Replacement                                           ; On                 ; On                 ;
; Auto RAM Replacement                                           ; On                 ; On                 ;
; Auto DSP Block Replacement                                     ; On                 ; On                 ;
; Auto Shift Register Replacement                                ; Auto               ; Auto               ;
; Auto Clock Enable Replacement                                  ; On                 ; On                 ;
; Strict RAM Replacement                                         ; Off                ; Off                ;
; Allow Synchronous Control Signals                              ; On                 ; On                 ;
; Force Use of Synchronous Clear Signals                         ; Off                ; Off                ;
; Auto RAM Block Balancing                                       ; On                 ; On                 ;
; Auto RAM to Logic Cell Conversion                              ; Off                ; Off                ;
; Auto Resource Sharing                                          ; Off                ; Off                ;
; Allow Any RAM Size For Recognition                             ; Off                ; Off                ;
; Allow Any ROM Size For Recognition                             ; Off                ; Off                ;
; Allow Any Shift Register Size For Recognition                  ; Off                ; Off                ;
; Use LogicLock Constraints during Resource Balancing            ; On                 ; On                 ;
; Ignore translate_off and synthesis_off directives              ; Off                ; Off                ;
; Timing-Driven Synthesis                                        ; Off                ; Off                ;
; Show Parameter Settings Tables in Synthesis Report             ; On                 ; On                 ;
; Ignore Maximum Fan-Out Assignments                             ; Off                ; Off                ;
; Synchronization Register Chain Length                          ; 2                  ; 2                  ;
; PowerPlay Power Optimization                                   ; Normal compilation ; Normal compilation ;
; HDL message level                                              ; Level2             ; Level2             ;
; Suppress Register Optimization Related Messages                ; Off                ; Off                ;
; Number of Removed Registers Reported in Synthesis Report       ; 100                ; 100                ;
; Number of Inverted Registers Reported in Synthesis Report      ; 100                ; 100                ;
; Clock MUX Protection                                           ; On                 ; On                 ;
; Auto Gated Clock Conversion                                    ; Off                ; Off                ;
; Block Design Naming                                            ; Auto               ; Auto               ;
; SDC constraint protection                                      ; Off                ; Off                ;
; Synthesis Effort                                               ; Auto               ; Auto               ;
; Allows Asynchronous Clear Usage For Shift Register Replacement ; On                 ; On                 ;
; Analysis & Synthesis Message Level                             ; Medium             ; Medium             ;
+----------------------------------------------------------------+--------------------+--------------------+


+---------------------------------------------------------------------------------------------------------------------------------------------+
; Analysis & Synthesis Source Files Read                                                                                                      ;
+----------------------------------+-----------------+------------------------------------+---------------------------------------------------+
; File Name with User-Entered Path ; Used in Netlist ; File Type                          ; File Name with Absolute Path                      ;
+----------------------------------+-----------------+------------------------------------+---------------------------------------------------+
; comparat.bdf                     ; yes             ; User Block Diagram/Schematic File  ; G:/Курсовой проект(работа)/proekt/comparat.bdf    ;
; comparator1.bdf                  ; yes             ; User Block Diagram/Schematic File  ; G:/Курсовой проект(работа)/proekt/comparator1.bdf ;
; cetcomp.bdf                      ; yes             ; User Block Diagram/Schematic File  ; G:/Курсовой проект(работа)/proekt/cetcomp.bdf     ;
; cetcomp1.bdf                     ; yes             ; User Block Diagram/Schematic File  ; G:/Курсовой проект(работа)/proekt/cetcomp1.bdf    ;
; voscomp.bdf                      ; yes             ; User Block Diagram/Schematic File  ; G:/Курсовой проект(работа)/proekt/voscomp.bdf     ;
; voscomp1.bdf                     ; yes             ; User Block Diagram/Schematic File  ; G:/Курсовой проект(работа)/proekt/voscomp1.bdf    ;
; hsestcomp.bdf                    ; yes             ; User Block Diagram/Schematic File  ; G:/Курсовой проект(работа)/proekt/hsestcomp.bdf   ;
; hsestcomp1.bdf                   ; yes             ; User Block Diagram/Schematic File  ; G:/Курсовой проект(работа)/proekt/hsestcomp1.bdf  ;
; tronecomp.bdf                    ; yes             ; User Block Diagram/Schematic File  ; G:/Курсовой проект(работа)/proekt/tronecomp.bdf   ;
; tronecomp1.bdf                   ; yes             ; User Block Diagram/Schematic File  ; G:/Курсовой проект(работа)/proekt/tronecomp1.bdf  ;
; hestcetcomp.bdf                  ; yes             ; User Block Diagram/Schematic File  ; G:/Курсовой проект(работа)/proekt/hestcetcomp.bdf ;
+----------------------------------+-----------------+------------------------------------+---------------------------------------------------+


+-----------------------------------------------------------------------------------------------------------------------------------------+
; Analysis & Synthesis Resource Usage Summary                                                                                             ;
+-----------------------------------------------+-----------------------------------------------------------------------------------------+
; Resource                                      ; Usage                                                                                   ;
+-----------------------------------------------+-----------------------------------------------------------------------------------------+
; Estimated ALUTs Used                          ; 104                                                                                     ;
; Dedicated logic registers                     ; 0                                                                                       ;
;                                               ;                                                                                         ;
; Estimated ALUTs Unavailable                   ; 24                                                                                      ;
;                                               ;                                                                                         ;
; Total combinational functions                 ; 104                                                                                     ;
; Combinational ALUT usage by number of inputs  ;                                                                                         ;
;     -- 7 input functions                      ; 0                                                                                       ;
;     -- 6 input functions                      ; 44                                                                                      ;
;     -- 5 input functions                      ; 43                                                                                      ;
;     -- 4 input functions                      ; 15                                                                                      ;
;     -- <=3 input functions                    ; 2                                                                                       ;
;                                               ;                                                                                         ;
; Combinational ALUTs by mode                   ;                                                                                         ;
;     -- normal mode                            ; 104                                                                                     ;
;     -- extended LUT mode                      ; 0                                                                                       ;
;     -- arithmetic mode                        ; 0                                                                                       ;
;     -- shared arithmetic mode                 ; 0                                                                                       ;
;                                               ;                                                                                         ;
; Estimated ALUT/register pairs used            ; 104                                                                                     ;
;                                               ;                                                                                         ;
; Total registers                               ; 0                                                                                       ;
;     -- Dedicated logic registers              ; 0                                                                                       ;
;     -- I/O registers                          ; 0                                                                                       ;
;                                               ;                                                                                         ;
; Estimated ALMs:  partially or completely used ; 52                                                                                      ;
;                                               ;                                                                                         ;
; I/O pins                                      ; 131                                                                                     ;
; Maximum fan-out node                          ; tronecomp:inst1|hsestcomp1:inst|voscomp1:inst|cetcomp1:inst|comparator1:inst|inst14~645 ;
; Maximum fan-out                               ; 7                                                                                       ;
; Total fan-out                                 ; 546                                                                                     ;
; Average fan-out                               ; 2.32                                                                                    ;
+-----------------------------------------------+-----------------------------------------------------------------------------------------+


+---------------------------------------------------------------------------------------------------------------------------------------------------------------------------------------------------------------------------------------------------------------------------------+
; Analysis & Synthesis Resource Utilization by Entity                                                                                                                                                                                                                             ;
+------------------------------------+-------------------+--------------+-------------------+--------------+---------+-----------+-----------+------+--------------+-----------------------------------------------------------------------------------------------+--------------+
; Compilation Hierarchy Node         ; LC Combinationals ; LC Registers ; Block Memory Bits ; DSP Elements ; DSP 9x9 ; DSP 18x18 ; DSP 36x36 ; Pins ; Virtual Pins ; Full Hierarchy Name                                                                           ; Library Name ;
+------------------------------------+-------------------+--------------+-------------------+--------------+---------+-----------+-----------+------+--------------+-----------------------------------------------------------------------------------------------+--------------+
; |hestcetcomp                       ; 104 (0)           ; 0 (0)        ; 0                 ; 0            ; 0       ; 0         ; 0         ; 131  ; 0            ; |hestcetcomp                                                                                  ; work         ;
;    |tronecomp1:inst|               ; 63 (0)            ; 0 (0)        ; 0                 ; 0            ; 0       ; 0         ; 0         ; 0    ; 0            ; |hestcetcomp|tronecomp1:inst                                                                  ; work         ;
;       |hsestcomp1:inst1|           ; 47 (0)            ; 0 (0)        ; 0                 ; 0            ; 0       ; 0         ; 0         ; 0    ; 0            ; |hestcetcomp|tronecomp1:inst|hsestcomp1:inst1                                                 ; work         ;
;          |voscomp1:inst1|          ; 39 (0)            ; 0 (0)        ; 0                 ; 0            ; 0       ; 0         ; 0         ; 0    ; 0            ; |hestcetcomp|tronecomp1:inst|hsestcomp1:inst1|voscomp1:inst1                                  ; work         ;
;             |cetcomp1:inst1|       ; 35 (0)            ; 0 (0)        ; 0                 ; 0            ; 0       ; 0         ; 0         ; 0    ; 0            ; |hestcetcomp|tronecomp1:inst|hsestcomp1:inst1|voscomp1:inst1|cetcomp1:inst1                   ; work         ;
;                |comparator1:inst2| ; 31 (31)           ; 0 (0)        ; 0                 ; 0            ; 0       ; 0         ; 0         ; 0    ; 0            ; |hestcetcomp|tronecomp1:inst|hsestcomp1:inst1|voscomp1:inst1|cetcomp1:inst1|comparator1:inst2 ; work         ;
;                |comparator1:inst|  ; 4 (4)             ; 0 (0)        ; 0                 ; 0            ; 0       ; 0         ; 0         ; 0    ; 0            ; |hestcetcomp|tronecomp1:inst|hsestcomp1:inst1|voscomp1:inst1|cetcomp1:inst1|comparator1:inst  ; work         ;
;             |cetcomp1:inst|        ; 4 (0)             ; 0 (0)        ; 0                 ; 0            ; 0       ; 0         ; 0         ; 0    ; 0            ; |hestcetcomp|tronecomp1:inst|hsestcomp1:inst1|voscomp1:inst1|cetcomp1:inst                    ; work         ;
;                |comparator1:inst|  ; 4 (4)             ; 0 (0)        ; 0                 ; 0            ; 0       ; 0         ; 0         ; 0    ; 0            ; |hestcetcomp|tronecomp1:inst|hsestcomp1:inst1|voscomp1:inst1|cetcomp1:inst|comparator1:inst   ; work         ;
;          |voscomp1:inst|           ; 8 (0)             ; 0 (0)        ; 0                 ; 0            ; 0       ; 0         ; 0         ; 0    ; 0            ; |hestcetcomp|tronecomp1:inst|hsestcomp1:inst1|voscomp1:inst                                   ; work         ;
;             |cetcomp1:inst1|       ; 4 (0)             ; 0 (0)        ; 0                 ; 0            ; 0       ; 0         ; 0         ; 0    ; 0            ; |hestcetcomp|tronecomp1:inst|hsestcomp1:inst1|voscomp1:inst|cetcomp1:inst1                    ; work         ;
;                |comparator1:inst|  ; 4 (4)             ; 0 (0)        ; 0                 ; 0            ; 0       ; 0         ; 0         ; 0    ; 0            ; |hestcetcomp|tronecomp1:inst|hsestcomp1:inst1|voscomp1:inst|cetcomp1:inst1|comparator1:inst   ; work         ;
;             |cetcomp1:inst|        ; 4 (0)             ; 0 (0)        ; 0                 ; 0            ; 0       ; 0         ; 0         ; 0    ; 0            ; |hestcetcomp|tronecomp1:inst|hsestcomp1:inst1|voscomp1:inst|cetcomp1:inst                     ; work         ;
;                |comparator1:inst|  ; 4 (4)             ; 0 (0)        ; 0                 ; 0            ; 0       ; 0         ; 0         ; 0    ; 0            ; |hestcetcomp|tronecomp1:inst|hsestcomp1:inst1|voscomp1:inst|cetcomp1:inst|comparator1:inst    ; work         ;
;       |hsestcomp1:inst|            ; 16 (0)            ; 0 (0)        ; 0                 ; 0            ; 0       ; 0         ; 0         ; 0    ; 0            ; |hestcetcomp|tronecomp1:inst|hsestcomp1:inst                                                  ; work         ;
;          |voscomp1:inst1|          ; 8 (0)             ; 0 (0)        ; 0                 ; 0            ; 0       ; 0         ; 0         ; 0    ; 0            ; |hestcetcomp|tronecomp1:inst|hsestcomp1:inst|voscomp1:inst1                                   ; work         ;
;             |cetcomp1:inst1|       ; 4 (0)             ; 0 (0)        ; 0                 ; 0            ; 0       ; 0         ; 0         ; 0    ; 0            ; |hestcetcomp|tronecomp1:inst|hsestcomp1:inst|voscomp1:inst1|cetcomp1:inst1                    ; work         ;
;                |comparator1:inst|  ; 4 (4)             ; 0 (0)        ; 0                 ; 0            ; 0       ; 0         ; 0         ; 0    ; 0            ; |hestcetcomp|tronecomp1:inst|hsestcomp1:inst|voscomp1:inst1|cetcomp1:inst1|comparator1:inst   ; work         ;
;             |cetcomp1:inst|        ; 4 (0)             ; 0 (0)        ; 0                 ; 0            ; 0       ; 0         ; 0         ; 0    ; 0            ; |hestcetcomp|tronecomp1:inst|hsestcomp1:inst|voscomp1:inst1|cetcomp1:inst                     ; work         ;
;                |comparator1:inst|  ; 4 (4)             ; 0 (0)        ; 0                 ; 0            ; 0       ; 0         ; 0         ; 0    ; 0            ; |hestcetcomp|tronecomp1:inst|hsestcomp1:inst|voscomp1:inst1|cetcomp1:inst|comparator1:inst    ; work         ;
;          |voscomp1:inst|           ; 8 (0)             ; 0 (0)        ; 0                 ; 0            ; 0       ; 0         ; 0         ; 0    ; 0            ; |hestcetcomp|tronecomp1:inst|hsestcomp1:inst|voscomp1:inst                                    ; work         ;
;             |cetcomp1:inst1|       ; 4 (0)             ; 0 (0)        ; 0                 ; 0            ; 0       ; 0         ; 0         ; 0    ; 0            ; |hestcetcomp|tronecomp1:inst|hsestcomp1:inst|voscomp1:inst|cetcomp1:inst1                     ; work         ;
;                |comparator1:inst|  ; 4 (4)             ; 0 (0)        ; 0                 ; 0            ; 0       ; 0         ; 0         ; 0    ; 0            ; |hestcetcomp|tronecomp1:inst|hsestcomp1:inst|voscomp1:inst|cetcomp1:inst1|comparator1:inst    ; work         ;
;             |cetcomp1:inst|        ; 4 (0)             ; 0 (0)        ; 0                 ; 0            ; 0       ; 0         ; 0         ; 0    ; 0            ; |hestcetcomp|tronecomp1:inst|hsestcomp1:inst|voscomp1:inst|cetcomp1:inst                      ; work         ;
;                |comparator1:inst|  ; 4 (4)             ; 0 (0)        ; 0                 ; 0            ; 0       ; 0         ; 0         ; 0    ; 0            ; |hestcetcomp|tronecomp1:inst|hsestcomp1:inst|voscomp1:inst|cetcomp1:inst|comparator1:inst     ; work         ;
;    |tronecomp:inst1|               ; 41 (0)            ; 0 (0)        ; 0                 ; 0            ; 0       ; 0         ; 0         ; 0    ; 0            ; |hestcetcomp|tronecomp:inst1                                                                  ; work         ;
;       |hsestcomp1:inst|            ; 41 (0)            ; 0 (0)        ; 0                 ; 0            ; 0       ; 0         ; 0         ; 0    ; 0            ; |hestcetcomp|tronecomp:inst1|hsestcomp1:inst                                                  ; work         ;
;          |voscomp1:inst1|          ; 8 (0)             ; 0 (0)        ; 0                 ; 0            ; 0       ; 0         ; 0         ; 0    ; 0            ; |hestcetcomp|tronecomp:inst1|hsestcomp1:inst|voscomp1:inst1                                   ; work         ;
;             |cetcomp1:inst1|       ; 4 (0)             ; 0 (0)        ; 0                 ; 0            ; 0       ; 0         ; 0         ; 0    ; 0            ; |hestcetcomp|tronecomp:inst1|hsestcomp1:inst|voscomp1:inst1|cetcomp1:inst1                    ; work         ;
;                |comparator1:inst|  ; 4 (4)             ; 0 (0)        ; 0                 ; 0            ; 0       ; 0         ; 0         ; 0    ; 0            ; |hestcetcomp|tronecomp:inst1|hsestcomp1:inst|voscomp1:inst1|cetcomp1:inst1|comparator1:inst   ; work         ;
;             |cetcomp1:inst|        ; 4 (0)             ; 0 (0)        ; 0                 ; 0            ; 0       ; 0         ; 0         ; 0    ; 0            ; |hestcetcomp|tronecomp:inst1|hsestcomp1:inst|voscomp1:inst1|cetcomp1:inst                     ; work         ;
;                |comparator1:inst|  ; 4 (4)             ; 0 (0)        ; 0                 ; 0            ; 0       ; 0         ; 0         ; 0    ; 0            ; |hestcetcomp|tronecomp:inst1|hsestcomp1:inst|voscomp1:inst1|cetcomp1:inst|comparator1:inst    ; work         ;
;          |voscomp1:inst|           ; 33 (0)            ; 0 (0)        ; 0                 ; 0            ; 0       ; 0         ; 0         ; 0    ; 0            ; |hestcetcomp|tronecomp:inst1|hsestcomp1:inst|voscomp1:inst                                    ; work         ;
;             |cetcomp1:inst1|       ; 4 (0)             ; 0 (0)        ; 0                 ; 0            ; 0       ; 0         ; 0         ; 0    ; 0            ; |hestcetcomp|tronecomp:inst1|hsestcomp1:inst|voscomp1:inst|cetcomp1:inst1                     ; work         ;
;                |comparator1:inst|  ; 4 (4)             ; 0 (0)        ; 0                 ; 0            ; 0       ; 0         ; 0         ; 0    ; 0            ; |hestcetcomp|tronecomp:inst1|hsestcomp1:inst|voscomp1:inst|cetcomp1:inst1|comparator1:inst    ; work         ;
;             |cetcomp1:inst|        ; 29 (0)            ; 0 (0)        ; 0                 ; 0            ; 0       ; 0         ; 0         ; 0    ; 0            ; |hestcetcomp|tronecomp:inst1|hsestcomp1:inst|voscomp1:inst|cetcomp1:inst                      ; work         ;
;                |comparator1:inst|  ; 29 (29)           ; 0 (0)        ; 0                 ; 0            ; 0       ; 0         ; 0         ; 0    ; 0            ; |hestcetcomp|tronecomp:inst1|hsestcomp1:inst|voscomp1:inst|cetcomp1:inst|comparator1:inst     ; work         ;
+------------------------------------+-------------------+--------------+-------------------+--------------+---------+-----------+-----------+------+--------------+-----------------------------------------------------------------------------------------------+--------------+
Note: For table entries with two numbers listed, the numbers in parentheses indicate the number of resources of the given type used by the specific entity alone. The numbers listed outside of parentheses indicate the total resources of the given type used by the specific entity and all of its sub-entities in the hierarchy.


+------------------------------------------------------+
; General Register Statistics                          ;
+----------------------------------------------+-------+
; Statistic                                    ; Value ;
+----------------------------------------------+-------+
; Total registers                              ; 0     ;
; Number of registers using Synchronous Clear  ; 0     ;
; Number of registers using Synchronous Load   ; 0     ;
; Number of registers using Asynchronous Clear ; 0     ;
; Number of registers using Asynchronous Load  ; 0     ;
; Number of registers using Clock Enable       ; 0     ;
; Number of registers using Preset             ; 0     ;
+----------------------------------------------+-------+


+-------------------------------+
; Analysis & Synthesis Messages ;
+-------------------------------+
Info: *******************************************************************
Info: Running Quartus II Analysis & Synthesis
    Info: Version 8.1 Build 163 10/28/2008 SJ Web Edition
    Info: Processing started: Tue Jun 01 14:13:17 2021
Info: Command: quartus_map --read_settings_files=on --write_settings_files=off comparator -c comparator
Warning: Ignored assignments for entity "comparator" -- entity does not exist in design
    Warning: Assignment of entity set_global_assignment -name LL_ROOT_REGION ON -entity comparator -section_id "Root Region" is ignored
    Warning: Assignment of entity set_global_assignment -name LL_MEMBER_STATE LOCKED -entity comparator -section_id "Root Region" is ignored
Info: Found 1 design units, including 1 entities, in source file comparat.bdf
    Info: Found entity 1: comparat
Info: Found 1 design units, including 1 entities, in source file comparator1.bdf
    Info: Found entity 1: comparator1
Info: Found 1 design units, including 1 entities, in source file cetcomp.bdf
    Info: Found entity 1: cetcomp
Info: Found 1 design units, including 1 entities, in source file cetcomp1.bdf
    Info: Found entity 1: cetcomp1
Info: Found 1 design units, including 1 entities, in source file voscomp.bdf
    Info: Found entity 1: voscomp
Info: Found 1 design units, including 1 entities, in source file voscomp1.bdf
    Info: Found entity 1: voscomp1
Info: Found 1 design units, including 1 entities, in source file hsestcomp.bdf
    Info: Found entity 1: hsestcomp
Info: Found 1 design units, including 1 entities, in source file hsestcomp1.bdf
    Info: Found entity 1: hsestcomp1
Info: Found 1 design units, including 1 entities, in source file tronecomp.bdf
    Info: Found entity 1: tronecomp
Info: Found 1 design units, including 1 entities, in source file tronecomp1.bdf
    Info: Found entity 1: tronecomp1
Info: Found 2 design units, including 1 entities, in source file comparator01.vhd
    Info: Found design unit 1: comparator01-comparator_structural
    Info: Found entity 1: comparator01
Info: Found 2 design units, including 1 entities, in source file compar.vhd
    Info: Found design unit 1: compar-Behavioral
    Info: Found entity 1: compar
Info: Found 1 design units, including 1 entities, in source file hestcetcomp.bdf
    Info: Found entity 1: hestcetcomp
Info: Elaborating entity "hestcetcomp" for the top level hierarchy
Info: Elaborating entity "tronecomp1" for hierarchy "tronecomp1:inst"
Info: Elaborating entity "hsestcomp1" for hierarchy "tronecomp1:inst|hsestcomp1:inst1"
Info: Elaborating entity "voscomp1" for hierarchy "tronecomp1:inst|hsestcomp1:inst1|voscomp1:inst1"
Info: Elaborating entity "cetcomp1" for hierarchy "tronecomp1:inst|hsestcomp1:inst1|voscomp1:inst1|cetcomp1:inst1"
Info: Elaborating entity "comparator1" for hierarchy "tronecomp1:inst|hsestcomp1:inst1|voscomp1:inst1|cetcomp1:inst1|comparator1:inst2"
Info: Elaborating entity "tronecomp" for hierarchy "tronecomp:inst1"
Info: Elaborating entity "hsestcomp" for hierarchy "tronecomp:inst1|hsestcomp:inst1"
Info: Elaborating entity "voscomp" for hierarchy "tronecomp:inst1|hsestcomp:inst1|voscomp:inst2"
Info: Elaborating entity "cetcomp" for hierarchy "tronecomp:inst1|hsestcomp:inst1|voscomp:inst2|cetcomp:inst2"
Info: Elaborating entity "comparat" for hierarchy "tronecomp:inst1|hsestcomp:inst1|voscomp:inst2|cetcomp:inst2|comparat:inst"
Warning: Ignored assignments for entity "comparator" -- entity does not exist in design
    Warning: Assignment of entity set_global_assignment -name LL_ROOT_REGION ON -entity comparator -section_id "Root Region" is ignored
    Warning: Assignment of entity set_global_assignment -name LL_MEMBER_STATE LOCKED -entity comparator -section_id "Root Region" is ignored
Info: Implemented 235 device resources after synthesis - the final resource count might be different
    Info: Implemented 128 input pins
    Info: Implemented 3 output pins
    Info: Implemented 104 logic cells
Info: Quartus II Analysis & Synthesis was successful. 0 errors, 6 warnings
    Info: Peak virtual memory: 220 megabytes
    Info: Processing ended: Tue Jun 01 14:13:21 2021
    Info: Elapsed time: 00:00:04
    Info: Total CPU time (on all processors): 00:00:02


