Flow report for chasi2
Thu Mar 19 15:55:54 2020
Quartus II Version 8.1 Build 163 10/28/2008 SJ Web Edition


---------------------
; Table of Contents ;
---------------------
  1. Legal Notice
  2. Flow Summary
  3. Flow Settings
  4. Flow Non-Default Global Settings
  5. Flow Elapsed Time
  6. Flow OS Summary
  7. Flow Log



----------------
; Legal Notice ;
----------------
Copyright (C) 1991-2008 Altera Corporation
Your use of Altera Corporation's design tools, logic functions 
and other software and tools, and its AMPP partner logic 
functions, and any output files from any of the foregoing 
(including device programming or simulation files), and any 
associated documentation or information are expressly subject 
to the terms and conditions of the Altera Program License 
Subscription Agreement, Altera MegaCore Function License 
Agreement, or other applicable license agreement, including, 
without limitation, that your use is for the sole purpose of 
programming logic devices manufactured by Altera and sold by 
Altera or its authorized distributors.  Please refer to the 
applicable agreement for further details.



+------------------------------------------------------------------------------+
; Flow Summary                                                                 ;
+------------------------------------+-----------------------------------------+
; Flow Status                        ; Successful - Thu Mar 19 15:55:53 2020   ;
; Quartus II Version                 ; 8.1 Build 163 10/28/2008 SJ Web Edition ;
; Revision Name                      ; chasi2                                  ;
; Top-level Entity Name              ; chasi2                                  ;
; Family                             ; Cyclone II                              ;
; Device                             ; EP2C8F256C8                             ;
; Timing Models                      ; Final                                   ;
; Met timing requirements            ; No                                      ;
; Total logic elements               ; 119 / 8,256 ( 1 % )                     ;
;     Total combinational functions  ; 119 / 8,256 ( 1 % )                     ;
;     Dedicated logic registers      ; 43 / 8,256 ( < 1 % )                    ;
; Total registers                    ; 43                                      ;
; Total pins                         ; 14 / 182 ( 8 % )                        ;
; Total virtual pins                 ; 0                                       ;
; Total memory bits                  ; 0 / 165,888 ( 0 % )                     ;
; Embedded Multiplier 9-bit elements ; 0 / 36 ( 0 % )                          ;
; Total PLLs                         ; 0 / 2 ( 0 % )                           ;
+------------------------------------+-----------------------------------------+


+-----------------------------------------+
; Flow Settings                           ;
+-------------------+---------------------+
; Option            ; Setting             ;
+-------------------+---------------------+
; Start date & time ; 03/19/2020 15:55:42 ;
; Main task         ; Compilation         ;
; Revision Name     ; chasi2              ;
+-------------------+---------------------+


+--------------------------------------------------------------------------------------------------------------------+
; Flow Non-Default Global Settings                                                                                   ;
+------------------------------------+--------------------------------+---------------+-------------+----------------+
; Assignment Name                    ; Value                          ; Default Value ; Entity Name ; Section Id     ;
+------------------------------------+--------------------------------+---------------+-------------+----------------+
; COMPILER_SIGNATURE_ID              ; 27105387629516.158460454204332 ; --            ; --          ; --             ;
; IP_TOOL_NAME                       ; LPM_COUNTER                    ; --            ; --          ; --             ;
; IP_TOOL_NAME                       ; LPM_COUNTER                    ; --            ; --          ; --             ;
; IP_TOOL_NAME                       ; LPM_COUNTER                    ; --            ; --          ; --             ;
; IP_TOOL_NAME                       ; LPM_COUNTER                    ; --            ; --          ; --             ;
; IP_TOOL_NAME                       ; LPM_MUX                        ; --            ; --          ; --             ;
; IP_TOOL_NAME                       ; LPM_COUNTER                    ; --            ; --          ; --             ;
; IP_TOOL_NAME                       ; LPM_DECODE                     ; --            ; --          ; --             ;
; IP_TOOL_NAME                       ; LPM_COUNTER                    ; --            ; --          ; --             ;
; IP_TOOL_NAME                       ; LPM_COUNTER                    ; --            ; --          ; --             ;
; IP_TOOL_NAME                       ; LPM_COUNTER                    ; --            ; --          ; --             ;
; IP_TOOL_NAME                       ; LPM_COUNTER                    ; --            ; --          ; --             ;
; IP_TOOL_VERSION                    ; 8.1                            ; --            ; --          ; --             ;
; IP_TOOL_VERSION                    ; 8.1                            ; --            ; --          ; --             ;
; IP_TOOL_VERSION                    ; 8.1                            ; --            ; --          ; --             ;
; IP_TOOL_VERSION                    ; 8.1                            ; --            ; --          ; --             ;
; IP_TOOL_VERSION                    ; 8.1                            ; --            ; --          ; --             ;
; IP_TOOL_VERSION                    ; 8.1                            ; --            ; --          ; --             ;
; IP_TOOL_VERSION                    ; 8.1                            ; --            ; --          ; --             ;
; IP_TOOL_VERSION                    ; 8.1                            ; --            ; --          ; --             ;
; IP_TOOL_VERSION                    ; 8.1                            ; --            ; --          ; --             ;
; IP_TOOL_VERSION                    ; 8.1                            ; --            ; --          ; --             ;
; IP_TOOL_VERSION                    ; 8.1                            ; --            ; --          ; --             ;
; MAX_CORE_JUNCTION_TEMP             ; 85                             ; --            ; --          ; --             ;
; MIN_CORE_JUNCTION_TEMP             ; 0                              ; --            ; --          ; --             ;
; MISC_FILE                          ; G:/1/q2/q2/chasi2/chasi2.dpf   ; --            ; --          ; --             ;
; MISC_FILE                          ; st22.bsf                       ; --            ; --          ; --             ;
; MISC_FILE                          ; st22.cmp                       ; --            ; --          ; --             ;
; MISC_FILE                          ; st6.bsf                        ; --            ; --          ; --             ;
; MISC_FILE                          ; st6.cmp                        ; --            ; --          ; --             ;
; MISC_FILE                          ; st10.bsf                       ; --            ; --          ; --             ;
; MISC_FILE                          ; st10.cmp                       ; --            ; --          ; --             ;
; MISC_FILE                          ; st7.bsf                        ; --            ; --          ; --             ;
; MISC_FILE                          ; st7.cmp                        ; --            ; --          ; --             ;
; MISC_FILE                          ; mux1.bsf                       ; --            ; --          ; --             ;
; MISC_FILE                          ; mux1.cmp                       ; --            ; --          ; --             ;
; MISC_FILE                          ; st9.bsf                        ; --            ; --          ; --             ;
; MISC_FILE                          ; st9.cmp                        ; --            ; --          ; --             ;
; MISC_FILE                          ; dec.bsf                        ; --            ; --          ; --             ;
; MISC_FILE                          ; dec.cmp                        ; --            ; --          ; --             ;
; MISC_FILE                          ; ss.bsf                         ; --            ; --          ; --             ;
; MISC_FILE                          ; ss.cmp                         ; --            ; --          ; --             ;
; MISC_FILE                          ; ss2.bsf                        ; --            ; --          ; --             ;
; MISC_FILE                          ; ss2.cmp                        ; --            ; --          ; --             ;
; MISC_FILE                          ; ss3.bsf                        ; --            ; --          ; --             ;
; MISC_FILE                          ; ss3.cmp                        ; --            ; --          ; --             ;
; MISC_FILE                          ; ss4.bsf                        ; --            ; --          ; --             ;
; MISC_FILE                          ; ss4.cmp                        ; --            ; --          ; --             ;
; PARTITION_COLOR                    ; 16764057                       ; --            ; --          ; Top            ;
; PARTITION_NETLIST_TYPE             ; SOURCE                         ; --            ; --          ; Top            ;
; USE_GENERATED_PHYSICAL_CONSTRAINTS ; Off                            ; --            ; --          ; eda_blast_fpga ;
+------------------------------------+--------------------------------+---------------+-------------+----------------+


+-----------------------------------------------------------------------------------------------------------------------------+
; Flow Elapsed Time                                                                                                           ;
+-------------------------+--------------+-------------------------+---------------------+------------------------------------+
; Module Name             ; Elapsed Time ; Average Processors Used ; Peak Virtual Memory ; Total CPU Time (on all processors) ;
+-------------------------+--------------+-------------------------+---------------------+------------------------------------+
; Analysis & Synthesis    ; 00:00:03     ; 1.0                     ; 227 MB              ; 00:00:03                           ;
; Fitter                  ; 00:00:02     ; 1.0                     ; 215 MB              ; 00:00:02                           ;
; Assembler               ; 00:00:01     ; 1.0                     ; 199 MB              ; 00:00:01                           ;
; Classic Timing Analyzer ; 00:00:00     ; 1.0                     ; 156 MB              ; 00:00:00                           ;
; Total                   ; 00:00:06     ; --                      ; --                  ; 00:00:06                           ;
+-------------------------+--------------+-------------------------+---------------------+------------------------------------+


+------------------------------------------------------------------------------------------+
; Flow OS Summary                                                                          ;
+-------------------------+------------------+---------------+------------+----------------+
; Module Name             ; Machine Hostname ; OS Name       ; OS Version ; Processor type ;
+-------------------------+------------------+---------------+------------+----------------+
; Analysis & Synthesis    ; L130B-TEACHER    ; Windows Vista ; 6.1        ; x86_64         ;
; Fitter                  ; L130B-TEACHER    ; Windows Vista ; 6.1        ; x86_64         ;
; Assembler               ; L130B-TEACHER    ; Windows Vista ; 6.1        ; x86_64         ;
; Classic Timing Analyzer ; L130B-TEACHER    ; Windows Vista ; 6.1        ; x86_64         ;
+-------------------------+------------------+---------------+------------+----------------+


------------
; Flow Log ;
------------
quartus_map --read_settings_files=on --write_settings_files=off chasi2 -c chasi2
quartus_fit --read_settings_files=off --write_settings_files=off chasi2 -c chasi2
quartus_asm --read_settings_files=off --write_settings_files=off chasi2 -c chasi2
quartus_tan --read_settings_files=off --write_settings_files=off chasi2 -c chasi2 --timing_analysis_only



