Analysis & Synthesis report for chasi2
Thu Mar 19 15:55:46 2020
Quartus II Version 8.1 Build 163 10/28/2008 SJ Web Edition


---------------------
; Table of Contents ;
---------------------
  1. Legal Notice
  2. Analysis & Synthesis Summary
  3. Analysis & Synthesis Settings
  4. Analysis & Synthesis Source Files Read
  5. Analysis & Synthesis Resource Usage Summary
  6. Analysis & Synthesis Resource Utilization by Entity
  7. Registers Removed During Synthesis
  8. General Register Statistics
  9. Source assignments for st6:inst1|lpm_counter:lpm_counter_component
 10. Source assignments for st22:inst|lpm_counter:lpm_counter_component
 11. Source assignments for st9:inst19|lpm_counter:lpm_counter_component
 12. Source assignments for ss4:inst28|lpm_counter:lpm_counter_component
 13. Source assignments for ss3:inst27|lpm_counter:lpm_counter_component
 14. Source assignments for ss:inst25|lpm_counter:lpm_counter_component
 15. Source assignments for ss2:inst26|lpm_counter:lpm_counter_component
 16. Parameter Settings for User Entity Instance: st6:inst1|lpm_counter:lpm_counter_component
 17. Parameter Settings for User Entity Instance: st22:inst|lpm_counter:lpm_counter_component
 18. Parameter Settings for User Entity Instance: dec:inst20|lpm_decode:lpm_decode_component
 19. Parameter Settings for User Entity Instance: st9:inst19|lpm_counter:lpm_counter_component
 20. Parameter Settings for User Entity Instance: mux1:inst15|LPM_MUX:lpm_mux_component
 21. Parameter Settings for User Entity Instance: ss4:inst28|lpm_counter:lpm_counter_component
 22. Parameter Settings for User Entity Instance: ss3:inst27|lpm_counter:lpm_counter_component
 23. Parameter Settings for User Entity Instance: ss:inst25|lpm_counter:lpm_counter_component
 24. Parameter Settings for User Entity Instance: ss2:inst26|lpm_counter:lpm_counter_component
 25. Analysis & Synthesis Messages



----------------
; Legal Notice ;
----------------
Copyright (C) 1991-2008 Altera Corporation
Your use of Altera Corporation's design tools, logic functions 
and other software and tools, and its AMPP partner logic 
functions, and any output files from any of the foregoing 
(including device programming or simulation files), and any 
associated documentation or information are expressly subject 
to the terms and conditions of the Altera Program License 
Subscription Agreement, Altera MegaCore Function License 
Agreement, or other applicable license agreement, including, 
without limitation, that your use is for the sole purpose of 
programming logic devices manufactured by Altera and sold by 
Altera or its authorized distributors.  Please refer to the 
applicable agreement for further details.



+------------------------------------------------------------------------------+
; Analysis & Synthesis Summary                                                 ;
+------------------------------------+-----------------------------------------+
; Analysis & Synthesis Status        ; Successful - Thu Mar 19 15:55:46 2020   ;
; Quartus II Version                 ; 8.1 Build 163 10/28/2008 SJ Web Edition ;
; Revision Name                      ; chasi2                                  ;
; Top-level Entity Name              ; chasi2                                  ;
; Family                             ; Cyclone II                              ;
; Total logic elements               ; 119                                     ;
;     Total combinational functions  ; 119                                     ;
;     Dedicated logic registers      ; 43                                      ;
; Total registers                    ; 43                                      ;
; Total pins                         ; 14                                      ;
; Total virtual pins                 ; 0                                       ;
; Total memory bits                  ; 0                                       ;
; Embedded Multiplier 9-bit elements ; 0                                       ;
; Total PLLs                         ; 0                                       ;
+------------------------------------+-----------------------------------------+


+----------------------------------------------------------------------------------------------------------+
; Analysis & Synthesis Settings                                                                            ;
+----------------------------------------------------------------+--------------------+--------------------+
; Option                                                         ; Setting            ; Default Value      ;
+----------------------------------------------------------------+--------------------+--------------------+
; Device                                                         ; EP2C8F256C8        ;                    ;
; Top-level entity name                                          ; chasi2             ; chasi2             ;
; Family name                                                    ; Cyclone II         ; Stratix II         ;
; Use Generated Physical Constraints File                        ; Off                ;                    ;
; Use smart compilation                                          ; Off                ; Off                ;
; Restructure Multiplexers                                       ; Auto               ; Auto               ;
; Create Debugging Nodes for IP Cores                            ; Off                ; Off                ;
; Preserve fewer node names                                      ; On                 ; On                 ;
; Disable OpenCore Plus hardware evaluation                      ; Off                ; Off                ;
; Verilog Version                                                ; Verilog_2001       ; Verilog_2001       ;
; VHDL Version                                                   ; VHDL93             ; VHDL93             ;
; State Machine Processing                                       ; Auto               ; Auto               ;
; Safe State Machine                                             ; Off                ; Off                ;
; Extract Verilog State Machines                                 ; On                 ; On                 ;
; Extract VHDL State Machines                                    ; On                 ; On                 ;
; Ignore Verilog initial constructs                              ; Off                ; Off                ;
; Iteration limit for constant Verilog loops                     ; 5000               ; 5000               ;
; Iteration limit for non-constant Verilog loops                 ; 250                ; 250                ;
; Add Pass-Through Logic to Inferred RAMs                        ; On                 ; On                 ;
; Parallel Synthesis                                             ; Off                ; Off                ;
; DSP Block Balancing                                            ; Auto               ; Auto               ;
; NOT Gate Push-Back                                             ; On                 ; On                 ;
; Power-Up Don't Care                                            ; On                 ; On                 ;
; Remove Redundant Logic Cells                                   ; Off                ; Off                ;
; Remove Duplicate Registers                                     ; On                 ; On                 ;
; Ignore CARRY Buffers                                           ; Off                ; Off                ;
; Ignore CASCADE Buffers                                         ; Off                ; Off                ;
; Ignore GLOBAL Buffers                                          ; Off                ; Off                ;
; Ignore ROW GLOBAL Buffers                                      ; Off                ; Off                ;
; Ignore LCELL Buffers                                           ; Off                ; Off                ;
; Ignore SOFT Buffers                                            ; On                 ; On                 ;
; Limit AHDL Integers to 32 Bits                                 ; Off                ; Off                ;
; Optimization Technique                                         ; Balanced           ; Balanced           ;
; Carry Chain Length                                             ; 70                 ; 70                 ;
; Auto Carry Chains                                              ; On                 ; On                 ;
; Auto Open-Drain Pins                                           ; On                 ; On                 ;
; Perform WYSIWYG Primitive Resynthesis                          ; Off                ; Off                ;
; Perform gate-level register retiming                           ; Off                ; Off                ;
; Allow register retiming to trade off Tsu/Tco with Fmax         ; On                 ; On                 ;
; Auto ROM Replacement                                           ; On                 ; On                 ;
; Auto RAM Replacement                                           ; On                 ; On                 ;
; Auto Shift Register Replacement                                ; Auto               ; Auto               ;
; Auto Clock Enable Replacement                                  ; On                 ; On                 ;
; Strict RAM Replacement                                         ; Off                ; Off                ;
; Allow Synchronous Control Signals                              ; On                 ; On                 ;
; Force Use of Synchronous Clear Signals                         ; Off                ; Off                ;
; Auto RAM to Logic Cell Conversion                              ; Off                ; Off                ;
; Auto Resource Sharing                                          ; Off                ; Off                ;
; Allow Any RAM Size For Recognition                             ; Off                ; Off                ;
; Allow Any ROM Size For Recognition                             ; Off                ; Off                ;
; Allow Any Shift Register Size For Recognition                  ; Off                ; Off                ;
; Use LogicLock Constraints during Resource Balancing            ; On                 ; On                 ;
; Ignore translate_off and synthesis_off directives              ; Off                ; Off                ;
; Show Parameter Settings Tables in Synthesis Report             ; On                 ; On                 ;
; Ignore Maximum Fan-Out Assignments                             ; Off                ; Off                ;
; Synchronization Register Chain Length                          ; 2                  ; 2                  ;
; PowerPlay Power Optimization                                   ; Normal compilation ; Normal compilation ;
; HDL message level                                              ; Level2             ; Level2             ;
; Suppress Register Optimization Related Messages                ; Off                ; Off                ;
; Number of Removed Registers Reported in Synthesis Report       ; 100                ; 100                ;
; Number of Inverted Registers Reported in Synthesis Report      ; 100                ; 100                ;
; Clock MUX Protection                                           ; On                 ; On                 ;
; Auto Gated Clock Conversion                                    ; Off                ; Off                ;
; Block Design Naming                                            ; Auto               ; Auto               ;
; SDC constraint protection                                      ; Off                ; Off                ;
; Synthesis Effort                                               ; Auto               ; Auto               ;
; Allows Asynchronous Clear Usage For Shift Register Replacement ; On                 ; On                 ;
; Analysis & Synthesis Message Level                             ; Medium             ; Medium             ;
+----------------------------------------------------------------+--------------------+--------------------+


+-----------------------------------------------------------------------------------------------------------------------------------------------------------------------------+
; Analysis & Synthesis Source Files Read                                                                                                                                      ;
+----------------------------------+-----------------+------------------------------------+-----------------------------------------------------------------------------------+
; File Name with User-Entered Path ; Used in Netlist ; File Type                          ; File Name with Absolute Path                                                      ;
+----------------------------------+-----------------+------------------------------------+-----------------------------------------------------------------------------------+
; Verilog1.v                       ; yes             ; User Verilog HDL File              ; C:/Users/Hromovskih/Desktop/13027/ִּ01.02/ִּ01.02/׳אס2/׳אס2/Verilog1.v        ;
; st22.vhd                         ; yes             ; User Wizard-Generated File         ; C:/Users/Hromovskih/Desktop/13027/ִּ01.02/ִּ01.02/׳אס2/׳אס2/st22.vhd          ;
; st6.vhd                          ; yes             ; User Wizard-Generated File         ; C:/Users/Hromovskih/Desktop/13027/ִּ01.02/ִּ01.02/׳אס2/׳אס2/st6.vhd           ;
; chasi2.bdf                       ; yes             ; User Block Diagram/Schematic File  ; C:/Users/Hromovskih/Desktop/13027/ִּ01.02/ִּ01.02/׳אס2/׳אס2/chasi2.bdf        ;
; mux1.vhd                         ; yes             ; User Wizard-Generated File         ; C:/Users/Hromovskih/Desktop/13027/ִּ01.02/ִּ01.02/׳אס2/׳אס2/mux1.vhd          ;
; st9.vhd                          ; yes             ; User Wizard-Generated File         ; C:/Users/Hromovskih/Desktop/13027/ִּ01.02/ִּ01.02/׳אס2/׳אס2/st9.vhd           ;
; dec.vhd                          ; yes             ; User Wizard-Generated File         ; C:/Users/Hromovskih/Desktop/13027/ִּ01.02/ִּ01.02/׳אס2/׳אס2/dec.vhd           ;
; ss.vhd                           ; yes             ; User Wizard-Generated File         ; C:/Users/Hromovskih/Desktop/13027/ִּ01.02/ִּ01.02/׳אס2/׳אס2/ss.vhd            ;
; ss2.vhd                          ; yes             ; User Wizard-Generated File         ; C:/Users/Hromovskih/Desktop/13027/ִּ01.02/ִּ01.02/׳אס2/׳אס2/ss2.vhd           ;
; ss3.vhd                          ; yes             ; User Wizard-Generated File         ; C:/Users/Hromovskih/Desktop/13027/ִּ01.02/ִּ01.02/׳אס2/׳אס2/ss3.vhd           ;
; ss4.vhd                          ; yes             ; User Wizard-Generated File         ; C:/Users/Hromovskih/Desktop/13027/ִּ01.02/ִּ01.02/׳אס2/׳אס2/ss4.vhd           ;
; lpm_counter.tdf                  ; yes             ; Megafunction                       ; c:/altera/81/quartus/libraries/megafunctions/lpm_counter.tdf                      ;
; lpm_constant.inc                 ; yes             ; Megafunction                       ; c:/altera/81/quartus/libraries/megafunctions/lpm_constant.inc                     ;
; lpm_decode.inc                   ; yes             ; Megafunction                       ; c:/altera/81/quartus/libraries/megafunctions/lpm_decode.inc                       ;
; lpm_add_sub.inc                  ; yes             ; Megafunction                       ; c:/altera/81/quartus/libraries/megafunctions/lpm_add_sub.inc                      ;
; cmpconst.inc                     ; yes             ; Megafunction                       ; c:/altera/81/quartus/libraries/megafunctions/cmpconst.inc                         ;
; lpm_compare.inc                  ; yes             ; Megafunction                       ; c:/altera/81/quartus/libraries/megafunctions/lpm_compare.inc                      ;
; lpm_counter.inc                  ; yes             ; Megafunction                       ; c:/altera/81/quartus/libraries/megafunctions/lpm_counter.inc                      ;
; dffeea.inc                       ; yes             ; Megafunction                       ; c:/altera/81/quartus/libraries/megafunctions/dffeea.inc                           ;
; alt_synch_counter.inc            ; yes             ; Megafunction                       ; c:/altera/81/quartus/libraries/megafunctions/alt_synch_counter.inc                ;
; alt_synch_counter_f.inc          ; yes             ; Megafunction                       ; c:/altera/81/quartus/libraries/megafunctions/alt_synch_counter_f.inc              ;
; alt_counter_f10ke.inc            ; yes             ; Megafunction                       ; c:/altera/81/quartus/libraries/megafunctions/alt_counter_f10ke.inc                ;
; alt_counter_stratix.inc          ; yes             ; Megafunction                       ; c:/altera/81/quartus/libraries/megafunctions/alt_counter_stratix.inc              ;
; aglobal81.inc                    ; yes             ; Megafunction                       ; c:/altera/81/quartus/libraries/megafunctions/aglobal81.inc                        ;
; db/cntr_btj.tdf                  ; yes             ; Auto-Generated Megafunction        ; C:/Users/Hromovskih/Desktop/13027/ִּ01.02/ִּ01.02/׳אס2/׳אס2/db/cntr_btj.tdf   ;
; db/cmpr_acc.tdf                  ; yes             ; Auto-Generated Megafunction        ; C:/Users/Hromovskih/Desktop/13027/ִּ01.02/ִּ01.02/׳אס2/׳אס2/db/cmpr_acc.tdf   ;
; db/cntr_8mh.tdf                  ; yes             ; Auto-Generated Megafunction        ; C:/Users/Hromovskih/Desktop/13027/ִּ01.02/ִּ01.02/׳אס2/׳אס2/db/cntr_8mh.tdf   ;
; lpm_decode.tdf                   ; yes             ; Megafunction                       ; c:/altera/81/quartus/libraries/megafunctions/lpm_decode.tdf                       ;
; declut.inc                       ; yes             ; Megafunction                       ; c:/altera/81/quartus/libraries/megafunctions/declut.inc                           ;
; altshift.inc                     ; yes             ; Megafunction                       ; c:/altera/81/quartus/libraries/megafunctions/altshift.inc                         ;
; db/decode_n6f.tdf                ; yes             ; Auto-Generated Megafunction        ; C:/Users/Hromovskih/Desktop/13027/ִּ01.02/ִּ01.02/׳אס2/׳אס2/db/decode_n6f.tdf ;
; db/cntr_mkh.tdf                  ; yes             ; Auto-Generated Megafunction        ; C:/Users/Hromovskih/Desktop/13027/ִּ01.02/ִּ01.02/׳אס2/׳אס2/db/cntr_mkh.tdf   ;
; LPM_MUX.tdf                      ; yes             ; Megafunction                       ; c:/altera/81/quartus/libraries/megafunctions/LPM_MUX.tdf                          ;
; muxlut.inc                       ; yes             ; Megafunction                       ; c:/altera/81/quartus/libraries/megafunctions/muxlut.inc                           ;
; bypassff.inc                     ; yes             ; Megafunction                       ; c:/altera/81/quartus/libraries/megafunctions/bypassff.inc                         ;
; db/mux_93e.tdf                   ; yes             ; Auto-Generated Megafunction        ; C:/Users/Hromovskih/Desktop/13027/ִּ01.02/ִּ01.02/׳אס2/׳אס2/db/mux_93e.tdf    ;
; db/cntr_5tj.tdf                  ; yes             ; Auto-Generated Megafunction        ; C:/Users/Hromovskih/Desktop/13027/ִּ01.02/ִּ01.02/׳אס2/׳אס2/db/cntr_5tj.tdf   ;
; db/cmpr_8cc.tdf                  ; yes             ; Auto-Generated Megafunction        ; C:/Users/Hromovskih/Desktop/13027/ִּ01.02/ִּ01.02/׳אס2/׳אס2/db/cmpr_8cc.tdf   ;
; db/cntr_qrj.tdf                  ; yes             ; Auto-Generated Megafunction        ; C:/Users/Hromovskih/Desktop/13027/ִּ01.02/ִּ01.02/׳אס2/׳אס2/db/cntr_qrj.tdf   ;
; db/cntr_mrj.tdf                  ; yes             ; Auto-Generated Megafunction        ; C:/Users/Hromovskih/Desktop/13027/ִּ01.02/ִּ01.02/׳אס2/׳אס2/db/cntr_mrj.tdf   ;
+----------------------------------+-----------------+------------------------------------+-----------------------------------------------------------------------------------+


+-----------------------------------------------------+
; Analysis & Synthesis Resource Usage Summary         ;
+---------------------------------------------+-------+
; Resource                                    ; Usage ;
+---------------------------------------------+-------+
; Estimated Total logic elements              ; 119   ;
;                                             ;       ;
; Total combinational functions               ; 119   ;
; Logic element usage by number of LUT inputs ;       ;
;     -- 4 input functions                    ; 50    ;
;     -- 3 input functions                    ; 7     ;
;     -- <=2 input functions                  ; 62    ;
;                                             ;       ;
; Logic elements by mode                      ;       ;
;     -- normal mode                          ; 78    ;
;     -- arithmetic mode                      ; 41    ;
;                                             ;       ;
; Total registers                             ; 43    ;
;     -- Dedicated logic registers            ; 43    ;
;     -- I/O registers                        ; 0     ;
;                                             ;       ;
; I/O pins                                    ; 14    ;
; Maximum fan-out node                        ; ~GND  ;
; Maximum fan-out                             ; 22    ;
; Total fan-out                               ; 481   ;
; Average fan-out                             ; 2.73  ;
+---------------------------------------------+-------+


+--------------------------------------------------------------------------------------------------------------------------------------------------------------------------------------------------------------------------------------------------------------------+
; Analysis & Synthesis Resource Utilization by Entity                                                                                                                                                                                                                ;
+-------------------------------------------+-------------------+--------------+-------------+--------------+---------+-----------+------+--------------+---------------------------------------------------------------------------------------------+--------------+
; Compilation Hierarchy Node                ; LC Combinationals ; LC Registers ; Memory Bits ; DSP Elements ; DSP 9x9 ; DSP 18x18 ; Pins ; Virtual Pins ; Full Hierarchy Name                                                                         ; Library Name ;
+-------------------------------------------+-------------------+--------------+-------------+--------------+---------+-----------+------+--------------+---------------------------------------------------------------------------------------------+--------------+
; |chasi2                                   ; 119 (8)           ; 43 (0)       ; 0           ; 0            ; 0       ; 0         ; 14   ; 0            ; |chasi2                                                                                     ; work         ;
;    |dec:inst20|                           ; 3 (0)             ; 0 (0)        ; 0           ; 0            ; 0       ; 0         ; 0    ; 0            ; |chasi2|dec:inst20                                                                          ; work         ;
;       |lpm_decode:lpm_decode_component|   ; 3 (0)             ; 0 (0)        ; 0           ; 0            ; 0       ; 0         ; 0    ; 0            ; |chasi2|dec:inst20|lpm_decode:lpm_decode_component                                          ; work         ;
;          |decode_n6f:auto_generated|      ; 3 (3)             ; 0 (0)        ; 0           ; 0            ; 0       ; 0         ; 0    ; 0            ; |chasi2|dec:inst20|lpm_decode:lpm_decode_component|decode_n6f:auto_generated                ; work         ;
;    |indicator16:inst11|                   ; 7 (7)             ; 0 (0)        ; 0           ; 0            ; 0       ; 0         ; 0    ; 0            ; |chasi2|indicator16:inst11                                                                  ; work         ;
;    |indicator16:inst13|                   ; 7 (7)             ; 0 (0)        ; 0           ; 0            ; 0       ; 0         ; 0    ; 0            ; |chasi2|indicator16:inst13                                                                  ; work         ;
;    |indicator16:inst14|                   ; 7 (7)             ; 0 (0)        ; 0           ; 0            ; 0       ; 0         ; 0    ; 0            ; |chasi2|indicator16:inst14                                                                  ; work         ;
;    |mux1:inst15|                          ; 29 (0)            ; 0 (0)        ; 0           ; 0            ; 0       ; 0         ; 0    ; 0            ; |chasi2|mux1:inst15                                                                         ; work         ;
;       |lpm_mux:lpm_mux_component|         ; 29 (0)            ; 0 (0)        ; 0           ; 0            ; 0       ; 0         ; 0    ; 0            ; |chasi2|mux1:inst15|lpm_mux:lpm_mux_component                                               ; work         ;
;          |mux_93e:auto_generated|         ; 29 (29)           ; 0 (0)        ; 0           ; 0            ; 0       ; 0         ; 0    ; 0            ; |chasi2|mux1:inst15|lpm_mux:lpm_mux_component|mux_93e:auto_generated                        ; work         ;
;    |ss2:inst26|                           ; 7 (0)             ; 4 (0)        ; 0           ; 0            ; 0       ; 0         ; 0    ; 0            ; |chasi2|ss2:inst26                                                                          ; work         ;
;       |lpm_counter:lpm_counter_component| ; 7 (0)             ; 4 (0)        ; 0           ; 0            ; 0       ; 0         ; 0    ; 0            ; |chasi2|ss2:inst26|lpm_counter:lpm_counter_component                                        ; work         ;
;          |cntr_mrj:auto_generated|        ; 7 (6)             ; 4 (4)        ; 0           ; 0            ; 0       ; 0         ; 0    ; 0            ; |chasi2|ss2:inst26|lpm_counter:lpm_counter_component|cntr_mrj:auto_generated                ; work         ;
;             |cmpr_8cc:cmpr2|              ; 1 (1)             ; 0 (0)        ; 0           ; 0            ; 0       ; 0         ; 0    ; 0            ; |chasi2|ss2:inst26|lpm_counter:lpm_counter_component|cntr_mrj:auto_generated|cmpr_8cc:cmpr2 ; work         ;
;    |ss3:inst27|                           ; 7 (0)             ; 4 (0)        ; 0           ; 0            ; 0       ; 0         ; 0    ; 0            ; |chasi2|ss3:inst27                                                                          ; work         ;
;       |lpm_counter:lpm_counter_component| ; 7 (0)             ; 4 (0)        ; 0           ; 0            ; 0       ; 0         ; 0    ; 0            ; |chasi2|ss3:inst27|lpm_counter:lpm_counter_component                                        ; work         ;
;          |cntr_qrj:auto_generated|        ; 7 (6)             ; 4 (4)        ; 0           ; 0            ; 0       ; 0         ; 0    ; 0            ; |chasi2|ss3:inst27|lpm_counter:lpm_counter_component|cntr_qrj:auto_generated                ; work         ;
;             |cmpr_8cc:cmpr2|              ; 1 (1)             ; 0 (0)        ; 0           ; 0            ; 0       ; 0         ; 0    ; 0            ; |chasi2|ss3:inst27|lpm_counter:lpm_counter_component|cntr_qrj:auto_generated|cmpr_8cc:cmpr2 ; work         ;
;    |ss4:inst28|                           ; 7 (0)             ; 4 (0)        ; 0           ; 0            ; 0       ; 0         ; 0    ; 0            ; |chasi2|ss4:inst28                                                                          ; work         ;
;       |lpm_counter:lpm_counter_component| ; 7 (0)             ; 4 (0)        ; 0           ; 0            ; 0       ; 0         ; 0    ; 0            ; |chasi2|ss4:inst28|lpm_counter:lpm_counter_component                                        ; work         ;
;          |cntr_5tj:auto_generated|        ; 7 (6)             ; 4 (4)        ; 0           ; 0            ; 0       ; 0         ; 0    ; 0            ; |chasi2|ss4:inst28|lpm_counter:lpm_counter_component|cntr_5tj:auto_generated                ; work         ;
;             |cmpr_8cc:cmpr2|              ; 1 (1)             ; 0 (0)        ; 0           ; 0            ; 0       ; 0         ; 0    ; 0            ; |chasi2|ss4:inst28|lpm_counter:lpm_counter_component|cntr_5tj:auto_generated|cmpr_8cc:cmpr2 ; work         ;
;    |ss:inst25|                            ; 7 (0)             ; 4 (0)        ; 0           ; 0            ; 0       ; 0         ; 0    ; 0            ; |chasi2|ss:inst25                                                                           ; work         ;
;       |lpm_counter:lpm_counter_component| ; 7 (0)             ; 4 (0)        ; 0           ; 0            ; 0       ; 0         ; 0    ; 0            ; |chasi2|ss:inst25|lpm_counter:lpm_counter_component                                         ; work         ;
;          |cntr_5tj:auto_generated|        ; 7 (6)             ; 4 (4)        ; 0           ; 0            ; 0       ; 0         ; 0    ; 0            ; |chasi2|ss:inst25|lpm_counter:lpm_counter_component|cntr_5tj:auto_generated                 ; work         ;
;             |cmpr_8cc:cmpr2|              ; 1 (1)             ; 0 (0)        ; 0           ; 0            ; 0       ; 0         ; 0    ; 0            ; |chasi2|ss:inst25|lpm_counter:lpm_counter_component|cntr_5tj:auto_generated|cmpr_8cc:cmpr2  ; work         ;
;    |st22:inst|                            ; 19 (0)            ; 19 (0)       ; 0           ; 0            ; 0       ; 0         ; 0    ; 0            ; |chasi2|st22:inst                                                                           ; work         ;
;       |lpm_counter:lpm_counter_component| ; 19 (0)            ; 19 (0)       ; 0           ; 0            ; 0       ; 0         ; 0    ; 0            ; |chasi2|st22:inst|lpm_counter:lpm_counter_component                                         ; work         ;
;          |cntr_8mh:auto_generated|        ; 19 (19)           ; 19 (19)      ; 0           ; 0            ; 0       ; 0         ; 0    ; 0            ; |chasi2|st22:inst|lpm_counter:lpm_counter_component|cntr_8mh:auto_generated                 ; work         ;
;    |st6:inst1|                            ; 9 (0)             ; 6 (0)        ; 0           ; 0            ; 0       ; 0         ; 0    ; 0            ; |chasi2|st6:inst1                                                                           ; work         ;
;       |lpm_counter:lpm_counter_component| ; 9 (0)             ; 6 (0)        ; 0           ; 0            ; 0       ; 0         ; 0    ; 0            ; |chasi2|st6:inst1|lpm_counter:lpm_counter_component                                         ; work         ;
;          |cntr_btj:auto_generated|        ; 9 (8)             ; 6 (6)        ; 0           ; 0            ; 0       ; 0         ; 0    ; 0            ; |chasi2|st6:inst1|lpm_counter:lpm_counter_component|cntr_btj:auto_generated                 ; work         ;
;             |cmpr_acc:cmpr2|              ; 1 (1)             ; 0 (0)        ; 0           ; 0            ; 0       ; 0         ; 0    ; 0            ; |chasi2|st6:inst1|lpm_counter:lpm_counter_component|cntr_btj:auto_generated|cmpr_acc:cmpr2  ; work         ;
;    |st9:inst19|                           ; 2 (0)             ; 2 (0)        ; 0           ; 0            ; 0       ; 0         ; 0    ; 0            ; |chasi2|st9:inst19                                                                          ; work         ;
;       |lpm_counter:lpm_counter_component| ; 2 (0)             ; 2 (0)        ; 0           ; 0            ; 0       ; 0         ; 0    ; 0            ; |chasi2|st9:inst19|lpm_counter:lpm_counter_component                                        ; work         ;
;          |cntr_mkh:auto_generated|        ; 2 (2)             ; 2 (2)        ; 0           ; 0            ; 0       ; 0         ; 0    ; 0            ; |chasi2|st9:inst19|lpm_counter:lpm_counter_component|cntr_mkh:auto_generated                ; work         ;
+-------------------------------------------+-------------------+--------------+-------------+--------------+---------+-----------+------+--------------+---------------------------------------------------------------------------------------------+--------------+
Note: For table entries with two numbers listed, the numbers in parentheses indicate the number of resources of the given type used by the specific entity alone. The numbers listed outside of parentheses indicate the total resources of the given type used by the specific entity and all of its sub-entities in the hierarchy.


+---------------------------------------------------------------------------------------------------------+
; Registers Removed During Synthesis                                                                      ;
+------------------------------------------------------------------------------------+--------------------+
; Register name                                                                      ; Reason for Removal ;
+------------------------------------------------------------------------------------+--------------------+
; st22:inst|lpm_counter:lpm_counter_component|cntr_8mh:auto_generated|safe_q[19..21] ; Lost fanout        ;
; Total Number of Removed Registers = 3                                              ;                    ;
+------------------------------------------------------------------------------------+--------------------+


+------------------------------------------------------+
; General Register Statistics                          ;
+----------------------------------------------+-------+
; Statistic                                    ; Value ;
+----------------------------------------------+-------+
; Total registers                              ; 43    ;
; Number of registers using Synchronous Clear  ; 0     ;
; Number of registers using Synchronous Load   ; 22    ;
; Number of registers using Asynchronous Clear ; 22    ;
; Number of registers using Asynchronous Load  ; 0     ;
; Number of registers using Clock Enable       ; 0     ;
; Number of registers using Preset             ; 0     ;
+----------------------------------------------+-------+


+--------------------------------------------------------------------+
; Source assignments for st6:inst1|lpm_counter:lpm_counter_component ;
+---------------------------+-------+------+-------------------------+
; Assignment                ; Value ; From ; To                      ;
+---------------------------+-------+------+-------------------------+
; SUPPRESS_DA_RULE_INTERNAL ; a101  ; -    ; -                       ;
; SUPPRESS_DA_RULE_INTERNAL ; s102  ; -    ; -                       ;
; SUPPRESS_DA_RULE_INTERNAL ; s103  ; -    ; -                       ;
+---------------------------+-------+------+-------------------------+


+--------------------------------------------------------------------+
; Source assignments for st22:inst|lpm_counter:lpm_counter_component ;
+---------------------------+-------+------+-------------------------+
; Assignment                ; Value ; From ; To                      ;
+---------------------------+-------+------+-------------------------+
; SUPPRESS_DA_RULE_INTERNAL ; a101  ; -    ; -                       ;
; SUPPRESS_DA_RULE_INTERNAL ; s102  ; -    ; -                       ;
; SUPPRESS_DA_RULE_INTERNAL ; s103  ; -    ; -                       ;
+---------------------------+-------+------+-------------------------+


+---------------------------------------------------------------------+
; Source assignments for st9:inst19|lpm_counter:lpm_counter_component ;
+---------------------------+-------+------+--------------------------+
; Assignment                ; Value ; From ; To                       ;
+---------------------------+-------+------+--------------------------+
; SUPPRESS_DA_RULE_INTERNAL ; a101  ; -    ; -                        ;
; SUPPRESS_DA_RULE_INTERNAL ; s102  ; -    ; -                        ;
; SUPPRESS_DA_RULE_INTERNAL ; s103  ; -    ; -                        ;
+---------------------------+-------+------+--------------------------+


+---------------------------------------------------------------------+
; Source assignments for ss4:inst28|lpm_counter:lpm_counter_component ;
+---------------------------+-------+------+--------------------------+
; Assignment                ; Value ; From ; To                       ;
+---------------------------+-------+------+--------------------------+
; SUPPRESS_DA_RULE_INTERNAL ; a101  ; -    ; -                        ;
; SUPPRESS_DA_RULE_INTERNAL ; s102  ; -    ; -                        ;
; SUPPRESS_DA_RULE_INTERNAL ; s103  ; -    ; -                        ;
+---------------------------+-------+------+--------------------------+


+---------------------------------------------------------------------+
; Source assignments for ss3:inst27|lpm_counter:lpm_counter_component ;
+---------------------------+-------+------+--------------------------+
; Assignment                ; Value ; From ; To                       ;
+---------------------------+-------+------+--------------------------+
; SUPPRESS_DA_RULE_INTERNAL ; a101  ; -    ; -                        ;
; SUPPRESS_DA_RULE_INTERNAL ; s102  ; -    ; -                        ;
; SUPPRESS_DA_RULE_INTERNAL ; s103  ; -    ; -                        ;
+---------------------------+-------+------+--------------------------+


+--------------------------------------------------------------------+
; Source assignments for ss:inst25|lpm_counter:lpm_counter_component ;
+---------------------------+-------+------+-------------------------+
; Assignment                ; Value ; From ; To                      ;
+---------------------------+-------+------+-------------------------+
; SUPPRESS_DA_RULE_INTERNAL ; a101  ; -    ; -                       ;
; SUPPRESS_DA_RULE_INTERNAL ; s102  ; -    ; -                       ;
; SUPPRESS_DA_RULE_INTERNAL ; s103  ; -    ; -                       ;
+---------------------------+-------+------+-------------------------+


+---------------------------------------------------------------------+
; Source assignments for ss2:inst26|lpm_counter:lpm_counter_component ;
+---------------------------+-------+------+--------------------------+
; Assignment                ; Value ; From ; To                       ;
+---------------------------+-------+------+--------------------------+
; SUPPRESS_DA_RULE_INTERNAL ; a101  ; -    ; -                        ;
; SUPPRESS_DA_RULE_INTERNAL ; s102  ; -    ; -                        ;
; SUPPRESS_DA_RULE_INTERNAL ; s103  ; -    ; -                        ;
+---------------------------+-------+------+--------------------------+


+------------------------------------------------------------------------------------------+
; Parameter Settings for User Entity Instance: st6:inst1|lpm_counter:lpm_counter_component ;
+------------------------+-------------+---------------------------------------------------+
; Parameter Name         ; Value       ; Type                                              ;
+------------------------+-------------+---------------------------------------------------+
; AUTO_CARRY_CHAINS      ; ON          ; AUTO_CARRY                                        ;
; IGNORE_CARRY_BUFFERS   ; OFF         ; IGNORE_CARRY                                      ;
; AUTO_CASCADE_CHAINS    ; ON          ; AUTO_CASCADE                                      ;
; IGNORE_CASCADE_BUFFERS ; OFF         ; IGNORE_CASCADE                                    ;
; LPM_WIDTH              ; 6           ; Signed Integer                                    ;
; LPM_DIRECTION          ; UP          ; Untyped                                           ;
; LPM_MODULUS            ; 60          ; Signed Integer                                    ;
; LPM_AVALUE             ; UNUSED      ; Untyped                                           ;
; LPM_SVALUE             ; UNUSED      ; Untyped                                           ;
; LPM_PORT_UPDOWN        ; PORT_UNUSED ; Untyped                                           ;
; DEVICE_FAMILY          ; Cyclone II  ; Untyped                                           ;
; CARRY_CHAIN            ; MANUAL      ; Untyped                                           ;
; CARRY_CHAIN_LENGTH     ; 48          ; CARRY_CHAIN_LENGTH                                ;
; NOT_GATE_PUSH_BACK     ; ON          ; NOT_GATE_PUSH_BACK                                ;
; CARRY_CNT_EN           ; SMART       ; Untyped                                           ;
; LABWIDE_SCLR           ; ON          ; Untyped                                           ;
; USE_NEW_VERSION        ; TRUE        ; Untyped                                           ;
; CBXI_PARAMETER         ; cntr_btj    ; Untyped                                           ;
+------------------------+-------------+---------------------------------------------------+
Note: In order to hide this table in the UI and the text report file, please set the "Show Parameter Settings Tables in Synthesis Report" option in "Analysis and Synthesis Settings -> More Settings" to "Off".


+------------------------------------------------------------------------------------------+
; Parameter Settings for User Entity Instance: st22:inst|lpm_counter:lpm_counter_component ;
+------------------------+-------------+---------------------------------------------------+
; Parameter Name         ; Value       ; Type                                              ;
+------------------------+-------------+---------------------------------------------------+
; AUTO_CARRY_CHAINS      ; ON          ; AUTO_CARRY                                        ;
; IGNORE_CARRY_BUFFERS   ; OFF         ; IGNORE_CARRY                                      ;
; AUTO_CASCADE_CHAINS    ; ON          ; AUTO_CASCADE                                      ;
; IGNORE_CASCADE_BUFFERS ; OFF         ; IGNORE_CASCADE                                    ;
; LPM_WIDTH              ; 22          ; Signed Integer                                    ;
; LPM_DIRECTION          ; UP          ; Untyped                                           ;
; LPM_MODULUS            ; 0           ; Untyped                                           ;
; LPM_AVALUE             ; UNUSED      ; Untyped                                           ;
; LPM_SVALUE             ; UNUSED      ; Untyped                                           ;
; LPM_PORT_UPDOWN        ; PORT_UNUSED ; Untyped                                           ;
; DEVICE_FAMILY          ; Cyclone II  ; Untyped                                           ;
; CARRY_CHAIN            ; MANUAL      ; Untyped                                           ;
; CARRY_CHAIN_LENGTH     ; 48          ; CARRY_CHAIN_LENGTH                                ;
; NOT_GATE_PUSH_BACK     ; ON          ; NOT_GATE_PUSH_BACK                                ;
; CARRY_CNT_EN           ; SMART       ; Untyped                                           ;
; LABWIDE_SCLR           ; ON          ; Untyped                                           ;
; USE_NEW_VERSION        ; TRUE        ; Untyped                                           ;
; CBXI_PARAMETER         ; cntr_8mh    ; Untyped                                           ;
+------------------------+-------------+---------------------------------------------------+
Note: In order to hide this table in the UI and the text report file, please set the "Show Parameter Settings Tables in Synthesis Report" option in "Analysis and Synthesis Settings -> More Settings" to "Off".


+-----------------------------------------------------------------------------------------+
; Parameter Settings for User Entity Instance: dec:inst20|lpm_decode:lpm_decode_component ;
+------------------------+------------+---------------------------------------------------+
; Parameter Name         ; Value      ; Type                                              ;
+------------------------+------------+---------------------------------------------------+
; LPM_WIDTH              ; 2          ; Signed Integer                                    ;
; LPM_DECODES            ; 4          ; Signed Integer                                    ;
; LPM_PIPELINE           ; 0          ; Untyped                                           ;
; CASCADE_CHAIN          ; MANUAL     ; Untyped                                           ;
; DEVICE_FAMILY          ; Cyclone II ; Untyped                                           ;
; CBXI_PARAMETER         ; decode_n6f ; Untyped                                           ;
; AUTO_CARRY_CHAINS      ; ON         ; AUTO_CARRY                                        ;
; IGNORE_CARRY_BUFFERS   ; OFF        ; IGNORE_CARRY                                      ;
; AUTO_CASCADE_CHAINS    ; ON         ; AUTO_CASCADE                                      ;
; IGNORE_CASCADE_BUFFERS ; OFF        ; IGNORE_CASCADE                                    ;
+------------------------+------------+---------------------------------------------------+
Note: In order to hide this table in the UI and the text report file, please set the "Show Parameter Settings Tables in Synthesis Report" option in "Analysis and Synthesis Settings -> More Settings" to "Off".


+-------------------------------------------------------------------------------------------+
; Parameter Settings for User Entity Instance: st9:inst19|lpm_counter:lpm_counter_component ;
+------------------------+-------------+----------------------------------------------------+
; Parameter Name         ; Value       ; Type                                               ;
+------------------------+-------------+----------------------------------------------------+
; AUTO_CARRY_CHAINS      ; ON          ; AUTO_CARRY                                         ;
; IGNORE_CARRY_BUFFERS   ; OFF         ; IGNORE_CARRY                                       ;
; AUTO_CASCADE_CHAINS    ; ON          ; AUTO_CASCADE                                       ;
; IGNORE_CASCADE_BUFFERS ; OFF         ; IGNORE_CASCADE                                     ;
; LPM_WIDTH              ; 2           ; Signed Integer                                     ;
; LPM_DIRECTION          ; UP          ; Untyped                                            ;
; LPM_MODULUS            ; 0           ; Untyped                                            ;
; LPM_AVALUE             ; UNUSED      ; Untyped                                            ;
; LPM_SVALUE             ; UNUSED      ; Untyped                                            ;
; LPM_PORT_UPDOWN        ; PORT_UNUSED ; Untyped                                            ;
; DEVICE_FAMILY          ; Cyclone II  ; Untyped                                            ;
; CARRY_CHAIN            ; MANUAL      ; Untyped                                            ;
; CARRY_CHAIN_LENGTH     ; 48          ; CARRY_CHAIN_LENGTH                                 ;
; NOT_GATE_PUSH_BACK     ; ON          ; NOT_GATE_PUSH_BACK                                 ;
; CARRY_CNT_EN           ; SMART       ; Untyped                                            ;
; LABWIDE_SCLR           ; ON          ; Untyped                                            ;
; USE_NEW_VERSION        ; TRUE        ; Untyped                                            ;
; CBXI_PARAMETER         ; cntr_mkh    ; Untyped                                            ;
+------------------------+-------------+----------------------------------------------------+
Note: In order to hide this table in the UI and the text report file, please set the "Show Parameter Settings Tables in Synthesis Report" option in "Analysis and Synthesis Settings -> More Settings" to "Off".


+------------------------------------------------------------------------------------+
; Parameter Settings for User Entity Instance: mux1:inst15|LPM_MUX:lpm_mux_component ;
+------------------------+------------+----------------------------------------------+
; Parameter Name         ; Value      ; Type                                         ;
+------------------------+------------+----------------------------------------------+
; AUTO_CARRY_CHAINS      ; ON         ; AUTO_CARRY                                   ;
; IGNORE_CARRY_BUFFERS   ; OFF        ; IGNORE_CARRY                                 ;
; AUTO_CASCADE_CHAINS    ; ON         ; AUTO_CASCADE                                 ;
; IGNORE_CASCADE_BUFFERS ; OFF        ; IGNORE_CASCADE                               ;
; LPM_WIDTH              ; 7          ; Signed Integer                               ;
; LPM_SIZE               ; 4          ; Signed Integer                               ;
; LPM_WIDTHS             ; 2          ; Signed Integer                               ;
; LPM_PIPELINE           ; 0          ; Signed Integer                               ;
; CBXI_PARAMETER         ; mux_93e    ; Untyped                                      ;
; DEVICE_FAMILY          ; Cyclone II ; Untyped                                      ;
+------------------------+------------+----------------------------------------------+
Note: In order to hide this table in the UI and the text report file, please set the "Show Parameter Settings Tables in Synthesis Report" option in "Analysis and Synthesis Settings -> More Settings" to "Off".


+-------------------------------------------------------------------------------------------+
; Parameter Settings for User Entity Instance: ss4:inst28|lpm_counter:lpm_counter_component ;
+------------------------+-------------+----------------------------------------------------+
; Parameter Name         ; Value       ; Type                                               ;
+------------------------+-------------+----------------------------------------------------+
; AUTO_CARRY_CHAINS      ; ON          ; AUTO_CARRY                                         ;
; IGNORE_CARRY_BUFFERS   ; OFF         ; IGNORE_CARRY                                       ;
; AUTO_CASCADE_CHAINS    ; ON          ; AUTO_CASCADE                                       ;
; IGNORE_CASCADE_BUFFERS ; OFF         ; IGNORE_CASCADE                                     ;
; LPM_WIDTH              ; 4           ; Signed Integer                                     ;
; LPM_DIRECTION          ; UP          ; Untyped                                            ;
; LPM_MODULUS            ; 11          ; Signed Integer                                     ;
; LPM_AVALUE             ; UNUSED      ; Untyped                                            ;
; LPM_SVALUE             ; UNUSED      ; Untyped                                            ;
; LPM_PORT_UPDOWN        ; PORT_UNUSED ; Untyped                                            ;
; DEVICE_FAMILY          ; Cyclone II  ; Untyped                                            ;
; CARRY_CHAIN            ; MANUAL      ; Untyped                                            ;
; CARRY_CHAIN_LENGTH     ; 48          ; CARRY_CHAIN_LENGTH                                 ;
; NOT_GATE_PUSH_BACK     ; ON          ; NOT_GATE_PUSH_BACK                                 ;
; CARRY_CNT_EN           ; SMART       ; Untyped                                            ;
; LABWIDE_SCLR           ; ON          ; Untyped                                            ;
; USE_NEW_VERSION        ; TRUE        ; Untyped                                            ;
; CBXI_PARAMETER         ; cntr_5tj    ; Untyped                                            ;
+------------------------+-------------+----------------------------------------------------+
Note: In order to hide this table in the UI and the text report file, please set the "Show Parameter Settings Tables in Synthesis Report" option in "Analysis and Synthesis Settings -> More Settings" to "Off".


+-------------------------------------------------------------------------------------------+
; Parameter Settings for User Entity Instance: ss3:inst27|lpm_counter:lpm_counter_component ;
+------------------------+-------------+----------------------------------------------------+
; Parameter Name         ; Value       ; Type                                               ;
+------------------------+-------------+----------------------------------------------------+
; AUTO_CARRY_CHAINS      ; ON          ; AUTO_CARRY                                         ;
; IGNORE_CARRY_BUFFERS   ; OFF         ; IGNORE_CARRY                                       ;
; AUTO_CASCADE_CHAINS    ; ON          ; AUTO_CASCADE                                       ;
; IGNORE_CASCADE_BUFFERS ; OFF         ; IGNORE_CASCADE                                     ;
; LPM_WIDTH              ; 4           ; Signed Integer                                     ;
; LPM_DIRECTION          ; UP          ; Untyped                                            ;
; LPM_MODULUS            ; 7           ; Signed Integer                                     ;
; LPM_AVALUE             ; UNUSED      ; Untyped                                            ;
; LPM_SVALUE             ; UNUSED      ; Untyped                                            ;
; LPM_PORT_UPDOWN        ; PORT_UNUSED ; Untyped                                            ;
; DEVICE_FAMILY          ; Cyclone II  ; Untyped                                            ;
; CARRY_CHAIN            ; MANUAL      ; Untyped                                            ;
; CARRY_CHAIN_LENGTH     ; 48          ; CARRY_CHAIN_LENGTH                                 ;
; NOT_GATE_PUSH_BACK     ; ON          ; NOT_GATE_PUSH_BACK                                 ;
; CARRY_CNT_EN           ; SMART       ; Untyped                                            ;
; LABWIDE_SCLR           ; ON          ; Untyped                                            ;
; USE_NEW_VERSION        ; TRUE        ; Untyped                                            ;
; CBXI_PARAMETER         ; cntr_qrj    ; Untyped                                            ;
+------------------------+-------------+----------------------------------------------------+
Note: In order to hide this table in the UI and the text report file, please set the "Show Parameter Settings Tables in Synthesis Report" option in "Analysis and Synthesis Settings -> More Settings" to "Off".


+------------------------------------------------------------------------------------------+
; Parameter Settings for User Entity Instance: ss:inst25|lpm_counter:lpm_counter_component ;
+------------------------+-------------+---------------------------------------------------+
; Parameter Name         ; Value       ; Type                                              ;
+------------------------+-------------+---------------------------------------------------+
; AUTO_CARRY_CHAINS      ; ON          ; AUTO_CARRY                                        ;
; IGNORE_CARRY_BUFFERS   ; OFF         ; IGNORE_CARRY                                      ;
; AUTO_CASCADE_CHAINS    ; ON          ; AUTO_CASCADE                                      ;
; IGNORE_CASCADE_BUFFERS ; OFF         ; IGNORE_CASCADE                                    ;
; LPM_WIDTH              ; 4           ; Signed Integer                                    ;
; LPM_DIRECTION          ; UP          ; Untyped                                           ;
; LPM_MODULUS            ; 11          ; Signed Integer                                    ;
; LPM_AVALUE             ; UNUSED      ; Untyped                                           ;
; LPM_SVALUE             ; UNUSED      ; Untyped                                           ;
; LPM_PORT_UPDOWN        ; PORT_UNUSED ; Untyped                                           ;
; DEVICE_FAMILY          ; Cyclone II  ; Untyped                                           ;
; CARRY_CHAIN            ; MANUAL      ; Untyped                                           ;
; CARRY_CHAIN_LENGTH     ; 48          ; CARRY_CHAIN_LENGTH                                ;
; NOT_GATE_PUSH_BACK     ; ON          ; NOT_GATE_PUSH_BACK                                ;
; CARRY_CNT_EN           ; SMART       ; Untyped                                           ;
; LABWIDE_SCLR           ; ON          ; Untyped                                           ;
; USE_NEW_VERSION        ; TRUE        ; Untyped                                           ;
; CBXI_PARAMETER         ; cntr_5tj    ; Untyped                                           ;
+------------------------+-------------+---------------------------------------------------+
Note: In order to hide this table in the UI and the text report file, please set the "Show Parameter Settings Tables in Synthesis Report" option in "Analysis and Synthesis Settings -> More Settings" to "Off".


+-------------------------------------------------------------------------------------------+
; Parameter Settings for User Entity Instance: ss2:inst26|lpm_counter:lpm_counter_component ;
+------------------------+-------------+----------------------------------------------------+
; Parameter Name         ; Value       ; Type                                               ;
+------------------------+-------------+----------------------------------------------------+
; AUTO_CARRY_CHAINS      ; ON          ; AUTO_CARRY                                         ;
; IGNORE_CARRY_BUFFERS   ; OFF         ; IGNORE_CARRY                                       ;
; AUTO_CASCADE_CHAINS    ; ON          ; AUTO_CASCADE                                       ;
; IGNORE_CASCADE_BUFFERS ; OFF         ; IGNORE_CASCADE                                     ;
; LPM_WIDTH              ; 4           ; Signed Integer                                     ;
; LPM_DIRECTION          ; UP          ; Untyped                                            ;
; LPM_MODULUS            ; 3           ; Signed Integer                                     ;
; LPM_AVALUE             ; UNUSED      ; Untyped                                            ;
; LPM_SVALUE             ; UNUSED      ; Untyped                                            ;
; LPM_PORT_UPDOWN        ; PORT_UNUSED ; Untyped                                            ;
; DEVICE_FAMILY          ; Cyclone II  ; Untyped                                            ;
; CARRY_CHAIN            ; MANUAL      ; Untyped                                            ;
; CARRY_CHAIN_LENGTH     ; 48          ; CARRY_CHAIN_LENGTH                                 ;
; NOT_GATE_PUSH_BACK     ; ON          ; NOT_GATE_PUSH_BACK                                 ;
; CARRY_CNT_EN           ; SMART       ; Untyped                                            ;
; LABWIDE_SCLR           ; ON          ; Untyped                                            ;
; USE_NEW_VERSION        ; TRUE        ; Untyped                                            ;
; CBXI_PARAMETER         ; cntr_mrj    ; Untyped                                            ;
+------------------------+-------------+----------------------------------------------------+
Note: In order to hide this table in the UI and the text report file, please set the "Show Parameter Settings Tables in Synthesis Report" option in "Analysis and Synthesis Settings -> More Settings" to "Off".


+-------------------------------+
; Analysis & Synthesis Messages ;
+-------------------------------+
Info: *******************************************************************
Info: Running Quartus II Analysis & Synthesis
    Info: Version 8.1 Build 163 10/28/2008 SJ Web Edition
    Info: Processing started: Thu Mar 19 15:55:42 2020
Info: Command: quartus_map --read_settings_files=on --write_settings_files=off chasi2 -c chasi2
Info: Found 1 design units, including 1 entities, in source file Verilog1.v
    Info: Found entity 1: indicator16
Info: Found 2 design units, including 1 entities, in source file st22.vhd
    Info: Found design unit 1: st22-SYN
    Info: Found entity 1: st22
Info: Found 2 design units, including 1 entities, in source file st6.vhd
    Info: Found design unit 1: st6-SYN
    Info: Found entity 1: st6
Info: Found 1 design units, including 1 entities, in source file chasi2.bdf
    Info: Found entity 1: chasi2
Info: Found 2 design units, including 1 entities, in source file st10.vhd
    Info: Found design unit 1: st10-SYN
    Info: Found entity 1: st10
Info: Found 2 design units, including 1 entities, in source file st7.vhd
    Info: Found design unit 1: st7-SYN
    Info: Found entity 1: st7
Info: Found 2 design units, including 1 entities, in source file mux1.vhd
    Info: Found design unit 1: mux1-SYN
    Info: Found entity 1: mux1
Info: Found 2 design units, including 1 entities, in source file st9.vhd
    Info: Found design unit 1: st9-SYN
    Info: Found entity 1: st9
Info: Found 2 design units, including 1 entities, in source file dec.vhd
    Info: Found design unit 1: dec-SYN
    Info: Found entity 1: dec
Info: Found 2 design units, including 1 entities, in source file ss.vhd
    Info: Found design unit 1: ss-SYN
    Info: Found entity 1: ss
Info: Found 2 design units, including 1 entities, in source file ss2.vhd
    Info: Found design unit 1: ss2-SYN
    Info: Found entity 1: ss2
Info: Found 2 design units, including 1 entities, in source file ss3.vhd
    Info: Found design unit 1: ss3-SYN
    Info: Found entity 1: ss3
Info: Found 2 design units, including 1 entities, in source file ss4.vhd
    Info: Found design unit 1: ss4-SYN
    Info: Found entity 1: ss4
Info: Elaborating entity "chasi2" for the top level hierarchy
Info: Elaborating entity "st6" for hierarchy "st6:inst1"
Info: Elaborating entity "lpm_counter" for hierarchy "st6:inst1|lpm_counter:lpm_counter_component"
Info: Elaborated megafunction instantiation "st6:inst1|lpm_counter:lpm_counter_component"
Info: Instantiated megafunction "st6:inst1|lpm_counter:lpm_counter_component" with the following parameter:
    Info: Parameter "lpm_direction" = "UP"
    Info: Parameter "lpm_modulus" = "60"
    Info: Parameter "lpm_port_updown" = "PORT_UNUSED"
    Info: Parameter "lpm_type" = "LPM_COUNTER"
    Info: Parameter "lpm_width" = "6"
Info: Found 1 design units, including 1 entities, in source file db/cntr_btj.tdf
    Info: Found entity 1: cntr_btj
Info: Elaborating entity "cntr_btj" for hierarchy "st6:inst1|lpm_counter:lpm_counter_component|cntr_btj:auto_generated"
Info: Found 1 design units, including 1 entities, in source file db/cmpr_acc.tdf
    Info: Found entity 1: cmpr_acc
Info: Elaborating entity "cmpr_acc" for hierarchy "st6:inst1|lpm_counter:lpm_counter_component|cntr_btj:auto_generated|cmpr_acc:cmpr2"
Info: Elaborating entity "st22" for hierarchy "st22:inst"
Info: Elaborating entity "lpm_counter" for hierarchy "st22:inst|lpm_counter:lpm_counter_component"
Info: Elaborated megafunction instantiation "st22:inst|lpm_counter:lpm_counter_component"
Info: Instantiated megafunction "st22:inst|lpm_counter:lpm_counter_component" with the following parameter:
    Info: Parameter "lpm_direction" = "UP"
    Info: Parameter "lpm_port_updown" = "PORT_UNUSED"
    Info: Parameter "lpm_type" = "LPM_COUNTER"
    Info: Parameter "lpm_width" = "22"
Info: Found 1 design units, including 1 entities, in source file db/cntr_8mh.tdf
    Info: Found entity 1: cntr_8mh
Info: Elaborating entity "cntr_8mh" for hierarchy "st22:inst|lpm_counter:lpm_counter_component|cntr_8mh:auto_generated"
Info: Elaborating entity "dec" for hierarchy "dec:inst20"
Info: Elaborating entity "lpm_decode" for hierarchy "dec:inst20|lpm_decode:lpm_decode_component"
Info: Elaborated megafunction instantiation "dec:inst20|lpm_decode:lpm_decode_component"
Info: Instantiated megafunction "dec:inst20|lpm_decode:lpm_decode_component" with the following parameter:
    Info: Parameter "lpm_decodes" = "4"
    Info: Parameter "lpm_type" = "LPM_DECODE"
    Info: Parameter "lpm_width" = "2"
Info: Found 1 design units, including 1 entities, in source file db/decode_n6f.tdf
    Info: Found entity 1: decode_n6f
Info: Elaborating entity "decode_n6f" for hierarchy "dec:inst20|lpm_decode:lpm_decode_component|decode_n6f:auto_generated"
Info: Elaborating entity "st9" for hierarchy "st9:inst19"
Info: Elaborating entity "lpm_counter" for hierarchy "st9:inst19|lpm_counter:lpm_counter_component"
Info: Elaborated megafunction instantiation "st9:inst19|lpm_counter:lpm_counter_component"
Info: Instantiated megafunction "st9:inst19|lpm_counter:lpm_counter_component" with the following parameter:
    Info: Parameter "lpm_direction" = "UP"
    Info: Parameter "lpm_port_updown" = "PORT_UNUSED"
    Info: Parameter "lpm_type" = "LPM_COUNTER"
    Info: Parameter "lpm_width" = "2"
Info: Found 1 design units, including 1 entities, in source file db/cntr_mkh.tdf
    Info: Found entity 1: cntr_mkh
Info: Elaborating entity "cntr_mkh" for hierarchy "st9:inst19|lpm_counter:lpm_counter_component|cntr_mkh:auto_generated"
Info: Elaborating entity "mux1" for hierarchy "mux1:inst15"
Info: Elaborating entity "LPM_MUX" for hierarchy "mux1:inst15|LPM_MUX:lpm_mux_component"
Info: Elaborated megafunction instantiation "mux1:inst15|LPM_MUX:lpm_mux_component"
Info: Instantiated megafunction "mux1:inst15|LPM_MUX:lpm_mux_component" with the following parameter:
    Info: Parameter "LPM_WIDTH" = "7"
    Info: Parameter "LPM_SIZE" = "4"
    Info: Parameter "LPM_WIDTHS" = "2"
    Info: Parameter "LPM_PIPELINE" = "0"
    Info: Parameter "LPM_TYPE" = "LPM_MUX"
    Info: Parameter "LPM_HINT" = "UNUSED"
Info: Found 1 design units, including 1 entities, in source file db/mux_93e.tdf
    Info: Found entity 1: mux_93e
Info: Elaborating entity "mux_93e" for hierarchy "mux1:inst15|LPM_MUX:lpm_mux_component|mux_93e:auto_generated"
Info: Elaborating entity "indicator16" for hierarchy "indicator16:inst11"
Info: Elaborating entity "ss4" for hierarchy "ss4:inst28"
Info: Elaborating entity "lpm_counter" for hierarchy "ss4:inst28|lpm_counter:lpm_counter_component"
Info: Elaborated megafunction instantiation "ss4:inst28|lpm_counter:lpm_counter_component"
Info: Instantiated megafunction "ss4:inst28|lpm_counter:lpm_counter_component" with the following parameter:
    Info: Parameter "lpm_direction" = "UP"
    Info: Parameter "lpm_modulus" = "11"
    Info: Parameter "lpm_port_updown" = "PORT_UNUSED"
    Info: Parameter "lpm_type" = "LPM_COUNTER"
    Info: Parameter "lpm_width" = "4"
Info: Found 1 design units, including 1 entities, in source file db/cntr_5tj.tdf
    Info: Found entity 1: cntr_5tj
Info: Elaborating entity "cntr_5tj" for hierarchy "ss4:inst28|lpm_counter:lpm_counter_component|cntr_5tj:auto_generated"
Info: Found 1 design units, including 1 entities, in source file db/cmpr_8cc.tdf
    Info: Found entity 1: cmpr_8cc
Info: Elaborating entity "cmpr_8cc" for hierarchy "ss4:inst28|lpm_counter:lpm_counter_component|cntr_5tj:auto_generated|cmpr_8cc:cmpr2"
Info: Elaborating entity "ss3" for hierarchy "ss3:inst27"
Info: Elaborating entity "lpm_counter" for hierarchy "ss3:inst27|lpm_counter:lpm_counter_component"
Info: Elaborated megafunction instantiation "ss3:inst27|lpm_counter:lpm_counter_component"
Info: Instantiated megafunction "ss3:inst27|lpm_counter:lpm_counter_component" with the following parameter:
    Info: Parameter "lpm_direction" = "UP"
    Info: Parameter "lpm_modulus" = "7"
    Info: Parameter "lpm_port_updown" = "PORT_UNUSED"
    Info: Parameter "lpm_type" = "LPM_COUNTER"
    Info: Parameter "lpm_width" = "4"
Info: Found 1 design units, including 1 entities, in source file db/cntr_qrj.tdf
    Info: Found entity 1: cntr_qrj
Info: Elaborating entity "cntr_qrj" for hierarchy "ss3:inst27|lpm_counter:lpm_counter_component|cntr_qrj:auto_generated"
Info: Elaborating entity "ss" for hierarchy "ss:inst25"
Info: Elaborating entity "ss2" for hierarchy "ss2:inst26"
Info: Elaborating entity "lpm_counter" for hierarchy "ss2:inst26|lpm_counter:lpm_counter_component"
Info: Elaborated megafunction instantiation "ss2:inst26|lpm_counter:lpm_counter_component"
Info: Instantiated megafunction "ss2:inst26|lpm_counter:lpm_counter_component" with the following parameter:
    Info: Parameter "lpm_direction" = "UP"
    Info: Parameter "lpm_modulus" = "3"
    Info: Parameter "lpm_port_updown" = "PORT_UNUSED"
    Info: Parameter "lpm_type" = "LPM_COUNTER"
    Info: Parameter "lpm_width" = "4"
Info: Found 1 design units, including 1 entities, in source file db/cntr_mrj.tdf
    Info: Found entity 1: cntr_mrj
Info: Elaborating entity "cntr_mrj" for hierarchy "ss2:inst26|lpm_counter:lpm_counter_component|cntr_mrj:auto_generated"
Warning: Output pins are stuck at VCC or GND
    Warning (13410): Pin "leddOff" is stuck at VCC
Info: 3 registers lost all their fanouts during netlist optimizations. The first 3 are displayed below.
    Info: Register "st22:inst|lpm_counter:lpm_counter_component|cntr_8mh:auto_generated|safe_q[21]" lost all its fanouts during netlist optimizations.
    Info: Register "st22:inst|lpm_counter:lpm_counter_component|cntr_8mh:auto_generated|safe_q[20]" lost all its fanouts during netlist optimizations.
    Info: Register "st22:inst|lpm_counter:lpm_counter_component|cntr_8mh:auto_generated|safe_q[19]" lost all its fanouts during netlist optimizations.
Info: Implemented 133 device resources after synthesis - the final resource count might be different
    Info: Implemented 1 input pins
    Info: Implemented 13 output pins
    Info: Implemented 119 logic cells
Info: Quartus II Analysis & Synthesis was successful. 0 errors, 2 warnings
    Info: Peak virtual memory: 227 megabytes
    Info: Processing ended: Thu Mar 19 15:55:46 2020
    Info: Elapsed time: 00:00:04
    Info: Total CPU time (on all processors): 00:00:03


