Analysis & Synthesis report for LCD
Sat Jan 30 14:43:52 2016
Quartus II Version 8.1 Build 163 10/28/2008 SJ Web Edition


---------------------
; Table of Contents ;
---------------------
  1. Legal Notice
  2. Analysis & Synthesis Summary
  3. Analysis & Synthesis Settings
  4. Analysis & Synthesis Source Files Read
  5. Analysis & Synthesis Resource Usage Summary
  6. Analysis & Synthesis Resource Utilization by Entity
  7. Analysis & Synthesis RAM Summary
  8. State Machine - |LCD|LCD_Display:inst|next_command
  9. State Machine - |LCD|LCD_Display:inst|state
 10. Registers Removed During Synthesis
 11. General Register Statistics
 12. Multiplexer Restructuring Statistics (Restructuring Performed)
 13. Source assignments for ROM1:inst3|altsyncram:altsyncram_component|altsyncram_ds61:auto_generated
 14. Parameter Settings for User Entity Instance: ROM1:inst3
 15. Parameter Settings for User Entity Instance: ROM1:inst3|altsyncram:altsyncram_component
 16. Analysis & Synthesis Messages



----------------
; Legal Notice ;
----------------
Copyright (C) 1991-2008 Altera Corporation
Your use of Altera Corporation's design tools, logic functions 
and other software and tools, and its AMPP partner logic 
functions, and any output files from any of the foregoing 
(including device programming or simulation files), and any 
associated documentation or information are expressly subject 
to the terms and conditions of the Altera Program License 
Subscription Agreement, Altera MegaCore Function License 
Agreement, or other applicable license agreement, including, 
without limitation, that your use is for the sole purpose of 
programming logic devices manufactured by Altera and sold by 
Altera or its authorized distributors.  Please refer to the 
applicable agreement for further details.



+------------------------------------------------------------------------------+
; Analysis & Synthesis Summary                                                 ;
+------------------------------------+-----------------------------------------+
; Analysis & Synthesis Status        ; Successful - Sat Jan 30 14:43:52 2016   ;
; Quartus II Version                 ; 8.1 Build 163 10/28/2008 SJ Web Edition ;
; Revision Name                      ; LCD                                     ;
; Top-level Entity Name              ; LCD                                     ;
; Family                             ; Cyclone II                              ;
; Total logic elements               ; 81                                      ;
;     Total combinational functions  ; 81                                      ;
;     Dedicated logic registers      ; 56                                      ;
; Total registers                    ; 56                                      ;
; Total pins                         ; 11                                      ;
; Total virtual pins                 ; 0                                       ;
; Total memory bits                  ; 256                                     ;
; Embedded Multiplier 9-bit elements ; 0                                       ;
; Total PLLs                         ; 0                                       ;
+------------------------------------+-----------------------------------------+


+----------------------------------------------------------------------------------------------------------+
; Analysis & Synthesis Settings                                                                            ;
+----------------------------------------------------------------+--------------------+--------------------+
; Option                                                         ; Setting            ; Default Value      ;
+----------------------------------------------------------------+--------------------+--------------------+
; Device                                                         ; EP2C8F256C8        ;                    ;
; Top-level entity name                                          ; LCD                ; LCD                ;
; Family name                                                    ; Cyclone II         ; Stratix II         ;
; Use Generated Physical Constraints File                        ; Off                ;                    ;
; Use smart compilation                                          ; Off                ; Off                ;
; Restructure Multiplexers                                       ; Auto               ; Auto               ;
; Create Debugging Nodes for IP Cores                            ; Off                ; Off                ;
; Preserve fewer node names                                      ; On                 ; On                 ;
; Disable OpenCore Plus hardware evaluation                      ; Off                ; Off                ;
; Verilog Version                                                ; Verilog_2001       ; Verilog_2001       ;
; VHDL Version                                                   ; VHDL93             ; VHDL93             ;
; State Machine Processing                                       ; Auto               ; Auto               ;
; Safe State Machine                                             ; Off                ; Off                ;
; Extract Verilog State Machines                                 ; On                 ; On                 ;
; Extract VHDL State Machines                                    ; On                 ; On                 ;
; Ignore Verilog initial constructs                              ; Off                ; Off                ;
; Iteration limit for constant Verilog loops                     ; 5000               ; 5000               ;
; Iteration limit for non-constant Verilog loops                 ; 250                ; 250                ;
; Add Pass-Through Logic to Inferred RAMs                        ; On                 ; On                 ;
; Parallel Synthesis                                             ; Off                ; Off                ;
; DSP Block Balancing                                            ; Auto               ; Auto               ;
; NOT Gate Push-Back                                             ; On                 ; On                 ;
; Power-Up Don't Care                                            ; On                 ; On                 ;
; Remove Redundant Logic Cells                                   ; Off                ; Off                ;
; Remove Duplicate Registers                                     ; On                 ; On                 ;
; Ignore CARRY Buffers                                           ; Off                ; Off                ;
; Ignore CASCADE Buffers                                         ; Off                ; Off                ;
; Ignore GLOBAL Buffers                                          ; Off                ; Off                ;
; Ignore ROW GLOBAL Buffers                                      ; Off                ; Off                ;
; Ignore LCELL Buffers                                           ; Off                ; Off                ;
; Ignore SOFT Buffers                                            ; On                 ; On                 ;
; Limit AHDL Integers to 32 Bits                                 ; Off                ; Off                ;
; Optimization Technique                                         ; Balanced           ; Balanced           ;
; Carry Chain Length                                             ; 70                 ; 70                 ;
; Auto Carry Chains                                              ; On                 ; On                 ;
; Auto Open-Drain Pins                                           ; On                 ; On                 ;
; Perform WYSIWYG Primitive Resynthesis                          ; Off                ; Off                ;
; Perform gate-level register retiming                           ; Off                ; Off                ;
; Allow register retiming to trade off Tsu/Tco with Fmax         ; On                 ; On                 ;
; Auto ROM Replacement                                           ; On                 ; On                 ;
; Auto RAM Replacement                                           ; On                 ; On                 ;
; Auto Shift Register Replacement                                ; Auto               ; Auto               ;
; Auto Clock Enable Replacement                                  ; On                 ; On                 ;
; Strict RAM Replacement                                         ; Off                ; Off                ;
; Allow Synchronous Control Signals                              ; On                 ; On                 ;
; Force Use of Synchronous Clear Signals                         ; Off                ; Off                ;
; Auto RAM to Logic Cell Conversion                              ; Off                ; Off                ;
; Auto Resource Sharing                                          ; Off                ; Off                ;
; Allow Any RAM Size For Recognition                             ; Off                ; Off                ;
; Allow Any ROM Size For Recognition                             ; Off                ; Off                ;
; Allow Any Shift Register Size For Recognition                  ; Off                ; Off                ;
; Use LogicLock Constraints during Resource Balancing            ; On                 ; On                 ;
; Ignore translate_off and synthesis_off directives              ; Off                ; Off                ;
; Show Parameter Settings Tables in Synthesis Report             ; On                 ; On                 ;
; Ignore Maximum Fan-Out Assignments                             ; Off                ; Off                ;
; Synchronization Register Chain Length                          ; 2                  ; 2                  ;
; PowerPlay Power Optimization                                   ; Normal compilation ; Normal compilation ;
; HDL message level                                              ; Level2             ; Level2             ;
; Suppress Register Optimization Related Messages                ; Off                ; Off                ;
; Number of Removed Registers Reported in Synthesis Report       ; 100                ; 100                ;
; Number of Inverted Registers Reported in Synthesis Report      ; 100                ; 100                ;
; Clock MUX Protection                                           ; On                 ; On                 ;
; Auto Gated Clock Conversion                                    ; Off                ; Off                ;
; Block Design Naming                                            ; Auto               ; Auto               ;
; SDC constraint protection                                      ; Off                ; Off                ;
; Synthesis Effort                                               ; Auto               ; Auto               ;
; Allows Asynchronous Clear Usage For Shift Register Replacement ; On                 ; On                 ;
; Analysis & Synthesis Message Level                             ; Medium             ; Medium             ;
+----------------------------------------------------------------+--------------------+--------------------+


+--------------------------------------------------------------------------------------------------------------------------------------------------------------+
; Analysis & Synthesis Source Files Read                                                                                                                       ;
+----------------------------------+-----------------+------------------------------------+--------------------------------------------------------------------+
; File Name with User-Entered Path ; Used in Netlist ; File Type                          ; File Name with Absolute Path                                       ;
+----------------------------------+-----------------+------------------------------------+--------------------------------------------------------------------+
; LCD_Display.vhd                  ; yes             ; User VHDL File                     ; G:/1/q2/q2/LCD/LCD_Display.vhd                                     ;
; LCD.bdf                          ; yes             ; User Block Diagram/Schematic File  ; G:/1/q2/q2/LCD/LCD.bdf                                             ;
; ROM1.tdf                         ; yes             ; Auto-Found Wizard-Generated File   ; G:/1/q2/q2/LCD/ROM1.tdf                                            ;
; altsyncram.inc                   ; yes             ; Auto-Found AHDL File               ; c:/altera/81/quartus/libraries/megafunctions/altsyncram.inc        ;
; altsyncram.tdf                   ; yes             ; Megafunction                       ; c:/altera/81/quartus/libraries/megafunctions/altsyncram.tdf        ;
; stratix_ram_block.inc            ; yes             ; Megafunction                       ; c:/altera/81/quartus/libraries/megafunctions/stratix_ram_block.inc ;
; lpm_mux.inc                      ; yes             ; Megafunction                       ; c:/altera/81/quartus/libraries/megafunctions/lpm_mux.inc           ;
; lpm_decode.inc                   ; yes             ; Megafunction                       ; c:/altera/81/quartus/libraries/megafunctions/lpm_decode.inc        ;
; aglobal81.inc                    ; yes             ; Megafunction                       ; c:/altera/81/quartus/libraries/megafunctions/aglobal81.inc         ;
; a_rdenreg.inc                    ; yes             ; Megafunction                       ; c:/altera/81/quartus/libraries/megafunctions/a_rdenreg.inc         ;
; altrom.inc                       ; yes             ; Megafunction                       ; c:/altera/81/quartus/libraries/megafunctions/altrom.inc            ;
; altram.inc                       ; yes             ; Megafunction                       ; c:/altera/81/quartus/libraries/megafunctions/altram.inc            ;
; altdpram.inc                     ; yes             ; Megafunction                       ; c:/altera/81/quartus/libraries/megafunctions/altdpram.inc          ;
; altqpram.inc                     ; yes             ; Megafunction                       ; c:/altera/81/quartus/libraries/megafunctions/altqpram.inc          ;
; db/altsyncram_ds61.tdf           ; yes             ; Auto-Generated Megafunction        ; G:/1/q2/q2/LCD/db/altsyncram_ds61.tdf                              ;
+----------------------------------+-----------------+------------------------------------+--------------------------------------------------------------------+


+---------------------------------------------------------+
; Analysis & Synthesis Resource Usage Summary             ;
+---------------------------------------------+-----------+
; Resource                                    ; Usage     ;
+---------------------------------------------+-----------+
; Estimated Total logic elements              ; 81        ;
;                                             ;           ;
; Total combinational functions               ; 81        ;
; Logic element usage by number of LUT inputs ;           ;
;     -- 4 input functions                    ; 30        ;
;     -- 3 input functions                    ; 11        ;
;     -- <=2 input functions                  ; 40        ;
;                                             ;           ;
; Logic elements by mode                      ;           ;
;     -- normal mode                          ; 58        ;
;     -- arithmetic mode                      ; 23        ;
;                                             ;           ;
; Total registers                             ; 56        ;
;     -- Dedicated logic registers            ; 56        ;
;     -- I/O registers                        ; 0         ;
;                                             ;           ;
; I/O pins                                    ; 11        ;
; Total memory bits                           ; 256       ;
; Maximum fan-out node                        ; clk_25mhz ;
; Maximum fan-out                             ; 64        ;
; Total fan-out                               ; 459       ;
; Average fan-out                             ; 2.94      ;
+---------------------------------------------+-----------+


+-------------------------------------------------------------------------------------------------------------------------------------------------------------------------------------------------------------------------------------------------------+
; Analysis & Synthesis Resource Utilization by Entity                                                                                                                                                                                                   ;
+-------------------------------------------+-------------------+--------------+-------------+--------------+---------+-----------+------+--------------+--------------------------------------------------------------------------------+--------------+
; Compilation Hierarchy Node                ; LC Combinationals ; LC Registers ; Memory Bits ; DSP Elements ; DSP 9x9 ; DSP 18x18 ; Pins ; Virtual Pins ; Full Hierarchy Name                                                            ; Library Name ;
+-------------------------------------------+-------------------+--------------+-------------+--------------+---------+-----------+------+--------------+--------------------------------------------------------------------------------+--------------+
; |LCD                                      ; 81 (0)            ; 56 (0)       ; 256         ; 0            ; 0       ; 0         ; 11   ; 0            ; |LCD                                                                           ; work         ;
;    |LCD_Display:inst|                     ; 81 (81)           ; 56 (56)      ; 0           ; 0            ; 0       ; 0         ; 0    ; 0            ; |LCD|LCD_Display:inst                                                          ; work         ;
;    |ROM1:inst3|                           ; 0 (0)             ; 0 (0)        ; 256         ; 0            ; 0       ; 0         ; 0    ; 0            ; |LCD|ROM1:inst3                                                                ; work         ;
;       |altsyncram:altsyncram_component|   ; 0 (0)             ; 0 (0)        ; 256         ; 0            ; 0       ; 0         ; 0    ; 0            ; |LCD|ROM1:inst3|altsyncram:altsyncram_component                                ; work         ;
;          |altsyncram_ds61:auto_generated| ; 0 (0)             ; 0 (0)        ; 256         ; 0            ; 0       ; 0         ; 0    ; 0            ; |LCD|ROM1:inst3|altsyncram:altsyncram_component|altsyncram_ds61:auto_generated ; work         ;
+-------------------------------------------+-------------------+--------------+-------------+--------------+---------+-----------+------+--------------+--------------------------------------------------------------------------------+--------------+
Note: For table entries with two numbers listed, the numbers in parentheses indicate the number of resources of the given type used by the specific entity alone. The numbers listed outside of parentheses indicate the total resources of the given type used by the specific entity and all of its sub-entities in the hierarchy.


+------------------------------------------------------------------------------------------------------------------------------------------------------------------------------------+
; Analysis & Synthesis RAM Summary                                                                                                                                                   ;
+--------------------------------------------------------------------------------------+------+------+--------------+--------------+--------------+--------------+------+------------+
; Name                                                                                 ; Type ; Mode ; Port A Depth ; Port A Width ; Port B Depth ; Port B Width ; Size ; MIF        ;
+--------------------------------------------------------------------------------------+------+------+--------------+--------------+--------------+--------------+------+------------+
; ROM1:inst3|altsyncram:altsyncram_component|altsyncram_ds61:auto_generated|ALTSYNCRAM ; AUTO ; ROM  ; 32           ; 8            ; --           ; --           ; 256  ; mif123.mif ;
+--------------------------------------------------------------------------------------+------+------+--------------+--------------+--------------+--------------+------+------------+


Encoding Type:  One-Hot
+------------------------------------------------------------------------------------------------------------------------------------------------------------------------------------------------------------------------------------------------------------------------------------------------------------+
; State Machine - |LCD|LCD_Display:inst|next_command                                                                                                                                                                                                                                                         ;
+----------------------------+----------------------------+--------------------------+--------------------+-------------------------+--------------------------+--------------------+---------------------------+-----------------------+-------------------------+----------------------+-------------------+
; Name                       ; next_command.DISPLAY_CLEAR ; next_command.DISPLAY_OFF ; next_command.delay ; next_command.DROP_lcd_e ; next_command.RETURN_HOME ; next_command.LINE2 ; next_command.Print_String ; next_command.MODE_SET ; next_command.DISPLAY_ON ; next_command.setting ; next_command.init ;
+----------------------------+----------------------------+--------------------------+--------------------+-------------------------+--------------------------+--------------------+---------------------------+-----------------------+-------------------------+----------------------+-------------------+
; next_command.init          ; 0                          ; 0                        ; 0                  ; 0                       ; 0                        ; 0                  ; 0                         ; 0                     ; 0                       ; 0                    ; 0                 ;
; next_command.setting       ; 0                          ; 0                        ; 0                  ; 0                       ; 0                        ; 0                  ; 0                         ; 0                     ; 0                       ; 1                    ; 1                 ;
; next_command.DISPLAY_ON    ; 0                          ; 0                        ; 0                  ; 0                       ; 0                        ; 0                  ; 0                         ; 0                     ; 1                       ; 0                    ; 1                 ;
; next_command.MODE_SET      ; 0                          ; 0                        ; 0                  ; 0                       ; 0                        ; 0                  ; 0                         ; 1                     ; 0                       ; 0                    ; 1                 ;
; next_command.Print_String  ; 0                          ; 0                        ; 0                  ; 0                       ; 0                        ; 0                  ; 1                         ; 0                     ; 0                       ; 0                    ; 1                 ;
; next_command.LINE2         ; 0                          ; 0                        ; 0                  ; 0                       ; 0                        ; 1                  ; 0                         ; 0                     ; 0                       ; 0                    ; 1                 ;
; next_command.RETURN_HOME   ; 0                          ; 0                        ; 0                  ; 0                       ; 1                        ; 0                  ; 0                         ; 0                     ; 0                       ; 0                    ; 1                 ;
; next_command.DROP_lcd_e    ; 0                          ; 0                        ; 0                  ; 1                       ; 0                        ; 0                  ; 0                         ; 0                     ; 0                       ; 0                    ; 1                 ;
; next_command.delay         ; 0                          ; 0                        ; 1                  ; 0                       ; 0                        ; 0                  ; 0                         ; 0                     ; 0                       ; 0                    ; 1                 ;
; next_command.DISPLAY_OFF   ; 0                          ; 1                        ; 0                  ; 0                       ; 0                        ; 0                  ; 0                         ; 0                     ; 0                       ; 0                    ; 1                 ;
; next_command.DISPLAY_CLEAR ; 1                          ; 0                        ; 0                  ; 0                       ; 0                        ; 0                  ; 0                         ; 0                     ; 0                       ; 0                    ; 1                 ;
+----------------------------+----------------------------+--------------------------+--------------------+-------------------------+--------------------------+--------------------+---------------------------+-----------------------+-------------------------+----------------------+-------------------+


Encoding Type:  One-Hot
+------------------------------------------------------------------------------------------------------------------------------------------------------------------------------------------------------------------------+
; State Machine - |LCD|LCD_Display:inst|state                                                                                                                                                                            ;
+---------------------+---------------------+-------------------+-------------+------------------+-------------------+-------------+--------------------+----------------+------------------+---------------+------------+
; Name                ; state.DISPLAY_CLEAR ; state.DISPLAY_OFF ; state.delay ; state.DROP_lcd_e ; state.RETURN_HOME ; state.LINE2 ; state.Print_String ; state.MODE_SET ; state.DISPLAY_ON ; state.setting ; state.init ;
+---------------------+---------------------+-------------------+-------------+------------------+-------------------+-------------+--------------------+----------------+------------------+---------------+------------+
; state.init          ; 0                   ; 0                 ; 0           ; 0                ; 0                 ; 0           ; 0                  ; 0              ; 0                ; 0             ; 0          ;
; state.setting       ; 0                   ; 0                 ; 0           ; 0                ; 0                 ; 0           ; 0                  ; 0              ; 0                ; 1             ; 1          ;
; state.DISPLAY_ON    ; 0                   ; 0                 ; 0           ; 0                ; 0                 ; 0           ; 0                  ; 0              ; 1                ; 0             ; 1          ;
; state.MODE_SET      ; 0                   ; 0                 ; 0           ; 0                ; 0                 ; 0           ; 0                  ; 1              ; 0                ; 0             ; 1          ;
; state.Print_String  ; 0                   ; 0                 ; 0           ; 0                ; 0                 ; 0           ; 1                  ; 0              ; 0                ; 0             ; 1          ;
; state.LINE2         ; 0                   ; 0                 ; 0           ; 0                ; 0                 ; 1           ; 0                  ; 0              ; 0                ; 0             ; 1          ;
; state.RETURN_HOME   ; 0                   ; 0                 ; 0           ; 0                ; 1                 ; 0           ; 0                  ; 0              ; 0                ; 0             ; 1          ;
; state.DROP_lcd_e    ; 0                   ; 0                 ; 0           ; 1                ; 0                 ; 0           ; 0                  ; 0              ; 0                ; 0             ; 1          ;
; state.delay         ; 0                   ; 0                 ; 1           ; 0                ; 0                 ; 0           ; 0                  ; 0              ; 0                ; 0             ; 1          ;
; state.DISPLAY_OFF   ; 0                   ; 1                 ; 0           ; 0                ; 0                 ; 0           ; 0                  ; 0              ; 0                ; 0             ; 1          ;
; state.DISPLAY_CLEAR ; 1                   ; 0                 ; 0           ; 0                ; 0                 ; 0           ; 0                  ; 0              ; 0                ; 0             ; 1          ;
+---------------------+---------------------+-------------------+-------------+------------------+-------------------+-------------+--------------------+----------------+------------------+---------------+------------+


+-----------------------------------------------------------------------------------+
; Registers Removed During Synthesis                                                ;
+------------------------------------------+----------------------------------------+
; Register name                            ; Reason for Removal                     ;
+------------------------------------------+----------------------------------------+
; LCD_Display:inst|next_command.DROP_lcd_e ; Stuck at GND due to stuck port data_in ;
; LCD_Display:inst|state.DROP_lcd_e        ; Merged with LCD_Display:inst|lcd_e     ;
; Total Number of Removed Registers = 2    ;                                        ;
+------------------------------------------+----------------------------------------+


+------------------------------------------------------+
; General Register Statistics                          ;
+----------------------------------------------+-------+
; Statistic                                    ; Value ;
+----------------------------------------------+-------+
; Total registers                              ; 56    ;
; Number of registers using Synchronous Clear  ; 25    ;
; Number of registers using Synchronous Load   ; 0     ;
; Number of registers using Asynchronous Clear ; 0     ;
; Number of registers using Asynchronous Load  ; 0     ;
; Number of registers using Clock Enable       ; 35    ;
; Number of registers using Preset             ; 0     ;
+----------------------------------------------+-------+


+----------------------------------------------------------------------------------------------------------------------------------------------------------+
; Multiplexer Restructuring Statistics (Restructuring Performed)                                                                                           ;
+--------------------+-----------+---------------+----------------------+------------------------+------------+--------------------------------------------+
; Multiplexer Inputs ; Bus Width ; Baseline Area ; Area if Restructured ; Saving if Restructured ; Registered ; Example Multiplexer Output                 ;
+--------------------+-----------+---------------+----------------------+------------------------+------------+--------------------------------------------+
; 5:1                ; 2 bits    ; 6 LEs         ; 4 LEs                ; 2 LEs                  ; Yes        ; |LCD|LCD_Display:inst|data_to_lcd_VALUE[5] ;
; 3:1                ; 10 bits   ; 20 LEs        ; 20 LEs               ; 0 LEs                  ; No         ; |LCD|LCD_Display:inst|state~15             ;
+--------------------+-----------+---------------+----------------------+------------------------+------------+--------------------------------------------+


+--------------------------------------------------------------------------------------------------+
; Source assignments for ROM1:inst3|altsyncram:altsyncram_component|altsyncram_ds61:auto_generated ;
+---------------------------------+--------------------+------+------------------------------------+
; Assignment                      ; Value              ; From ; To                                 ;
+---------------------------------+--------------------+------+------------------------------------+
; OPTIMIZE_POWER_DURING_SYNTHESIS ; NORMAL_COMPILATION ; -    ; -                                  ;
+---------------------------------+--------------------+------+------------------------------------+


+---------------------------------------------------------+
; Parameter Settings for User Entity Instance: ROM1:inst3 ;
+-----------------+-------+-------------------------------+
; Parameter Name  ; Value ; Type                          ;
+-----------------+-------+-------------------------------+
; WIDTH_BYTEENA_A ; 1     ; Untyped                       ;
; WIDTH_BYTEENA_B ; 1     ; Untyped                       ;
+-----------------+-------+-------------------------------+
Note: In order to hide this table in the UI and the text report file, please set the "Show Parameter Settings Tables in Synthesis Report" option in "Analysis and Synthesis Settings -> More Settings" to "Off".


+-----------------------------------------------------------------------------------------+
; Parameter Settings for User Entity Instance: ROM1:inst3|altsyncram:altsyncram_component ;
+------------------------------------+----------------------+-----------------------------+
; Parameter Name                     ; Value                ; Type                        ;
+------------------------------------+----------------------+-----------------------------+
; BYTE_SIZE_BLOCK                    ; 8                    ; Untyped                     ;
; AUTO_CARRY_CHAINS                  ; ON                   ; AUTO_CARRY                  ;
; IGNORE_CARRY_BUFFERS               ; OFF                  ; IGNORE_CARRY                ;
; AUTO_CASCADE_CHAINS                ; ON                   ; AUTO_CASCADE                ;
; IGNORE_CASCADE_BUFFERS             ; OFF                  ; IGNORE_CASCADE              ;
; WIDTH_BYTEENA                      ; 1                    ; Untyped                     ;
; OPERATION_MODE                     ; ROM                  ; Untyped                     ;
; WIDTH_A                            ; 8                    ; Signed Integer              ;
; WIDTHAD_A                          ; 5                    ; Signed Integer              ;
; NUMWORDS_A                         ; 32                   ; Signed Integer              ;
; OUTDATA_REG_A                      ; CLOCK0               ; Untyped                     ;
; ADDRESS_ACLR_A                     ; NONE                 ; Untyped                     ;
; OUTDATA_ACLR_A                     ; NONE                 ; Untyped                     ;
; WRCONTROL_ACLR_A                   ; NONE                 ; Untyped                     ;
; INDATA_ACLR_A                      ; NONE                 ; Untyped                     ;
; BYTEENA_ACLR_A                     ; NONE                 ; Untyped                     ;
; WIDTH_B                            ; 1                    ; Untyped                     ;
; WIDTHAD_B                          ; 1                    ; Untyped                     ;
; NUMWORDS_B                         ; 1                    ; Untyped                     ;
; INDATA_REG_B                       ; CLOCK1               ; Untyped                     ;
; WRCONTROL_WRADDRESS_REG_B          ; CLOCK1               ; Untyped                     ;
; RDCONTROL_REG_B                    ; CLOCK1               ; Untyped                     ;
; ADDRESS_REG_B                      ; CLOCK1               ; Untyped                     ;
; OUTDATA_REG_B                      ; UNREGISTERED         ; Untyped                     ;
; BYTEENA_REG_B                      ; CLOCK1               ; Untyped                     ;
; INDATA_ACLR_B                      ; NONE                 ; Untyped                     ;
; WRCONTROL_ACLR_B                   ; NONE                 ; Untyped                     ;
; ADDRESS_ACLR_B                     ; NONE                 ; Untyped                     ;
; OUTDATA_ACLR_B                     ; NONE                 ; Untyped                     ;
; RDCONTROL_ACLR_B                   ; NONE                 ; Untyped                     ;
; BYTEENA_ACLR_B                     ; NONE                 ; Untyped                     ;
; WIDTH_BYTEENA_A                    ; 1                    ; Signed Integer              ;
; WIDTH_BYTEENA_B                    ; 1                    ; Untyped                     ;
; RAM_BLOCK_TYPE                     ; AUTO                 ; Untyped                     ;
; BYTE_SIZE                          ; 8                    ; Untyped                     ;
; READ_DURING_WRITE_MODE_MIXED_PORTS ; DONT_CARE            ; Untyped                     ;
; READ_DURING_WRITE_MODE_PORT_A      ; NEW_DATA_NO_NBE_READ ; Untyped                     ;
; READ_DURING_WRITE_MODE_PORT_B      ; NEW_DATA_NO_NBE_READ ; Untyped                     ;
; INIT_FILE                          ; mif123.mif           ; Untyped                     ;
; INIT_FILE_LAYOUT                   ; PORT_A               ; Untyped                     ;
; MAXIMUM_DEPTH                      ; 0                    ; Untyped                     ;
; CLOCK_ENABLE_INPUT_A               ; BYPASS               ; Untyped                     ;
; CLOCK_ENABLE_INPUT_B               ; NORMAL               ; Untyped                     ;
; CLOCK_ENABLE_OUTPUT_A              ; BYPASS               ; Untyped                     ;
; CLOCK_ENABLE_OUTPUT_B              ; NORMAL               ; Untyped                     ;
; CLOCK_ENABLE_CORE_A                ; USE_INPUT_CLKEN      ; Untyped                     ;
; CLOCK_ENABLE_CORE_B                ; USE_INPUT_CLKEN      ; Untyped                     ;
; ENABLE_ECC                         ; FALSE                ; Untyped                     ;
; DEVICE_FAMILY                      ; Cyclone II           ; Untyped                     ;
; CBXI_PARAMETER                     ; altsyncram_ds61      ; Untyped                     ;
+------------------------------------+----------------------+-----------------------------+
Note: In order to hide this table in the UI and the text report file, please set the "Show Parameter Settings Tables in Synthesis Report" option in "Analysis and Synthesis Settings -> More Settings" to "Off".


+-------------------------------+
; Analysis & Synthesis Messages ;
+-------------------------------+
Info: *******************************************************************
Info: Running Quartus II Analysis & Synthesis
    Info: Version 8.1 Build 163 10/28/2008 SJ Web Edition
    Info: Processing started: Sat Jan 30 14:43:49 2016
Info: Command: quartus_map --read_settings_files=on --write_settings_files=off LCD -c LCD
Info: Found 2 design units, including 1 entities, in source file LCD_Display.vhd
    Info: Found design unit 1: LCD_Display-rtl
    Info: Found entity 1: LCD_Display
Info: Found 1 design units, including 1 entities, in source file LCD.bdf
    Info: Found entity 1: LCD
Info: Found 2 design units, including 1 entities, in source file rom2.vhd
    Info: Found design unit 1: rom2-SYN
    Info: Found entity 1: rom2
Info: Elaborating entity "LCD" for the top level hierarchy
Info: Elaborating entity "LCD_Display" for hierarchy "LCD_Display:inst"
Warning: Using design file ROM1.tdf, which is not specified as a design file for the current project, but contains definitions for 1 design units and 1 entities in project
    Info: Found entity 1: ROM1
Info: Elaborating entity "ROM1" for hierarchy "ROM1:inst3"
Info: Elaborating entity "altsyncram" for hierarchy "ROM1:inst3|altsyncram:altsyncram_component"
Info: Elaborated megafunction instantiation "ROM1:inst3|altsyncram:altsyncram_component"
Info: Instantiated megafunction "ROM1:inst3|altsyncram:altsyncram_component" with the following parameter:
    Info: Parameter "LPM_TYPE" = "altsyncram"
    Info: Parameter "LPM_HINT" = "ENABLE_RUNTIME_MOD=NO"
    Info: Parameter "INTENDED_DEVICE_FAMILY" = "Cyclone II"
    Info: Parameter "OPERATION_MODE" = "ROM"
    Info: Parameter "WIDTH_A" = "8"
    Info: Parameter "WIDTHAD_A" = "5"
    Info: Parameter "NUMWORDS_A" = "32"
    Info: Parameter "OUTDATA_REG_A" = "CLOCK0"
    Info: Parameter "OUTDATA_ACLR_A" = "NONE"
    Info: Parameter "INIT_FILE" = "mif123.mif"
    Info: Parameter "WIDTH_BYTEENA_A" = "1"
    Info: Parameter "CLOCK_ENABLE_INPUT_A" = "BYPASS"
    Info: Parameter "CLOCK_ENABLE_OUTPUT_A" = "BYPASS"
Info: Found 1 design units, including 1 entities, in source file db/altsyncram_ds61.tdf
    Info: Found entity 1: altsyncram_ds61
Info: Elaborating entity "altsyncram_ds61" for hierarchy "ROM1:inst3|altsyncram:altsyncram_component|altsyncram_ds61:auto_generated"
Info: Implemented 104 device resources after synthesis - the final resource count might be different
    Info: Implemented 1 input pins
    Info: Implemented 10 output pins
    Info: Implemented 85 logic cells
    Info: Implemented 8 RAM segments
Info: Quartus II Analysis & Synthesis was successful. 0 errors, 1 warning
    Info: Peak virtual memory: 232 megabytes
    Info: Processing ended: Sat Jan 30 14:43:52 2016
    Info: Elapsed time: 00:00:03
    Info: Total CPU time (on all processors): 00:00:02


