Flow report for LCD
Sat Jan 30 14:44:00 2016
Quartus II Version 8.1 Build 163 10/28/2008 SJ Web Edition


---------------------
; Table of Contents ;
---------------------
  1. Legal Notice
  2. Flow Summary
  3. Flow Settings
  4. Flow Non-Default Global Settings
  5. Flow Elapsed Time
  6. Flow OS Summary
  7. Flow Log



----------------
; Legal Notice ;
----------------
Copyright (C) 1991-2008 Altera Corporation
Your use of Altera Corporation's design tools, logic functions 
and other software and tools, and its AMPP partner logic 
functions, and any output files from any of the foregoing 
(including device programming or simulation files), and any 
associated documentation or information are expressly subject 
to the terms and conditions of the Altera Program License 
Subscription Agreement, Altera MegaCore Function License 
Agreement, or other applicable license agreement, including, 
without limitation, that your use is for the sole purpose of 
programming logic devices manufactured by Altera and sold by 
Altera or its authorized distributors.  Please refer to the 
applicable agreement for further details.



+------------------------------------------------------------------------------+
; Flow Summary                                                                 ;
+------------------------------------+-----------------------------------------+
; Flow Status                        ; Successful - Sat Jan 30 14:44:00 2016   ;
; Quartus II Version                 ; 8.1 Build 163 10/28/2008 SJ Web Edition ;
; Revision Name                      ; LCD                                     ;
; Top-level Entity Name              ; LCD                                     ;
; Family                             ; Cyclone II                              ;
; Device                             ; EP2C8F256C8                             ;
; Timing Models                      ; Final                                   ;
; Met timing requirements            ; Yes                                     ;
; Total logic elements               ; 82 / 8,256 ( < 1 % )                    ;
;     Total combinational functions  ; 82 / 8,256 ( < 1 % )                    ;
;     Dedicated logic registers      ; 56 / 8,256 ( < 1 % )                    ;
; Total registers                    ; 56                                      ;
; Total pins                         ; 11 / 182 ( 6 % )                        ;
; Total virtual pins                 ; 0                                       ;
; Total memory bits                  ; 256 / 165,888 ( < 1 % )                 ;
; Embedded Multiplier 9-bit elements ; 0 / 36 ( 0 % )                          ;
; Total PLLs                         ; 0 / 2 ( 0 % )                           ;
+------------------------------------+-----------------------------------------+


+-----------------------------------------+
; Flow Settings                           ;
+-------------------+---------------------+
; Option            ; Setting             ;
+-------------------+---------------------+
; Start date & time ; 01/30/2016 14:43:50 ;
; Main task         ; Compilation         ;
; Revision Name     ; LCD                 ;
+-------------------+---------------------+


+------------------------------------------------------------------------------------------------------------------+
; Flow Non-Default Global Settings                                                                                 ;
+------------------------------------+------------------------------+---------------+-------------+----------------+
; Assignment Name                    ; Value                        ; Default Value ; Entity Name ; Section Id     ;
+------------------------------------+------------------------------+---------------+-------------+----------------+
; COMPILER_SIGNATURE_ID              ; 146397601068.145413622903252 ; --            ; --          ; --             ;
; IP_TOOL_NAME                       ; ROM: 1-PORT                  ; --            ; --          ; --             ;
; IP_TOOL_NAME                       ; ROM: 1-PORT                  ; --            ; --          ; --             ;
; IP_TOOL_VERSION                    ; 8.1                          ; --            ; --          ; --             ;
; IP_TOOL_VERSION                    ; 8.1                          ; --            ; --          ; --             ;
; MAX_CORE_JUNCTION_TEMP             ; 85                           ; --            ; --          ; --             ;
; MIN_CORE_JUNCTION_TEMP             ; 0                            ; --            ; --          ; --             ;
; MISC_FILE                          ; ROM1.tdf                     ; --            ; --          ; --             ;
; MISC_FILE                          ; ROM1.bsf                     ; --            ; --          ; --             ;
; MISC_FILE                          ; ROM1.inc                     ; --            ; --          ; --             ;
; MISC_FILE                          ; G:/1/q2/q2/LCD/LCD.dpf       ; --            ; --          ; --             ;
; MISC_FILE                          ; rom2.bsf                     ; --            ; --          ; --             ;
; MISC_FILE                          ; rom2.inc                     ; --            ; --          ; --             ;
; PARTITION_COLOR                    ; 16764057                     ; --            ; --          ; Top            ;
; PARTITION_NETLIST_TYPE             ; SOURCE                       ; --            ; --          ; Top            ;
; USE_GENERATED_PHYSICAL_CONSTRAINTS ; Off                          ; --            ; --          ; eda_blast_fpga ;
+------------------------------------+------------------------------+---------------+-------------+----------------+


+-----------------------------------------------------------------------------------------------------------------------------+
; Flow Elapsed Time                                                                                                           ;
+-------------------------+--------------+-------------------------+---------------------+------------------------------------+
; Module Name             ; Elapsed Time ; Average Processors Used ; Peak Virtual Memory ; Total CPU Time (on all processors) ;
+-------------------------+--------------+-------------------------+---------------------+------------------------------------+
; Analysis & Synthesis    ; 00:00:03     ; 1.0                     ; 232 MB              ; 00:00:02                           ;
; Fitter                  ; 00:00:03     ; 1.0                     ; 215 MB              ; 00:00:02                           ;
; Assembler               ; 00:00:01     ; 1.0                     ; 198 MB              ; 00:00:01                           ;
; Classic Timing Analyzer ; 00:00:01     ; 1.0                     ; 155 MB              ; 00:00:00                           ;
; Total                   ; 00:00:08     ; --                      ; --                  ; 00:00:05                           ;
+-------------------------+--------------+-------------------------+---------------------+------------------------------------+


+------------------------------------------------------------------------------------------+
; Flow OS Summary                                                                          ;
+-------------------------+------------------+---------------+------------+----------------+
; Module Name             ; Machine Hostname ; OS Name       ; OS Version ; Processor type ;
+-------------------------+------------------+---------------+------------+----------------+
; Analysis & Synthesis    ; l130-b-ws04      ; Windows Vista ; 6.1        ; x86_64         ;
; Fitter                  ; l130-b-ws04      ; Windows Vista ; 6.1        ; x86_64         ;
; Assembler               ; l130-b-ws04      ; Windows Vista ; 6.1        ; x86_64         ;
; Classic Timing Analyzer ; l130-b-ws04      ; Windows Vista ; 6.1        ; x86_64         ;
+-------------------------+------------------+---------------+------------+----------------+


------------
; Flow Log ;
------------
quartus_map --read_settings_files=on --write_settings_files=off LCD -c LCD
quartus_fit --read_settings_files=off --write_settings_files=off LCD -c LCD
quartus_asm --read_settings_files=off --write_settings_files=off LCD -c LCD
quartus_tan --read_settings_files=off --write_settings_files=off LCD -c LCD --timing_analysis_only



